   release    | count 
 linuxv2.6.13 |     4
 linuxv2.6.14 |     2
 linuxv2.6.15 |     2
 linuxv2.6.16 |     3
 linuxv2.6.17 |     1
 linuxv2.6.18 |     3
 linuxv2.6.19 |     5
 linuxv2.6.21 |     1
 linuxv2.6.22 |     2
 linuxv2.6.23 |     3
 linuxv2.6.24 |     1
 linuxv2.6.25 |     3
 linuxv2.6.26 |     1
 linuxv2.6.27 |    10
 linuxv2.6.28 |     1
 linuxv2.6.29 |     3
 linuxv2.6.30 |     3
 linuxv2.6.31 |     2
 linuxv2.6.32 |     3
 linuxv2.6.33 |     1
 linuxv2.6.34 |     6
 linuxv2.6.35 |     1
 linuxv2.6.37 |     2
 linuxv2.6.38 |     3
 linuxv2.6.39 |     1
 linuxv3.0    |     1
 linuxv3.7    |     2
 linuxv3.8    |     1
 linuxv3.11   |     2
