   release    | t_churn 
 linuxv2.6.13 |    48
 linuxv2.6.14 |    12
 linuxv2.6.15 |    15
 linuxv2.6.16 |    14
 linuxv2.6.17 |    16
 linuxv2.6.18 |     3
 linuxv2.6.19 |    18
 linuxv2.6.20 |     3
 linuxv2.6.21 |     5
 linuxv2.6.22 |    20
 linuxv2.6.23 |    19
 linuxv2.6.24 |     8
 linuxv2.6.25 |    16
 linuxv2.6.26 |    14
 linuxv2.6.27 |    40
 linuxv2.6.28 |     7
 linuxv2.6.29 |    24
 linuxv2.6.30 |    24
 linuxv2.6.31 |    17
 linuxv2.6.32 |    23
 linuxv2.6.33 |     5
 linuxv2.6.34 |    37
 linuxv2.6.35 |   131
 linuxv2.6.36 |     4
 linuxv2.6.37 |     4
 linuxv2.6.38 |     1
 linuxv2.6.39 |     1
 linuxv3.0    |    38
 linuxv3.1    |     5
 linuxv3.2    |     1
 linuxv3.3    |    15
 linuxv3.5    |     1
 linuxv3.6    |     1
 linuxv3.8    |     1
 linuxv3.9    |     1
 linuxv3.10   |     3
 linuxv3.11   |    26
