   release    |   jd_merge_rel    
 linuxv2.6.13 | 0.804505386875612
 linuxv2.6.14 | 0.842599693251534
 linuxv2.6.15 | 0.842841073437249
 linuxv2.6.16 | 0.791526973483694
 linuxv2.6.17 | 0.809098294069862
 linuxv2.6.18 | 0.800476406533575
 linuxv2.6.19 |  0.78115849777212
 linuxv2.6.20 | 0.867072733787173
 linuxv2.6.21 | 0.823464392862782
 linuxv2.6.22 | 0.823930726843348
 linuxv2.6.23 | 0.796659707724426
 linuxv2.6.24 | 0.810242200328407
 linuxv2.6.25 | 0.800415368639668
 linuxv2.6.26 | 0.807052644741778
 linuxv2.6.27 | 0.848160978845729
 linuxv2.6.28 | 0.881652024638998
 linuxv2.6.29 | 0.839551136922925
 linuxv2.6.30 | 0.862470624297538
 linuxv2.6.31 | 0.828462230215827
 linuxv2.6.32 | 0.861439937900252
 linuxv2.6.33 | 0.859258458545022
 linuxv2.6.34 | 0.783606557377049
 linuxv2.6.35 |  0.88274311410905
 linuxv2.6.36 | 0.888615246837569
 linuxv2.6.37 | 0.877803414859252
 linuxv2.6.38 | 0.872902241520948
 linuxv2.6.39 |  0.83175355450237
 linuxv3.0    | 0.892497200447928
 linuxv3.1    | 0.910347954210586
 linuxv3.2    | 0.910502205632847
 linuxv3.3    | 0.890749679834499
 linuxv3.4    |  0.89813292057657
 linuxv3.5    | 0.903397373276891
 linuxv3.6    | 0.880143571337008
 linuxv3.7    | 0.916330063473745
 linuxv3.8    | 0.889271475172164
 linuxv3.9    | 0.905667701863354
 linuxv3.10   | 0.888803258835187
 linuxv3.11   | 0.893882352941176

