   release    | counts 
 linuxv2.6.13 |    14
 linuxv2.6.14 |     7
 linuxv2.6.15 |     7
 linuxv2.6.16 |    13
 linuxv2.6.17 |    14
 linuxv2.6.18 |     4
 linuxv2.6.19 |     8
 linuxv2.6.20 |    12
 linuxv2.6.21 |    16
 linuxv2.6.22 |    13
 linuxv2.6.23 |    16
 linuxv2.6.24 |    28
 linuxv2.6.25 |    16
 linuxv2.6.26 |    13
 linuxv2.6.27 |    37
 linuxv2.6.28 |    12
 linuxv2.6.29 |    22
 linuxv2.6.30 |     8
 linuxv2.6.31 |    30
 linuxv2.6.32 |    20
 linuxv2.6.33 |    29
 linuxv2.6.34 |    34
 linuxv2.6.35 |    12
 linuxv2.6.36 |     6
 linuxv2.6.37 |     5
 linuxv2.6.38 |     8
 linuxv2.6.39 |     6
 linuxv3.0    |    50
 linuxv3.1    |     2
 linuxv3.2    |    10
 linuxv3.3    |     4
 linuxv3.4    |     2
 linuxv3.5    |     4
 linuxv3.6    |     3
 linuxv3.7    |     5
 linuxv3.8    |     3
 linuxv3.9    |     3
 linuxv3.10   |     2
 linuxv3.11   |     6
