release_pair | Jaccard_index
1 | 0.05
2 | 0.0769230769230769
3 | 0.0526315789473684
4 | 0.08
5 | 0.125
6 | 0.0909090909090909
7 | 0.0526315789473684
8 | 0.0769230769230769
9 | 0.0740740740740741
10 | 0.0357142857142857
11 | 0.222222222222222
12 | 0.128205128205128
13 | 0.115384615384615
14 | 0.0869565217391304
15 | 0.0652173913043478
16 | 0.214285714285714
17 | 0.111111111111111
18 | 0.0857142857142857
19 | 0.162790697674419
20 | 0.166666666666667
21 | 0.0327868852459016
22 | 0.0454545454545455
23 | 0.2
24 | 0.222222222222222
25 | 0.181818181818182
26 | 0.166666666666667
27 | 0.0566037735849057
28 | 0.0196078431372549
29 | 0.0909090909090909
30 | 0.0769230769230769
31 | 0.2
32 | 0.2
33 | 0
34 | 0
35 | 0.142857142857143
36 | 0.2
37 | 0.25
38 | 0.142857142857143
