 d_mp |  f_mp  | ownp_mp |  ch_mp   |  f_rp  | ownp_rp |  ch_rp  
   10 |    215 |     254 |    44599 |     82 |     298 |    2906
   20 |    299 |     522 |    48876 |    167 |     542 |   13401
   30 |    457 |     698 |    62864 |    203 |     715 |   13802
   40 |    651 |    1033 |    70449 |    277 |     837 |   15098
   50 |    870 |    1370 |    74537 |    323 |    1140 |   15956
   60 |    972 |    1722 |    79573 |   1851 |    1315 |  102329
   70 |   1101 |    2003 |    92354 |   1916 |    1453 |  103369
   80 |   1219 |    2148 |   146535 |   1978 |    1603 |  105924
   90 |   5129 |    2275 |   401527 |   2034 |    1649 |  106504
  100 |   5431 |    2507 |   423410 |   2200 |    1881 |  109460
  110 |   5474 |    2863 |   428100 |   2821 |    2258 |  129017
  120 |   5680 |    3067 |   433291 |   3304 |    2475 |  136342
  130 |   5823 |    3196 |   440046 |   3344 |    2902 |  137067
  140 |   6677 |    3565 |   458464 |   3389 |    3104 |  138276
  150 |   7196 |    3784 |   483908 |   3427 |    3426 |  138705
  160 |   8305 |    4283 |   640679 |   3571 |    3629 |  140579
  170 |   9930 |    4697 |   744442 |   3698 |    3800 |  147477
  180 |  11354 |    5050 |   817179 |   3721 |    3955 |  148121
  190 |  11459 |    5372 |   825394 |   3756 |    4271 |  150890
  200 |  11523 |    5602 |   830453 |   3810 |    4592 |  152215
  210 |  11662 |    5885 |   844940 |   3831 |    4992 |  152754
  220 |  11700 |    6171 |   846271 |   4371 |    5242 |  179837
  230 |  11862 |    6536 |   857446 |   5368 |    5624 |  188844
  240 |  12026 |    6813 |   872975 |   5436 |    6078 |  190069
  250 |  12787 |    7182 |   942146 |   5511 |    6381 |  193123
  260 |  13192 |    7357 |   968095 |   5536 |    6710 |  193467
  270 |  13232 |    7567 |   970594 |   5562 |    6871 |  193682
  280 |  13533 |    7711 |   997252 |   5622 |    7259 |  196887
  290 |  13612 |    8017 |  1001687 |   5666 |    7784 |  197759
  300 |  13709 |    8169 |  1009028 |   6927 |    7943 |  211957
  310 |  13882 |    8716 |  1021222 |   7682 |    8149 |  223395
  320 |  13973 |    8954 |  1022948 |   7756 |    8412 |  227906
  330 |  14078 |    9286 |  1026898 |   7833 |    8509 |  228854
  340 |  15037 |    9597 |  1210496 |   7922 |    8819 |  230982
  350 |  17675 |    9955 |  1278728 |   7999 |    8952 |  232839
  360 |  17913 |   10140 |  1286797 |   8519 |    9204 |  242142
  370 |  18043 |   10447 |  1294113 |   8591 |    9327 |  243896
  380 |  18185 |   10613 |  1305881 |   8636 |    9794 |  244642
  390 |  18253 |   10781 |  1308767 |   8659 |   10173 |  244877
  400 |  18361 |   11122 |  1312994 |   8778 |   10422 |  247680
  410 |  18520 |   11710 |  1332198 |   8820 |   10779 |  251917
  420 |  18644 |   11955 |  1336431 |   8919 |   11091 |  253450
  430 |  18994 |   12150 |  1351152 |   8954 |   11343 |  255152
  440 |  19102 |   12566 |  1369762 |   8991 |   11660 |  255511
  450 |  20327 |   12840 |  1385318 |   9042 |   11894 |  256302
  460 |  26982 |   13124 |  1519036 |   9087 |   12127 |  257797
  470 |  27237 |   13303 |  1546528 |   9126 |   12380 |  258367
  480 |  27373 |   13662 |  1554076 |   9886 |   12728 |  267081
  490 |  27693 |   13843 |  1575869 |   9909 |   13011 |  267773
  500 |  27859 |   14100 |  1604792 |  10173 |   13192 |  336306
  510 |  27941 |   14281 |  1605618 |  10254 |   13462 |  337527
  520 |  28152 |   14712 |  1616554 |  10408 |   13770 |  341808
  530 |  28510 |   14986 |  1641795 |  10464 |   14149 |  342496
  540 |  28537 |   15272 |  1647221 |  10534 |   14419 |  343833
  550 |  29760 |   15486 |  1680875 |  10781 |   14662 |  352633
  560 |  30568 |   15593 |  1695883 |  10804 |   14722 |  353074
  570 |  30896 |   15828 |  1709041 |  10849 |   15003 |  353605
  580 |  30997 |   16237 |  1713069 |  10886 |   15347 |  354289
  590 |  31099 |   16341 |  1715874 |  11249 |   15751 |  361380
  600 |  31235 |   16749 |  1731838 |  11434 |   15998 |  367993
  610 |  31387 |   17117 |  1737202 |  11488 |   16415 |  369821
  620 |  31575 |   17236 |  1748785 |  11561 |   16642 |  399148
  630 |  31711 |   17496 |  1755644 |  11600 |   16890 |  399866
  640 |  31833 |   17845 |  1765029 |  11817 |   17048 |  403118
  650 |  31982 |   18067 |  1772529 |  12102 |   17323 |  414186
  660 |  32021 |   18198 |  1773934 |  12590 |   17567 |  422037
  670 |  32129 |   18390 |  1778955 |  12776 |   17997 |  426185
  680 |  32662 |   18675 |  1806382 |  12803 |   18168 |  426327
  690 |  32904 |   18937 |  1817180 |  12862 |   18418 |  427605
  700 |  32963 |   19087 |  1819138 |  12911 |   18662 |  430283
  710 |  33059 |   19573 |  1825242 |  12941 |   18877 |  430941
  720 |  33385 |   19700 |  1846391 |  13320 |   19097 |  442860
  730 |  34088 |   19912 |  1858468 |  13374 |   19503 |  444218
  740 |  34995 |   20111 |  1888840 |  13462 |   19626 |  450331
  750 |  35854 |   20548 |  2062061 |  13536 |   20294 |  450985
  760 |  36088 |   20751 |  2089985 |  13877 |   20655 |  458505
  770 |  36121 |   21044 |  2092498 |  13953 |   21072 |  461980
  780 |  36216 |   21246 |  2101104 |  13993 |   21392 |  463704
  790 |  36379 |   21487 |  2115207 |  14389 |   21835 |  471443
  800 |  36809 |   22010 |  2154878 |  14449 |   22176 |  472211
  810 |  37160 |   22240 |  2203401 |  14484 |   22345 |  472597
  820 |  37300 |   22509 |  2209763 |  14551 |   22553 |  473934
  830 |  38067 |   22795 |  2251337 |  15214 |   22944 |  493543
  840 |  38469 |   23127 |  2278227 |  15302 |   23292 |  498398
  850 |  38596 |   23273 |  2292576 |  16197 |   23578 |  522359
  860 |  38712 |   23677 |  2307949 |  16260 |   23762 |  525026
  870 |  38775 |   24017 |  2311889 |  16285 |   24017 |  525238
  880 |  38942 |   24287 |  2323212 |  16309 |   24217 |  525352
  890 |  39672 |   24569 |  2345999 |  16556 |   24328 |  531213
  900 |  40380 |   24729 |  2378395 |  16602 |   24580 |  531791
  910 |  40557 |   25083 |  2387173 |  16634 |   24846 |  532178
  920 |  41539 |   25304 |  2457177 |  16650 |   25139 |  532457
  930 |  41578 |   25679 |  2459646 |  16670 |   25336 |  532521
  940 |  42513 |   25955 |  2757722 |  16828 |   25673 |  535407
  950 |  42841 |   26182 |  2785824 |  17049 |   25779 |  543764
  960 |  44411 |   26561 |  2805178 |  17141 |   26028 |  545203
  970 |  44730 |   26999 |  2824297 |  17587 |   26351 |  568377
  980 |  46913 |   27288 |  2943868 |  17668 |   26607 |  569554
  990 |  50086 |   27543 |  3037602 |  17746 |   26756 |  570573
 1000 |  50152 |   27579 |  3044359 |  17778 |   26902 |  570959
 1010 |  50239 |   27898 |  3064505 |  17853 |   27248 |  572011
 1020 |  51060 |   28312 |  3140761 |  17960 |   27478 |  575682
 1030 |  51206 |   28757 |  3146801 |  17982 |   27611 |  575954
 1040 |  51343 |   29047 |  3163571 |  18095 |   27939 |  581782
 1050 |  52000 |   29409 |  3183524 |  18134 |   28171 |  582123
 1060 |  52042 |   29692 |  3189800 |  18198 |   28294 |  583479
 1070 |  52135 |   29813 |  3200008 |  18559 |   28487 |  613919
 1080 |  52265 |   30154 |  3204183 |  18584 |   28874 |  614316
 1090 |  52337 |   30464 |  3209366 |  18619 |   29050 |  615971
 1100 |  53223 |   30735 |  3255710 |  18638 |   29350 |  616328
 1110 |  53442 |   30934 |  3298896 |  18709 |   29644 |  618411
 1120 |  53625 |   31092 |  3310915 |  18928 |   29765 |  621449
 1130 |  54241 |   31360 |  3363007 |  19024 |   29835 |  622165
 1140 |  55807 |   31607 |  3386772 |  19046 |   29985 |  622717
 1150 |  56033 |   31878 |  3395695 |  19089 |   30349 |  623491
 1160 |  56312 |   32203 |  3404403 |  19147 |   30496 |  624067
 1170 |  56538 |   32434 |  3418110 |  19194 |   30639 |  625057
 1180 |  56903 |   32668 |  3450892 |  19248 |   30778 |  629950
 1190 |  58862 |   33138 |  4241655 |  19314 |   30941 |  631202
 1200 |  59062 |   33434 |  4251368 |  19344 |   31319 |  631642
 1210 |  59244 |   33837 |  4261246 |  19691 |   31642 |  654170
 1220 |  59448 |   33939 |  4270844 |  19853 |   31924 |  655283
 1230 |  59590 |   34253 |  4288425 |  19880 |   32099 |  655659
 1240 |  60814 |   34414 |  4355639 |  19966 |   32384 |  657338
 1250 |  61107 |   34596 |  4373472 |  19986 |   32417 |  657481
 1260 |  61732 |   35012 |  4469114 |  20052 |   32629 |  658307
 1270 |  64523 |   35442 |  4791805 |  20071 |   32689 |  658544
 1280 |  64711 |   35693 |  4796699 |  20898 |   33104 |  691379
 1290 |  64883 |   36115 |  4805994 |  21129 |   33299 |  696042
 1300 |  65118 |   36323 |  4816251 |  21495 |   33534 |  717611
 1310 |  66885 |   36556 |  5103337 |  21605 |   33720 |  718924
 1320 |  67065 |   36719 |  5113130 |  21625 |   34016 |  719081
 1330 |  67198 |   36950 |  5128017 |  21831 |   34234 |  722656
 1340 |  67232 |   37019 |  5128973 |  21899 |   34593 |  723512
 1350 |  67421 |   37338 |  5137025 |  21946 |   34907 |  723756
 1360 |  67542 |   37595 |  5153139 |  22011 |   35303 |  724362
 1370 |  67651 |   37863 |  5157837 |  22073 |   35463 |  725925
 1380 |  67717 |   38030 |  5161532 |  22206 |   35643 |  728616
 1390 |  70243 |   38170 |  5297900 |  22235 |   35793 |  728765
 1400 |  70333 |   38420 |  5301305 |  22324 |   36035 |  729756
 1410 |  71083 |   38731 |  5330655 |  22366 |   36546 |  733250
 1420 |  71402 |   39052 |  5358863 |  22410 |   36711 |  734778
 1430 |  73319 |   39451 |  5446984 |  22890 |   36837 |  737899
 1440 |  73594 |   39705 |  5458374 |  23000 |   37028 |  739434
 1450 |  73974 |   40113 |  5490141 |  23024 |   37578 |  739601
 1460 |  74205 |   40473 |  5504170 |  23072 |   37863 |  741172
 1470 |  74230 |   40856 |  5505568 |  23141 |   38227 |  744570
 1480 |  74310 |   41140 |  5507859 |  23456 |   38495 |  748429
 1490 |  74517 |   41589 |  5520655 |  23521 |   38685 |  749838
 1500 |  74799 |   42078 |  5533981 |  23686 |   38851 |  752024
 1510 |  75078 |   42361 |  5549187 |  23737 |   39020 |  753480
 1520 |  75329 |   42647 |  5562105 |  23763 |   39259 |  753742
 1530 |  75490 |   43059 |  5595860 |  24174 |   39436 |  892986
 1540 |  75735 |   43313 |  5616092 |  24292 |   39774 |  900579
 1550 |  75785 |   43554 |  5627621 |  24806 |   40027 |  918189
 1560 |  75984 |   43707 |  5638149 |  25059 |   40312 |  925587
 1570 |  76315 |   43993 |  5688048 |  25434 |   40647 |  970549
 1580 |  76841 |   44310 |  5763704 |  25509 |   40911 |  971696
 1590 |  76956 |   44615 |  5769374 |  25595 |   41322 |  973095
 1600 |  76989 |   45080 |  5773856 |  25625 |   41751 |  973686
 1610 |  77018 |   45482 |  5776712 |  26114 |   42049 |  985610
 1620 |  77084 |   45843 |  5781026 |  26419 |   42455 | 1011007
 1630 |  77211 |   46210 |  5786784 |  26546 |   42714 | 1012920
 1640 |  77440 |   46618 |  5814222 |  26613 |   42804 | 1015831
 1650 |  78347 |   47130 |  5851366 |  28815 |   43166 | 1047148
 1660 |  78575 |   47306 |  5858388 |  28855 |   43336 | 1047945
 1670 |  78828 |   47584 |  5875858 |  28943 |   43564 | 1049597
 1680 |  79220 |   47895 |  5887903 |  28962 |   44057 | 1050642
 1690 |  79533 |   48075 |  5932171 |  30463 |   44404 | 1089572
 1700 |  79743 |   48275 |  5954640 |  31141 |   44654 | 1115480
 1710 |  79837 |   48763 |  5972680 |  31254 |   44851 | 1118580
 1720 |  79921 |   49059 |  5973753 |  31532 |   45081 | 1149237
 1730 |  80077 |   49283 |  5977223 |  31598 |   45435 | 1163954
 1740 |  80270 |   49429 |  5990138 |  31663 |   45738 | 1165087
 1750 |  80345 |   49716 |  5999428 |  31686 |   45995 | 1165328
 1760 |  80480 |   49973 |  6005253 |  31764 |   46139 | 1167302
 1770 |  80511 |   50150 |  6007319 |  31776 |   46239 | 1167324
 1780 |  80661 |   50382 |  6022370 |  31920 |   46545 | 1168766
 1790 |  81350 |   50685 |  6179520 |  32012 |   46691 | 1173021
 1800 |  81386 |   51262 |  6180986 |  32072 |   47079 | 1187567
 1810 |  81705 |   51512 |  6194239 |  32121 |   47544 | 1188199
 1820 |  81842 |   51694 |  6200814 |  32143 |   47852 | 1188866
 1830 |  82333 |   52100 |  6243742 |  32232 |   48075 | 1191348
 1840 |  82462 |   52403 |  6270334 |  32280 |   48353 | 1192088
 1850 |  82521 |   52628 |  6277070 |  32441 |   48595 | 1194410
 1860 |  82880 |   52992 |  6304710 |  32636 |   48701 | 1198870
 1870 |  82934 |   53245 |  6305898 |  32782 |   49075 | 1205299
 1880 |  82989 |   53324 |  6307507 |  32980 |   49461 | 1210608
 1890 |  86856 |   53661 |  6522207 |  33020 |   49723 | 1211124
 1900 |  87995 |   53840 |  6565867 |  33102 |   50007 | 1212076
 1910 |  88038 |   54171 |  6567808 |  33143 |   50220 | 1212705
 1920 |  88972 |   54472 |  6661447 |  33169 |   50545 | 1214360
 1930 |  89663 |   54701 |  6707560 |  33187 |   50962 | 1214516
 1940 |  89718 |   54861 |  6708409 |  33220 |   51086 | 1216071
 1950 |  89786 |   55074 |  6712254 |  33246 |   51398 | 1216280
 1960 |  89852 |   55247 |  6714986 |  33336 |   51681 | 1221630
 1970 |  90672 |   55546 |  6776714 |  33354 |   52114 | 1221854
 1980 |  90864 |   55725 |  6793212 |  33410 |   52366 | 1225665
 1990 |  90929 |   56154 |  6796286 |  33480 |   52518 | 1226410
 2000 |  91356 |   56361 |  6806486 |  33514 |   52726 | 1231142
 2010 |  91382 |   56553 |  6807663 |  33613 |   52938 | 1232392
 2020 |  91495 |   56935 |  6822080 |  33740 |   53263 | 1238241
 2030 |  91990 |   57226 |  6853553 |  34407 |   53466 | 1247392
 2040 |  92011 |   57526 |  6854163 |  34434 |   53726 | 1247695
 2050 |  92055 |   57871 |  6857862 |  34631 |   53978 | 1252651
 2060 |  92116 |   58318 |  6861996 |  35026 |   54105 | 1259486
 2070 |  92536 |   58648 |  6895901 |  35435 |   54384 | 1265829
 2080 |  92592 |   59126 |  6898119 |  35449 |   54604 | 1266056
 2090 |  92720 |   59530 |  6905046 |  35462 |   55004 | 1266133
 2100 |  93265 |   59680 |  6911179 |  35478 |   55104 | 1266800
 2110 |  93733 |   59922 |  6918281 |  35547 |   55302 | 1267426
 2120 |  93901 |   60168 |  6930670 |  35674 |   55688 | 1277454
 2130 |  94247 |   60585 |  6973372 |  35697 |   56046 | 1277677
 2140 |  94299 |   60701 |  6976261 |  35818 |   56265 | 1278376
 2150 |  94392 |   61052 |  6979929 |  35850 |   56511 | 1279526
 2160 |  94488 |   61338 |  6983101 |  36140 |   56807 | 1303503
 2170 |  95233 |   61619 |  7078726 |  36185 |   57228 | 1303960
 2180 |  95412 |   61999 |  7093933 |  36242 |   57497 | 1304342
 2190 |  95493 |   62308 |  7097931 |  36277 |   57727 | 1304812
 2200 |  95551 |   62490 |  7103901 |  36425 |   58031 | 1311573
 2210 |  95620 |   62725 |  7106401 |  36546 |   58409 | 1315397
 2220 |  96302 |   62941 |  7163836 |  36561 |   58609 | 1315561
 2230 |  96337 |   63397 |  7166867 |  36597 |   58883 | 1317427
 2240 |  96546 |   63691 |  7221789 |  36820 |   59156 | 1323501
 2250 |  96679 |   63870 |  7222548 |  36856 |   59392 | 1324031
 2260 |  97473 |   64256 |  7286003 |  36908 |   59647 | 1325838
 2270 |  97547 |   64519 |  7289583 |  36949 |   60084 | 1328060
 2280 |  98879 |   64865 |  7363567 |  37109 |   60159 | 1331253
 2290 |  99702 |   65178 |  7472887 |  37344 |   60278 | 1336462
 2300 | 100056 |   65443 |  7487609 |  37374 |   60608 | 1336754
 2310 | 101065 |   65811 |  7518458 |  37401 |   60787 | 1337056
 2320 | 101184 |   66216 |  7524495 |  37459 |   61032 | 1338033
 2330 | 101300 |   66760 |  7527852 |  37995 |   61549 | 1368444
 2340 | 101452 |   67112 |  7534911 |  38044 |   61852 | 1369023
 2350 | 103077 |   67351 |  7640643 |  38091 |   61950 | 1369720
 2360 | 103392 |   67727 |  7761456 |  38194 |   62180 | 1371042
 2370 | 103973 |   68203 |  7832136 |  38211 |   62630 | 1371380
 2380 | 104116 |   68571 |  7840068 |  38270 |   62868 | 1377426
 2390 | 104819 |   69109 |  7891963 |  38334 |   63138 | 1378650
 2400 | 105055 |   69422 |  7906901 |  38375 |   63676 | 1379783
 2410 | 112013 |   69787 |  8187024 |  38401 |   63770 | 1380234
 2420 | 112042 |   70414 |  8188200 |  38480 |   63988 | 1381718
 2430 | 112324 |   70763 |  8260889 |  38854 |   64301 | 1391892
 2440 | 112422 |   70997 |  8266126 |  40916 |   64601 | 1580259
 2450 | 112633 |   71329 |  8274072 |  40978 |   64736 | 1581113
 2460 | 112693 |   71600 |  8275813 |  41346 |   65089 | 1588950
 2470 | 113171 |   71867 |  8322885 |  41689 |   65248 | 1597436
 2480 | 116803 |   72106 |  8578556 |  41719 |   65465 | 1597550
 2490 | 117295 |   72557 |  8615491 |  41742 |   65795 | 1597775
 2500 | 117634 |   72867 |  8646883 |  41790 |   65905 | 1598231
 2510 | 119651 |   73198 |  8768620 |  42061 |   66094 | 1604919
 2520 | 119674 |   73422 |  8774157 |  42175 |   66335 | 1615930
 2530 | 119778 |   73690 |  8779052 |  42357 |   66706 | 1622532
 2540 | 120177 |   74155 |  8787129 |  42414 |   66975 | 1623526
 2550 | 120299 |   74476 |  8800698 |  42866 |   67225 | 1637000
 2560 | 120365 |   74776 |  8802897 |  42999 |   67536 | 1648006
 2570 | 120696 |   75207 |  8810689 |  43023 |   67895 | 1648269
 2580 | 120855 |   75676 |  8829151 |  43458 |   68309 | 1654044
 2590 | 121232 |   75890 |  8856184 |  43479 |   68369 | 1654491
 2600 | 121343 |   76121 |  8877545 |  43496 |   68519 | 1654638
 2610 | 121384 |   76416 |  8878646 |  44288 |   68899 | 1665394
 2620 | 121625 |   76725 |  8909617 |  44507 |   69102 | 1669778
 2630 | 121795 |   77193 |  8915999 |  44549 |   69585 | 1670232
 2640 | 121897 |   77508 |  8921280 |  44729 |   69790 | 1679630
 2650 | 122112 |   77833 |  8963329 |  44788 |   69890 | 1682007
 2660 | 122354 |   78068 |  8967787 |  45239 |   69982 | 1690441
 2670 | 122752 |   78325 |  8990630 |  45368 |   70201 | 1692307
 2680 | 123294 |   78722 |  9183791 |  45441 |   70370 | 1693537
 2690 | 123658 |   78918 |  9212736 |  45704 |   70621 | 1702814
 2700 | 124432 |   79223 |  9259827 |  45753 |   70869 | 1703797
 2710 | 124857 |   79543 |  9276685 |  45835 |   71101 | 1707760
 2720 | 125758 |   79819 |  9353178 |  45892 |   71352 | 1709101
 2730 | 125942 |   80233 |  9362805 |  46086 |   71646 | 1713381
 2740 | 126143 |   80486 |  9385571 |  46277 |   71917 | 1714735
 2750 | 126452 |   80735 |  9401652 |  46534 |   72099 | 1719013
 2760 | 126601 |   80926 |  9403524 |  46549 |   72224 | 1719175
 2770 | 126654 |   81355 |  9410054 |  46709 |   72537 | 1723094
 2780 | 126930 |   81672 |  9437614 |  46778 |   72858 | 1724602
 2790 | 126959 |   82030 |  9447481 |  46832 |   73230 | 1727833
 2800 | 127039 |   82202 |  9451053 |  46888 |   73740 | 1729094
 2810 | 127103 |   82434 |  9460272 |  46905 |   73790 | 1729216
 2820 | 127144 |   82512 |  9462625 |  46934 |   74050 | 1729487
 2830 | 127293 |   83054 |  9472541 |  47020 |   74462 | 1731898
 2840 | 127338 |   83346 |  9474941 |  47076 |   74708 | 1733096
 2850 | 127402 |   83556 |  9478517 |  47614 |   75174 | 1743507
 2860 | 127530 |   83750 |  9488691 |  47637 |   75354 | 1743660
 2870 | 127557 |   84087 |  9489422 |  47669 |   75414 | 1745629
 2880 | 127647 |   84373 |  9514010 |  47858 |   75590 | 1748749
 2890 | 128043 |   84726 |  9695778 |  47890 |   75882 | 1749190
 2900 | 128347 |   85112 |  9745743 |  48061 |   76267 | 1757782
 2910 | 128463 |   85326 |  9776312 |  48106 |   76554 | 1758674
 2920 | 128766 |   85517 |  9787029 |  48183 |   76701 | 1760496
 2930 | 129228 |   85825 |  9836768 |  48417 |   77029 | 1763994
 2940 | 129258 |   86006 |  9837899 |  48501 |   77560 | 1776890
 2950 | 129615 |   86331 |  9866421 |  48556 |   77856 | 1777992
 2960 | 130212 |   86585 |  9875215 |  48736 |   78142 | 1790291
 2970 | 133183 |   86870 |  9944296 |  48792 |   78400 | 1791933
 2980 | 134181 |   87197 |  9998910 |  49090 |   78661 | 1797019
 2990 | 134851 |   87496 | 10063941 |  49204 |   79037 | 1798419
 3000 | 135329 |   87784 | 10074725 |  49277 |   79146 | 1800063
 3010 | 135768 |   87972 | 10092123 |  49527 |   79486 | 1804060
 3020 | 137627 |   88264 | 10149879 |  49544 |   79999 | 1804293
 3030 | 137779 |   88599 | 10172607 |  49627 |   80281 | 1805566
 3040 | 137937 |   89083 | 10179084 |  49734 |   80676 | 1807143
 3050 | 137996 |   89526 | 10181933 |  49880 |   81004 | 1809469
 3060 | 138048 |   89794 | 10185049 |  49948 |   81372 | 1810530
 3070 | 138133 |   90075 | 10194012 |  50008 |   81571 | 1810915
 3080 | 138242 |   90323 | 10217913 |  50187 |   81694 | 1817155
 3090 | 138497 |   90707 | 10243883 |  50387 |   82113 | 1819833
 3100 | 138730 |   90922 | 10251897 |  50417 |   82328 | 1820813
 3110 | 139379 |   91348 | 10267197 |  50496 |   82743 | 1830850
 3120 | 139456 |   91432 | 10268273 |  50565 |   83013 | 1833730
 3130 | 139533 |   91650 | 10274088 |  50684 |   83274 | 1836207
 3140 | 140160 |   92083 | 10307457 |  51633 |   83681 | 1853876
 3150 | 140983 |   92472 | 10380815 |  51682 |   84016 | 1854648
 3160 | 141013 |   92818 | 10382357 |  52600 |   84380 | 1873876
 3170 | 141487 |   93126 | 10402410 |  53001 |   84593 | 1889100
 3180 | 141607 |   93463 | 10409416 |  53044 |   84811 | 1891618
 3190 | 141729 |   93795 | 10413849 |  53475 |   85127 | 1900928
 3200 | 141854 |   94012 | 10420993 |  53505 |   85275 | 1902228
 3210 | 141904 |   94227 | 10423751 |  53645 |   85602 | 1904995
 3220 | 142296 |   94567 | 10457437 |  53872 |   85982 | 1917930
 3230 | 142634 |   94901 | 10475022 |  53902 |   86107 | 1918134
 3240 | 142877 |   95225 | 10576445 |  54631 |   86333 | 1927936
 3250 | 143092 |   95527 | 10582956 |  54842 |   86359 | 1954581
 3260 | 143456 |   95885 | 10614685 |  54927 |   86713 | 1956784
 3270 | 143608 |   96295 | 10622993 |  54954 |   86916 | 1957019
 3280 | 143732 |   96649 | 10649119 |  54983 |   87153 | 1957227
 3290 | 143830 |   97042 | 10657629 |  55024 |   87596 | 1962989
 3300 | 143971 |   97290 | 10688040 |  55050 |   87780 | 1963875
 3310 | 144213 |   97973 | 10691756 |  55283 |   88211 | 2014302
 3320 | 144996 |   98410 | 10728535 |  55332 |   88614 | 2014946
 3330 | 145194 |   98679 | 10738598 |  55736 |   88892 | 2021949
 3340 | 145217 |   98962 | 10739233 |  55763 |   89304 | 2022405
 3350 | 146160 |   99149 | 10767803 |  55855 |   89644 | 2024356
 3360 | 146459 |   99327 | 10791646 |  55896 |   89900 | 2024859
 3370 | 146691 |   99564 | 10799373 |  56345 |   90018 | 2037355
 3380 | 146763 |   99673 | 10801249 |  56460 |   90237 | 2038784
 3390 | 147581 |  100004 | 10841848 |  56653 |   90440 | 2045324
 3400 | 147877 |  100398 | 10869474 |  57075 |   90768 | 2057350
 3410 | 147938 |  100564 | 10880903 |  57149 |   91079 | 2061221
 3420 | 148128 |  100814 | 10890133 |  57185 |   91257 | 2061590
 3430 | 148214 |  100884 | 10893163 |  57274 |   91632 | 2062897
 3440 | 148251 |  101047 | 10896100 |  57313 |   91777 | 2063383
 3450 | 148815 |  101194 | 10939774 |  57376 |   91906 | 2064731
 3460 | 148891 |  101425 | 10946727 |  57456 |   92032 | 2067009
 3470 | 149125 |  101693 | 10970148 |  57640 |   92304 | 2070297
 3480 | 149436 |  101938 | 10996425 |  57677 |   92624 | 2070687
 3490 | 150053 |  102119 | 11039051 |  57731 |   93016 | 2072306
 3500 | 150123 |  102381 | 11059325 |  57784 |   93271 | 2073920
 3510 | 150172 |  102558 | 11061733 |  57815 |   93416 | 2074145
 3520 | 150290 |  102812 | 11074746 |  57873 |   93547 | 2075602
 3530 | 150575 |  103142 | 11089502 |  57894 |   94084 | 2077236
 3540 | 150700 |  103486 | 11098870 |  58036 |   94336 | 2077825
 3550 | 152517 |  103805 | 11157486 |  58132 |   94555 | 2083835
 3560 | 153409 |  104025 | 11329089 |  58338 |   94639 | 2093286
 3570 | 158263 |  104399 | 12564586 |  58369 |   95019 | 2094041
 3580 | 159662 |  104885 | 12654254 |  58497 |   95186 | 2107276
 3590 | 159892 |  105269 | 12679583 |  58559 |   95623 | 2108338
 3600 | 161334 |  105661 | 12807276 |  58583 |   95768 | 2108460
 3610 | 161389 |  105931 | 12808069 |  58687 |   95842 | 2110031
 3620 | 161431 |  106108 | 12809382 |  58704 |   95942 | 2110285
 3630 | 161486 |  106407 | 12817615 |  59068 |   96342 | 2112788
 3640 | 161709 |  106570 | 12838154 |  59145 |   96580 | 2113439
 3650 | 161795 |  106722 | 12841859 |  59167 |   96713 | 2114056
 3660 | 162382 |  107036 | 12893675 |  59194 |   96882 | 2114426
 3670 | 162547 |  107306 | 12908295 |  59247 |   97201 | 2115141
 3680 | 162582 |  107386 | 12909193 |  59272 |   97556 | 2115283
 3690 | 162990 |  107707 | 12936664 |  59296 |   97656 | 2116736
 3700 | 163278 |  108227 | 12974495 |  59462 |   97848 | 2119449
 3710 | 163837 |  108565 | 13043477 |  59492 |   98244 | 2120387
 3720 | 163953 |  108982 | 13057466 |  59597 |   98609 | 2121707
 3730 | 166645 |  109162 | 13312029 |  59854 |   98887 | 2126809
 3740 | 167186 |  109294 | 13348458 |  59940 |   99061 | 2127872
 3750 | 167573 |  109627 | 13374231 |  59958 |   99281 | 2128597
 3760 | 167655 |  109949 | 13378248 |  60125 |   99477 | 2134418
 3770 | 167701 |  110214 | 13382504 |  60252 |   99925 | 2136669
 3780 | 167953 |  110498 | 13394238 |  60272 |  100042 | 2136833
 3790 | 170259 |  110758 | 13448739 |  60353 |  100495 | 2139795
 3800 | 170339 |  110973 | 13455196 |  60408 |  100855 | 2141188
 3810 | 170448 |  111216 | 13459365 |  60561 |  101037 | 2149059
 3820 | 172461 |  111683 | 13534841 |  60581 |  101287 | 2151680
 3830 | 172953 |  112047 | 13554040 |  60700 |  101406 | 2154456
 3840 | 173247 |  112422 | 13614149 |  60795 |  101588 | 2156232
 3850 | 173301 |  112672 | 13618530 |  60830 |  101943 | 2156619
 3860 | 173377 |  112972 | 13620544 |  60852 |  102174 | 2157206
 3870 | 173486 |  113098 | 13626854 |  61026 |  102401 | 2159932
 3880 | 173852 |  113438 | 13801727 |  61118 |  102421 | 2161652
 3890 | 175098 |  113871 | 13872336 |  61233 |  102595 | 2169144
 3900 | 175196 |  114014 | 13875001 |  61327 |  102964 | 2170885
 3910 | 176295 |  114247 | 13995133 |  61536 |  103179 | 2176933
 3920 | 176492 |  114555 | 14006747 |  61739 |  103350 | 2188627
 3930 | 176586 |  114991 | 14011985 |  62698 |  103634 | 2271487
 3940 | 176829 |  115322 | 14023466 |  62740 |  104042 | 2274341
 3950 | 177103 |  115552 | 14039995 |  62936 |  104291 | 2281886
 3960 | 177266 |  115809 | 14052040 |  63014 |  104569 | 2286641
 3970 | 177376 |  116330 | 14057155 |  63155 |  104685 | 2289308
 3980 | 177705 |  116613 | 14091648 |  63306 |  104902 | 2291331
 3990 | 177785 |  116945 | 14096850 |  63463 |  105123 | 2293576
 4000 | 177918 |  117091 | 14101471 |  63620 |  105296 | 2296847
 4010 | 179187 |  117405 | 14142802 |  63697 |  105554 | 2305218
 4020 | 179944 |  117614 | 14178492 |  63760 |  105698 | 2305878
 4030 | 179977 |  117891 | 14180212 |  63789 |  105825 | 2307130
 4040 | 180434 |  118143 | 14202213 |  64227 |  105974 | 2319274
 4050 | 180496 |  118346 | 14203142 |  64253 |  106274 | 2319657
 4060 | 180883 |  118761 | 14229560 |  64291 |  106467 | 2323070
 4070 | 181226 |  118948 | 14240077 |  64319 |  106730 | 2323389
 4080 | 181404 |  119275 | 14257430 |  64352 |  106900 | 2323726
 4090 | 181590 |  119675 | 14264484 |  64414 |  107302 | 2326688
 4100 | 181819 |  119727 | 14270116 |  65636 |  107540 | 2406384
 4110 | 182037 |  120043 | 14275716 |  65978 |  107776 | 2415287
 4120 | 182290 |  120383 | 14323525 |  66026 |  107966 | 2416595
 4130 | 182419 |  120685 | 14333744 |  66067 |  108241 | 2417030
 4140 | 182829 |  121072 | 14359135 |  66346 |  108535 | 2429923
 4150 | 182987 |  121348 | 14375413 |  66375 |  108877 | 2430296
 4160 | 183186 |  121627 | 14396871 |  66417 |  108951 | 2430867
 4170 | 186064 |  121719 | 14541985 |  68984 |  109450 | 2449187
 4180 | 186220 |  121931 | 14557050 |  69055 |  109684 | 2450487
 4190 | 186699 |  122284 | 14590114 |  69125 |  109766 | 2451118
 4200 | 186736 |  122614 | 14592159 |  69172 |  110009 | 2451928
 4210 | 186839 |  123093 | 14600711 |  69247 |  110143 | 2484345
 4220 | 187321 |  123302 | 14661116 |  69288 |  110235 | 2484717
 4230 | 187380 |  123353 | 14666314 |  69332 |  110288 | 2487986
 4240 | 187808 |  123661 | 14693531 |  69383 |  110474 | 2489242
 4250 | 187907 |  123931 | 14706974 |  69494 |  110649 | 2494185
 4260 | 188136 |  124188 | 14732030 |  69571 |  111087 | 2498471
 4270 | 188243 |  124428 | 14750653 |  69968 |  111375 | 2517039
 4280 | 188313 |  124630 | 14754888 |  70003 |  111624 | 2517403
 4290 | 188886 |  125047 | 14804344 |  70057 |  111925 | 2518616
 4300 | 189105 |  125418 | 14864305 |  70090 |  112293 | 2519366
 4310 | 189559 |  125705 | 14920118 |  70299 |  112625 | 2536111
 4320 | 189619 |  125983 | 14956726 |  70341 |  112717 | 2536400
 4330 | 189846 |  126181 | 14963069 |  70557 |  113048 | 2541118
 4340 | 190532 |  126430 | 15083269 |  70599 |  113453 | 2542110
 4350 | 191011 |  126858 | 15103114 |  70752 |  113523 | 2543667
 4360 | 191786 |  127207 | 15120815 |  70778 |  113803 | 2543834
 4370 | 192677 |  127503 | 15139705 |  70850 |  114128 | 2545136
 4380 | 193688 |  127815 | 15185280 |  71056 |  114383 | 2548769
 4390 | 194688 |  128057 | 15226239 |  71118 |  114700 | 2549660
 4400 | 194836 |  128194 | 15233901 |  71576 |  114945 | 2572320
 4410 | 194943 |  128384 | 15243614 |  71629 |  115110 | 2573808
 4420 | 195088 |  128752 | 15254137 |  71677 |  115495 | 2576014
 4430 | 195541 |  129053 | 15267599 |  71765 |  115740 | 2578448
 4440 | 198850 |  129239 | 15336298 |  71867 |  115969 | 2579147
 4450 | 199634 |  129477 | 15361229 |  71938 |  116141 | 2579906
 4460 | 199705 |  129662 | 15363106 |  71974 |  116534 | 2580841
 4470 | 199755 |  129844 | 15369121 |  72010 |  116719 | 2581514
 4480 | 200107 |  130071 | 15397718 |  72035 |  117007 | 2582801
 4490 | 200528 |  130214 | 15435544 |  72077 |  117086 | 2583468
 4500 | 200917 |  130566 | 15483212 |  72191 |  117362 | 2585792
 4510 | 201183 |  130769 | 15501078 |  72536 |  117601 | 2590755
 4520 | 201353 |  131119 | 15513442 |  72566 |  117693 | 2591072
 4530 | 201475 |  131387 | 15530668 |  72663 |  117879 | 2599320
 4540 | 201901 |  131639 | 15545568 |  72739 |  118055 | 2600034
 4550 | 202208 |  131906 | 15560677 |  72805 |  118174 | 2600431
 4560 | 205183 |  132095 | 15663174 |  72875 |  118315 | 2602267
 4570 | 205629 |  132358 | 15767314 |  72917 |  118653 | 2604740
 4580 | 205834 |  132612 | 15776098 |  72997 |  118900 | 2605888
 4590 | 206856 |  132845 | 15818471 |  73180 |  119132 | 2609419
 4600 | 209770 |  133028 | 15982729 |  73335 |  119356 | 2640174
 4610 | 210020 |  133402 | 16000424 |  73363 |  119826 | 2641676
 4620 | 210081 |  133504 | 16005913 |  73430 |  120268 | 2642690
 4630 | 211287 |  133684 | 16078614 |  73464 |  120395 | 2643440
 4640 | 211310 |  134029 | 16082330 |  73511 |  120811 | 2644882
 4650 | 212178 |  134291 | 16126794 |  73615 |  121231 | 2647548
 4660 | 212638 |  134695 | 16153805 |  74125 |  121400 | 2676763
 4670 | 213056 |  134824 | 16221139 |  74254 |  121808 | 2680131
 4680 | 213263 |  135113 | 16355156 |  74300 |  122102 | 2683155
 4690 | 214479 |  135533 | 16374468 |  74346 |  122399 | 2683842
 4700 | 215210 |  135834 | 16461068 |  74452 |  122695 | 2685581
 4710 | 215698 |  136098 | 16484116 |  74557 |  122969 | 2687185
 4720 | 215823 |  136229 | 16491075 |  74571 |  123269 | 2687263
 4730 | 216087 |  136502 | 16498115 |  74781 |  123495 | 2712819
 4740 | 216199 |  136721 | 16505702 |  74965 |  123778 | 2718032
 4750 | 216275 |  136989 | 16513516 |  75305 |  124111 | 2733228
 4760 | 216409 |  137329 | 16520480 |  75344 |  124654 | 2733921
 4770 | 216625 |  137630 | 16530162 |  75618 |  125084 | 2740551
 4780 | 216666 |  137895 | 16532828 |  75649 |  125355 | 2741299
 4790 | 217752 |  138284 | 16563776 |  75750 |  125785 | 2744954
 4800 | 218252 |  138555 | 16599590 |  75848 |  125904 | 2746477
 4810 | 221129 |  138849 | 16760520 |  75913 |  126175 | 2747744
 4820 | 221303 |  139096 | 16771895 |  75979 |  126363 | 2749618
 4830 | 221492 |  139434 | 16784181 |  76301 |  126713 | 2772973
 4840 | 221661 |  139763 | 16788971 |  76374 |  127029 | 2774193
 4850 | 221835 |  140007 | 16803873 |  76392 |  127112 | 2774452
 4860 | 221884 |  140380 | 16804669 |  76456 |  127489 | 2775260
 4870 | 222142 |  140601 | 16832301 |  76775 |  127802 | 2835452
 4880 | 227843 |  140833 | 17109664 |  77030 |  127978 | 2851190
 4890 | 228043 |  141122 | 17134596 |  77499 |  128294 | 2866431
 4900 | 228370 |  141401 | 17180284 |  77564 |  128543 | 2869246
 4910 | 231661 |  141767 | 17460369 |  77619 |  128775 | 2871238
 4920 | 231906 |  142105 | 17478797 |  77701 |  128904 | 2872712
 4930 | 232072 |  142387 | 17487684 |  77943 |  129117 | 2879176
 4940 | 232240 |  142653 | 17495509 |  78051 |  129521 | 2882872
 4950 | 232549 |  142982 | 17517914 |  78128 |  129885 | 2884629
 4960 | 232806 |  143209 | 17529070 |  78209 |  130073 | 2894837
 4970 | 232969 |  143618 | 17540915 |  78232 |  130296 | 2895231
 4980 | 233057 |  144016 | 17547820 |  78267 |  130396 | 2895866
 4990 | 233186 |  144273 | 17556165 |  78320 |  130603 | 2896541
 5000 | 233534 |  144700 | 17579027 |  78359 |  131044 | 2898913
 5010 | 234383 |  144791 | 17630598 |  78406 |  131408 | 2899763
 5020 | 234644 |  145141 | 17648707 |  78433 |  131557 | 2900633
 5030 | 234718 |  145572 | 17652827 |  78465 |  132224 | 2901213
 5040 | 236055 |  145867 | 17766657 |  78570 |  132425 | 2902138
 5050 | 236141 |  146264 | 17772523 |  78596 |  132625 | 2902719
 5060 | 236216 |  146545 | 17779113 |  78663 |  132855 | 2903725
 5070 | 236501 |  146865 | 17792517 |  78710 |  133096 | 2904827
 5080 | 236991 |  146998 | 17812006 |  79169 |  133300 | 2913238
 5090 | 237107 |  147181 | 17827637 |  79281 |  133606 | 2918826
 5100 | 237452 |  147441 | 17851633 |  79309 |  133823 | 2920567
 5110 | 237567 |  147783 | 17856231 |  79540 |  134127 | 2925761
 5120 | 237611 |  147863 | 17856991 |  79589 |  134302 | 2926419
 5130 | 238018 |  148078 | 17885165 |  79707 |  134467 | 2929182
 5140 | 238414 |  148310 | 17888227 |  79891 |  134902 | 2934746
 5150 | 238490 |  148741 | 17906743 |  79933 |  135320 | 2935122
 5160 | 238667 |  149013 | 17912766 |  79969 |  135533 | 2935363
 5170 | 238993 |  149409 | 17933547 |  79984 |  135733 | 2935564
 5180 | 239093 |  149706 | 17935065 |  80059 |  136127 | 2938710
 5190 | 239141 |  149981 | 17938105 |  80110 |  136162 | 2941840
 5200 | 239651 |  150217 | 17982506 |  80175 |  136428 | 2943152
 5210 | 239860 |  150722 | 18015595 |  80370 |  136612 | 2946696
 5220 | 239950 |  151111 | 18029201 |  80719 |  136950 | 2954843
 5230 | 240011 |  151347 | 18037500 |  80786 |  137201 | 2956316
 5240 | 241196 |  151737 | 18055996 |  80954 |  137357 | 2959525
 5250 | 241248 |  151876 | 18057812 |  81076 |  137615 | 2963274
 5260 | 241344 |  152225 | 18063834 |  81141 |  137841 | 2964838
 5270 | 241407 |  152633 | 18065243 |  81190 |  137974 | 2965224
 5280 | 241436 |  152919 | 18067751 |  81209 |  137974 | 2965322
 5290 | 241825 |  153251 | 18137979 |  81344 |  138222 | 2966965
 5300 | 242994 |  153538 | 18156030 |  81730 |  138452 | 2971226
 5310 | 243117 |  153883 | 18173524 |  81766 |  138692 | 2971953
 5320 | 243183 |  154042 | 18176145 |  81837 |  138904 | 2975414
 5330 | 243739 |  154372 | 18337972 |  82314 |  139098 | 2981031
 5340 | 243809 |  154621 | 18338852 |  82341 |  139279 | 2981256
 5350 | 244264 |  155118 | 18366434 |  82536 |  139589 | 2985718
 5360 | 244415 |  155382 | 18373895 |  82992 |  139992 | 2990265
 5370 | 244502 |  155753 | 18380928 |  83484 |  140254 | 3032954
 5380 | 244736 |  155956 | 18424916 |  84911 |  140430 | 3068800
 5390 | 244941 |  156136 | 18445674 |  84947 |  140541 | 3069209
 5400 | 245870 |  156478 | 18463141 |  85094 |  140851 | 3071553
 5410 | 246320 |  156724 | 18471337 |  85378 |  141245 | 3076408
 5420 | 246345 |  157281 | 18472024 |  85500 |  141474 | 3078481
 5430 | 246466 |  157578 | 18478898 |  85531 |  141841 | 3078918
 5440 | 246586 |  157929 | 18480558 |  85638 |  141982 | 3080741
 5450 | 246849 |  158092 | 18495733 |  85665 |  142096 | 3081049
 5460 | 246902 |  158171 | 18511430 |  85740 |  142315 | 3085696
 5470 | 246928 |  158409 | 18512533 |  85796 |  142627 | 3086602
 5480 | 247183 |  158686 | 18543401 |  85814 |  142869 | 3086747
 5490 | 247352 |  158997 | 18556227 |  85928 |  143246 | 3088490
 5500 | 247411 |  159346 | 18557543 |  86037 |  143558 | 3089941
 5510 | 247856 |  159611 | 18581495 |  86086 |  143995 | 3091189
 5520 | 248012 |  159932 | 18614544 |  86442 |  144249 | 3104052
 5530 | 248067 |  160225 | 18622797 |  86589 |  144550 | 3108152
 5540 | 248385 |  160556 | 18656923 |  86643 |  144934 | 3109248
 5550 | 248697 |  160990 | 18679209 |  86682 |  145558 | 3110365
 5560 | 248813 |  161353 | 18682814 |  86724 |  145929 | 3111168
 5570 | 249090 |  161766 | 18695285 |  86830 |  146147 | 3112858
 5580 | 249125 |  161924 | 18696094 |  86904 |  146462 | 3114309
 5590 | 249243 |  162198 | 18701362 |  87008 |  146865 | 3116961
 5600 | 249291 |  162591 | 18709571 |  87090 |  147074 | 3118856
 5610 | 249418 |  162829 | 18723727 |  87118 |  147271 | 3121294
 5620 | 249749 |  162959 | 18746361 |  87219 |  147621 | 3125920
 5630 | 249956 |  163162 | 18749912 |  87253 |  147677 | 3126251
 5640 | 250353 |  163504 | 18760888 |  87291 |  147873 | 3126396
 5650 | 250899 |  163695 | 18863333 |  87305 |  148023 | 3126493
 5660 | 251004 |  163935 | 18879526 |  87368 |  148274 | 3126912
 5670 | 251120 |  164330 | 18889887 |  87475 |  148517 | 3129156
 5680 | 251664 |  164635 | 18955925 |  87903 |  148760 | 3136993
 5690 | 252871 |  164860 | 19001223 |  87930 |  148960 | 3137435
 5700 | 255076 |  165282 | 19178315 |  88025 |  149182 | 3139125
 5710 | 255300 |  165587 | 19216616 |  89853 |  149420 | 3202968
 5720 | 255362 |  165758 | 19230270 |  89929 |  149563 | 3205920
 5730 | 255841 |  166249 | 19248670 |  89994 |  149844 | 3207529
 5740 | 256301 |  166471 | 19300556 |  90889 |  150211 | 3218779
 5750 | 256546 |  166922 | 19309256 |  90916 |  150608 | 3219220
 5760 | 256919 |  167061 | 19322910 |  90960 |  150896 | 3220648
 5770 | 258042 |  167274 | 19661303 |  91044 |  151247 | 3222034
 5780 | 259483 |  167521 | 19752869 |  91122 |  151538 | 3223444
 5790 | 259663 |  167908 | 19769407 |  91152 |  151777 | 3224782
 5800 | 260464 |  168349 | 19821591 |  91222 |  152219 | 3226100
 5810 | 260947 |  168750 | 19925807 |  91372 |  152620 | 3226671
 5820 | 261262 |  169061 | 19952780 |  91509 |  152888 | 3232072
 5830 | 261632 |  169584 | 19982156 |  91575 |  153259 | 3233345
 5840 | 261806 |  169894 | 19992626 |  91603 |  153519 | 3233816
 5850 | 262909 |  170209 | 20071985 |  91642 |  153867 | 3237238
 5860 | 263869 |  170348 | 20171467 |  91716 |  154098 | 3239555
 5870 | 263943 |  170839 | 20180368 |  91921 |  154352 | 3253195
 5880 | 263984 |  171248 | 20183109 |  92065 |  154740 | 3261205
 5890 | 264751 |  171460 | 20225347 |  92112 |  154821 | 3262729
 5900 | 264800 |  171683 | 20226507 |  92533 |  155169 | 3275976
 5910 | 264872 |  171859 | 20228222 |  92578 |  155490 | 3278142
 5920 | 265365 |  172166 | 20248627 |  92901 |  155630 | 3279609
 5930 | 266105 |  172365 | 20265621 |  92934 |  155808 | 3280359
 5940 | 267416 |  172696 | 20358731 |  93214 |  155942 | 3288207
 5950 | 267522 |  172859 | 20404496 |  93367 |  156269 | 3289836
 5960 | 267688 |  173048 | 20413372 |  93413 |  156587 | 3290918
 5970 | 267740 |  173268 | 20416799 |  93556 |  156995 | 3294727
 5980 | 267849 |  173426 | 20419685 |  93575 |  157262 | 3294920
 5990 | 268404 |  173855 | 20462184 |  93623 |  157498 | 3296340
 6000 | 268504 |  174185 | 20464467 |  93646 |  157889 | 3296798
 6010 | 268547 |  174358 | 20466907 |  93700 |  158181 | 3297669
 6020 | 268708 |  174505 | 20474799 |  97341 |  158437 | 3436140
 6030 | 268854 |  174760 | 20491943 |  97659 |  158668 | 3462921
 6040 | 269085 |  175171 | 20497798 |  97684 |  158901 | 3463472
 6050 | 269515 |  175497 | 20532619 |  97879 |  158999 | 3465717
 6060 | 269741 |  175726 | 20544678 |  98107 |  159186 | 3503453
 6070 | 269768 |  175805 | 20544984 |  98147 |  159391 | 3504003
 6080 | 270630 |  175936 | 20754952 |  98857 |  159678 | 3514016
 6090 | 270863 |  176128 | 20765521 |  98967 |  159913 | 3518137
 6100 | 270907 |  176236 | 20769799 |  98996 |  160121 | 3518863
 6110 | 270963 |  176657 | 20772757 |  99080 |  160452 | 3519894
 6120 | 271291 |  177010 | 20790585 |  99178 |  160464 | 3522418
 6130 | 271360 |  177125 | 20792604 |  99384 |  160687 | 3530966
 6140 | 271657 |  177398 | 20812032 |  99444 |  160964 | 3535916
 6150 | 271737 |  177592 | 20816664 |  99469 |  161282 | 3536217
 6160 | 272959 |  177799 | 20907762 |  99498 |  161669 | 3536687
 6170 | 273055 |  177981 | 20913221 |  99588 |  161988 | 3538942
 6180 | 273108 |  178141 | 20916693 |  99707 |  162317 | 3541725
 6190 | 273306 |  178472 | 20934244 |  99786 |  162519 | 3542554
 6200 | 273388 |  178614 | 20938524 |  99817 |  162584 | 3543388
 6210 | 273483 |  178809 | 20942241 |  99871 |  162816 | 3543748
 6220 | 273752 |  179088 | 20976459 |  99929 |  162861 | 3544316
 6230 | 273905 |  179320 | 21002452 | 100185 |  163102 | 3554345
 6240 | 274348 |  179702 | 21048101 | 100218 |  163322 | 3554831
 6250 | 274442 |  179867 | 21052376 | 100315 |  163530 | 3556183
 6260 | 275082 |  180062 | 21102744 | 100364 |  163748 | 3559992
 6270 | 275165 |  180471 | 21105146 | 100430 |  164169 | 3561551
 6280 | 275512 |  180751 | 21130973 | 100576 |  164275 | 3564250
 6290 | 275665 |  181274 | 21137242 | 100681 |  164577 | 3565418
 6300 | 275898 |  181580 | 21141585 | 100739 |  164772 | 3567380
 6310 | 276008 |  182024 | 21153384 | 100809 |  165041 | 3569522
 6320 | 276578 |  182282 | 21192547 | 100859 |  165268 | 3576290
 6330 | 277180 |  182547 | 21233058 | 100879 |  165640 | 3576437
 6340 | 277556 |  182804 | 21258693 | 100934 |  165968 | 3577188
 6350 | 277608 |  183134 | 21264369 | 101091 |  166174 | 3578082
 6360 | 277800 |  183292 | 21271622 | 101135 |  166477 | 3578658
 6370 | 278033 |  183676 | 21314236 | 101191 |  166558 | 3579131
 6380 | 280705 |  183955 | 21719794 | 101224 |  166655 | 3579746
 6390 | 280869 |  184402 | 21730971 | 101255 |  166988 | 3580026
 6400 | 280993 |  184679 | 21738882 | 101417 |  167194 | 3588238
 6410 | 281043 |  185042 | 21740631 | 101434 |  167419 | 3588640
 6420 | 281292 |  185349 | 21754651 | 101505 |  167744 | 3591113
 6430 | 281375 |  185472 | 21760890 | 101570 |  167888 | 3591841
 6440 | 281544 |  185783 | 21770484 | 101735 |  168044 | 3594383
 6450 | 281669 |  186091 | 21782275 | 101812 |  168266 | 3595998
 6460 | 281866 |  186328 | 21811917 | 101878 |  168448 | 3596801
 6470 | 281974 |  186648 | 21816903 | 101953 |  168579 | 3599426
 6480 | 282001 |  187265 | 21819374 | 102210 |  168788 | 3612121
 6490 | 282035 |  187454 | 21820257 | 102277 |  168914 | 3615816
 6500 | 282080 |  187830 | 21824750 | 102404 |  169145 | 3618611
 6510 | 282203 |  188151 | 21833652 | 102488 |  169768 | 3648857
 6520 | 282647 |  188364 | 21847741 | 102575 |  169973 | 3649973
 6530 | 282839 |  188627 | 21859681 | 103129 |  170179 | 3704648
 6540 | 284028 |  188958 | 21928490 | 103722 |  170441 | 3711418
 6550 | 284080 |  189286 | 21929432 | 103857 |  170863 | 3715118
 6560 | 284428 |  189699 | 21962502 | 104225 |  170979 | 3730908
 6570 | 285421 |  190095 | 21996807 | 104272 |  171035 | 3731964
 6580 | 285518 |  190375 | 22005519 | 104324 |  171414 | 3732958
 6590 | 285545 |  190684 | 22007578 | 104683 |  171588 | 3759075
 6600 | 285667 |  190893 | 22012318 | 104756 |  172002 | 3759955
 6610 | 286114 |  191224 | 22049160 | 104779 |  172246 | 3760582
 6620 | 286187 |  191512 | 22055860 | 104812 |  172501 | 3761666
 6630 | 286370 |  191761 | 22083836 | 104878 |  172803 | 3764078
 6640 | 286769 |  191917 | 22096774 | 104988 |  173186 | 3767291
 6650 | 287165 |  192284 | 22112161 | 105114 |  173331 | 3768800
 6660 | 287234 |  192536 | 22116576 | 105141 |  173541 | 3769623
 6670 | 288084 |  192719 | 22191520 | 105188 |  173676 | 3770138
 6680 | 288157 |  193098 | 22193868 | 105308 |  173995 | 3771655
 6690 | 288317 |  193449 | 22197971 | 105338 |  174260 | 3772134
 6700 | 288442 |  193672 | 22203699 | 106157 |  174398 | 3793056
 6710 | 288625 |  193882 | 22227180 | 106177 |  174909 | 3793372
 6720 | 289336 |  194375 | 22235062 | 106264 |  175264 | 3794811
 6730 | 289657 |  194641 | 22267628 | 106502 |  175498 | 3802925
 6740 | 289785 |  194959 | 22272932 | 111065 |  175772 | 3814929
 6750 | 289838 |  195174 | 22273901 | 111170 |  176100 | 3816222
 6760 | 293486 |  195502 | 22720548 | 111349 |  176344 | 3820755
 6770 | 293929 |  195835 | 22752116 | 111413 |  176695 | 3821819
 6780 | 294085 |  196007 | 22763056 | 111525 |  177063 | 3824932
 6790 | 294131 |  196347 | 22764901 | 112103 |  177348 | 3837207
 6800 | 294168 |  196751 | 22766680 | 112133 |  177691 | 3837730
 6810 | 294213 |  197044 | 22771407 | 112198 |  177919 | 3839608
 6820 | 294518 |  197225 | 22788246 | 112339 |  178122 | 3842320
 6830 | 294818 |  197364 | 22801497 | 112359 |  178322 | 3842667
 6840 | 294993 |  197644 | 22811931 | 112381 |  178615 | 3842989
 6850 | 295399 |  198015 | 22826038 | 112494 |  179067 | 3850826
 6860 | 295503 |  198272 | 22829162 | 112596 |  179445 | 3851719
 6870 | 296110 |  198648 | 23124877 | 112610 |  179795 | 3851813
 6880 | 296956 |  199060 | 23154823 | 112647 |  180065 | 3852078
 6890 | 297127 |  199395 | 23180906 | 112726 |  180328 | 3854024
 6900 | 298090 |  199886 | 23272318 | 112744 |  180658 | 3854176
 6910 | 298119 |  200219 | 23273399 | 112829 |  180821 | 3855712
 6920 | 298948 |  200598 | 23331907 | 112867 |  181087 | 3856709
 6930 | 299256 |  200784 | 23341689 | 112958 |  181163 | 3858973
 6940 | 299363 |  200980 | 23343607 | 112987 |  181348 | 3860344
 6950 | 299432 |  201327 | 23345822 | 113088 |  181647 | 3861630
 6960 | 299495 |  201546 | 23352727 | 113149 |  181966 | 3862842
 6970 | 299905 |  201775 | 23364823 | 113217 |  182341 | 3865089
 6980 | 299951 |  202129 | 23365375 | 113559 |  182721 | 3880741
 6990 | 300079 |  202446 | 23380088 | 113893 |  183046 | 3885591
 7000 | 300401 |  202717 | 23400489 | 113962 |  183254 | 3886555
 7010 | 300735 |  203031 | 23427716 | 113997 |  183790 | 3887456
 7020 | 301201 |  203323 | 23444741 | 114540 |  184138 | 3897025
 7030 | 301281 |  203498 | 23446440 | 114617 |  184408 | 3898024
 7040 | 301523 |  203665 | 23465481 | 114689 |  184600 | 3899848
 7050 | 301582 |  204034 | 23470000 | 114714 |  184633 | 3900183
 7060 | 301670 |  204358 | 23473228 | 114798 |  184719 | 3901707
 7070 | 301752 |  204513 | 23476324 | 115301 |  185128 | 4104976
 7080 | 301971 |  204789 | 23490858 | 115343 |  185328 | 4105501
 7090 | 302356 |  205098 | 23526901 | 115375 |  185584 | 4105886
 7100 | 304096 |  205417 | 23622818 | 115418 |  185928 | 4107303
 7110 | 304449 |  205734 | 23655984 | 115496 |  186176 | 4108041
 7120 | 304727 |  205942 | 23684422 | 115605 |  186408 | 4110279
 7130 | 305050 |  206278 | 23716144 | 115751 |  186698 | 4113528
 7140 | 305591 |  206473 | 23748559 | 115783 |  186931 | 4113898
 7150 | 305697 |  206812 | 23758518 | 115801 |  187281 | 4114184
 7160 | 305717 |  206932 | 23759813 | 115842 |  187566 | 4115320
 7170 | 306509 |  207257 | 23798161 | 115859 |  187758 | 4115403
 7180 | 306629 |  207737 | 23800533 | 115910 |  188031 | 4121482
 7190 | 307057 |  208244 | 23817719 | 115958 |  188367 | 4122779
 7200 | 307405 |  208444 | 23829710 | 116076 |  188676 | 4123346
 7210 | 307433 |  208770 | 23831146 | 116166 |  188967 | 4128939
 7220 | 307475 |  208899 | 23836391 | 116264 |  189252 | 4131495
 7230 | 307555 |  209130 | 23842553 | 116295 |  189583 | 4131990
 7240 | 307814 |  209389 | 23959819 | 116338 |  189915 | 4138456
 7250 | 307942 |  209619 | 23966239 | 116379 |  190218 | 4162462
 7260 | 308168 |  209859 | 23973480 | 116557 |  190602 | 4166138
 7270 | 308267 |  210034 | 23991978 | 116576 |  190969 | 4166718
 7280 | 308354 |  210377 | 23998646 | 116664 |  191382 | 4168480
 7290 | 308485 |  210912 | 24016200 | 116696 |  191643 | 4169692
 7300 | 308698 |  211166 | 24032114 | 116746 |  191936 | 4171094
 7310 | 308823 |  211503 | 24043161 | 116779 |  192174 | 4173700
 7320 | 309592 |  211832 | 24065659 | 116952 |  192548 | 4175083
 7330 | 309685 |  212060 | 24069260 | 117043 |  192639 | 4176433
 7340 | 309752 |  212391 | 24089721 | 117270 |  192944 | 4179676
 7350 | 309832 |  212804 | 24110369 | 117437 |  193142 | 4184613
 7360 | 309940 |  213043 | 24114726 | 117477 |  193455 | 4185241
 7370 | 310528 |  213537 | 24153504 | 117503 |  194089 | 4188551
 7380 | 310653 |  213771 | 24157882 | 117812 |  194198 | 4191585
 7390 | 310806 |  214190 | 24166959 | 117905 |  194643 | 4196469
 7400 | 311830 |  214372 | 24228771 | 117971 |  194946 | 4197213
 7410 | 311871 |  214684 | 24230784 | 118000 |  195102 | 4197515
 7420 | 312293 |  214906 | 24310301 | 118051 |  195278 | 4197941
 7430 | 312426 |  215352 | 24349316 | 118098 |  195544 | 4198472
 7440 | 313453 |  215694 | 24387311 | 118158 |  195716 | 4201544
 7450 | 313472 |  216136 | 24388109 | 118308 |  196061 | 4205074
 7460 | 313830 |  216336 | 24405873 | 118408 |  196376 | 4208289
 7470 | 314506 |  216646 | 24425463 | 118687 |  196555 | 4213528
 7480 | 315879 |  217120 | 24446743 | 118718 |  196898 | 4214506
 7490 | 315975 |  217355 | 24447430 | 119071 |  197209 | 4235101
 7500 | 316054 |  217572 | 24448473 | 119141 |  197446 | 4236210
 7510 | 316128 |  217839 | 24454867 | 119304 |  197614 | 4238523
 7520 | 316197 |  217999 | 24456828 | 119365 |  198080 | 4240352
 7530 | 316256 |  218238 | 24459385 | 119411 |  198210 | 4240608
 7540 | 316615 |  218443 | 24471022 | 119433 |  198399 | 4240785
 7550 | 316720 |  218636 | 24478477 | 119480 |  198628 | 4242433
 7560 | 316989 |  219002 | 24509468 | 119574 |  198866 | 4244806
 7570 | 317082 |  219315 | 24514637 | 119588 |  199066 | 4244917
 7580 | 317192 |  219586 | 24516868 | 119679 |  199325 | 4247542
 7590 | 317989 |  219864 | 24540030 | 119780 |  199578 | 4250010
 7600 | 318086 |  220231 | 24552035 | 119867 |  199855 | 4252678
 7610 | 318586 |  220770 | 24570623 | 119941 |  200008 | 4253777
 7620 | 318833 |  221155 | 24606253 | 119963 |  200145 | 4254182

