 d_mp | f_mp | ownp_mp | ch_mp  | f_rp | ownp_rp | ch_rp  
   10 |  306 |     260 |  12147 |   50 |     345 |   1568
   20 |  434 |     570 |  13056 |  244 |     738 |   4041
   30 |  583 |     870 |  21852 |  396 |    1299 |  72925
   40 |  731 |    1299 |  31129 |  450 |    1649 |  75184
   50 |  787 |    1479 |  34478 |  523 |    2049 |  79976
   60 |  918 |    1845 |  40136 |  563 |    2340 |  81498
   70 | 1192 |    2245 |  76046 |  586 |    2490 |  81720
   80 | 1309 |    2592 |  79495 |  687 |    2641 |  85714
   90 | 1510 |    3063 |  88588 |  715 |    3062 |  88567
  100 | 1735 |    3407 | 106957 |  797 |    3719 |  96519
  110 | 1836 |    4080 | 112744 |  846 |    3887 |  98182
  120 | 1955 |    4348 | 115767 | 1028 |    4290 | 103901
  130 | 2045 |    4692 | 119607 | 1149 |    4709 | 106484
  140 | 2156 |    5320 | 123724 | 1249 |    4956 | 107888
  150 | 2226 |    5729 | 126334 | 1268 |    5372 | 108437
  160 | 2337 |    6040 | 131403 | 1321 |    5585 | 118117
  170 | 2502 |    6456 | 137334 | 1397 |    5916 | 121387
  180 | 2584 |    7018 | 147573 | 1447 |    6263 | 122667
  190 | 2615 |    7463 | 158712 | 1502 |    6624 | 124028
  200 | 2707 |    8023 | 164105 | 1650 |    6898 | 127255
  210 | 2789 |    8301 | 166201 | 1744 |    7292 | 128644
  220 | 2825 |    8638 | 167331 | 1784 |    7674 | 132359
  230 | 2870 |    8759 | 171827 | 1806 |    7728 | 132515
  240 | 2925 |    9331 | 174012 | 1879 |    7996 | 133528
  250 | 3032 |    9820 | 178909 | 1988 |    8506 | 182051
  260 | 3063 |   10003 | 180402 | 2044 |    8962 | 187017
  270 | 3163 |   10536 | 188138 | 2086 |    9182 | 189058
  280 | 3205 |   10944 | 192024 | 2190 |    9579 | 199762
  290 | 3334 |   11438 | 193988 | 2246 |    9930 | 203489
  300 | 3356 |   11830 | 195322 | 2568 |   10435 | 266167
  310 | 3402 |   12342 | 198206 | 2599 |   10610 | 266886
  320 | 3486 |   12629 | 207309 | 2763 |   10877 | 272271
  330 | 3617 |   13105 | 213521 | 2871 |   11016 | 276462
  340 | 3750 |   13599 | 231863 | 2917 |   11425 | 278095
  350 | 3859 |   13735 | 243908 | 2963 |   11730 | 280243
  360 | 3961 |   14184 | 250503 | 2999 |   11913 | 280881
  370 | 4047 |   14544 | 253600 | 3211 |   12268 | 297677
