release_pair | j_index
1 | 0.19317275482533099378
2 | 0.24339810662680617838
3 | 0.26959138789211714319
4 | 0.30709819786686281721
5 | 0.30987282788078827298
6 | 0.29011518885614787035
7 | 0.28032712403452975920
8 | 0.27993193144524127872
9 | 0.28291171915332989158
10 | 0.28865874708092192101
11 | 0.24693030739266661021
12 | 0.33575207860922146636
13 | 0.26723006235641614703
14 | 0.26009114583333333333
15 | 0.22702399326504840746
16 | 0.23574585235093820184
17 | 0.29779066123472265747
18 | 0.27988175135826142538
19 | 0.28617462022402946141
20 | 0.28174069089277703006
21 | 0.26290392072382593710
22 | 0.26418237615081104779
23 | 0.28153882613160597204
24 | 0.27178279540102507272
25 | 0.26056750036565745210
26 | 0.24978026368357970435
27 | 0.23840488874960827327
28 | 0.22923902747079254815
29 | 0.22855164599987411091
30 | 0.28939365729535157947
31 | 0.26414598923460680058
32 | 0.24123544848933449970
33 | 0.24628099173553719008
34 | 0.20649274608028104873
35 | 0.24829210836277974087
36 | 0.25184283058778283443
37 | 0.26285079188663517644
38 | 0.25007761564731449860
