release_pair | j_index
1 | 0.14750061561191824674
2 | 0.12198483804272915231
3 | 0.14746416758544652701
4 | 0.17445721583652618135
5 | 0.19307733910221741482
6 | 0.19317706153202176643
7 | 0.13605108055009823183
8 | 0.12908837856645789840
9 | 0.14359415305245055890
10 | 0.15881244109330819981
11 | 0.16698412698412698413
12 | 0.18411942881869320640
13 | 0.18014629049111807732
14 | 0.10650211404410924466
15 | 0.09588389245776826077
16 | 0.13351551825102479016
17 | 0.13680257510729613734
18 | 0.15261295023943368728
19 | 0.15608919382504288165
20 | 0.14105123087159015303
21 | 0.14305126621371216800
22 | 0.09946736033692555432
23 | 0.11406727828746177370
24 | 0.13015776699029126214
25 | 0.10768477728830151738
26 | 0.11095406360424028269
27 | 0.10008120178643930166
28 | 0.11308623298033282905
29 | 0.11115311909262759924
30 | 0.12020202020202020202
31 | 0.12765957446808510638
32 | 0.11042274052478134111
33 | 0.12885048835462058603
34 | 0.10900631439016284480
35 | 0.08677685950413223140
36 | 0.09758771929824561404
37 | 0.12209711470795214638
38 | 0.12330129267484255883
