 ownp_mp | ownp_rp 
   44.00 |   25.00
   39.00 |   52.00
   11.00 |   40.00
   10.00 |   31.00
    0.00 |   50.00
   50.00 |    0.00
   30.00 |   14.00
   17.00 |    0.00
    0.00 |    0.00
   50.00 |    0.00
   55.00 |  100.00
    7.00 |   80.00
   21.00 |    0.00
   29.00 |    0.00
   32.00 |    0.00
   21.00 |   33.00
    0.00 |   50.00
  100.00 |   90.00
    0.00 |    0.00
   56.00 |    0.00
   46.00 |    0.00
    6.00 |    0.00
    0.00 |    0.00
    0.00 |    0.00
   29.00 |   15.00
   19.00 |    7.00
    0.00 |   38.00
    0.00 |   50.00
    0.00 |   33.00
    0.00 |    0.00
   12.00 |   27.00
   54.00 |   55.00
   26.00 |    0.00
   41.00 |   43.00
   47.00 |   53.00
    0.00 |    0.00
   22.00 |    9.00
   26.00 |   24.00
   24.00 |    5.00
    0.00 |    0.00
   47.00 |    0.00
   48.00 |   42.00
    0.00 |   50.00
   33.00 |    0.00
   28.00 |    0.00
   51.00 |   25.00
   22.00 |   37.00
    0.00 |    0.00
   22.00 |    0.00
   14.00 |    0.00
   27.00 |    9.00
   43.00 |   33.00
    0.00 |    0.00
   53.00 |    0.00
    0.00 |   33.00
    2.00 |   17.00
   78.00 |   83.00
    0.00 |    0.00
   29.00 |   24.00
   24.00 |   42.00
   50.00 |    0.00
   38.00 |   23.00
   27.00 |  100.00
   44.00 |   28.00
   33.00 |    0.00
   43.00 |   41.00
   49.00 |   35.00
   33.00 |   50.00
   27.00 |    5.00
   64.00 |   33.00
   34.00 |    7.00
   26.00 |    0.00
   38.00 |   24.00
   32.00 |   48.00
   43.00 |    0.00
    8.00 |    0.00
  100.00 |    0.00
   75.00 |   27.00
    0.00 |    0.00
   33.00 |    0.00
   67.00 |    0.00
   44.00 |   62.00
    0.00 |   33.00
    0.00 |   50.00
   44.00 |   57.00
    0.00 |    0.00
    0.00 |   40.00
   19.00 |    0.00
   30.00 |   22.00
   67.00 |    0.00
  100.00 |    0.00
   21.00 |   60.00
   60.00 |   27.00
  100.00 |    0.00
   66.00 |   19.00
   13.00 |    0.00
    0.00 |    0.00
   43.00 |   37.00
   50.00 |  100.00
   48.00 |   20.00
   10.00 |    0.00
   42.00 |    0.00
   37.00 |   33.00
   10.00 |    0.00
   11.00 |   75.00
   85.00 |   25.00
   44.00 |   18.00
    7.00 |   20.00
    0.00 |    0.00
   20.00 |    0.00
   83.00 |   25.00
    7.00 |   25.00
   56.00 |   25.00
    8.00 |   80.00
   36.00 |   33.00
   21.00 |    0.00
   16.00 |   50.00
   17.00 |  100.00
   43.00 |   33.00
  100.00 |    0.00
    0.00 |    0.00
   37.00 |    0.00
    0.00 |  100.00
   50.00 |    0.00
    0.00 |    0.00
   25.00 |   33.00
   72.00 |   71.00
   21.00 |  100.00
   17.00 |   17.00
    0.00 |    0.00
    0.00 |    0.00
  100.00 |  100.00
   27.00 |   50.00
   14.00 |  100.00
   23.00 |   50.00
   30.00 |    0.00
   35.00 |   40.00
   36.00 |   20.00
   35.00 |   27.00
   53.00 |   13.00
   31.00 |   56.00
   41.00 |   33.00
   58.00 |    0.00
  100.00 |  100.00
   11.00 |    0.00
   36.00 |   42.00
   51.00 |   15.00
   50.00 |  100.00
   29.00 |   36.00
   48.00 |    0.00
   32.00 |   67.00
   13.00 |   29.00
   22.00 |    0.00
   52.00 |   25.00
    0.00 |   33.00
   50.00 |  100.00
    0.00 |  100.00
   33.00 |   13.00
  100.00 |    0.00
   50.00 |    0.00
   29.00 |   40.00
    0.00 |   50.00
    0.00 |   50.00
    0.00 |    0.00
   67.00 |  100.00
    0.00 |    0.00
    0.00 |   29.00
   20.00 |    0.00
    0.00 |    0.00
    0.00 |    0.00
   27.00 |   50.00
   50.00 |    0.00
   16.00 |   11.00
    0.00 |    0.00
    9.00 |    8.00
   43.00 |    0.00
   36.00 |   20.00
    0.00 |  100.00
    0.00 |  100.00
    0.00 |    0.00
    0.00 |   67.00
   50.00 |   50.00
   30.00 |   50.00
   34.00 |   69.00
   25.00 |    0.00
    0.00 |    0.00
   18.00 |    0.00
   14.00 |    0.00
   51.00 |   25.00
   47.00 |   39.00
   47.00 |   52.00
   43.00 |   43.00
   38.00 |   32.00
   66.00 |   22.00
    0.00 |    0.00
   41.00 |   36.00
    0.00 |   33.00
   50.00 |    0.00
    0.00 |   33.00
   22.00 |   50.00
   53.00 |    0.00
  100.00 |   50.00
   24.00 |   33.00
   24.00 |    0.00
    0.00 |    0.00
   20.00 |   27.00
   28.00 |   33.00
   35.00 |   20.00
   55.00 |    0.00
   25.00 |    0.00
   30.00 |   16.00
   36.00 |    0.00
    8.00 |    0.00
   36.00 |   45.00
   67.00 |    0.00
   59.00 |   36.00
    0.00 |    0.00
   44.00 |    0.00
   33.00 |   33.00
   41.00 |   48.00
   27.00 |   29.00
  100.00 |   50.00
   44.00 |   25.00
    7.00 |   25.00
   44.00 |    0.00
   50.00 |   33.00
   67.00 |    0.00
   25.00 |    0.00
    0.00 |   50.00
   33.00 |   50.00
    0.00 |   50.00
   39.00 |   22.00
   34.00 |   26.00
   22.00 |   30.00
    0.00 |    0.00
   33.00 |    4.00
    0.00 |    0.00
   52.00 |    0.00
   40.00 |   12.00
   25.00 |    0.00
   23.00 |    0.00
   33.00 |    0.00
   39.00 |   56.00
    0.00 |  100.00
   58.00 |   50.00
    0.00 |    0.00
   33.00 |    0.00
   51.00 |   36.00
    0.00 |    0.00
  100.00 |  100.00
   33.00 |   50.00
   36.00 |    0.00
   40.00 |   29.00
  100.00 |  100.00
   20.00 |    0.00
   25.00 |  100.00
   53.00 |   50.00
   50.00 |    0.00
  100.00 |    0.00
    0.00 |    0.00
   32.00 |   42.00
   22.00 |   35.00
   50.00 |   22.00
  100.00 |  100.00
   24.00 |   54.00
   36.00 |   36.00
   19.00 |    0.00
   51.00 |   67.00
    0.00 |    0.00
   37.00 |   27.00
   38.00 |   30.00
   33.00 |   67.00
   33.00 |    0.00
   18.00 |   22.00
   14.00 |   33.00
   75.00 |   50.00
    0.00 |    0.00
   20.00 |    0.00
   30.00 |   10.00
   17.00 |   17.00
    0.00 |    0.00
   30.00 |   75.00
   50.00 |    0.00
   18.00 |   50.00
   80.00 |    0.00
    0.00 |    0.00
   21.00 |    9.00
    5.00 |    8.00
    0.00 |    0.00
   40.00 |  100.00
   64.00 |   25.00
   31.00 |    0.00
   46.00 |   42.00
    0.00 |    0.00
   40.00 |    0.00
  100.00 |    0.00
   52.00 |   33.00
   33.00 |    0.00
   25.00 |   13.00
   44.00 |   60.00
   24.00 |   67.00
    0.00 |   20.00
    0.00 |   60.00
    0.00 |   33.00
    0.00 |  100.00
   27.00 |   44.00
    0.00 |   20.00
   24.00 |   18.00
   26.00 |   16.00
   60.00 |  100.00
   33.00 |   50.00
   22.00 |    0.00
   25.00 |    0.00
    0.00 |    0.00
    0.00 |    0.00
   60.00 |   33.00
  100.00 |  100.00
   29.00 |   30.00
   33.00 |   33.00
   16.00 |   20.00
   82.00 |   34.00
   14.00 |    0.00
   43.00 |   24.00
  100.00 |    0.00
   13.00 |   40.00
    0.00 |    0.00
   43.00 |   60.00
   27.00 |   15.00
    5.00 |   50.00
    0.00 |    0.00
    0.00 |    0.00
    7.00 |   45.00
    0.00 |    0.00
   32.00 |   78.00
   71.00 |  100.00
   20.00 |    0.00
   15.00 |    0.00
   17.00 |    3.00
  100.00 |   20.00
   42.00 |   57.00
   24.00 |   18.00
   44.00 |    0.00
   18.00 |  100.00
   32.00 |   11.00
   35.00 |   50.00
   29.00 |  100.00
   39.00 |  100.00
   32.00 |   29.00
   23.00 |   33.00
   30.00 |   50.00
   34.00 |   58.00
   27.00 |    0.00
   34.00 |  100.00
   48.00 |   74.00
   70.00 |   29.00
   29.00 |   27.00
   20.00 |   10.00
  100.00 |    0.00
   32.00 |   20.00
    0.00 |    0.00
   34.00 |    0.00
   36.00 |    0.00
   38.00 |   60.00
   42.00 |    0.00
  100.00 |  100.00
   36.00 |    0.00
    8.00 |    6.00
   33.00 |    0.00
   88.00 |   75.00
   33.00 |    0.00
   13.00 |    0.00
   22.00 |    0.00
   34.00 |   20.00
   28.00 |   57.00
   19.00 |   14.00
   50.00 |   20.00
   50.00 |   33.00
   53.00 |   14.00
   44.00 |   64.00
   60.00 |   43.00
   25.00 |   37.00
   58.00 |   19.00
    0.00 |    0.00
    0.00 |   33.00
   40.00 |   44.00
   22.00 |    0.00
   20.00 |    0.00
   37.00 |   23.00
   38.00 |   50.00
   39.00 |   34.00
   27.00 |   40.00
    0.00 |  100.00
    0.00 |   50.00
   37.00 |   38.00
   25.00 |   29.00
   45.00 |   42.00
   73.00 |    0.00
   36.00 |   29.00
   24.00 |   23.00
    0.00 |    0.00
    0.00 |    0.00
   23.00 |    0.00
   50.00 |    0.00
   43.00 |   15.00
   43.00 |  100.00
   26.00 |    0.00
   42.00 |   50.00
   25.00 |    0.00
   25.00 |    0.00
    0.00 |   33.00
  100.00 |    0.00
   33.00 |   20.00
   38.00 |   18.00
   25.00 |    0.00
   25.00 |    0.00
    0.00 |    0.00
   40.00 |   54.00
   38.00 |   22.00
   28.00 |   50.00
   17.00 |   44.00
    0.00 |    0.00
   21.00 |   17.00
   45.00 |   42.00
  100.00 |    0.00
   24.00 |   24.00
    0.00 |    0.00
   25.00 |   42.00
   18.00 |   10.00
   33.00 |   17.00
   36.00 |   15.00
    0.00 |  100.00
   25.00 |  100.00
    0.00 |   33.00
   24.00 |    0.00
    0.00 |  100.00
   41.00 |   20.00
   27.00 |  100.00
   46.00 |   27.00
    0.00 |  100.00
  100.00 |    0.00
   60.00 |    0.00
   23.00 |   60.00
   52.00 |    0.00
   64.00 |    0.00
   43.00 |   11.00
    0.00 |    0.00
   44.00 |    0.00
   31.00 |   20.00
   29.00 |   50.00
   40.00 |   30.00
   46.00 |  100.00
    7.00 |    0.00
   67.00 |    0.00
   54.00 |   25.00
   50.00 |    0.00
   78.00 |   69.00
   25.00 |    0.00
   46.00 |   50.00
    0.00 |    0.00
   25.00 |    0.00
    0.00 |    0.00
    8.00 |    0.00
   39.00 |   15.00
   40.00 |  100.00
  100.00 |    0.00
   39.00 |   25.00
   10.00 |    0.00
    0.00 |    0.00
   53.00 |   45.00
   11.00 |   50.00
    0.00 |    0.00
    7.00 |  100.00
    0.00 |  100.00
    0.00 |    0.00
   37.00 |    6.00
   52.00 |    0.00
   50.00 |    0.00
    0.00 |    0.00
   43.00 |   48.00
    0.00 |    0.00
    0.00 |    0.00
   27.00 |    8.00
   24.00 |   15.00
   36.00 |    0.00
   31.00 |   20.00
    0.00 |  100.00
   80.00 |   83.00
   38.00 |   41.00
   29.00 |   29.00
   42.00 |    7.00
    0.00 |  100.00
   33.00 |   17.00
   63.00 |  100.00
    0.00 |    0.00
   17.00 |   50.00
   25.00 |   56.00
   23.00 |   25.00
   50.00 |   50.00
   54.00 |   33.00
    0.00 |  100.00
   19.00 |    3.00
   18.00 |   50.00
   33.00 |    0.00
    0.00 |    0.00
    0.00 |  100.00
   30.00 |   37.00
   39.00 |   75.00
    0.00 |   50.00
   33.00 |   44.00
   32.00 |   42.00
   58.00 |  100.00
  100.00 |  100.00
   56.00 |    0.00
   72.00 |   18.00
   31.00 |   14.00
   50.00 |    0.00
   38.00 |  100.00
   32.00 |   50.00
   54.00 |   67.00
   33.00 |   14.00
   38.00 |   10.00
   50.00 |    0.00
   13.00 |   25.00
   38.00 |    0.00
   26.00 |    0.00
    0.00 |  100.00
    0.00 |    0.00
   41.00 |   17.00
   39.00 |   27.00
   22.00 |    0.00
   90.00 |  100.00
   23.00 |   20.00
    0.00 |    0.00
    0.00 |   50.00
   24.00 |   38.00
    0.00 |   50.00
   11.00 |   44.00
    0.00 |    0.00
   45.00 |  100.00
   46.00 |   37.00
   32.00 |   32.00
   29.00 |   67.00
   15.00 |    0.00
   75.00 |    0.00
   25.00 |   33.00
   25.00 |   60.00
   19.00 |    6.00
   37.00 |    0.00
   20.00 |   33.00
   28.00 |   18.00
   71.00 |   25.00
   42.00 |   35.00
    0.00 |   50.00
   60.00 |  100.00
   22.00 |   25.00
   29.00 |    0.00
   30.00 |    0.00
    0.00 |    0.00
   29.00 |    0.00
   24.00 |   40.00
   50.00 |   44.00
   22.00 |    0.00
   28.00 |    0.00
    7.00 |    0.00
   25.00 |   20.00
   31.00 |    0.00
   17.00 |   30.00
   43.00 |    0.00
   21.00 |    0.00
    0.00 |    0.00
   13.00 |  100.00
   11.00 |    0.00
   34.00 |   14.00
   22.00 |    0.00
   13.00 |    0.00
   25.00 |    0.00
    0.00 |    0.00
   55.00 |   30.00
   44.00 |    0.00
   14.00 |    0.00
   33.00 |    0.00
   55.00 |   42.00
   43.00 |   35.00
   11.00 |   75.00
    0.00 |    0.00
    0.00 |    0.00
   36.00 |    0.00
    0.00 |    0.00
   39.00 |   32.00
    0.00 |   67.00
   17.00 |  100.00
   44.00 |    0.00
    0.00 |   60.00
   24.00 |  100.00
   50.00 |   33.00
   19.00 |    0.00
   50.00 |  100.00
   25.00 |    0.00
   75.00 |   50.00
    0.00 |    0.00
   20.00 |   14.00
   21.00 |   66.00
   32.00 |   32.00
   33.00 |  100.00
   31.00 |   25.00
    0.00 |    0.00
    0.00 |    0.00
   31.00 |   64.00
   47.00 |   42.00
    0.00 |    0.00
    0.00 |    0.00
    0.00 |    0.00
   46.00 |   36.00
  100.00 |    0.00
   47.00 |    0.00
   21.00 |   13.00
   54.00 |   33.00
   45.00 |   79.00
   71.00 |   38.00
   29.00 |   13.00
   27.00 |   27.00
    0.00 |    0.00
   43.00 |   17.00
   20.00 |    0.00
   35.00 |   20.00
   33.00 |   33.00
   33.00 |  100.00
   19.00 |    0.00
   42.00 |   19.00
   26.00 |   35.00
   46.00 |   18.00
   20.00 |   42.00
   19.00 |    8.00
   25.00 |   13.00
   21.00 |    0.00
    0.00 |   33.00
    0.00 |    0.00
   29.00 |   21.00
    0.00 |    0.00
   20.00 |   25.00
   37.00 |   25.00
   35.00 |   15.00
   55.00 |   53.00
   19.00 |    0.00
   33.00 |   33.00
   67.00 |  100.00
   50.00 |   20.00
   25.00 |   22.00
   54.00 |   50.00
   29.00 |    0.00
   21.00 |   23.00
    0.00 |   33.00
   39.00 |   31.00
   33.00 |   21.00
    0.00 |    0.00
   33.00 |    0.00
   45.00 |    0.00
   29.00 |    0.00
   14.00 |   20.00
   38.00 |   32.00
   60.00 |    0.00
   49.00 |   26.00
   28.00 |   19.00
   40.00 |    0.00
   23.00 |   13.00
    0.00 |    0.00
    0.00 |  100.00
   50.00 |    0.00
    0.00 |    0.00
   40.00 |    0.00
    0.00 |    0.00
   78.00 |   18.00
   33.00 |    5.00
   78.00 |   33.00
   53.00 |   10.00
   49.00 |   16.00
    0.00 |    0.00
   50.00 |   35.00
   11.00 |   20.00
    0.00 |   50.00
   20.00 |    0.00
   25.00 |    0.00
   75.00 |   50.00
    0.00 |  100.00
    0.00 |    0.00
   69.00 |   67.00
   42.00 |    0.00
    0.00 |    0.00
   40.00 |    0.00
   29.00 |   40.00
    0.00 |    0.00
  100.00 |  100.00
    0.00 |  100.00
  100.00 |    0.00
   25.00 |    0.00
  100.00 |  100.00
   28.00 |   52.00
   41.00 |   33.00
   75.00 |  100.00
   40.00 |   13.00
  100.00 |    0.00
    0.00 |    0.00
    0.00 |    0.00
   42.00 |   67.00
   52.00 |   29.00
    0.00 |    0.00
   30.00 |   38.00
   61.00 |   14.00
   19.00 |    0.00
   50.00 |   33.00
   16.00 |   36.00
   33.00 |    0.00
    0.00 |    0.00
    0.00 |    0.00
   37.00 |    0.00
   47.00 |    0.00
   50.00 |    0.00
   23.00 |   13.00
   38.00 |    0.00
   30.00 |   32.00
    0.00 |    0.00
   21.00 |  100.00
   37.00 |   50.00
   50.00 |    0.00
   30.00 |    0.00
   14.00 |    0.00
   25.00 |    0.00
   23.00 |   11.00
   56.00 |    0.00
   31.00 |   20.00
  100.00 |   86.00
   26.00 |   47.00
    0.00 |    0.00
    0.00 |    0.00
   13.00 |   43.00
   50.00 |    0.00
   43.00 |   29.00
   31.00 |   25.00
   20.00 |    0.00
   30.00 |   16.00
    0.00 |    0.00
   38.00 |   27.00
   50.00 |    0.00
  100.00 |  100.00
    0.00 |    0.00
    0.00 |    0.00
  100.00 |   25.00
   21.00 |    0.00
    0.00 |    0.00
   32.00 |   60.00
   28.00 |    4.00
   41.00 |   17.00
   59.00 |   46.00
    0.00 |  100.00
   27.00 |    0.00
    0.00 |    0.00
   25.00 |    0.00
    0.00 |  100.00
  100.00 |  100.00
   29.00 |   50.00
   40.00 |   20.00
   26.00 |    8.00
   20.00 |    0.00
   17.00 |    5.00
   38.00 |   13.00
    0.00 |   38.00
   40.00 |   72.00
   25.00 |   20.00
  100.00 |   50.00
  100.00 |  100.00
   22.00 |   50.00
   33.00 |    0.00
   50.00 |    0.00
    0.00 |    0.00
   38.00 |   32.00
   69.00 |   44.00
   33.00 |   56.00
   21.00 |   25.00
   40.00 |    0.00
    0.00 |    0.00
    9.00 |   50.00
   29.00 |  100.00
   19.00 |    0.00
   14.00 |    8.00
   37.00 |   11.00
   50.00 |   33.00
   55.00 |  100.00
   29.00 |   27.00
   47.00 |    6.00
   11.00 |    0.00
   39.00 |   33.00
   25.00 |    0.00
   50.00 |    0.00
   33.00 |    0.00
    0.00 |   80.00
   36.00 |   32.00
   21.00 |   25.00
   42.00 |    0.00
   62.00 |   50.00
    0.00 |   25.00
   57.00 |   60.00
   21.00 |    0.00
   41.00 |   25.00
    0.00 |    0.00
   32.00 |   27.00
   38.00 |   21.00
   43.00 |   42.00
   44.00 |    0.00
   43.00 |   67.00
   30.00 |   20.00
   13.00 |   20.00
   30.00 |   13.00
   35.00 |   25.00
   26.00 |    0.00
   25.00 |   50.00
   31.00 |    0.00
    0.00 |    0.00
   33.00 |    0.00
   26.00 |    9.00
   13.00 |    0.00
    0.00 |    0.00
   44.00 |   19.00
   25.00 |   77.00
   94.00 |   30.00
    0.00 |    0.00
   43.00 |    0.00
   27.00 |   29.00
   24.00 |   33.00
   20.00 |    0.00
   37.00 |   24.00
   50.00 |  100.00
    0.00 |    0.00
    0.00 |  100.00
   10.00 |   25.00
    0.00 |    0.00
   45.00 |   71.00
   36.00 |    0.00
   50.00 |   67.00
   35.00 |   31.00
    0.00 |    0.00
    0.00 |    0.00
   25.00 |   50.00
   41.00 |   15.00
    0.00 |    0.00
   45.00 |   50.00
   50.00 |    0.00
   40.00 |   44.00
   33.00 |    0.00
   14.00 |    0.00
   50.00 |    0.00
  100.00 |    0.00
   20.00 |    0.00
   23.00 |   75.00
   42.00 |   50.00
   35.00 |   33.00
    8.00 |   56.00
   55.00 |   19.00
   17.00 |   67.00
    0.00 |    0.00
    0.00 |    0.00
    9.00 |   60.00
    0.00 |   50.00
    0.00 |    0.00
  100.00 |  100.00
   40.00 |    0.00
   29.00 |   20.00
    0.00 |    0.00
   59.00 |   44.00
   72.00 |   21.00
   74.00 |   40.00
   41.00 |   32.00
    0.00 |    0.00
   45.00 |   25.00
    0.00 |    0.00
  100.00 |   50.00
    0.00 |   33.00
    0.00 |    0.00
    0.00 |   20.00
    0.00 |    0.00
   44.00 |   13.00
   17.00 |   17.00
   60.00 |    0.00
   17.00 |   15.00
   30.00 |    0.00
   37.00 |   27.00
   34.00 |    0.00
   50.00 |   50.00
   33.00 |   50.00
   50.00 |  100.00
   87.00 |    0.00
   14.00 |   11.00
   33.00 |   40.00
   60.00 |    0.00
   36.00 |    0.00
   43.00 |    0.00
   11.00 |   25.00
    0.00 |    0.00
   22.00 |   27.00
    0.00 |    0.00
   17.00 |   32.00
   17.00 |   17.00
    9.00 |   20.00
    0.00 |   50.00
   25.00 |   38.00
   33.00 |   40.00
   50.00 |    0.00
   59.00 |   18.00
   36.00 |   25.00
  100.00 |  100.00
    0.00 |   67.00
    0.00 |   33.00
   40.00 |   50.00
    0.00 |   67.00
   43.00 |  100.00
  100.00 |   33.00
    3.00 |   20.00
   31.00 |   75.00
    0.00 |   40.00
   63.00 |   57.00
   29.00 |   19.00
   45.00 |   50.00
   20.00 |    0.00
   20.00 |    0.00
    0.00 |    0.00
   22.00 |  100.00
   32.00 |   88.00
   52.00 |   25.00
   31.00 |   33.00
    3.00 |    8.00
   43.00 |   23.00
   30.00 |   29.00
   33.00 |    0.00
    0.00 |    0.00
    0.00 |    0.00
   31.00 |   25.00
   20.00 |   43.00
   36.00 |   22.00
    0.00 |    0.00
    0.00 |    0.00
    0.00 |    0.00
   10.00 |    0.00
   19.00 |    7.00
   33.00 |    0.00
   23.00 |    9.00
   21.00 |   50.00
    0.00 |    0.00
   15.00 |   20.00
   17.00 |   20.00
   34.00 |   46.00
   33.00 |    0.00
   18.00 |   33.00
   29.00 |   14.00
   50.00 |    0.00
  100.00 |    0.00
   27.00 |  100.00
   36.00 |   25.00
   29.00 |    0.00
    0.00 |    0.00
    0.00 |    0.00
    0.00 |    0.00
   47.00 |   36.00
   67.00 |   17.00
   20.00 |    0.00
   44.00 |   46.00
   29.00 |   28.00
  100.00 |    0.00
    0.00 |    0.00
   59.00 |   20.00
   19.00 |   42.00
   40.00 |  100.00
   23.00 |   38.00
   23.00 |    0.00
    8.00 |   23.00
    0.00 |   17.00
   34.00 |   50.00
   35.00 |   48.00
   17.00 |    0.00
   28.00 |   40.00
   58.00 |   16.00
   24.00 |   19.00
   48.00 |   57.00
  100.00 |   50.00
   20.00 |   25.00
   38.00 |   75.00
   24.00 |   32.00
   30.00 |   21.00
   42.00 |   31.00
   20.00 |   80.00
   32.00 |   21.00
   12.00 |    7.00
   26.00 |   17.00
  100.00 |   50.00
    0.00 |  100.00
    0.00 |    0.00
   32.00 |   24.00
   50.00 |   56.00
   48.00 |   31.00
   22.00 |   27.00
  100.00 |    0.00
   16.00 |   50.00
    0.00 |   50.00
   13.00 |    4.00
   83.00 |   33.00
   50.00 |    0.00
   50.00 |    0.00
   59.00 |   20.00
   19.00 |   38.00
   56.00 |   67.00
   38.00 |    0.00
   20.00 |   36.00
   78.00 |  100.00
    0.00 |  100.00
   38.00 |   29.00
   29.00 |   50.00
   46.00 |   34.00
   45.00 |   28.00
   20.00 |   26.00
   44.00 |   10.00
    0.00 |    0.00
   29.00 |  100.00
   21.00 |   42.00
   56.00 |   50.00
   77.00 |   66.00
   40.00 |    0.00
   39.00 |   14.00
   58.00 |    0.00
   25.00 |    0.00
   46.00 |   34.00
   50.00 |  100.00
  100.00 |    0.00
   50.00 |  100.00
   83.00 |   25.00
   34.00 |   21.00
   31.00 |   33.00
   33.00 |    0.00
   40.00 |   50.00
  100.00 |    0.00
   20.00 |    0.00
    0.00 |    0.00
   16.00 |    7.00
   21.00 |    0.00
   33.00 |   50.00
    0.00 |    0.00
   54.00 |   37.00
   50.00 |    0.00
   60.00 |   75.00
  100.00 |  100.00
   50.00 |    0.00
  100.00 |    0.00
   19.00 |   50.00
   35.00 |   40.00
   50.00 |    0.00
   14.00 |    0.00
   29.00 |   44.00
   50.00 |    0.00
   33.00 |   36.00
    0.00 |    0.00
  100.00 |   75.00
    0.00 |    0.00
    0.00 |    0.00
   24.00 |   25.00
   38.00 |   28.00
    0.00 |  100.00
    0.00 |    0.00
   50.00 |   43.00
   20.00 |    0.00
    0.00 |    0.00
    0.00 |    0.00
   14.00 |    0.00
   29.00 |   75.00
    0.00 |   20.00
   16.00 |   50.00
   45.00 |  100.00
   32.00 |   42.00
    0.00 |    0.00
   47.00 |   45.00
    0.00 |   33.00
    0.00 |    0.00
  100.00 |  100.00
   72.00 |    0.00
   26.00 |   25.00
   24.00 |   12.00
   38.00 |   25.00
   39.00 |   33.00
   80.00 |   33.00
   28.00 |   22.00
   36.00 |   59.00
   72.00 |    0.00
   25.00 |    0.00
   22.00 |   50.00
   40.00 |   25.00
   35.00 |   28.00
   15.00 |   24.00
   20.00 |   20.00
  100.00 |    0.00
    0.00 |    0.00
   57.00 |    0.00
   46.00 |   51.00
   22.00 |    0.00
    0.00 |   20.00
    0.00 |  100.00
   49.00 |   43.00
   17.00 |   25.00
   56.00 |   40.00
   60.00 |   71.00
  100.00 |   50.00
   20.00 |   17.00
   13.00 |    0.00
  100.00 |    0.00
   11.00 |   57.00
   25.00 |  100.00
   25.00 |    0.00
   40.00 |   40.00
   26.00 |   17.00
   50.00 |    0.00
   50.00 |    0.00
    0.00 |    0.00
  100.00 |  100.00
   44.00 |   33.00
   66.00 |   50.00
   23.00 |   11.00
   67.00 |    0.00
  100.00 |    0.00
   71.00 |    4.00
   33.00 |   50.00
   25.00 |    0.00
    0.00 |  100.00
   40.00 |   25.00
   20.00 |   33.00
   10.00 |    8.00
   38.00 |   61.00
   39.00 |   25.00
   17.00 |    0.00
   62.00 |   20.00
   25.00 |   50.00
   12.00 |   29.00
   33.00 |    0.00
    0.00 |    0.00
   13.00 |    0.00
  100.00 |    0.00
   12.00 |  100.00
    0.00 |   17.00
   28.00 |   24.00
   45.00 |   71.00
   24.00 |    9.00
   40.00 |  100.00
   33.00 |   50.00
   22.00 |    0.00
   31.00 |   67.00
   42.00 |   10.00
   11.00 |    0.00
    0.00 |   33.00
    0.00 |    0.00
   46.00 |    0.00
   43.00 |   50.00
   55.00 |   50.00
   18.00 |    0.00
    0.00 |  100.00
   47.00 |   50.00
   31.00 |    0.00
   20.00 |    0.00
   44.00 |   16.00
   33.00 |   33.00
   30.00 |   22.00
   50.00 |    0.00
   37.00 |   46.00
   22.00 |   80.00
   33.00 |   80.00
    0.00 |    0.00
   63.00 |    0.00
    4.00 |   50.00
    9.00 |    8.00
   32.00 |   35.00
   27.00 |   23.00
   28.00 |   56.00
   28.00 |   73.00
   24.00 |   22.00
   25.00 |   25.00
   26.00 |   18.00
    0.00 |    0.00
   38.00 |    0.00
   71.00 |    0.00
    0.00 |    0.00
    0.00 |    0.00
   20.00 |    0.00
   38.00 |   38.00
   53.00 |   59.00
   37.00 |   33.00
   33.00 |    0.00
   40.00 |   24.00
    0.00 |   33.00
    0.00 |  100.00
   48.00 |   40.00
   37.00 |   25.00
   25.00 |   50.00
   51.00 |   21.00
    0.00 |    0.00
    0.00 |  100.00
   20.00 |    0.00
   33.00 |    0.00
    8.00 |    0.00
   50.00 |   60.00
   35.00 |   25.00
   20.00 |   57.00
   42.00 |   20.00
   40.00 |    0.00
   27.00 |    0.00
   75.00 |    0.00
   20.00 |  100.00
   19.00 |   30.00
    9.00 |    0.00
   32.00 |   11.00
    0.00 |    0.00
   29.00 |    0.00
   17.00 |   43.00
    0.00 |    0.00
   46.00 |   25.00
    0.00 |   33.00
    0.00 |  100.00
   29.00 |    0.00
   50.00 |   25.00
   43.00 |    0.00
   13.00 |   30.00
   58.00 |    0.00
   27.00 |    0.00
   78.00 |   50.00
   50.00 |   50.00
   50.00 |   67.00
   25.00 |    0.00
   44.00 |    0.00
    0.00 |    0.00
  100.00 |  100.00
    0.00 |   67.00
   92.00 |   40.00
    0.00 |    0.00
    0.00 |    0.00
   20.00 |   17.00
   25.00 |    0.00
   92.00 |   56.00
   24.00 |   33.00
  100.00 |    0.00
   50.00 |   67.00
   33.00 |   25.00
   84.00 |   89.00
   71.00 |   67.00
   13.00 |    0.00
   26.00 |   33.00
   25.00 |    0.00
   33.00 |   50.00
   24.00 |  100.00
   20.00 |   50.00
   40.00 |   17.00
    0.00 |   33.00
    0.00 |   20.00
   50.00 |    0.00
   75.00 |   33.00
   36.00 |   32.00
   44.00 |  100.00
    0.00 |    0.00
   25.00 |   22.00
   23.00 |   10.00
   17.00 |    0.00
   35.00 |    0.00
   33.00 |   20.00
   91.00 |    0.00
   50.00 |    0.00
   60.00 |    0.00
   25.00 |   33.00
   39.00 |   50.00
   26.00 |   25.00
   32.00 |    0.00
   29.00 |   17.00
   33.00 |   14.00
   36.00 |   13.00
    5.00 |   83.00
   24.00 |    5.00
   30.00 |   80.00
    0.00 |    0.00
   25.00 |    0.00
    0.00 |    0.00
    0.00 |    0.00
   56.00 |   33.00
   55.00 |   57.00
   45.00 |    9.00
   32.00 |   26.00
   38.00 |  100.00
  100.00 |   50.00
    7.00 |    0.00
   21.00 |    0.00
   26.00 |   14.00
   25.00 |   17.00
   22.00 |   22.00
    0.00 |   60.00
  100.00 |    0.00
    0.00 |    0.00
   31.00 |   50.00
   25.00 |    0.00
   50.00 |   50.00
   40.00 |    0.00
   35.00 |    0.00
   27.00 |   21.00
   46.00 |   15.00
   33.00 |   66.00
   33.00 |    0.00
   46.00 |   50.00
   22.00 |   80.00
   73.00 |   20.00
   36.00 |   16.00
   29.00 |   14.00
   23.00 |   19.00
   44.00 |   21.00
    6.00 |    0.00
   32.00 |   30.00
    0.00 |   14.00
   50.00 |    0.00
   15.00 |   50.00
    0.00 |   74.00
   66.00 |   65.00
   33.00 |   20.00
   21.00 |    0.00
   28.00 |   37.00
   17.00 |    0.00
   56.00 |   20.00
   79.00 |    0.00
   17.00 |    0.00
   50.00 |    0.00
   66.00 |    0.00
   67.00 |    0.00
   37.00 |  100.00
  100.00 |  100.00
    0.00 |   50.00
   50.00 |  100.00
   33.00 |    0.00
    0.00 |    0.00
    0.00 |    0.00
   38.00 |    0.00
   71.00 |   79.00
  100.00 |    0.00
   43.00 |    0.00
   27.00 |   13.00
   50.00 |    0.00
   23.00 |    6.00
   61.00 |    0.00
    0.00 |    0.00
   70.00 |   24.00
   79.00 |   35.00
   72.00 |   52.00
    0.00 |  100.00
   25.00 |    0.00
   18.00 |  100.00
   20.00 |   33.00
   25.00 |   50.00
   25.00 |   50.00
    7.00 |   25.00
   23.00 |   38.00
   35.00 |    0.00
   21.00 |   31.00
    0.00 |    0.00
    0.00 |    0.00
   20.00 |    0.00
    0.00 |    0.00
   33.00 |   33.00
   23.00 |    0.00
    0.00 |  100.00
    0.00 |   50.00
   33.00 |   63.00
   25.00 |    0.00
   44.00 |    0.00
   30.00 |   17.00
   33.00 |   56.00
   21.00 |   87.00
   63.00 |   25.00
   20.00 |    0.00
   27.00 |   11.00
    0.00 |    0.00
   60.00 |   50.00
   40.00 |  100.00
   34.00 |   38.00
    3.00 |    0.00
   30.00 |   33.00
   28.00 |   25.00
   18.00 |   25.00
   20.00 |   25.00
    0.00 |    0.00
  100.00 |   50.00
   32.00 |   44.00
   25.00 |    0.00
   25.00 |   50.00
    0.00 |    0.00
   57.00 |   47.00
   18.00 |  100.00
   14.00 |   33.00
    0.00 |    0.00
    0.00 |    0.00
   25.00 |   30.00
    0.00 |   50.00
   33.00 |   67.00
   57.00 |   55.00
   43.00 |   52.00
   63.00 |   22.00
    0.00 |   50.00
   19.00 |    0.00
   29.00 |   45.00
   24.00 |   80.00
   28.00 |   45.00
    0.00 |    0.00
   22.00 |   25.00
   17.00 |   11.00
  100.00 |    0.00
   14.00 |   50.00
   33.00 |    0.00
   24.00 |   14.00
    0.00 |   50.00
   50.00 |   60.00
   20.00 |    0.00
   28.00 |   20.00
   36.00 |   11.00
   24.00 |  100.00
   41.00 |   25.00
   20.00 |    0.00
   39.00 |   17.00
   37.00 |    0.00
    0.00 |    0.00
   80.00 |   40.00
   30.00 |   33.00
   21.00 |    0.00
   58.00 |    0.00
   36.00 |   13.00
   25.00 |   41.00
   29.00 |   25.00
   50.00 |   75.00
   27.00 |   14.00
   50.00 |    0.00
   25.00 |    0.00
    0.00 |  100.00
   20.00 |   37.00
  100.00 |  100.00
   50.00 |    0.00
    0.00 |    0.00
   67.00 |    0.00
  100.00 |  100.00
   25.00 |   25.00
   22.00 |   17.00
   22.00 |    0.00
   40.00 |   33.00
   13.00 |    0.00
   31.00 |    0.00
    0.00 |    0.00
   50.00 |    0.00
   41.00 |   41.00
   27.00 |   42.00
   50.00 |    0.00
   42.00 |   36.00
    0.00 |    0.00
   14.00 |   25.00
   33.00 |   40.00
    0.00 |    0.00
   17.00 |  100.00
   40.00 |    0.00
   19.00 |   50.00
   67.00 |    0.00
   28.00 |   29.00
   51.00 |   40.00
   44.00 |   50.00
   25.00 |    0.00
   23.00 |   19.00
   30.00 |   36.00
   34.00 |   67.00
   36.00 |   19.00
    0.00 |  100.00
   33.00 |   59.00
   15.00 |   38.00
   35.00 |   34.00
    0.00 |  100.00
  100.00 |  100.00
   20.00 |   20.00
    0.00 |    0.00
   25.00 |    0.00
    0.00 |   50.00
   46.00 |    0.00
    0.00 |   33.00
   29.00 |    0.00
   49.00 |   40.00
   57.00 |   58.00
    0.00 |    0.00
    0.00 |    0.00
   25.00 |    0.00
    0.00 |   23.00
    0.00 |    0.00
    0.00 |   67.00
  100.00 |  100.00
   50.00 |    0.00
    0.00 |    0.00
    0.00 |    0.00
   48.00 |   27.00
   29.00 |   13.00
   15.00 |    0.00
    0.00 |    0.00
   38.00 |   50.00
    0.00 |    0.00
   22.00 |   50.00
   33.00 |   50.00
   50.00 |  100.00
    5.00 |    0.00
   32.00 |   47.00
   50.00 |    0.00
   23.00 |    0.00
   60.00 |   83.00
    0.00 |    0.00
   29.00 |   75.00
   29.00 |   53.00
   33.00 |    0.00
   30.00 |   17.00
   24.00 |    0.00
   26.00 |    0.00
   44.00 |    0.00
   24.00 |   15.00
    0.00 |   33.00
   73.00 |    0.00
   38.00 |   40.00
    0.00 |  100.00
   31.00 |   50.00
    8.00 |    0.00
    0.00 |    0.00
    0.00 |    0.00
    0.00 |    0.00
   22.00 |   44.00
    0.00 |    0.00
   50.00 |    0.00
   32.00 |    0.00
    0.00 |    0.00
   80.00 |    0.00
   46.00 |   27.00
   67.00 |   50.00
   43.00 |    0.00
   23.00 |   33.00
   43.00 |   75.00
   38.00 |    0.00
   25.00 |   33.00
    0.00 |   50.00
   29.00 |   86.00
   35.00 |   50.00
   32.00 |   27.00
   56.00 |    0.00
   22.00 |   50.00
   33.00 |   17.00
   38.00 |    0.00
    0.00 |   43.00
   13.00 |   38.00
   50.00 |   13.00
   18.00 |   73.00
   41.00 |   33.00
    0.00 |    0.00
   27.00 |    0.00
   27.00 |   50.00
    0.00 |    0.00
    7.00 |    0.00
  100.00 |    0.00
   21.00 |   35.00
    4.00 |    0.00
   83.00 |   74.00
   46.00 |   31.00
  100.00 |    0.00
   96.00 |   48.00
   33.00 |    0.00
   44.00 |   16.00
   26.00 |    0.00
   42.00 |   48.00
   30.00 |    0.00
   69.00 |   42.00
   48.00 |   36.00
    0.00 |    0.00
   67.00 |   17.00
    5.00 |    0.00
   15.00 |    0.00
   50.00 |   50.00
    0.00 |    0.00
   16.00 |    0.00
   50.00 |   75.00
    0.00 |    0.00
   40.00 |   50.00
   32.00 |   17.00
    0.00 |    0.00
   45.00 |    0.00
    0.00 |    0.00
   10.00 |    0.00
   40.00 |   43.00
    7.00 |    0.00
   31.00 |   50.00
   39.00 |   30.00
   77.00 |   42.00
   25.00 |   67.00
  100.00 |    0.00
   23.00 |    0.00
    0.00 |    0.00
   31.00 |   23.00
   47.00 |   33.00
   22.00 |   48.00
   18.00 |   50.00
  100.00 |    0.00
   16.00 |   25.00
   23.00 |   29.00
    0.00 |   20.00
   60.00 |   25.00
   48.00 |   31.00
   50.00 |    0.00
   67.00 |   76.00
   55.00 |   50.00
   40.00 |   44.00
   37.00 |   25.00
   31.00 |    0.00
   84.00 |   73.00
   27.00 |   25.00
   54.00 |    0.00
   59.00 |   60.00
   40.00 |    0.00
   45.00 |   20.00
   50.00 |   41.00
   38.00 |   20.00
   24.00 |   50.00
   58.00 |   38.00
    0.00 |    0.00
   39.00 |   20.00
    0.00 |   50.00
   28.00 |   43.00
   10.00 |   29.00
   37.00 |   60.00
    0.00 |    0.00
  100.00 |  100.00
   39.00 |   25.00
   23.00 |   41.00
   67.00 |   22.00
    8.00 |   13.00
    0.00 |   50.00
   43.00 |  100.00
   60.00 |  100.00
   40.00 |    0.00
   53.00 |    9.00
    0.00 |  100.00
   29.00 |    0.00
    0.00 |   50.00
   33.00 |    0.00
   50.00 |    0.00
    0.00 |    0.00
   50.00 |  100.00
   35.00 |   40.00
   41.00 |   50.00
   28.00 |   50.00
   38.00 |    0.00
   33.00 |    0.00
    0.00 |  100.00
   34.00 |   36.00
   27.00 |   38.00
    0.00 |    0.00
   33.00 |    0.00
    0.00 |   60.00
   38.00 |    0.00
   60.00 |    0.00
   19.00 |    0.00
    0.00 |    0.00
   25.00 |    0.00
  100.00 |    0.00
   18.00 |    0.00
    0.00 |    0.00
    0.00 |    0.00
    0.00 |   50.00
   38.00 |   37.00
   47.00 |   33.00
   22.00 |   50.00
   19.00 |   60.00
   33.00 |  100.00
    0.00 |    0.00
   55.00 |   56.00
   66.00 |   55.00
   22.00 |   17.00
    0.00 |   25.00
   45.00 |   50.00
    7.00 |    0.00
    0.00 |    0.00
   28.00 |   50.00
   52.00 |   58.00
   92.00 |  100.00
   60.00 |  100.00
   13.00 |    0.00
   47.00 |   25.00
   50.00 |  100.00
   33.00 |   36.00
    0.00 |    9.00
   50.00 |    0.00
  100.00 |    0.00
   26.00 |   40.00
    0.00 |    0.00
   41.00 |   20.00
    0.00 |    0.00
    0.00 |   14.00
  100.00 |    0.00
    0.00 |    0.00
   20.00 |   36.00
   46.00 |   50.00
   43.00 |   28.00
  100.00 |    0.00
  100.00 |    0.00
    0.00 |    0.00
    0.00 |   31.00
    9.00 |   83.00
    0.00 |    0.00
   34.00 |   13.00
   80.00 |    0.00
   40.00 |   39.00
   34.00 |    9.00
   26.00 |    0.00
   32.00 |   21.00
   17.00 |   67.00
   10.00 |    0.00
   14.00 |    6.00
    0.00 |    0.00
   63.00 |   25.00
   11.00 |    0.00
   11.00 |   80.00
   29.00 |    0.00
    0.00 |    0.00
   91.00 |   41.00
    0.00 |    0.00
   28.00 |    0.00
   33.00 |    0.00
   43.00 |   30.00
   10.00 |   18.00
   24.00 |   25.00
   22.00 |   63.00
   91.00 |    0.00
   40.00 |   75.00
   27.00 |    0.00
   46.00 |   23.00
   52.00 |   50.00
   34.00 |  100.00
    0.00 |    0.00
   45.00 |    0.00
   20.00 |    8.00
   14.00 |   33.00
   67.00 |    0.00
   40.00 |    0.00
   36.00 |    0.00
   33.00 |    0.00
   33.00 |    0.00
   19.00 |    0.00
    0.00 |    0.00
   13.00 |  100.00
   22.00 |   29.00
   61.00 |   22.00
    0.00 |   75.00
   27.00 |   39.00
   48.00 |   25.00
   43.00 |   50.00
   27.00 |    0.00
    0.00 |    0.00
    0.00 |    0.00
   23.00 |   25.00
   33.00 |    0.00
   18.00 |   16.00
   43.00 |  100.00
   42.00 |   47.00
   23.00 |   33.00
    0.00 |    0.00
    0.00 |   25.00
  100.00 |    0.00
    0.00 |   25.00
   44.00 |    0.00
    0.00 |    0.00
   24.00 |   17.00
   24.00 |   24.00
   31.00 |   16.00
   30.00 |  100.00
    0.00 |  100.00
   43.00 |   25.00
    0.00 |    0.00
   47.00 |   50.00
   17.00 |    0.00
   25.00 |   21.00
   39.00 |   60.00
   25.00 |   38.00
   26.00 |   44.00
    0.00 |    0.00
   54.00 |   40.00
   32.00 |   13.00
    0.00 |    0.00
   68.00 |   26.00
   35.00 |   67.00
   50.00 |   50.00
   43.00 |   89.00
   58.00 |   50.00
   26.00 |    0.00
   11.00 |  100.00
    0.00 |    0.00
  100.00 |   50.00
  100.00 |    0.00
    0.00 |    0.00
   17.00 |   33.00
   19.00 |   25.00
   25.00 |   27.00
   11.00 |   33.00
   33.00 |   25.00
   10.00 |  100.00
   20.00 |  100.00
   49.00 |    0.00
    0.00 |    0.00
  100.00 |    0.00
  100.00 |   50.00
   14.00 |    0.00
   40.00 |    0.00
    0.00 |    0.00
  100.00 |    0.00
   59.00 |  100.00
   19.00 |    0.00
   50.00 |    0.00
    0.00 |    0.00
   25.00 |   50.00
   25.00 |   10.00
   27.00 |    0.00
   27.00 |   16.00
   24.00 |    0.00
   40.00 |   71.00
   15.00 |   10.00
   42.00 |   64.00
   55.00 |   50.00
   53.00 |   17.00
   55.00 |    5.00
   50.00 |   50.00
    0.00 |    0.00
   46.00 |    0.00
    0.00 |   50.00
    0.00 |    0.00
   30.00 |   18.00
   35.00 |    0.00
   27.00 |    0.00
    0.00 |   78.00
   33.00 |   47.00
    0.00 |    0.00
   47.00 |   23.00
    0.00 |   50.00
   15.00 |    0.00
   43.00 |    0.00
   67.00 |    0.00
   55.00 |   30.00
   63.00 |   40.00
   29.00 |   20.00
   51.00 |    0.00
    0.00 |    0.00
   33.00 |    0.00
   50.00 |    0.00
   47.00 |   64.00
   29.00 |   33.00
   11.00 |   25.00
   14.00 |    0.00
    0.00 |    0.00
   38.00 |    4.00
   40.00 |    0.00
   18.00 |    0.00
   10.00 |    0.00
    0.00 |  100.00
   23.00 |    0.00
   11.00 |   67.00
   50.00 |  100.00
   45.00 |   27.00
   38.00 |   12.00
   41.00 |   46.00
    0.00 |    0.00
   71.00 |  100.00
   24.00 |   29.00
   33.00 |    0.00
   22.00 |    8.00
    0.00 |    0.00
   32.00 |   50.00
   61.00 |    0.00
   26.00 |   18.00
    0.00 |    0.00
   43.00 |    0.00
   25.00 |   20.00
   59.00 |   26.00
    0.00 |    0.00
    0.00 |    0.00
   18.00 |   25.00
   38.00 |   27.00
  100.00 |  100.00
   36.00 |   34.00
   23.00 |   28.00
   46.00 |   14.00
   31.00 |   42.00
   50.00 |  100.00
   57.00 |   89.00
   13.00 |   50.00
   44.00 |    0.00
   47.00 |   75.00
   29.00 |   25.00
    0.00 |    0.00
   33.00 |   36.00
   55.00 |   35.00
   36.00 |   67.00
   71.00 |   38.00
   56.00 |    0.00
   22.00 |   25.00
    0.00 |    0.00
   28.00 |   13.00
    0.00 |   50.00
   20.00 |   14.00
   22.00 |   30.00
    9.00 |   74.00
   55.00 |   24.00
   53.00 |   56.00
   29.00 |  100.00
   55.00 |   46.00
   50.00 |   24.00
   38.00 |    0.00
  100.00 |   50.00
    0.00 |    0.00
   41.00 |    0.00
    0.00 |   33.00
   61.00 |   17.00
   28.00 |   19.00
   29.00 |   47.00
    0.00 |   75.00
   15.00 |   47.00
   53.00 |   23.00
    0.00 |    0.00
   42.00 |   32.00
   52.00 |  100.00
    0.00 |   50.00
   53.00 |   21.00
   22.00 |   48.00
    0.00 |    0.00
   78.00 |   57.00
   52.00 |   46.00
  100.00 |    0.00
   39.00 |    0.00
   16.00 |    6.00
   35.00 |   29.00
   19.00 |   11.00
   10.00 |    0.00
    0.00 |  100.00
   33.00 |  100.00
    0.00 |    0.00
   33.00 |    0.00
   33.00 |   80.00
   24.00 |    0.00
    0.00 |    0.00
    0.00 |  100.00
    0.00 |    0.00
  100.00 |  100.00
   42.00 |   15.00
  100.00 |    0.00
   33.00 |   33.00
   19.00 |   33.00
   29.00 |   25.00
   11.00 |   31.00
   50.00 |   50.00
    0.00 |    0.00
   26.00 |   25.00
   34.00 |   36.00
   26.00 |   32.00
   15.00 |   13.00
   13.00 |   21.00
   56.00 |   51.00
   11.00 |    0.00
   53.00 |   33.00
   26.00 |   22.00
   67.00 |    0.00
   30.00 |   13.00
   45.00 |   44.00
   17.00 |    5.00
   25.00 |    0.00
   36.00 |   17.00
   24.00 |  100.00
   16.00 |   33.00
   33.00 |    0.00
    0.00 |    0.00
   14.00 |   20.00
   25.00 |   39.00
   53.00 |   48.00
    0.00 |    0.00
    0.00 |    0.00
   25.00 |   16.00
    0.00 |    0.00
   17.00 |    0.00
   46.00 |   80.00
   22.00 |   53.00
   22.00 |   20.00
   38.00 |   73.00
   26.00 |    0.00
   40.00 |   43.00
   26.00 |    0.00
   26.00 |   25.00
   19.00 |   50.00
   33.00 |    0.00
   17.00 |    0.00
    0.00 |  100.00
   25.00 |   40.00
    0.00 |    0.00
   58.00 |   25.00
   32.00 |   71.00
    0.00 |    0.00
   43.00 |    0.00
   39.00 |   73.00
   46.00 |   65.00
   57.00 |   21.00
   23.00 |   17.00
   21.00 |    0.00
   20.00 |   20.00
    8.00 |    0.00
   20.00 |    0.00
   43.00 |   33.00
   29.00 |   15.00
   45.00 |   22.00
   31.00 |   24.00
    0.00 |    0.00
    0.00 |    0.00
    0.00 |    0.00
    0.00 |    0.00
   44.00 |   28.00
    7.00 |    0.00
   32.00 |   31.00
   56.00 |   36.00
   38.00 |   25.00
   60.00 |   81.00
   55.00 |    6.00
    0.00 |    0.00
   11.00 |    0.00
    8.00 |  100.00
   33.00 |   31.00
    0.00 |  100.00
    0.00 |    0.00
   76.00 |   61.00
   34.00 |   29.00
   40.00 |   34.00
   24.00 |    0.00
   33.00 |    0.00
    4.00 |   24.00
   31.00 |   26.00
   27.00 |   33.00
  100.00 |    0.00
   54.00 |   30.00
    8.00 |    0.00
   30.00 |   11.00
   47.00 |    0.00
    0.00 |  100.00
   14.00 |    0.00
   24.00 |    7.00
   50.00 |    0.00
   14.00 |  100.00
   50.00 |    0.00
    7.00 |    0.00
   27.00 |   11.00
   20.00 |   17.00
   26.00 |   21.00
   50.00 |  100.00
   45.00 |   25.00
    0.00 |    0.00
    0.00 |    0.00
    0.00 |    0.00
   50.00 |   40.00
   64.00 |    0.00
   32.00 |    0.00
   27.00 |   24.00
   31.00 |   10.00
   61.00 |    0.00
  100.00 |   50.00
   20.00 |    0.00
   15.00 |  100.00
   28.00 |   15.00
    0.00 |    0.00
    0.00 |   25.00
   17.00 |   75.00
   36.00 |   17.00
   20.00 |   15.00
    0.00 |    0.00
   20.00 |    0.00
    0.00 |   33.00
    0.00 |    0.00
   34.00 |    0.00
   38.00 |    9.00
    0.00 |    0.00
    0.00 |   50.00
   25.00 |   33.00
   44.00 |   36.00
   50.00 |    0.00
   44.00 |   22.00
   14.00 |   43.00
   55.00 |   33.00
   32.00 |    0.00
   56.00 |    0.00
   85.00 |   35.00
   14.00 |    0.00
    0.00 |    0.00
   26.00 |    4.00
   29.00 |    0.00
   21.00 |   22.00
   19.00 |   18.00
   21.00 |   50.00
   29.00 |   36.00
    0.00 |    0.00
   41.00 |  100.00
   27.00 |  100.00
   33.00 |    0.00
    0.00 |   50.00
    0.00 |    0.00
   15.00 |    0.00
   67.00 |    0.00
   19.00 |   25.00
   62.00 |   78.00
   18.00 |   67.00
   30.00 |   20.00
  100.00 |    0.00
   27.00 |    0.00
   24.00 |    0.00
    0.00 |  100.00
   24.00 |    0.00
   75.00 |   75.00
   27.00 |    7.00
   40.00 |    0.00
   33.00 |   11.00
   20.00 |    0.00
   33.00 |   43.00
   67.00 |    0.00
   50.00 |   25.00
    0.00 |    0.00
    0.00 |   33.00
    0.00 |    0.00
   15.00 |    0.00
   50.00 |   20.00
    0.00 |   17.00
   32.00 |   94.00
   57.00 |   17.00
  100.00 |   80.00
   41.00 |   31.00
    0.00 |    0.00
   77.00 |   50.00
   17.00 |   25.00
    0.00 |    0.00
   31.00 |   17.00
   30.00 |   21.00
   57.00 |   20.00
    0.00 |  100.00
   16.00 |   18.00
   18.00 |   21.00
   47.00 |   36.00
   26.00 |   32.00
   88.00 |   13.00
   29.00 |    0.00
   19.00 |   29.00
   21.00 |  100.00
   40.00 |   50.00
   60.00 |   33.00
   30.00 |   67.00
   37.00 |   18.00
   26.00 |   37.00
   44.00 |   44.00
   29.00 |   33.00
   46.00 |   41.00
  100.00 |  100.00
   10.00 |    0.00
   29.00 |    0.00
   33.00 |    0.00
   15.00 |    0.00
    0.00 |  100.00
   47.00 |   27.00
   24.00 |   50.00
   13.00 |    0.00
   28.00 |   41.00
   23.00 |    0.00
    0.00 |  100.00
   28.00 |   19.00
   33.00 |    0.00
   50.00 |    8.00
   17.00 |   25.00
    0.00 |    0.00
    0.00 |    0.00
   79.00 |   17.00
   38.00 |   14.00
   39.00 |    0.00
   39.00 |   39.00
   67.00 |  100.00
   30.00 |   15.00
   30.00 |   13.00
   25.00 |    0.00
   50.00 |    0.00
   64.00 |   41.00
   37.00 |   17.00
   27.00 |   28.00
    0.00 |    0.00
   43.00 |   25.00
    8.00 |   17.00
   81.00 |   33.00
   36.00 |   28.00
   22.00 |    0.00
   25.00 |    0.00
   67.00 |    0.00
    0.00 |    0.00
    8.00 |    0.00
   50.00 |   50.00
   59.00 |   64.00
   46.00 |   58.00
   60.00 |   50.00
   10.00 |    0.00
   33.00 |  100.00
   27.00 |    3.00
   17.00 |    0.00
   29.00 |   60.00
   21.00 |    0.00
    0.00 |    0.00
   62.00 |   20.00
   75.00 |    0.00
   25.00 |   17.00
   47.00 |   47.00
    0.00 |    0.00
   28.00 |   22.00
  100.00 |   43.00
   38.00 |    0.00
   50.00 |    0.00
   47.00 |   25.00
    0.00 |    0.00
  100.00 |    0.00
   28.00 |   51.00
   47.00 |   35.00
   18.00 |   67.00
    0.00 |    0.00
   59.00 |   50.00
   14.00 |   20.00
   22.00 |    0.00
   14.00 |    0.00
   24.00 |    0.00
    0.00 |  100.00
   50.00 |   25.00
    0.00 |   50.00
   81.00 |   24.00
   59.00 |   71.00
   38.00 |   50.00
   50.00 |  100.00
   17.00 |   33.00
   50.00 |  100.00
   34.00 |   31.00
   50.00 |   28.00
   28.00 |   50.00
   38.00 |   17.00
   40.00 |    0.00
   55.00 |   50.00
    0.00 |   50.00
    0.00 |    0.00
   52.00 |   38.00
   18.00 |   50.00
   76.00 |    0.00
   31.00 |   20.00
   23.00 |   25.00
   38.00 |    0.00
    0.00 |  100.00
   24.00 |   17.00
    0.00 |    0.00
   35.00 |    0.00
   32.00 |    0.00
    0.00 |    0.00
   13.00 |    0.00
    6.00 |   14.00
   42.00 |    0.00
    0.00 |   67.00
    0.00 |    0.00
   22.00 |   20.00
    0.00 |   50.00
   67.00 |  100.00
   27.00 |  100.00
    0.00 |    0.00
    0.00 |   33.00
   50.00 |  100.00
   39.00 |   59.00
   50.00 |    0.00
    0.00 |    0.00
   27.00 |   40.00
   30.00 |    0.00
   24.00 |   38.00
   33.00 |    5.00
   55.00 |   53.00
    0.00 |   50.00
   25.00 |   33.00
    0.00 |    0.00
    5.00 |    0.00
   28.00 |    0.00
   11.00 |    7.00
   31.00 |   14.00
   25.00 |   13.00
   57.00 |   20.00
   39.00 |  100.00
    0.00 |   50.00
  100.00 |    0.00
   20.00 |    0.00
   50.00 |    0.00
   36.00 |    0.00
   67.00 |   50.00
   17.00 |    0.00
   60.00 |    0.00
   19.00 |   40.00
   23.00 |   77.00
   22.00 |    6.00
   21.00 |    0.00
   20.00 |  100.00
   50.00 |    0.00
   30.00 |   33.00
   25.00 |    0.00
   57.00 |  100.00
   18.00 |   81.00
   50.00 |   50.00
    0.00 |  100.00
   22.00 |   25.00
   33.00 |    0.00
    0.00 |    0.00
   22.00 |   20.00
   28.00 |    0.00
   19.00 |    8.00
    8.00 |    0.00
   13.00 |    0.00
   10.00 |   17.00
   10.00 |   10.00
   47.00 |   39.00
    0.00 |    0.00
   50.00 |    0.00
   33.00 |    0.00
  100.00 |    0.00
   57.00 |   50.00
    0.00 |    0.00
   29.00 |   67.00
   26.00 |   40.00
    8.00 |  100.00
   37.00 |   43.00
   67.00 |   50.00
   38.00 |   25.00
    9.00 |   38.00
   25.00 |    0.00
    0.00 |    0.00
   17.00 |  100.00
   38.00 |   63.00
    0.00 |   50.00
    4.00 |   20.00
   13.00 |    0.00
   17.00 |    0.00
   22.00 |   19.00
    0.00 |  100.00
   50.00 |    0.00
    0.00 |    0.00
  100.00 |   50.00
   50.00 |    0.00
    0.00 |    0.00
   31.00 |   56.00
   25.00 |   21.00
    0.00 |  100.00
   21.00 |   55.00
   46.00 |    0.00
   35.00 |    0.00
   25.00 |    0.00
    0.00 |    0.00
   13.00 |    0.00
    5.00 |    0.00
   15.00 |    0.00
   40.00 |    0.00
    0.00 |    0.00
   43.00 |  100.00
  100.00 |   33.00
   19.00 |    0.00
   30.00 |   50.00
   23.00 |    0.00
   49.00 |   17.00
   33.00 |   14.00
   17.00 |   20.00
   25.00 |   22.00
   44.00 |   36.00
   24.00 |   88.00
   57.00 |    8.00
   45.00 |  100.00
   20.00 |    0.00
  100.00 |  100.00
   30.00 |   50.00
   57.00 |   50.00
   24.00 |   67.00
   82.00 |   55.00
    0.00 |    0.00
   44.00 |    0.00
   22.00 |   43.00
   35.00 |   64.00
   40.00 |   50.00
   26.00 |    0.00
   38.00 |   39.00
   46.00 |   25.00
    0.00 |    0.00
   32.00 |   33.00
    0.00 |    0.00
   23.00 |   50.00
   23.00 |   41.00
   20.00 |    0.00
   11.00 |    0.00
    0.00 |  100.00
    0.00 |  100.00
  100.00 |    0.00
    0.00 |    0.00
  100.00 |    0.00
   25.00 |   20.00
   25.00 |    0.00
   29.00 |   20.00
   38.00 |   17.00
   53.00 |   41.00
    7.00 |   18.00
   50.00 |  100.00
   36.00 |    0.00
   17.00 |  100.00
   21.00 |   20.00
    0.00 |    0.00
   25.00 |   25.00
   33.00 |  100.00
   40.00 |   17.00
   44.00 |   41.00
   25.00 |   45.00
    0.00 |    0.00
    0.00 |    0.00
  100.00 |   67.00
   30.00 |   54.00
   22.00 |  100.00
    0.00 |    0.00
   25.00 |  100.00
    0.00 |   40.00
   25.00 |   11.00
   48.00 |   23.00
   14.00 |   25.00
   54.00 |   33.00
   36.00 |   43.00
   69.00 |    0.00
   40.00 |   33.00
    0.00 |   33.00
   25.00 |   24.00
    6.00 |   20.00
   55.00 |   50.00
   26.00 |   31.00
   53.00 |    0.00
    0.00 |   44.00
   50.00 |   13.00
    0.00 |   50.00
   11.00 |    0.00
   26.00 |   33.00
   33.00 |    0.00
  100.00 |   67.00
    0.00 |    0.00
   33.00 |    0.00
   40.00 |  100.00
   33.00 |    0.00
    0.00 |    0.00
   47.00 |    0.00
   28.00 |   19.00
   24.00 |   57.00
   30.00 |   33.00
   38.00 |    0.00
   34.00 |   54.00
   37.00 |    0.00
   21.00 |   21.00
   40.00 |   17.00
    0.00 |    0.00
   20.00 |   40.00
   67.00 |  100.00
   25.00 |   15.00
   11.00 |    0.00
   38.00 |    0.00
    0.00 |  100.00
   75.00 |    0.00
    0.00 |    0.00
   31.00 |  100.00
   38.00 |   14.00
   76.00 |    0.00
    0.00 |    0.00
   60.00 |   67.00
    0.00 |    0.00
   13.00 |   50.00
   53.00 |   21.00
    0.00 |  100.00
   26.00 |   29.00
   33.00 |    0.00
   39.00 |   27.00
    0.00 |    0.00
    0.00 |    0.00
   23.00 |   20.00
    0.00 |    0.00
   38.00 |   20.00
   32.00 |    0.00
    0.00 |    0.00
   35.00 |   96.00
   20.00 |    0.00
    0.00 |    0.00
   25.00 |   25.00
   41.00 |   72.00
   37.00 |    6.00
   50.00 |  100.00
   41.00 |    0.00
   43.00 |    0.00
    0.00 |    0.00
   78.00 |   33.00
   42.00 |   29.00
   25.00 |    0.00
   50.00 |    0.00
    0.00 |    0.00
   42.00 |   68.00
   44.00 |   59.00
    0.00 |    0.00
   52.00 |   34.00
    0.00 |   25.00
    0.00 |    0.00
   22.00 |    0.00
    0.00 |    0.00
   19.00 |   40.00
   24.00 |   31.00
   21.00 |   40.00
   57.00 |   43.00
   38.00 |   49.00
   33.00 |   76.00
   53.00 |    0.00
   14.00 |    0.00
   29.00 |   14.00
   34.00 |   36.00
   43.00 |   26.00
   33.00 |   17.00
   82.00 |    0.00
   10.00 |   69.00
   44.00 |   22.00
   10.00 |    0.00
   67.00 |    0.00
    0.00 |    0.00
    0.00 |   50.00
    0.00 |    0.00
   22.00 |   59.00
   49.00 |   47.00
   10.00 |   13.00
   50.00 |   68.00
  100.00 |  100.00
   70.00 |    0.00
   79.00 |    0.00
   36.00 |   41.00
   45.00 |    0.00
   27.00 |    0.00
   24.00 |   56.00
   31.00 |    0.00
   29.00 |   24.00
   26.00 |   13.00
   24.00 |   15.00
    0.00 |    0.00
   41.00 |   14.00
   19.00 |   33.00
   19.00 |    0.00
   21.00 |    0.00
   11.00 |   17.00
   20.00 |   40.00
    0.00 |    0.00
   26.00 |   33.00
   22.00 |   44.00
    0.00 |    0.00
   33.00 |   35.00
   27.00 |   36.00
   25.00 |    0.00
   82.00 |  100.00
   66.00 |    0.00
    0.00 |   50.00
   67.00 |   24.00
   22.00 |    0.00
  100.00 |    0.00
   25.00 |    0.00
   32.00 |   33.00
   35.00 |   16.00
   36.00 |   25.00
   65.00 |   38.00
    6.00 |    0.00
   22.00 |    0.00
   22.00 |   75.00
   33.00 |    0.00
   53.00 |    0.00
   31.00 |   20.00
   25.00 |    0.00
  100.00 |    0.00
   42.00 |   17.00
   39.00 |   27.00
   28.00 |    0.00
   25.00 |    0.00
   67.00 |    0.00
   26.00 |    0.00
   10.00 |   17.00
    0.00 |    0.00
   47.00 |   50.00
  100.00 |    0.00
   50.00 |    0.00
    0.00 |    0.00
   40.00 |   23.00
   85.00 |   33.00
   67.00 |   50.00
   44.00 |   13.00
   29.00 |    0.00
   54.00 |   30.00
    7.00 |  100.00
    0.00 |    0.00
   33.00 |   50.00
   33.00 |    0.00
   57.00 |    0.00
    0.00 |    0.00
   36.00 |    0.00
   25.00 |  100.00
   36.00 |   68.00
   43.00 |    0.00
    0.00 |    0.00
   37.00 |   25.00
   15.00 |    0.00
    0.00 |   75.00
   83.00 |   33.00
    0.00 |   10.00
    0.00 |    0.00
   29.00 |    0.00
   25.00 |   50.00
   33.00 |    0.00
   25.00 |    0.00
    0.00 |    0.00
    0.00 |   80.00
   23.00 |   50.00
   35.00 |   33.00
    0.00 |    0.00
   36.00 |   29.00
   17.00 |  100.00
   62.00 |    0.00
   19.00 |   30.00
    0.00 |    0.00
   12.00 |   39.00
   22.00 |   16.00
    9.00 |    0.00
   14.00 |    0.00
    6.00 |    8.00
    7.00 |   17.00
   26.00 |   29.00
   40.00 |   49.00
   50.00 |   17.00
   40.00 |    0.00
   37.00 |    0.00
   17.00 |    0.00
    9.00 |   13.00
    0.00 |    0.00
    0.00 |   50.00
   10.00 |   10.00
   13.00 |   25.00
    4.00 |    0.00
   22.00 |    0.00
  100.00 |    0.00
   25.00 |    0.00
   80.00 |    0.00
    0.00 |  100.00
   25.00 |   25.00
   47.00 |   37.00
   13.00 |   14.00
   23.00 |   18.00
   33.00 |    0.00
   25.00 |   25.00
    0.00 |   50.00
  100.00 |   67.00
   33.00 |    0.00
    0.00 |    0.00
   40.00 |    0.00
   12.00 |    0.00
   20.00 |   24.00
   67.00 |    0.00
    0.00 |    0.00
    0.00 |    0.00
   25.00 |    0.00
   23.00 |    0.00
   42.00 |    0.00
   32.00 |   25.00
   55.00 |    0.00
   76.00 |   91.00
  100.00 |   89.00
   45.00 |   30.00
   89.00 |   64.00
   31.00 |   11.00
   50.00 |    0.00
   25.00 |   43.00
   26.00 |   31.00
    0.00 |  100.00
   33.00 |   11.00
   21.00 |    5.00
   41.00 |    0.00
   38.00 |   29.00
   93.00 |    0.00
    0.00 |    0.00
   51.00 |   28.00
   11.00 |   25.00
    0.00 |  100.00
   11.00 |    0.00
    0.00 |   43.00
   28.00 |   34.00
   23.00 |    0.00
    0.00 |    0.00
   12.00 |    0.00
    0.00 |    0.00
   10.00 |    0.00
   33.00 |    0.00
    0.00 |  100.00
   20.00 |   50.00
   11.00 |   20.00
    7.00 |    0.00
   21.00 |   22.00
   38.00 |    0.00
   50.00 |   30.00
    0.00 |    0.00
    0.00 |    0.00
    0.00 |    0.00
   43.00 |    0.00
  100.00 |   23.00
   28.00 |    0.00
   25.00 |   50.00
   40.00 |    0.00
   22.00 |   16.00
   38.00 |   20.00
   20.00 |   13.00
    0.00 |    0.00
    8.00 |   20.00
   40.00 |    0.00
   67.00 |   56.00
    0.00 |   33.00
    0.00 |    0.00
    0.00 |   50.00
   55.00 |   47.00
    7.00 |    0.00
  100.00 |   29.00
    7.00 |   50.00
   11.00 |  100.00
    0.00 |   62.00
   50.00 |    0.00
   33.00 |   40.00
   33.00 |   36.00
   46.00 |   43.00
   64.00 |   19.00
   31.00 |    0.00
   39.00 |   17.00
   71.00 |    0.00
   16.00 |    7.00
    0.00 |    0.00
    0.00 |    0.00
    0.00 |  100.00
    0.00 |   38.00
   47.00 |   43.00
    9.00 |    0.00
   33.00 |    0.00
    0.00 |  100.00
   21.00 |   20.00
    0.00 |    0.00
   21.00 |    0.00
   20.00 |    0.00
   28.00 |   38.00
   18.00 |  100.00
   19.00 |    0.00
   25.00 |    0.00
    0.00 |  100.00
   85.00 |    0.00
   29.00 |   80.00
   29.00 |    0.00
   20.00 |    0.00
   48.00 |   87.00
    0.00 |  100.00
   28.00 |    0.00
   60.00 |   75.00
   96.00 |   25.00
   64.00 |   45.00
   50.00 |    0.00
    0.00 |    0.00
    0.00 |    0.00
    0.00 |    0.00
   45.00 |   18.00
    0.00 |   43.00
   45.00 |   31.00
   45.00 |   39.00
   17.00 |   86.00
    0.00 |    0.00
   23.00 |   11.00
   50.00 |   19.00
   15.00 |    9.00
   50.00 |  100.00
    0.00 |    0.00
   80.00 |    0.00
   67.00 |   33.00
   31.00 |    5.00
   50.00 |    0.00
    0.00 |    0.00
   32.00 |   32.00
   25.00 |    0.00
  100.00 |    0.00
   23.00 |   38.00
   20.00 |    0.00
    0.00 |    0.00
  100.00 |    0.00
    8.00 |    0.00
   36.00 |   22.00
   29.00 |   25.00
   25.00 |   50.00
   64.00 |   33.00
   33.00 |   36.00
   33.00 |  100.00
    0.00 |   40.00
    0.00 |   33.00
   67.00 |    0.00
   24.00 |   47.00
   37.00 |   36.00
   44.00 |   33.00
   27.00 |    0.00
   31.00 |   33.00
   21.00 |    0.00
   40.00 |   39.00
   48.00 |   26.00
   16.00 |   67.00
   32.00 |   64.00
   20.00 |   26.00
   35.00 |    0.00
    0.00 |  100.00
   71.00 |   25.00
    9.00 |    0.00
    0.00 |    0.00
    0.00 |    0.00
   26.00 |   26.00
   38.00 |   33.00
   41.00 |   43.00
   40.00 |   67.00
   86.00 |  100.00
   39.00 |    0.00
   36.00 |   20.00
   22.00 |    0.00
   16.00 |    0.00
   66.00 |   15.00
   27.00 |   29.00
   25.00 |    0.00
   25.00 |   50.00
   50.00 |   40.00
   38.00 |   13.00
   39.00 |   33.00
   56.00 |   52.00
   44.00 |  100.00
    0.00 |    0.00
    0.00 |    0.00
   44.00 |   33.00
    0.00 |    0.00
   40.00 |   21.00
   29.00 |   50.00
   33.00 |    0.00
    7.00 |   12.00
   22.00 |   11.00
   25.00 |    0.00
   94.00 |   50.00
   51.00 |   45.00
   19.00 |    6.00
   30.00 |   31.00
   26.00 |   54.00
    0.00 |    0.00
   17.00 |    0.00
   13.00 |   71.00
   27.00 |   73.00
   27.00 |   40.00
   60.00 |    0.00
   25.00 |   82.00
    0.00 |    0.00
   13.00 |    0.00
   62.00 |   50.00
    7.00 |    0.00
   75.00 |   50.00
    0.00 |   50.00
   14.00 |  100.00
   94.00 |   18.00
    0.00 |    0.00
   17.00 |    0.00
   21.00 |   75.00
   54.00 |   43.00
   23.00 |    0.00
   22.00 |   25.00
  100.00 |  100.00
  100.00 |    0.00
   40.00 |    0.00
   75.00 |  100.00
    0.00 |    0.00
   50.00 |   25.00
    0.00 |    0.00
   14.00 |    0.00
    0.00 |    0.00
   50.00 |    0.00
   74.00 |   63.00
   27.00 |    0.00
   25.00 |   79.00
   25.00 |    0.00
   16.00 |    0.00
   39.00 |    0.00
   50.00 |    0.00
   24.00 |    0.00
    0.00 |    0.00
   28.00 |   43.00
   29.00 |   33.00
   20.00 |    0.00
   29.00 |    0.00
   19.00 |    0.00
    0.00 |   80.00
   29.00 |   33.00
    0.00 |    0.00
   50.00 |  100.00
   50.00 |   26.00
    0.00 |    0.00
    0.00 |    0.00
   21.00 |   25.00
   32.00 |    0.00
    0.00 |    0.00
   34.00 |   54.00
   31.00 |    0.00
   58.00 |   38.00
   33.00 |    0.00
   52.00 |   38.00
   33.00 |    0.00
   32.00 |   56.00
   38.00 |   19.00
    8.00 |   32.00
   20.00 |  100.00
   32.00 |   25.00
   26.00 |    0.00
    9.00 |    0.00
    0.00 |   50.00
   17.00 |    0.00
   50.00 |    0.00
   42.00 |   36.00
   17.00 |   17.00
    0.00 |   33.00
  100.00 |    0.00
    3.00 |   54.00
   43.00 |   37.00
    0.00 |    0.00
   46.00 |    0.00
   22.00 |    0.00
    0.00 |  100.00
   39.00 |    5.00
   42.00 |   33.00
   36.00 |    0.00
    0.00 |   50.00
   24.00 |    0.00
   20.00 |   24.00
   32.00 |   40.00
    0.00 |  100.00
    0.00 |    0.00
    0.00 |   33.00
   37.00 |   10.00
    0.00 |    0.00
   67.00 |   33.00
   24.00 |    0.00
   33.00 |   46.00
   31.00 |   19.00
   37.00 |   38.00
  100.00 |    0.00
   13.00 |   50.00
   12.00 |    0.00
    0.00 |  100.00
   21.00 |    0.00
   47.00 |    0.00
   47.00 |   31.00
   25.00 |    0.00
   13.00 |   43.00
   10.00 |    0.00
   17.00 |  100.00
  100.00 |    0.00
   39.00 |   50.00
   37.00 |   50.00
   50.00 |   20.00
   33.00 |   50.00
   48.00 |   70.00
   24.00 |   27.00
   39.00 |   45.00
   25.00 |   50.00
    0.00 |    0.00
   14.00 |    0.00
   50.00 |    0.00
   40.00 |  100.00
   24.00 |   27.00
    6.00 |    0.00
    0.00 |    0.00
   40.00 |    0.00
   62.00 |    0.00
   50.00 |   44.00
   50.00 |   60.00
   67.00 |  100.00
   31.00 |   12.00
   17.00 |   33.00
   57.00 |   67.00
    0.00 |    0.00
   70.00 |   65.00
   20.00 |   67.00
    0.00 |    0.00
  100.00 |    0.00
   31.00 |   75.00
    0.00 |    0.00
   23.00 |   22.00
   50.00 |   91.00
  100.00 |  100.00
   33.00 |    0.00
    0.00 |    0.00
   32.00 |    0.00
   38.00 |   40.00
   44.00 |   23.00
   38.00 |   32.00
   27.00 |   24.00
   92.00 |    0.00
   72.00 |   72.00
    0.00 |    0.00
   60.00 |   55.00
   29.00 |   41.00
   26.00 |   40.00
   29.00 |   50.00
   36.00 |   40.00
   56.00 |   67.00
    0.00 |    0.00
   50.00 |    0.00
   53.00 |    0.00
   57.00 |   37.00
    0.00 |  100.00
    0.00 |  100.00
    0.00 |   33.00
   33.00 |    0.00
   11.00 |    0.00
   50.00 |   67.00
   50.00 |    0.00
   27.00 |   50.00
   17.00 |   47.00
   27.00 |    0.00
    0.00 |    0.00
   80.00 |  100.00
   25.00 |  100.00
   32.00 |   17.00
    0.00 |    0.00
   24.00 |   12.00
   57.00 |   67.00
    0.00 |    0.00
   39.00 |    0.00
  100.00 |    0.00
   26.00 |   29.00
   21.00 |    9.00
    0.00 |  100.00
   27.00 |   36.00
    0.00 |  100.00
  100.00 |    0.00
  100.00 |  100.00
   27.00 |    0.00
   33.00 |  100.00
    4.00 |    0.00
   70.00 |    0.00
    0.00 |    0.00
    0.00 |   29.00
   39.00 |   17.00
  100.00 |    0.00
   32.00 |   19.00
   77.00 |   61.00
  100.00 |    0.00
   30.00 |   32.00
   38.00 |   58.00
    0.00 |  100.00
    0.00 |    0.00
   16.00 |   29.00
   76.00 |   14.00
   30.00 |    0.00
   42.00 |   29.00
   58.00 |   44.00
   43.00 |   47.00
   40.00 |  100.00
   25.00 |    0.00
   33.00 |   63.00
   50.00 |   50.00
   50.00 |   14.00
   33.00 |   25.00
   67.00 |   75.00
    0.00 |   29.00
   34.00 |   27.00
   39.00 |   20.00
   22.00 |    7.00
   58.00 |   70.00
    0.00 |   75.00
   28.00 |   31.00
    0.00 |   67.00
   25.00 |   33.00
   20.00 |   50.00
   21.00 |   21.00
    0.00 |    0.00
    0.00 |    0.00
    0.00 |    0.00
   25.00 |   80.00
   71.00 |   33.00
   75.00 |  100.00
   48.00 |    0.00
    0.00 |   50.00
   20.00 |   31.00
   33.00 |   36.00
   26.00 |   19.00
   17.00 |    0.00
   33.00 |    0.00
    0.00 |    0.00
    9.00 |    0.00
   28.00 |  100.00
   23.00 |   33.00
    0.00 |   50.00
   47.00 |    0.00
   10.00 |   15.00
   35.00 |   56.00
   17.00 |    0.00
    0.00 |   17.00
   25.00 |   50.00
   56.00 |    0.00
   29.00 |   38.00
   36.00 |    0.00
   28.00 |    0.00
   61.00 |    0.00
    0.00 |    0.00
   73.00 |  100.00
   28.00 |   35.00
   38.00 |    0.00
   23.00 |   39.00
   52.00 |   76.00
   67.00 |  100.00
   26.00 |    3.00
   41.00 |   19.00
   60.00 |    0.00
   17.00 |  100.00
   20.00 |    0.00
   44.00 |   44.00
   14.00 |    0.00
   43.00 |    0.00
   21.00 |   50.00
    0.00 |   50.00
  100.00 |  100.00
   26.00 |  100.00
    0.00 |    0.00
   50.00 |    0.00
   32.00 |    0.00
   35.00 |   45.00
   25.00 |    0.00
   50.00 |    0.00
   14.00 |   50.00
   51.00 |   78.00
   26.00 |   36.00
   25.00 |    0.00
   27.00 |    0.00
    0.00 |    0.00
   42.00 |   27.00
   50.00 |   75.00
   67.00 |    0.00
   23.00 |   50.00
   40.00 |   24.00
   36.00 |   37.00
   66.00 |   51.00
   14.00 |   15.00
    0.00 |   20.00
   40.00 |   57.00
   20.00 |    0.00
   86.00 |  100.00
   71.00 |   36.00
   10.00 |    0.00
   19.00 |   22.00
   37.00 |   25.00
   33.00 |   50.00
   20.00 |    0.00
    0.00 |    0.00
   39.00 |   52.00
   80.00 |    0.00
   40.00 |   50.00
  100.00 |    0.00
   37.00 |   32.00
    0.00 |    0.00
   29.00 |   15.00
   26.00 |    0.00
   51.00 |  100.00
   38.00 |   14.00
    0.00 |    0.00
   50.00 |    0.00
   39.00 |   31.00
   33.00 |   28.00
   67.00 |   70.00
   50.00 |   30.00
   36.00 |   17.00
    0.00 |   17.00
   53.00 |   20.00
   75.00 |   86.00
   46.00 |   50.00
   40.00 |    0.00
  100.00 |    0.00
  100.00 |  100.00
   51.00 |   31.00
   28.00 |   37.00
   27.00 |    0.00
   18.00 |   27.00
   33.00 |    0.00
  100.00 |   25.00
    9.00 |   80.00
   29.00 |    8.00
   24.00 |   24.00
   38.00 |    5.00
    0.00 |    0.00
    0.00 |   50.00
    0.00 |    0.00
  100.00 |    0.00
   50.00 |    0.00
   29.00 |  100.00
    0.00 |    0.00
    0.00 |    0.00
   30.00 |    0.00
   39.00 |    0.00
    0.00 |    0.00
    0.00 |    0.00
   40.00 |   73.00
   33.00 |   33.00
    0.00 |    0.00
    0.00 |    0.00
   91.00 |    0.00
   80.00 |    0.00
   67.00 |   67.00
   21.00 |    0.00
   25.00 |    0.00
   21.00 |   40.00
   40.00 |    0.00
   31.00 |  100.00
   18.00 |    0.00
   11.00 |    0.00
   25.00 |    7.00
   22.00 |    0.00
   21.00 |   60.00
   33.00 |    0.00
    0.00 |    0.00
    0.00 |    0.00
   10.00 |  100.00
   29.00 |    0.00
    0.00 |   18.00
   41.00 |   23.00
   67.00 |    0.00
    0.00 |    0.00
   52.00 |    0.00
   58.00 |   25.00
   17.00 |    0.00
   73.00 |    0.00
   30.00 |   67.00
   29.00 |   33.00
   33.00 |   29.00
    0.00 |   20.00
   22.00 |    0.00
   37.00 |   46.00
   68.00 |    0.00
   23.00 |   71.00
   38.00 |  100.00
   50.00 |    0.00
   26.00 |   67.00
   36.00 |   30.00
   50.00 |   25.00
   27.00 |   23.00
   11.00 |   44.00
   32.00 |    0.00
   22.00 |    0.00
   40.00 |    0.00
    0.00 |    0.00
   51.00 |   12.00
    0.00 |    0.00
   25.00 |  100.00
   11.00 |    0.00
    0.00 |   50.00
  100.00 |    0.00
   90.00 |    0.00
   53.00 |   50.00
   43.00 |    0.00
   42.00 |   45.00
  100.00 |    0.00
   30.00 |   21.00
   38.00 |    0.00
   65.00 |   14.00
   50.00 |   50.00
   30.00 |   33.00
   38.00 |  100.00
   14.00 |    0.00
   21.00 |   33.00
    0.00 |   50.00
   77.00 |    0.00
   33.00 |    0.00
   16.00 |   17.00
   43.00 |   25.00
   36.00 |    0.00
   20.00 |   29.00
    0.00 |   33.00
   30.00 |    0.00
   25.00 |    0.00
   67.00 |   25.00
    0.00 |   75.00
    0.00 |    0.00
    0.00 |    0.00
   51.00 |   23.00
   38.00 |   33.00
   29.00 |   50.00
   40.00 |   50.00
   27.00 |    0.00
   46.00 |   17.00
    0.00 |   44.00
    5.00 |    0.00
  100.00 |   50.00
   31.00 |   39.00
   40.00 |   43.00
   37.00 |   28.00
    0.00 |    0.00
   75.00 |  100.00
   67.00 |    0.00
   38.00 |    0.00
    0.00 |    0.00
    0.00 |   25.00
   31.00 |   25.00
   30.00 |   27.00
   63.00 |    0.00
    0.00 |    0.00
   39.00 |   38.00
    0.00 |    0.00
   48.00 |   47.00
   58.00 |   59.00
   14.00 |   46.00
   32.00 |    0.00
   62.00 |   50.00
    0.00 |   33.00
   14.00 |    0.00
    0.00 |   57.00
   40.00 |   50.00
   10.00 |   23.00
    0.00 |    0.00
    0.00 |    0.00
   67.00 |    0.00
   40.00 |    0.00
  100.00 |    0.00
    0.00 |    0.00
   13.00 |    0.00
   13.00 |   50.00
    0.00 |    0.00
    9.00 |   50.00
   33.00 |   40.00
    0.00 |    0.00
    0.00 |  100.00
   33.00 |    0.00
   60.00 |    0.00
   33.00 |   24.00
   25.00 |   35.00
   33.00 |    0.00
   10.00 |    0.00
   38.00 |    0.00
   37.00 |    0.00
    0.00 |    0.00
    0.00 |    0.00
    0.00 |    0.00
   43.00 |   50.00
   43.00 |   50.00
   44.00 |   57.00
   36.00 |   29.00
   16.00 |   55.00
   13.00 |   25.00
  100.00 |    0.00
   33.00 |    0.00
   33.00 |    0.00
   13.00 |   25.00
   25.00 |    0.00
   28.00 |   28.00
    0.00 |    0.00
   43.00 |    0.00
   27.00 |   44.00
   41.00 |   37.00
   54.00 |   43.00
   35.00 |    0.00
   17.00 |    0.00
    0.00 |  100.00
   50.00 |    0.00
   75.00 |   21.00
   46.00 |   30.00
  100.00 |  100.00
   32.00 |   27.00
   18.00 |   17.00
  100.00 |  100.00
   43.00 |   33.00
   50.00 |   33.00
   28.00 |    0.00
    0.00 |   20.00
   45.00 |   25.00
   29.00 |   40.00
   61.00 |    0.00
   24.00 |   29.00
   20.00 |    0.00
   20.00 |   67.00
   32.00 |   36.00
   42.00 |   24.00
   25.00 |    0.00
   25.00 |    0.00
   30.00 |    0.00
   67.00 |   83.00
   81.00 |    0.00
   44.00 |   50.00
   56.00 |  100.00
   31.00 |   25.00
   50.00 |    0.00
   40.00 |   78.00
   36.00 |   33.00
    0.00 |    0.00
   14.00 |    0.00
   48.00 |   25.00
   37.00 |   40.00
   11.00 |    0.00
   27.00 |   16.00
   36.00 |   40.00
    0.00 |    0.00
    0.00 |    0.00
   59.00 |   77.00
    0.00 |    0.00
    6.00 |    0.00
   31.00 |    0.00
   20.00 |    0.00
   18.00 |    0.00
    0.00 |    0.00
    0.00 |    0.00
    0.00 |    0.00
   32.00 |   32.00
   47.00 |    0.00
   22.00 |   43.00
   50.00 |  100.00
   37.00 |   23.00
    0.00 |    0.00
   23.00 |   30.00
   60.00 |   50.00
   29.00 |    0.00
   58.00 |   44.00
   33.00 |    6.00
   42.00 |   67.00
    0.00 |   50.00
    0.00 |    0.00
   29.00 |    0.00
    0.00 |   50.00
   36.00 |   33.00
    0.00 |   20.00
   67.00 |   25.00
   23.00 |   50.00
   35.00 |    0.00
   33.00 |  100.00
    0.00 |    0.00
   47.00 |   37.00
   30.00 |    0.00
   17.00 |    0.00
   64.00 |   40.00
   33.00 |    0.00
   34.00 |   25.00
   67.00 |    0.00
   14.00 |    0.00
   50.00 |   50.00
   34.00 |   43.00
   17.00 |    0.00
    0.00 |    0.00
   17.00 |   36.00
    7.00 |  100.00
   71.00 |    0.00
   25.00 |  100.00
   35.00 |    0.00
    0.00 |    0.00
   33.00 |    8.00
   24.00 |   10.00
   48.00 |   56.00
   46.00 |    0.00
   31.00 |   50.00
   58.00 |   25.00
    0.00 |   67.00
   43.00 |   61.00
   37.00 |   50.00
   55.00 |   23.00
   29.00 |   17.00
    0.00 |    0.00
   25.00 |   43.00
   16.00 |   20.00
   57.00 |   25.00
   45.00 |   27.00
   50.00 |   59.00
   48.00 |   45.00
   42.00 |    0.00
   13.00 |    6.00
   39.00 |   25.00
  100.00 |    0.00
  100.00 |   80.00
    7.00 |    0.00
    0.00 |    0.00
   29.00 |    0.00
   40.00 |    0.00
   71.00 |  100.00
   32.00 |   26.00
   23.00 |   13.00
   38.00 |   33.00
   32.00 |   38.00
   18.00 |    0.00
   50.00 |    0.00
   24.00 |   19.00
   18.00 |   14.00
  100.00 |   33.00
   29.00 |    0.00
    0.00 |  100.00
   46.00 |   28.00
   42.00 |   25.00
    0.00 |  100.00
   25.00 |    0.00
   70.00 |   33.00
   36.00 |   16.00
   20.00 |   28.00
    9.00 |   10.00
   46.00 |    0.00
   46.00 |    9.00
    0.00 |  100.00
   33.00 |   17.00
   43.00 |   50.00
   37.00 |    0.00
    0.00 |    0.00
    0.00 |    0.00
   50.00 |   27.00
   22.00 |   33.00
    0.00 |   20.00
   35.00 |   40.00
   24.00 |   11.00
   32.00 |   14.00
   50.00 |    0.00
   32.00 |   40.00
    0.00 |    0.00
   14.00 |    0.00
   73.00 |    0.00
   69.00 |    0.00
    0.00 |   29.00
    0.00 |  100.00
   17.00 |   50.00
   20.00 |   29.00
   44.00 |   33.00
   31.00 |  100.00
   29.00 |    0.00
   13.00 |  100.00
  100.00 |    0.00
   33.00 |    0.00
    4.00 |   67.00
    0.00 |    0.00
   67.00 |    0.00
   33.00 |  100.00
  100.00 |    0.00
   24.00 |   42.00
   50.00 |   67.00
   29.00 |   50.00
   25.00 |  100.00
   38.00 |   40.00
   37.00 |   28.00
   33.00 |    0.00
   30.00 |    0.00
    0.00 |    0.00
    0.00 |    0.00
   54.00 |   50.00
   48.00 |   23.00
   20.00 |    0.00
   33.00 |   73.00
   25.00 |   33.00
   26.00 |    8.00
    0.00 |  100.00
    0.00 |    0.00
   23.00 |    0.00
   25.00 |   33.00
   86.00 |    0.00
   59.00 |   18.00
   25.00 |   78.00
   29.00 |    0.00
   31.00 |   31.00
    0.00 |    0.00
    0.00 |    7.00
    0.00 |  100.00
    0.00 |    0.00
   28.00 |   16.00
   10.00 |   15.00
    0.00 |    0.00
   44.00 |   39.00
   57.00 |   60.00
   20.00 |   20.00
    0.00 |   67.00
   50.00 |    0.00
   10.00 |    0.00
   25.00 |    0.00
   40.00 |   40.00
   20.00 |    0.00
    0.00 |   50.00
   17.00 |   88.00
   17.00 |    6.00
    5.00 |   50.00
   33.00 |  100.00
    0.00 |  100.00
   50.00 |  100.00
   35.00 |    0.00
   60.00 |    0.00
    0.00 |   90.00
   22.00 |   17.00
   33.00 |    0.00
   50.00 |  100.00
   42.00 |   56.00
   47.00 |   15.00
   11.00 |    0.00
   17.00 |   33.00
   23.00 |    0.00
    0.00 |    0.00
   37.00 |   34.00
   41.00 |   29.00
   37.00 |   11.00
   20.00 |   11.00
   67.00 |    0.00
   65.00 |   48.00
   33.00 |   33.00
    0.00 |   50.00
   50.00 |   55.00
   50.00 |   29.00
    0.00 |    0.00
   50.00 |   20.00
   57.00 |   69.00
   11.00 |   14.00
    0.00 |  100.00
    0.00 |   33.00
   50.00 |    0.00
   13.00 |  100.00
    0.00 |    0.00
   56.00 |   41.00
   43.00 |   29.00
   21.00 |    0.00
   33.00 |    0.00
   32.00 |   14.00
   13.00 |    0.00
   25.00 |    0.00
   38.00 |   83.00
    0.00 |    0.00
   42.00 |   57.00
   40.00 |   19.00
   71.00 |   34.00
    0.00 |  100.00
    0.00 |   57.00
   33.00 |    0.00
   22.00 |    0.00
   50.00 |   33.00
    8.00 |    0.00
   46.00 |    0.00
   25.00 |   23.00
  100.00 |    0.00
   29.00 |    0.00
   18.00 |   60.00
    0.00 |   50.00
   23.00 |    0.00
    0.00 |    0.00
   41.00 |   80.00
   46.00 |    6.00
    0.00 |    0.00
    0.00 |   50.00
    0.00 |    0.00
   92.00 |    0.00
   31.00 |   18.00
   40.00 |   33.00
   75.00 |    0.00
   43.00 |   50.00
   31.00 |   17.00
   42.00 |    0.00
   25.00 |    0.00
   25.00 |   26.00
   38.00 |   26.00
    0.00 |  100.00
   50.00 |  100.00
   29.00 |    0.00
   33.00 |    0.00
   28.00 |    0.00
    0.00 |  100.00
   11.00 |  100.00
   13.00 |    0.00
   18.00 |  100.00
   21.00 |   20.00
   28.00 |    0.00
   96.00 |    0.00
   35.00 |   25.00
   50.00 |   20.00
   29.00 |    0.00
   25.00 |    0.00
   23.00 |    7.00
    0.00 |   50.00
   37.00 |    0.00
   75.00 |   67.00
   43.00 |   54.00
   33.00 |   50.00
    0.00 |   67.00
   59.00 |   21.00
   17.00 |   25.00
    0.00 |    0.00
   20.00 |    0.00
   31.00 |   33.00
   40.00 |    9.00
    0.00 |   50.00
   32.00 |   54.00
    7.00 |   12.00
    0.00 |    0.00
   68.00 |   50.00
   10.00 |   75.00
   43.00 |   40.00
   25.00 |    0.00
   35.00 |   32.00
   17.00 |   15.00
   30.00 |   29.00
   29.00 |   20.00
   33.00 |   20.00
   19.00 |    0.00
    0.00 |    0.00
    0.00 |   67.00
   72.00 |  100.00
   71.00 |   50.00
   50.00 |   60.00
  100.00 |    0.00
   50.00 |   25.00
   34.00 |   10.00
    0.00 |    0.00
   20.00 |   78.00
   24.00 |   33.00
   50.00 |   50.00
    9.00 |    2.00
    0.00 |  100.00
   47.00 |   33.00
    0.00 |  100.00
   57.00 |    0.00
    0.00 |    0.00
   40.00 |   10.00
   38.00 |   31.00
    0.00 |    0.00
   33.00 |  100.00
    7.00 |    6.00
   17.00 |    0.00
  100.00 |   33.00
   33.00 |    0.00
  100.00 |    0.00
  100.00 |    0.00
   32.00 |   44.00
   29.00 |   22.00
   12.00 |   13.00
   51.00 |   35.00
   97.00 |   86.00
    0.00 |    0.00
   33.00 |  100.00
   57.00 |    0.00
   53.00 |    0.00
   60.00 |   51.00
   53.00 |    0.00
   46.00 |   67.00
    0.00 |   50.00
   52.00 |   63.00
   30.00 |   67.00
   50.00 |  100.00
   29.00 |   33.00
   35.00 |    0.00
  100.00 |   33.00
    0.00 |    0.00
    0.00 |    0.00
   28.00 |    0.00
   39.00 |   50.00
    0.00 |   50.00
   15.00 |   10.00
   50.00 |   33.00
   38.00 |   80.00
   27.00 |   35.00
    0.00 |   67.00
  100.00 |   25.00
   14.00 |    0.00
   33.00 |   20.00
   43.00 |   33.00
   37.00 |   42.00
   34.00 |   44.00
   20.00 |    0.00
   58.00 |    0.00
    0.00 |   28.00
   44.00 |   25.00
   50.00 |    0.00
    0.00 |  100.00
   13.00 |    1.00
   27.00 |   67.00
  100.00 |   50.00
  100.00 |    0.00
   27.00 |  100.00
   29.00 |    0.00
   20.00 |   33.00
   43.00 |   36.00
   45.00 |   50.00
   31.00 |   52.00
   23.00 |   31.00
  100.00 |    0.00
    0.00 |   50.00
   39.00 |    0.00
   50.00 |    0.00
   42.00 |    0.00
   50.00 |    0.00
   33.00 |    0.00
   19.00 |   33.00
    0.00 |    0.00
   36.00 |   10.00
   47.00 |   66.00
   20.00 |    0.00
   64.00 |   39.00
   18.00 |    0.00
   47.00 |   43.00
   18.00 |  100.00
   55.00 |   78.00
    0.00 |   33.00
   65.00 |    0.00
   25.00 |   38.00
   25.00 |   13.00
    0.00 |    0.00
   39.00 |   31.00
    0.00 |   25.00
   67.00 |    0.00
    0.00 |   25.00
   20.00 |   33.00
   67.00 |   20.00
   23.00 |    0.00
    0.00 |    0.00
    0.00 |    0.00
   22.00 |    0.00
   33.00 |    0.00
   25.00 |   50.00
   20.00 |   17.00
   47.00 |   16.00
   47.00 |    0.00
   17.00 |    0.00
   24.00 |   18.00
  100.00 |  100.00
   39.00 |   22.00
    0.00 |   33.00
   33.00 |  100.00
    0.00 |    0.00
  100.00 |    0.00
   28.00 |   39.00
   13.00 |    0.00
   30.00 |   58.00
    0.00 |  100.00
    0.00 |    0.00
   37.00 |   50.00
   71.00 |  100.00
   59.00 |   56.00
    0.00 |    0.00
  100.00 |  100.00
   13.00 |   44.00
   50.00 |    0.00
   33.00 |    8.00
   19.00 |    0.00
   39.00 |   67.00
   26.00 |    0.00
    0.00 |    0.00
   59.00 |    0.00
    0.00 |   33.00
   25.00 |    0.00
   29.00 |    3.00
   27.00 |  100.00
   44.00 |    0.00
    0.00 |   33.00
   43.00 |   25.00
   35.00 |  100.00
   33.00 |   33.00
    0.00 |    0.00
   67.00 |    0.00
   33.00 |    0.00
   41.00 |    0.00
   44.00 |  100.00
   67.00 |    0.00
   50.00 |   29.00
   44.00 |   63.00
   25.00 |  100.00
    0.00 |    0.00
    0.00 |   33.00
    0.00 |   23.00
   20.00 |    0.00
   35.00 |   29.00
    0.00 |    0.00
   22.00 |   50.00
   38.00 |   66.00
   29.00 |   55.00
   35.00 |    0.00
   67.00 |    0.00
    8.00 |    0.00
   35.00 |   31.00
   29.00 |   50.00
   23.00 |    0.00
   56.00 |   50.00
  100.00 |    0.00
   50.00 |  100.00
   33.00 |    0.00
   49.00 |   15.00
    0.00 |    0.00
   33.00 |    0.00
   80.00 |    0.00
   25.00 |   30.00
    0.00 |   20.00
   67.00 |    0.00
   44.00 |   50.00
   42.00 |   27.00
   48.00 |   27.00
   42.00 |   33.00
    0.00 |    0.00
    0.00 |    0.00
   18.00 |    0.00
   44.00 |    0.00
    0.00 |    0.00
   11.00 |   29.00
   59.00 |   26.00
   60.00 |   50.00
   50.00 |    0.00
   36.00 |   56.00
   51.00 |   31.00
   50.00 |    0.00
    0.00 |    0.00
    0.00 |    0.00
   36.00 |   23.00
   60.00 |    0.00
   69.00 |   56.00
   55.00 |    0.00
   56.00 |   26.00
   61.00 |   70.00
   57.00 |    0.00
   20.00 |   13.00
  100.00 |    0.00
  100.00 |    0.00
   11.00 |   75.00
   66.00 |    0.00
   24.00 |   20.00
    0.00 |    0.00
   33.00 |  100.00
   67.00 |   33.00
   18.00 |   50.00
   50.00 |    0.00
   25.00 |   15.00
   57.00 |    0.00
   71.00 |   33.00
   50.00 |    0.00
   11.00 |    0.00
   32.00 |   12.00
   26.00 |    0.00
   38.00 |    0.00
   33.00 |    0.00
   13.00 |    0.00
   75.00 |   71.00
   28.00 |   32.00
   17.00 |    0.00
    0.00 |   50.00
   18.00 |    0.00
   44.00 |    0.00
   24.00 |   20.00
   41.00 |    0.00
    0.00 |    0.00
   14.00 |    0.00
    8.00 |   42.00
    0.00 |   25.00
   30.00 |   40.00
   26.00 |   70.00
    0.00 |    0.00
   63.00 |   50.00
   35.00 |   18.00
   18.00 |    0.00
    0.00 |    0.00
    9.00 |  100.00
    0.00 |    0.00
   30.00 |    0.00
   38.00 |   50.00
   67.00 |    0.00
   68.00 |   44.00
   25.00 |    0.00
  100.00 |  100.00
   40.00 |   41.00
   48.00 |   25.00
    3.00 |   33.00
   50.00 |   73.00
   25.00 |    0.00
   40.00 |   50.00
   30.00 |   26.00
   25.00 |   55.00
   68.00 |    0.00
   31.00 |   43.00
   48.00 |   46.00
    0.00 |    0.00
   65.00 |   13.00
    0.00 |    0.00
   17.00 |   50.00
   75.00 |    0.00
   20.00 |   15.00
   29.00 |    0.00
    0.00 |    0.00
   15.00 |    0.00
   10.00 |    0.00
   27.00 |   17.00
   20.00 |    0.00
   33.00 |   15.00
  100.00 |    0.00
   17.00 |  100.00
    7.00 |    0.00
   23.00 |    0.00
   19.00 |    0.00
    0.00 |    0.00
   29.00 |   20.00
   38.00 |    0.00
    0.00 |    0.00
    0.00 |   50.00
   29.00 |    0.00
   22.00 |   35.00
    0.00 |   56.00
   30.00 |   50.00
   63.00 |   33.00
   20.00 |   17.00
   33.00 |    0.00
   36.00 |    0.00
    0.00 |    0.00
   33.00 |   20.00
   50.00 |  100.00
    0.00 |  100.00
   37.00 |   21.00
   50.00 |  100.00
   26.00 |   15.00
   29.00 |   50.00
    0.00 |    0.00
    0.00 |    0.00
   25.00 |    0.00
   27.00 |   11.00
   26.00 |   11.00
   67.00 |   75.00
    0.00 |    0.00
   12.00 |    0.00
   29.00 |   50.00
    0.00 |    0.00
   10.00 |    8.00
   46.00 |   78.00
    0.00 |   50.00
   43.00 |   35.00
   21.00 |   50.00
    0.00 |    0.00
   11.00 |   12.00
    8.00 |    0.00
   29.00 |   19.00
   25.00 |    0.00
   44.00 |    0.00
   25.00 |   50.00
   20.00 |   25.00
   44.00 |    0.00
    0.00 |    0.00
   73.00 |  100.00
    0.00 |    0.00
   25.00 |    0.00
   46.00 |   64.00
   23.00 |   38.00
  100.00 |    0.00
   43.00 |    0.00
   58.00 |  100.00
   22.00 |    0.00
   17.00 |    9.00
   30.00 |   33.00
   44.00 |   33.00
    0.00 |    0.00
    0.00 |    0.00
   50.00 |   40.00
   47.00 |  100.00
   67.00 |   72.00
   28.00 |   25.00
   41.00 |   32.00
    0.00 |    0.00
    0.00 |    0.00
   20.00 |    0.00
    0.00 |    0.00
   19.00 |   11.00
    0.00 |    0.00
   10.00 |    0.00
   27.00 |    0.00
   89.00 |    0.00
   27.00 |   56.00
    0.00 |   50.00
   52.00 |   50.00
   20.00 |    0.00
   40.00 |  100.00
  100.00 |    0.00
   42.00 |   22.00
   33.00 |  100.00
    0.00 |   50.00
    0.00 |  100.00
    0.00 |    0.00
    0.00 |    0.00
   12.00 |   20.00
   31.00 |   36.00
    0.00 |  100.00
  100.00 |   14.00
    0.00 |    0.00
   19.00 |    0.00
   54.00 |   40.00
   19.00 |   33.00
  100.00 |   33.00
    5.00 |    0.00
   27.00 |    0.00
    0.00 |    0.00
   39.00 |   53.00
   44.00 |   50.00
  100.00 |    0.00
   18.00 |    0.00
   32.00 |   24.00
   54.00 |   57.00
   13.00 |    0.00
    9.00 |    0.00
   40.00 |    0.00
   16.00 |    0.00
   18.00 |    0.00
   11.00 |   25.00
  100.00 |    0.00
    0.00 |    0.00
    0.00 |    0.00
    0.00 |   22.00
   31.00 |   33.00
   16.00 |   67.00
   33.00 |    0.00
    0.00 |    0.00
    0.00 |   33.00
   33.00 |    0.00
   55.00 |  100.00
   18.00 |    0.00
   74.00 |    0.00
   50.00 |    0.00
   33.00 |    0.00
   58.00 |   56.00
   20.00 |   50.00
   50.00 |    0.00
   50.00 |   25.00
   51.00 |    0.00
   23.00 |    0.00
    0.00 |    0.00
   50.00 |   57.00
    0.00 |    0.00
   20.00 |    0.00
   40.00 |   17.00
   50.00 |  100.00
   40.00 |    0.00
   24.00 |   35.00
   21.00 |   33.00
   43.00 |   33.00
   22.00 |   50.00
    0.00 |    0.00
   13.00 |   33.00
   16.00 |   33.00
   30.00 |   50.00
   20.00 |    0.00
   32.00 |   14.00
   53.00 |    0.00
   18.00 |    0.00
   30.00 |   14.00
   25.00 |    0.00
    0.00 |    0.00
    0.00 |    0.00
    0.00 |    0.00
    0.00 |   50.00
   14.00 |    0.00
   34.00 |   59.00
   21.00 |   25.00
   19.00 |   22.00
   21.00 |   33.00
   14.00 |   40.00
   69.00 |   20.00
   34.00 |   12.00
   19.00 |   50.00
    0.00 |    0.00
    0.00 |   33.00
   50.00 |   25.00
   33.00 |   19.00
    0.00 |  100.00
   22.00 |    5.00
   37.00 |    0.00
   47.00 |   21.00
    0.00 |    0.00
   38.00 |    0.00
   41.00 |   53.00
    0.00 |    0.00
    0.00 |   33.00
    0.00 |    0.00
   33.00 |    0.00
   40.00 |    0.00
   26.00 |    6.00
   17.00 |  100.00
   28.00 |   31.00
   34.00 |   11.00
   37.00 |   28.00
   30.00 |    0.00
   28.00 |   35.00
   18.00 |   33.00
   27.00 |   13.00
   17.00 |   20.00
   21.00 |   25.00
    0.00 |    0.00
    8.00 |   29.00
   54.00 |   31.00
   60.00 |   25.00
   40.00 |   46.00
    9.00 |    0.00
   22.00 |    0.00
    0.00 |  100.00
   29.00 |   50.00
   25.00 |   90.00
    0.00 |   50.00
   22.00 |   14.00
    0.00 |    0.00
   27.00 |   58.00
   25.00 |   33.00
  100.00 |   25.00
   26.00 |   44.00
   29.00 |   13.00
   48.00 |   21.00
   33.00 |   26.00
   28.00 |   24.00
   41.00 |   20.00
   21.00 |   33.00
   13.00 |   25.00
  100.00 |   50.00
   33.00 |    0.00
   33.00 |   33.00
    0.00 |    0.00
   29.00 |    0.00
   38.00 |   21.00
   47.00 |   19.00
  100.00 |   50.00
   43.00 |  100.00
   20.00 |   28.00
   45.00 |   25.00
   50.00 |  100.00
    0.00 |    0.00
   67.00 |  100.00
   24.00 |   33.00
    0.00 |    0.00
   40.00 |   35.00
   30.00 |   10.00
   24.00 |    0.00
   35.00 |   38.00
   23.00 |    0.00
   31.00 |    6.00
   33.00 |   50.00
    0.00 |    0.00
    0.00 |    0.00
   25.00 |    0.00
    0.00 |    0.00
  100.00 |  100.00
    0.00 |    0.00
   21.00 |   67.00
   54.00 |  100.00
   56.00 |   46.00
   39.00 |    9.00
   42.00 |    0.00
   66.00 |   57.00
    8.00 |    0.00
   35.00 |   28.00
   37.00 |    0.00
   27.00 |   29.00
   32.00 |   14.00
   32.00 |   40.00
   33.00 |    0.00
  100.00 |    0.00
   59.00 |   40.00
   44.00 |   23.00
   48.00 |   31.00
   55.00 |   50.00
   44.00 |   33.00
    6.00 |   33.00
   31.00 |   67.00
   50.00 |    0.00
   43.00 |  100.00
    0.00 |    0.00
   34.00 |   44.00
    0.00 |   50.00
   19.00 |   50.00
    0.00 |  100.00
   50.00 |   25.00
   33.00 |   71.00
   33.00 |    9.00
    0.00 |    0.00
   34.00 |    0.00
   33.00 |   50.00
   39.00 |   42.00
   38.00 |    0.00
   34.00 |   10.00
   44.00 |   33.00
   24.00 |   17.00
   26.00 |    0.00
    0.00 |   50.00
   29.00 |   33.00
   73.00 |   75.00
   50.00 |    0.00
   23.00 |    0.00
   44.00 |   42.00
   33.00 |    0.00
   20.00 |    0.00
    0.00 |    0.00
   22.00 |   18.00
   23.00 |   27.00
    0.00 |    0.00
   25.00 |   50.00
   33.00 |   33.00
   50.00 |    0.00
   13.00 |   13.00
   32.00 |   14.00
   11.00 |    0.00
   50.00 |    0.00
   50.00 |   25.00
   19.00 |   10.00
   50.00 |   33.00
   40.00 |    4.00
    0.00 |    0.00
   50.00 |    0.00
   59.00 |    0.00
   35.00 |   18.00
   19.00 |   55.00
  100.00 |  100.00
   20.00 |    0.00
   19.00 |    0.00
   17.00 |   60.00
   50.00 |    0.00
    0.00 |    0.00
   25.00 |    0.00
   67.00 |   50.00
   43.00 |   50.00
   47.00 |   38.00
   29.00 |    0.00
   14.00 |    0.00
   56.00 |   50.00
    0.00 |   50.00
   25.00 |    0.00
   15.00 |   11.00
    3.00 |    0.00
   40.00 |    0.00
   41.00 |  100.00
   50.00 |  100.00
   29.00 |   33.00
   40.00 |   22.00
   11.00 |    0.00
    0.00 |    0.00
   37.00 |    0.00
    0.00 |    0.00
   43.00 |   73.00
   31.00 |   11.00
   67.00 |    0.00
   30.00 |   52.00
   25.00 |  100.00
    0.00 |    0.00
   20.00 |    8.00
   30.00 |   14.00
   50.00 |    0.00
    0.00 |   50.00
   33.00 |   14.00
   51.00 |   19.00
   10.00 |    0.00
   29.00 |   29.00
   38.00 |   33.00
   50.00 |   33.00
   53.00 |    0.00
   28.00 |   11.00
    0.00 |    0.00
   46.00 |    0.00
    0.00 |   25.00
   25.00 |  100.00
    0.00 |    0.00
   49.00 |    8.00
   30.00 |    0.00
   29.00 |   36.00
   32.00 |   29.00
    0.00 |   50.00
   29.00 |   21.00
   36.00 |   15.00
    0.00 |   50.00
   60.00 |  100.00
    0.00 |  100.00
   72.00 |   49.00
   33.00 |   33.00
    0.00 |    0.00
   35.00 |   28.00
    0.00 |    0.00
   50.00 |   31.00
   67.00 |   67.00
   42.00 |   21.00
   37.00 |   18.00
   44.00 |   33.00
   52.00 |    0.00
   33.00 |    0.00
   16.00 |   67.00
    0.00 |    0.00
    0.00 |   43.00
  100.00 |  100.00
   33.00 |    0.00
   29.00 |   37.00
   71.00 |    0.00
   29.00 |   60.00
   13.00 |   83.00
   75.00 |    0.00
   16.00 |   48.00
   50.00 |    0.00
    0.00 |   25.00
   20.00 |    0.00
   25.00 |   20.00
   21.00 |    0.00
   27.00 |   33.00
   27.00 |   25.00
    0.00 |  100.00
  100.00 |    0.00
  100.00 |   50.00
   33.00 |    0.00
    3.00 |   50.00
   22.00 |   43.00
   91.00 |    0.00
  100.00 |    0.00
    0.00 |  100.00
   27.00 |   33.00
   12.00 |   33.00
   33.00 |    0.00
   47.00 |   29.00
   58.00 |    7.00
    0.00 |   59.00
   19.00 |   20.00
   22.00 |   60.00
   49.00 |    0.00
    0.00 |    0.00
   27.00 |   11.00
    0.00 |    0.00
   33.00 |  100.00
  100.00 |   50.00
    0.00 |    0.00
   17.00 |    0.00
   38.00 |   14.00
   80.00 |   50.00
  100.00 |  100.00
  100.00 |    0.00
   44.00 |   50.00
   17.00 |    0.00
   51.00 |   10.00
   25.00 |    0.00
   27.00 |   36.00
    0.00 |   50.00
   19.00 |   80.00
  100.00 |  100.00
   50.00 |    0.00
   18.00 |   50.00
    0.00 |    0.00
   23.00 |   39.00
   40.00 |   25.00
   38.00 |   29.00
    0.00 |   20.00
    8.00 |    0.00
   22.00 |   63.00
   36.00 |   53.00
    0.00 |    0.00
    0.00 |    0.00
   24.00 |   12.00
  100.00 |   50.00
   19.00 |   14.00
   15.00 |    0.00
    0.00 |    0.00
    0.00 |    0.00
   39.00 |    0.00
    0.00 |    0.00
    0.00 |    0.00
   50.00 |    0.00
   32.00 |   18.00
    0.00 |   50.00
   52.00 |   30.00
   35.00 |   23.00
   40.00 |    0.00
   13.00 |   14.00
  100.00 |   82.00
    0.00 |   50.00
   38.00 |    0.00
    0.00 |    0.00
    9.00 |   17.00
   41.00 |   29.00
   44.00 |    0.00
  100.00 |    0.00
   14.00 |    0.00
   19.00 |  100.00
   59.00 |   12.00
    0.00 |   88.00
   30.00 |    0.00
   50.00 |    0.00
   78.00 |   83.00
   20.00 |    0.00
   23.00 |   31.00
    0.00 |    0.00
    0.00 |  100.00
   42.00 |    0.00
   34.00 |   49.00
  100.00 |    0.00
   35.00 |   22.00
   40.00 |  100.00
   22.00 |   43.00
    0.00 |  100.00
  100.00 |    0.00
   14.00 |   10.00
   45.00 |   50.00
   50.00 |    0.00
    0.00 |    0.00
    8.00 |   59.00
   19.00 |   33.00
    0.00 |   20.00
   21.00 |   83.00
   50.00 |   50.00
   29.00 |   50.00
  100.00 |  100.00
    8.00 |   33.00
   20.00 |   57.00
    0.00 |    0.00
   26.00 |   13.00
   32.00 |   25.00
   50.00 |  100.00
   59.00 |   29.00
   33.00 |    0.00
   35.00 |   24.00
    0.00 |   67.00
   35.00 |   14.00
    0.00 |    0.00
  100.00 |  100.00
   40.00 |   57.00
  100.00 |    0.00
    6.00 |    7.00
   15.00 |   25.00
   33.00 |    0.00
   67.00 |  100.00
    0.00 |    0.00
    0.00 |    0.00
    0.00 |    0.00
   50.00 |   50.00
   41.00 |   42.00
    0.00 |    0.00
   41.00 |    0.00
    0.00 |    0.00
   28.00 |    0.00
   19.00 |    0.00
    0.00 |    0.00
    0.00 |    0.00
    7.00 |    0.00
    0.00 |    0.00
   42.00 |   44.00
   55.00 |    0.00
   33.00 |   25.00
   33.00 |   17.00
   38.00 |    0.00
    0.00 |    0.00
    0.00 |  100.00
   47.00 |   14.00
   19.00 |   33.00
   69.00 |   75.00
  100.00 |   50.00
   77.00 |   17.00
   69.00 |   45.00
   29.00 |   55.00
   17.00 |   25.00
   50.00 |    0.00
   80.00 |    0.00
   50.00 |    0.00
   67.00 |   50.00
    0.00 |    0.00
   24.00 |    0.00
    0.00 |    0.00
   23.00 |   50.00
   31.00 |    6.00
   29.00 |    0.00
    7.00 |    0.00
    7.00 |    0.00
   50.00 |  100.00
    0.00 |    0.00
    0.00 |  100.00
   32.00 |   20.00
   41.00 |   24.00
   18.00 |    0.00
  100.00 |    0.00
  100.00 |  100.00
    0.00 |  100.00
   25.00 |    0.00
    0.00 |    0.00
    7.00 |    0.00
   14.00 |    0.00
    0.00 |    0.00
   33.00 |    0.00
   35.00 |   31.00
   17.00 |   33.00
   27.00 |   10.00
   35.00 |   46.00
   43.00 |   17.00
   16.00 |    6.00
   27.00 |    0.00
   20.00 |   27.00
   16.00 |   26.00
    0.00 |    0.00
   21.00 |   21.00
   31.00 |   30.00
   17.00 |    0.00
   26.00 |  100.00
   25.00 |    0.00
   38.00 |    8.00
   25.00 |   20.00
   21.00 |   11.00
   40.00 |    0.00
   43.00 |    0.00
    0.00 |  100.00
    6.00 |   33.00
   28.00 |    0.00
    0.00 |  100.00
    0.00 |    0.00
   21.00 |  100.00
   38.00 |    0.00
    0.00 |  100.00
   35.00 |    0.00
  100.00 |    0.00
   17.00 |   14.00
    0.00 |    0.00
   64.00 |   46.00
   15.00 |   25.00
   50.00 |    0.00
   13.00 |    0.00
   40.00 |  100.00
   54.00 |    0.00
   60.00 |   25.00
   24.00 |   67.00
    0.00 |    0.00
   30.00 |   50.00
    0.00 |    0.00
  100.00 |   50.00
    0.00 |   50.00
    0.00 |    0.00
   25.00 |   33.00
   20.00 |   25.00
   23.00 |   42.00
   20.00 |    0.00
   34.00 |    0.00
    0.00 |   38.00
   45.00 |   50.00
   15.00 |   20.00
    0.00 |   50.00
    0.00 |    0.00
    4.00 |  100.00
   27.00 |   45.00
   48.00 |   33.00
    0.00 |  100.00
    0.00 |    0.00
   31.00 |   13.00
   14.00 |   78.00
   40.00 |   40.00
   33.00 |   78.00
   27.00 |    0.00
    0.00 |    0.00
   30.00 |    0.00
   50.00 |   75.00
   25.00 |    0.00
   20.00 |    0.00
   18.00 |    0.00
   40.00 |    0.00
   69.00 |   83.00
   38.00 |   33.00
   57.00 |   60.00
    0.00 |    0.00
   69.00 |   27.00
   62.00 |   20.00
   30.00 |    0.00
   35.00 |   20.00
   38.00 |   27.00
   41.00 |   31.00
   50.00 |  100.00
   14.00 |    0.00
   25.00 |   50.00
    9.00 |   56.00
    0.00 |   33.00
    0.00 |   67.00
   44.00 |    0.00
   71.00 |   25.00
   50.00 |    0.00
   20.00 |    0.00
   41.00 |   79.00
    0.00 |    0.00
    0.00 |    0.00
   20.00 |   50.00
   12.00 |   20.00
   20.00 |    0.00
    0.00 |   67.00
   32.00 |   44.00
   29.00 |    0.00
    0.00 |    0.00
   43.00 |   75.00
   37.00 |   17.00
   35.00 |   26.00
   36.00 |    0.00
   25.00 |   44.00
    0.00 |   33.00
  100.00 |   64.00
   25.00 |   50.00
    0.00 |   67.00
   88.00 |   67.00
    0.00 |  100.00
   11.00 |    0.00
   35.00 |    0.00
   20.00 |    0.00
   14.00 |   37.00
    6.00 |    0.00
   40.00 |   67.00
   59.00 |   27.00
   25.00 |   25.00
   24.00 |  100.00
   24.00 |    0.00
    0.00 |    0.00
   12.00 |    0.00
    0.00 |   33.00
    6.00 |   40.00
    0.00 |   63.00
   24.00 |    0.00
   22.00 |   67.00
   37.00 |    0.00
   24.00 |   60.00
    0.00 |    0.00
   15.00 |   80.00
   36.00 |   86.00
   33.00 |    0.00
   56.00 |   67.00
    9.00 |    0.00
   54.00 |   25.00
   20.00 |    0.00
   33.00 |    0.00
   73.00 |   13.00
    0.00 |    0.00
   50.00 |  100.00
   19.00 |   14.00
   16.00 |   27.00
    0.00 |    0.00
   41.00 |   33.00
   18.00 |    0.00
   10.00 |    0.00
   47.00 |   31.00
    8.00 |    0.00
   67.00 |    0.00
   33.00 |    0.00
    0.00 |    0.00
   10.00 |    6.00
   26.00 |    4.00
   30.00 |   48.00
   16.00 |    0.00
   13.00 |   40.00
   33.00 |   67.00
    0.00 |    0.00
   25.00 |   50.00
   14.00 |    0.00
   38.00 |   31.00
   29.00 |   40.00
   21.00 |   56.00
   37.00 |   13.00
   40.00 |   58.00
    0.00 |   75.00
   67.00 |  100.00
  100.00 |    0.00
   63.00 |   25.00
   44.00 |  100.00
   43.00 |   13.00
   11.00 |  100.00
   50.00 |   80.00
    0.00 |   83.00
    0.00 |    0.00
   29.00 |   51.00
   23.00 |   42.00
   25.00 |    0.00
   14.00 |    0.00
   33.00 |    0.00
   22.00 |   16.00
   23.00 |    0.00
    0.00 |    0.00
   76.00 |   64.00
   39.00 |   14.00
   25.00 |  100.00
   13.00 |   67.00
    0.00 |   50.00
   20.00 |   50.00
    0.00 |    0.00
   58.00 |   27.00
   25.00 |    9.00
   28.00 |    9.00
    0.00 |  100.00
   14.00 |    8.00
  100.00 |    0.00
    0.00 |   36.00
  100.00 |   50.00
  100.00 |    0.00
    0.00 |    0.00
    0.00 |   20.00
    0.00 |    0.00
   14.00 |   26.00
   41.00 |    0.00
    0.00 |    0.00
   33.00 |    0.00
   25.00 |   25.00
   33.00 |  100.00
   31.00 |   50.00
   29.00 |    0.00
    0.00 |    0.00
   56.00 |  100.00
   46.00 |    8.00
    8.00 |   25.00
    0.00 |   50.00
   25.00 |    0.00
   38.00 |    8.00
   24.00 |    0.00
    0.00 |   14.00
   57.00 |    0.00
   67.00 |   11.00
   23.00 |   27.00
   25.00 |    0.00
   23.00 |   35.00
   53.00 |   45.00
   55.00 |  100.00
   40.00 |   60.00
   73.00 |   67.00
   33.00 |    0.00
    0.00 |    0.00
   40.00 |   50.00
   20.00 |   75.00
   53.00 |   36.00
   52.00 |   24.00
    9.00 |   80.00
   38.00 |   31.00
   36.00 |   50.00
   27.00 |    7.00
   14.00 |    0.00
   26.00 |   35.00
   17.00 |    0.00
   25.00 |   38.00
    0.00 |    0.00
   32.00 |   18.00
   18.00 |   60.00
    7.00 |    0.00
   18.00 |   50.00
    0.00 |   60.00
  100.00 |    0.00
    9.00 |    0.00
    0.00 |    0.00
   23.00 |    0.00
   49.00 |   57.00
   40.00 |   33.00
   64.00 |   47.00
   75.00 |   57.00
   57.00 |   79.00
   24.00 |   14.00
    0.00 |    0.00
   23.00 |   25.00
   31.00 |   31.00
   33.00 |   67.00
   36.00 |    0.00
   26.00 |   17.00
   52.00 |   20.00
   37.00 |   26.00
   33.00 |   39.00
    8.00 |   33.00
    0.00 |    0.00
    0.00 |    0.00
   70.00 |   70.00
    0.00 |   25.00
    0.00 |    0.00
   42.00 |  100.00
    9.00 |   21.00
    0.00 |    0.00
   42.00 |   13.00
   33.00 |    0.00
    0.00 |    0.00
   21.00 |    5.00
   25.00 |    0.00
    0.00 |    0.00
   50.00 |   14.00
  100.00 |   75.00
   22.00 |  100.00
   20.00 |   25.00
    0.00 |  100.00
   25.00 |    4.00
   22.00 |    0.00
   37.00 |    0.00
   40.00 |   22.00
   13.00 |   33.00
   45.00 |    0.00
   33.00 |   13.00
    0.00 |  100.00
   57.00 |   20.00
  100.00 |  100.00
    0.00 |  100.00
   10.00 |    0.00
    0.00 |    0.00
  100.00 |    0.00
   24.00 |    0.00
   50.00 |   50.00
    0.00 |    0.00
   31.00 |   28.00
    0.00 |    0.00
   42.00 |   57.00
   41.00 |   57.00
   27.00 |    0.00
    0.00 |  100.00
   27.00 |    0.00
   93.00 |   60.00
   31.00 |   19.00
   14.00 |    0.00
   32.00 |   25.00
    0.00 |    0.00
   29.00 |   33.00
   29.00 |   16.00
   22.00 |  100.00
   22.00 |    0.00
   33.00 |    0.00
    0.00 |  100.00
   40.00 |    0.00
   15.00 |   10.00
   35.00 |   17.00
   25.00 |    0.00
    0.00 |   50.00
    0.00 |   50.00
   35.00 |    3.00
    0.00 |    0.00
   25.00 |    0.00
    0.00 |   50.00
   14.00 |   67.00
   20.00 |   20.00
   46.00 |   14.00
   44.00 |    0.00
    0.00 |  100.00
