   release    |   total_churns_in_MP    |  total_churns_in_RDP
 linuxv2.6.13 |  240216			|4298
 linuxv2.6.14 |  295569			|3158
 linuxv2.6.15 |  458962			|2371
 linuxv2.6.16 |  446548			|4352
 linuxv2.6.17 |  374252			|4532
 linuxv2.6.18 |  412629			|3504
 linuxv2.6.19 |  517116			|5018
 linuxv2.6.20 |  350467			|1960
 linuxv2.6.21 |  380368			|3716
 linuxv2.6.22 |  598402			|3469
 linuxv2.6.23 |  542318			|4949
 linuxv2.6.24 |  772626			|5118
 linuxv2.6.25 |  950915			|4849
 linuxv2.6.26 |  508302			|9303
 linuxv2.6.27 |  551287			|12322
 linuxv2.6.28 |  545395			|8975
 linuxv2.6.29 |  957767			|10300
 linuxv2.6.30 | 1008958			|8297
 linuxv2.6.31 |  820700			|9213
 linuxv2.6.32 | 1036813			|8712
 linuxv2.6.33 |  893138			|8856
 linuxv2.6.34 |  350557			|14156
 linuxv2.6.35 |  387278			|8796
 linuxv2.6.36 |  738973			|11528
 linuxv2.6.37 |  322923			|10095
 linuxv2.6.38 |  199959			|10532
 linuxv2.6.39 |  281709			|10535
 linuxv3.0    |  283744			|10009
 linuxv3.1    |  307995			|13311
 linuxv3.2    |  160174			|11932
 linuxv3.3    |  134877			|11001
 linuxv3.4    |  194036			|12224
 linuxv3.5    |  130296			|9558
 linuxv3.6    |  112209			|11954
 linuxv3.7    |  288667			|13982
 linuxv3.8    |  117614			|13266
 linuxv3.9    |  125409			|11560
 linuxv3.10   |  119919			|10111
 linuxv3.11   |  135342			|11006
