   release    | total_churns_in_RDP 
 linuxv2.6.13 |  4298
 linuxv2.6.14 |  3158
 linuxv2.6.15 |  2371
 linuxv2.6.16 |  4352
 linuxv2.6.17 |  4532
 linuxv2.6.18 |  3504
 linuxv2.6.19 |  5018
 linuxv2.6.20 |  1960
 linuxv2.6.21 |  3716
 linuxv2.6.22 |  3469
 linuxv2.6.23 |  4949
 linuxv2.6.24 |  5118
 linuxv2.6.25 |  4849
 linuxv2.6.26 |  9303
 linuxv2.6.27 | 12322
 linuxv2.6.28 |  8975
 linuxv2.6.29 | 10300
 linuxv2.6.30 |  8297
 linuxv2.6.31 |  9213
 linuxv2.6.32 |  8712
 linuxv2.6.33 |  8856
 linuxv2.6.34 | 14156
 linuxv2.6.35 |  8796
 linuxv2.6.36 | 11528
 linuxv2.6.37 | 10095
 linuxv2.6.38 | 10532
 linuxv2.6.39 | 10535
 linuxv3.0    | 10009
 linuxv3.1    | 13311
 linuxv3.2    | 11932
 linuxv3.3    | 11001
 linuxv3.4    | 12224
 linuxv3.5    |  9558
 linuxv3.6    | 11954
 linuxv3.7    | 13982
 linuxv3.8    | 13266
 linuxv3.9    | 11560
 linuxv3.10   | 10111
 linuxv3.11   | 11006
