This is pdfTeX, Version 3.1415926-1.40.10 (TeX Live 2009/Debian) (format=pdflatex 2013.8.12)  10 DEC 2013 16:18
entering extended mode
 %&-line parsing enabled.
**paper1.tex
(./paper1.tex
LaTeX2e <2009/09/24>
Babel <v3.8l> and hyphenation patterns for english, usenglishmax, dumylang, noh
yphenation, farsi, arabic, croatian, bulgarian, ukrainian, russian, czech, slov
ak, danish, dutch, finnish, french, basque, ngerman, german, german-x-2009-06-1
9, ngerman-x-2009-06-19, ibycus, monogreek, greek, ancientgreek, hungarian, san
skrit, italian, latin, latvian, lithuanian, mongolian2a, mongolian, bokmal, nyn
orsk, romanian, irish, coptic, serbian, turkish, welsh, esperanto, uppersorbian
, estonian, indonesian, interlingua, icelandic, kurmanji, slovenian, polish, po
rtuguese, spanish, galician, catalan, swedish, ukenglish, pinyin, loaded.
(./acm_proc_article-sp.cls
(/usr/share/texmf-texlive/tex/latex/graphics/epsfig.sty
Package: epsfig 1999/02/16 v1.7a (e)psfig emulation (SPQR)

(/usr/share/texmf-texlive/tex/latex/graphics/graphicx.sty
Package: graphicx 1999/02/16 v1.0f Enhanced LaTeX Graphics (DPC,SPQR)

(/usr/share/texmf-texlive/tex/latex/graphics/keyval.sty
Package: keyval 1999/03/16 v1.13 key=value parser (DPC)
\KV@toks@=\toks14
)
(/usr/share/texmf-texlive/tex/latex/graphics/graphics.sty
Package: graphics 2009/02/05 v1.0o Standard LaTeX Graphics (DPC,SPQR)

(/usr/share/texmf-texlive/tex/latex/graphics/trig.sty
Package: trig 1999/03/16 v1.09 sin cos tan (DPC)
)
(/etc/texmf/tex/latex/config/graphics.cfg
File: graphics.cfg 2009/08/28 v1.8 graphics configuration of TeX Live
)
Package graphics Info: Driver file: pdftex.def on input line 91.

(/usr/share/texmf-texlive/tex/latex/pdftex-def/pdftex.def
File: pdftex.def 2010/03/12 v0.04p Graphics/color for pdfTeX
\Gread@gobject=\count79
))
\Gin@req@height=\dimen102
\Gin@req@width=\dimen103
)
\epsfxsize=\dimen104
\epsfysize=\dimen105
)
(/usr/share/texmf-texlive/tex/latex/amsfonts/amssymb.sty
Package: amssymb 2009/06/22 v3.00

(/usr/share/texmf-texlive/tex/latex/amsfonts/amsfonts.sty
Package: amsfonts 2009/06/22 v3.00 Basic AMSFonts support
\@emptytoks=\toks15
\symAMSa=\mathgroup4
\symAMSb=\mathgroup5
LaTeX Font Info:    Overwriting math alphabet `\mathfrak' in version `bold'
(Font)                  U/euf/m/n --> U/euf/b/n on input line 96.
))
(/usr/share/texmf-texlive/tex/latex/amsmath/amsmath.sty
Package: amsmath 2000/07/18 v2.13 AMS math features
\@mathmargin=\skip41

For additional information on amsmath, use the `?' option.
(/usr/share/texmf-texlive/tex/latex/amsmath/amstext.sty
Package: amstext 2000/06/29 v2.01

(/usr/share/texmf-texlive/tex/latex/amsmath/amsgen.sty
File: amsgen.sty 1999/11/30 v2.0
\@emptytoks=\toks16
\ex@=\dimen106
))
(/usr/share/texmf-texlive/tex/latex/amsmath/amsbsy.sty
Package: amsbsy 1999/11/29 v1.2d
\pmbraise@=\dimen107
)
(/usr/share/texmf-texlive/tex/latex/amsmath/amsopn.sty
Package: amsopn 1999/12/14 v2.01 operator names
)
\inf@bad=\count80
LaTeX Info: Redefining \frac on input line 211.
\uproot@=\count81
\leftroot@=\count82
LaTeX Info: Redefining \overline on input line 307.
\classnum@=\count83
\DOTSCASE@=\count84
LaTeX Info: Redefining \ldots on input line 379.
LaTeX Info: Redefining \dots on input line 382.
LaTeX Info: Redefining \cdots on input line 467.
\Mathstrutbox@=\box26
\strutbox@=\box27
\big@size=\dimen108
LaTeX Font Info:    Redeclaring font encoding OML on input line 567.
LaTeX Font Info:    Redeclaring font encoding OMS on input line 568.
\macc@depth=\count85
\c@MaxMatrixCols=\count86
\dotsspace@=\muskip10
\c@parentequation=\count87
\dspbrk@lvl=\count88
\tag@help=\toks17
\row@=\count89
\column@=\count90
\maxfields@=\count91
\andhelp@=\toks18
\eqnshift@=\dimen109
\alignsep@=\dimen110
\tagshift@=\dimen111
\tagwidth@=\dimen112
\totwidth@=\dimen113
\lineht@=\dimen114
\@envbody=\toks19
\multlinegap=\skip42
\multlinetaggap=\skip43
\mathdisplay@stack=\toks20
LaTeX Info: Redefining \[ on input line 2666.
LaTeX Info: Redefining \] on input line 2667.
)
Document Class 'acm_proc_article-sp' <22nd. April '09>. Modified by G.K.M. Tobi
n
Based in part upon document Style `acmconf' <22 May 89>. Hacked 4/91 by
shivers@cs.cmu.edu, 4/93 by theobald@cs.mcgill.ca
Excerpts were taken from (Journal Style) 'esub2acm.cls'.
****** Bugs/comments/suggestions to Gerry Murray -- murray@hq.acm.org ******
\footheight=\dimen115
\@maxsep=\dimen116
\@dblmaxsep=\dimen117
\aucount=\count92
\originalaucount=\count93
\auwidth=\dimen118
\auskip=\dimen119
\auskipcount=\count94
\auskip=\dimen120
\allauboxes=\dimen121
\addauthors=\toks21
\addauflag=\count95
\subtitletext=\toks22
\savesection=\count96
\sectioncntr=\count97
\c@figure=\count98
\c@table=\count99
\titleboxnotes=\toks23
\titleboxnoteflag=\count100
Document Class: acm_proc_article-sp 2009/04/22 - V3.2SP - based on esub2acm.sty
 <23 April 96>
(/usr/share/texmf-texlive/tex/latex/base/latexsym.sty
Package: latexsym 1998/08/17 v2.2e Standard LaTeX package (lasy symbols)
\symlasy=\mathgroup6
LaTeX Font Info:    Overwriting symbol font `lasy' in version `bold'
(Font)                  U/lasy/m/n --> U/lasy/b/n on input line 47.
)
\@acmtitlebox=\box28
\titlenotecount=\count101
\tntoks=\toks24
\tntokstwo=\toks25
\tntoksthree=\toks26
\tntoksfour=\toks27
\tntoksfive=\toks28
\catcount=\count102
\copyrightnotice=\toks29
\conf=\toks30
\confinfo=\toks31
\c@part=\count103
\c@section=\count104
\c@subsection=\count105
\c@subsubsection=\count106
\c@paragraph=\count107

Using 'Abbrev' bibliography style
LaTeX Info: Redefining \cite on input line 1236.
\bibindent=\dimen122
\colcntr=\count108
\saveb@x=\box29
\copyrtyr=\toks32
\acmcopyr=\toks33
\boilerplate=\toks34
\copyrightetc=\toks35
(/usr/share/texmf-texlive/tex/latex/base/fontenc.sty
Package: fontenc 2005/09/27 v1.99g Standard LaTeX package

(/usr/share/texmf-texlive/tex/latex/base/t1enc.def
File: t1enc.def 2005/09/27 v1.99g Standard LaTeX file
LaTeX Font Info:    Redeclaring font encoding T1 on input line 43.
)
LaTeX Font Info:    Try loading font information for T1+aer on input line 100.

(/usr/share/texmf-texlive/tex/latex/ae/t1aer.fd
File: t1aer.fd 1997/11/16 Font definitions for T1/aer.
)))
(/usr/share/texmf-texlive/tex/latex/algorithms/algorithmic.sty
Package: algorithmic 2009/08/24 v0.1 Document Style `algorithmic'

(/usr/share/texmf-texlive/tex/latex/base/ifthen.sty
Package: ifthen 2001/05/26 v1.1c Standard LaTeX ifthen package (DPC)
)
\c@ALC@unique=\count109
\c@ALC@line=\count110
\c@ALC@rem=\count111
\c@ALC@depth=\count112
\ALC@tlm=\skip44
\algorithmicindent=\skip45
)
(/usr/share/texmf-texlive/tex/latex/algorithms/algorithm.sty
Package: algorithm 2009/08/24 v0.1 Document Style `algorithm' - floating enviro
nment

(/usr/share/texmf-texlive/tex/latex/float/float.sty
Package: float 2001/11/08 v1.3d Float enhancements (AL)
\c@float@type=\count113
\float@exts=\toks36
\float@box=\box30
\@float@everytoks=\toks37
\@floatcapt=\box31
)
\@float@every@algorithm=\toks38
\c@algorithm=\count114
)
(/usr/share/texmf-texlive/tex/latex/listings/listings.sty
\lst@mode=\count115
\lst@gtempboxa=\box32
\lst@token=\toks39
\lst@length=\count116
\lst@currlwidth=\dimen123
\lst@column=\count117
\lst@pos=\count118
\lst@lostspace=\dimen124
\lst@width=\dimen125
\lst@newlines=\count119
\lst@lineno=\count120
\abovecaptionskip=\skip46
\belowcaptionskip=\skip47
\lst@maxwidth=\dimen126

(/usr/share/texmf-texlive/tex/latex/listings/lstmisc.sty
File: lstmisc.sty 2007/02/22 1.4 (Carsten Heinz)
\c@lstnumber=\count121
\lst@skipnumbers=\count122
\lst@framebox=\box33
)
(/usr/share/texmf-texlive/tex/latex/listings/listings.cfg
File: listings.cfg 2007/02/22 1.4 listings configuration
))
Package: listings 2007/02/22 1.4 (Carsten Heinz)

(/usr/share/texmf-texlive/tex/latex/booktabs/booktabs.sty
Package: booktabs 2005/04/14 v1.61803 publication quality tables
\heavyrulewidth=\dimen127
\lightrulewidth=\dimen128
\cmidrulewidth=\dimen129
\belowrulesep=\dimen130
\belowbottomsep=\dimen131
\aboverulesep=\dimen132
\abovetopsep=\dimen133
\cmidrulesep=\dimen134
\cmidrulekern=\dimen135
\defaultaddspace=\dimen136
\@cmidla=\count123
\@cmidlb=\count124
\@aboverulesep=\dimen137
\@belowrulesep=\dimen138
\@thisruleclass=\count125
\@lastruleclass=\count126
\@thisrulewidth=\dimen139
) (./paper1.aux

LaTeX Warning: Label `table:nonlin' multiply defined.


LaTeX Warning: Label `table:nonlin' multiply defined.


LaTeX Warning: Label `table:nonlin' multiply defined.


LaTeX Warning: Label `table:nonlin' multiply defined.


LaTeX Warning: Label `table:nonlin' multiply defined.

)
\openout1 = `paper1.aux'.

LaTeX Font Info:    Checking defaults for OML/cmm/m/it on input line 7.
LaTeX Font Info:    ... okay on input line 7.
LaTeX Font Info:    Checking defaults for T1/cmr/m/n on input line 7.
LaTeX Font Info:    ... okay on input line 7.
LaTeX Font Info:    Checking defaults for OT1/cmr/m/n on input line 7.
LaTeX Font Info:    ... okay on input line 7.
LaTeX Font Info:    Checking defaults for OMS/cmsy/m/n on input line 7.
LaTeX Font Info:    ... okay on input line 7.
LaTeX Font Info:    Checking defaults for OMX/cmex/m/n on input line 7.
LaTeX Font Info:    ... okay on input line 7.
LaTeX Font Info:    Checking defaults for U/cmr/m/n on input line 7.
LaTeX Font Info:    ... okay on input line 7.
 (/usr/share/texmf-texlive/tex/context/base/supp-pdf.mkii
[Loading MPS to PDF converter (version 2006.09.02).]
\scratchcounter=\count127
\scratchdimen=\dimen140
\scratchbox=\box34
\nofMPsegments=\count128
\nofMParguments=\count129
\everyMPshowfont=\toks40
\MPscratchCnt=\count130
\MPscratchDim=\dimen141
\MPnumerator=\count131
\everyMPtoPDFconversion=\toks41
)
\c@lstlisting=\count132
LaTeX Font Info:    Try loading font information for U+msa on input line 28.
 (/usr/share/texmf-texlive/tex/latex/amsfonts/umsa.fd
File: umsa.fd 2009/06/22 v3.00 AMS symbols A
)
LaTeX Font Info:    Try loading font information for U+msb on input line 28.

(/usr/share/texmf-texlive/tex/latex/amsfonts/umsb.fd
File: umsb.fd 2009/06/22 v3.00 AMS symbols B
)
LaTeX Font Info:    Try loading font information for U+lasy on input line 28.

(/usr/share/texmf-texlive/tex/latex/base/ulasy.fd
File: ulasy.fd 1998/08/17 v2.2e LaTeX symbol font definitions
)
LaTeX Font Info:    Try loading font information for OMS+aer on input line 29.

(/usr/share/texmf/tex/latex/R/tex/latex/omsaer.fd
File: omsaer.fd 1999/12/27
)
LaTeX Font Info:    Font shape `OMS/aer/m/n' in size <9> not available
(Font)              Font shape `OMS/cmsy/m/n' tried instead on input line 29.

Overfull \hbox (5.9328pt too wide) in paragraph at lines 35--36
\T1/aer/m/n/9 Resource Re-al-lo-ca-tion, Code Own-er-ship, De-fect Den-sity, So
ft-
 []


Underfull \vbox (badness 10000) has occurred while \output is active []

 [1{/var/lib/texmf/fonts/map/pdftex/updmap/pdftex.map}


]
Overfull \hbox (7.54974pt too wide) in paragraph at lines 58--60
\T1/aer/m/n/9 In dis-tributed de-vel-op-ment en-vi-ron-ment de-vel-op-ers work
 []

[2] <gitdag.png, id=14, 479.7925pt x 439.6425pt>
File: gitdag.png Graphic file (type png)
 <use gitdag.png> [3] [4 <./gitdag.png (PNG copy)>]
Overfull \hbox (2.84253pt too wide) in paragraph at lines 197--198
[]\T1/aer/m/n/9 We have the com-mits con-tributed to re-leases and ev-ery recor
d
 []


Overfull \hbox (1.66328pt too wide) in paragraph at lines 197--198
\T1/aer/m/n/9 ex-plains us who com-mit-ted the file when did this get churned.
 []


Overfull \hbox (2.38339pt too wide) in paragraph at lines 254--255
\T1/aer/m/n/9 com-mu-ni-ties through-out dif-fer-ent de-vel-op-ment branches. W
e
 []

[5] <relTimeDomain100.png, id=26, 640.3925pt x 427.5975pt>
File: relTimeDomain100.png Graphic file (type png)

<use relTimeDomain100.png>
Overfull \hbox (5.7164pt too wide) in paragraph at lines 291--292
 [] 
 []

<linxrelmergfreq.png, id=27, 951.555pt x 374.39874pt>
File: linxrelmergfreq.png Graphic file (type png)

<use linxrelmergfreq.png>
Overfull \hbox (5.71419pt too wide) in paragraph at lines 300--301
 [] 
 []


Underfull \vbox (badness 10000) has occurred while \output is active []

 [6 <./relTimeDomain100.png (PNG copy)>]
<devsMPRPbox.png, id=34, 729.72626pt x 427.5975pt>
File: devsMPRPbox.png Graphic file (type png)
 <use devsMPRPbox.png>
Overfull \hbox (5.70969pt too wide) in paragraph at lines 318--319
 [] 
 []

<devsMPRP.png, id=35, 728.7225pt x 355.3275pt>
File: devsMPRP.png Graphic file (type png)
 <use devsMPRP.png>
Overfull \hbox (5.7164pt too wide) in paragraph at lines 325--326
 [] 
 []

<jdMPRP.png, id=36, 1204.5pt x 841.1425pt>
File: jdMPRP.png Graphic file (type png)
 <use jdMPRP.png>
Overfull \hbox (5.71107pt too wide) in paragraph at lines 338--339
 [] 
 []


Overfull \hbox (10.47397pt too wide) in paragraph at lines 343--343
[]\secfnt Developers' Con-tri-bu-tions Around the Time
 []

[7 <./linxrelmergfreq.png (PNG copy)> <./devsMPRPbox.png (PNG copy)> <./devsMPR
P.png (PNG copy)>] <devDistMPRPvenn.png, id=43, 576.1525pt x 289.08pt>
File: devDistMPRPvenn.png Graphic file (type png)

<use devDistMPRPvenn.png> <cumulFileOwnP.png, id=45, 729.72626pt x 427.5975pt>
File: cumulFileOwnP.png Graphic file (type png)

<use cumulFileOwnP.png>
Overfull \hbox (5.70969pt too wide) in paragraph at lines 360--361
 [] 
 []

<j_file_MPMPvRPRP.png, id=46, 729.72626pt x 427.5975pt>
File: j_file_MPMPvRPRP.png Graphic file (type png)

<use j_file_MPMPvRPRP.png>
Overfull \hbox (5.70969pt too wide) in paragraph at lines 370--371
 [] 
 []

[8 <./jdMPRP.png (PNG copy)> <./devDistMPRPvenn.png> <./cumulFileOwnP.png (PNG 
copy)> <./j_file_MPMPvRPRP.png (PNG copy)>]
<ownpMPRPbox.png, id=52, 729.72626pt x 427.5975pt>
File: ownpMPRPbox.png Graphic file (type png)
 <use ownpMPRPbox.png>
<lagMPRPbox.png, id=53, 729.72626pt x 427.5975pt>
File: lagMPRPbox.png Graphic file (type png)
 <use lagMPRPbox.png>
<churnRPnorm.png, id=54, 729.72626pt x 427.5975pt>
File: churnRPnorm.png Graphic file (type png)
 <use churnRPnorm.png>
[9 <./ownpMPRPbox.png (PNG copy)> <./lagMPRPbox.png (PNG copy)>]
<fileChurnRPbox.png, id=60, 729.72626pt x 427.5975pt>
File: fileChurnRPbox.png Graphic file (type png)
 <use fileChurnRPbox.png>
<file_commit_exeptional_rp10box.png, id=61, 729.72626pt x 427.5975pt>
File: file_commit_exeptional_rp10box.png Graphic file (type png)

<use file_commit_exeptional_rp10box.png> [10 <./churnRPnorm.png (PNG copy)> <./
fileChurnRPbox.png (PNG copy)> <./file_commit_exeptional_rp10box.png (PNG copy)
>] <jdRPChurnHighFocusFiles.png, id=68, 729.72626pt x 427.5975pt>
File: jdRPChurnHighFocusFiles.png Graphic file (type png)

<use jdRPChurnHighFocusFiles.png>
Overfull \hbox (5.70969pt too wide) in paragraph at lines 467--468
 [] 
 []

<jdRPCommitHighFocusFiles.png, id=69, 729.72626pt x 427.5975pt>
File: jdRPCommitHighFocusFiles.png Graphic file (type png)

<use jdRPCommitHighFocusFiles.png>
Overfull \hbox (5.70969pt too wide) in paragraph at lines 476--477
 [] 
 []


Underfull \vbox (badness 4634) has occurred while \output is active []


Underfull \hbox (badness 10000) in paragraph at lines 484--490

 []


Underfull \hbox (badness 10000) in paragraph at lines 484--490

 []


Underfull \hbox (badness 10000) in paragraph at lines 484--490

 []


Underfull \hbox (badness 10000) in paragraph at lines 484--490

 []


Underfull \hbox (badness 10000) in paragraph at lines 484--490

 []

[11 <./jdRPChurnHighFocusFiles.png (PNG copy)> <./jdRPCommitHighFocusFiles.png 
(PNG copy)>] (./paper1.bbl
Overfull \hbox (17.26033pt too wide) in paragraph at lines 70--74
\T1/aer/m/n/9 https://www.kernel.org/doc/Documentation/development- 
 []

[12]) [13

] (./paper1.aux)

LaTeX Warning: There were multiply-defined labels.

 ) 
Here is how much of TeX's memory you used:
 3842 strings out of 493848
 48811 string characters out of 1152823
 116437 words of memory out of 3000000
 7031 multiletter control sequences out of 15000+50000
 54667 words of font info for 73 fonts, out of 3000000 for 9000
 714 hyphenation exceptions out of 8191
 39i,10n,32p,2071b,717s stack positions out of 5000i,500n,10000p,200000b,50000s
{/usr/share/texmf-texlive/fonts/enc/dvips/base/8r.enc}</usr/share/texmf-texli
ve/fonts/type1/public/amsfonts/cm/cmbx9.pfb></usr/share/texmf-texlive/fonts/typ
e1/public/amsfonts/cm/cmmi6.pfb></usr/share/texmf-texlive/fonts/type1/public/am
sfonts/cm/cmmi9.pfb></usr/share/texmf-texlive/fonts/type1/public/amsfonts/cm/cm
r9.pfb></usr/share/texmf-texlive/fonts/type1/public/amsfonts/cm/cmsl8.pfb></usr
/share/texmf-texlive/fonts/type1/public/amsfonts/cm/cmsy9.pfb></usr/share/texmf
-texlive/fonts/type1/public/amsfonts/cm/cmti9.pfb></usr/share/texmf-texlive/fon
ts/type1/urw/helvetic/uhvb8a.pfb></usr/share/texmf-texlive/fonts/type1/urw/helv
etic/uhvr8a.pfb></usr/share/texmf-texlive/fonts/type1/urw/times/utmb8a.pfb></us
r/share/texmf-texlive/fonts/type1/urw/times/utmri8a.pfb>
Output written on paper1.pdf (13 pages, 535668 bytes).
PDF statistics:
 118 PDF objects out of 1000 (max. 8388607)
 0 named destinations out of 1000 (max. 500000)
 81 words of extra memory for PDF output out of 10000 (max. 10000000)

