  chfrq  
    2.00
  127.20
   47.26
   10.00
    2.00
   29.70
   47.20
   34.22
   17.33
   24.50
    1.00
   55.00
   16.75
    2.00
    9.33
   15.00
    4.50
  158.17
   98.25
    8.33
   18.00
    3.00
   33.06
    2.50
   30.00
    1.50
   32.32
   86.00
   97.38
   69.00
   67.15
  111.00
    2.00
   51.75
   43.00
   13.00
    2.00
    2.35
    6.00
    5.00
    9.50
   22.00
    2.67
   95.25
    1.33
    4.50
  128.86
   14.00
   23.00
   72.80
   40.67
   12.00
   10.00
  249.69
  572.00
   13.00
   16.00
   79.00
  640.40
   49.25
   25.00
   49.25
    2.00
    1.00
   44.96
  109.51
    2.00
    2.00
   38.75
   85.09
   60.43
   81.67
    2.00
  179.80
  169.20
    2.00
   87.67
  115.00
   58.00
    7.33
    3.00
   55.25
   40.00
    2.00
    1.00
   12.18
   14.00
    4.00
   16.29
   32.00
  174.71
   42.00
   19.33
    7.00
   63.30
   56.91
    7.33
   37.17
   27.71
    3.00
    4.00
  183.71
   22.96
   10.00
    2.50
   42.25
   61.00
  222.63
    7.11
   71.66
    1.00
    3.00
   34.65
   61.95
    2.00
   78.00
  287.00
   37.00
   87.30
   31.00
   32.94
  168.56
   71.40
  120.90
    4.67
   14.86
   14.89
  149.07
   15.40
   93.42
    5.50
  165.67
    8.00
   48.86
  112.86
    3.33
  112.48
    2.00
    2.00
    8.00
    5.00
  137.00
    1.00
  114.57
   15.36
    3.75
   39.33
  455.00
   20.75
   67.85
   10.71
    2.00
    6.00
   73.80
   49.67
  150.00
    4.51
    2.00
   70.46
    2.00
   19.50
    1.00
   16.50
    4.81
   55.00
    5.75
    7.25
   12.00
  182.00
    7.00
   16.83
    6.00
   14.75
   56.73
   54.00
   46.67
  128.00
  147.80
   16.00
   10.34
    2.00
    4.50
   23.97
    7.00
  355.56
   63.18
  136.50
   86.73
    3.00
    6.80
    1.00
   42.33
   76.04
  117.01
    8.00
   18.58
   14.00
    3.67
    5.00
  435.50
   15.50
    2.00
   11.00
    8.57
    7.33
   12.17
    5.44
    2.00
    5.00
    2.00
    4.00
   63.95
    4.00
    3.33
    5.00
    4.00
   18.00
   10.00
   23.50
  205.96
   35.88
   13.00
   21.25
   10.50
    7.50
   11.50
  107.50
    6.00
   35.00
    3.00
  140.37
   59.50
   52.33
   26.50
   12.00
   66.00
   74.50
    6.00
    2.00
   42.75
   63.00
   14.75
   36.42
    4.00
   12.50
   65.31
  186.68
  243.21
  292.26
   51.86
    2.00
  175.90
  547.89
  100.50
    6.00
   18.50
    1.77
   12.38
    2.00
   37.21
   78.63
   54.00
   23.29
   44.51
  106.27
    3.00
    4.00
   73.00
  228.00
    8.79
   74.76
  418.00
   18.00
    3.00
    5.00
   26.67
   41.00
  119.58
   13.75
   13.00
  148.00
    2.33
  215.90
   11.71
    2.00
    5.00
   32.00
    2.00
    4.00
   19.00
   16.00
    1.00
   73.50
   26.00
  349.00
  451.50
  224.00
   33.57
  164.88
   34.00
   58.00
   72.40
    4.00
    3.00
    3.00
    2.00
    2.00
    4.50
    2.00
   39.50
   12.00
   26.80
   57.07
   82.00
 2977.00
    2.00
  109.00
    6.00
  140.79
   12.00
    4.78
   44.00
    1.00
    8.00
   62.20
   13.73
    2.43
    6.46
    2.00
   24.27
    9.64
    4.00
    2.00
   41.50
   12.00
  108.11
    2.00
  198.88
    3.00
   33.20
  304.00
    2.00
   15.43
   80.00
    2.00
   42.69
   16.75
   45.00
    4.00
    6.00
    3.00
  144.75
   13.09
    3.00
   31.33
   24.50
   26.00
   34.33
    3.91
  136.27
  720.60
    9.00
   10.00
    8.39
    2.00
   11.00
   10.67
   28.00
   23.40
    9.50
  134.14
   39.00
  288.00
    6.00
  489.50
   18.79
    6.57
  106.33
   69.68
   21.00
  140.31
    5.00
    5.00
  551.67
    1.00
  184.00
    6.50
   42.00
   20.67
   16.25
    9.14
   10.00
    2.67
    5.17
   15.32
   11.20
   52.05
   24.25
  276.33
  224.00
    4.77
   98.78
   16.67
   76.05
   24.60
   41.80
   15.77
  129.81
    7.33
    8.90
    6.00
    8.00
   27.00
    2.00
  344.44
    6.67
   10.10
   11.33
   18.00
    4.00
   10.00
   44.90
    6.00
   14.00
    7.00
    5.00
   51.11
   15.50
   65.62
    2.50
   18.00
    3.00
   14.00
   66.14
   26.71
   18.33
   25.50
    8.00
   28.33
    9.50
    1.67
    6.00
    1.00
   26.56
  188.00
    6.00
   10.65
   22.00
    3.00
   80.60
  161.70
  141.50
    2.00
   24.71
   82.08
  104.67
    1.00
   76.33
   33.70
   45.27
   14.00
   13.00
   14.29
    3.00
  113.33
   14.00
   53.33
   21.80
    6.50
    2.00
    2.00
   15.00
   81.81
  126.14
   46.67
   15.00
    2.00
   32.13
   65.97
   16.63
   46.78
   82.33
    2.00
   31.80
   11.00
   21.00
    3.50
   10.00
  233.44
   15.00
   40.00
   29.75
   67.87
    7.44
  130.00
   20.00
   32.00
   26.88
   55.00
   12.00
   43.47
    2.00
   13.75
   38.00
   44.00
  108.34
   12.50
    1.50
   33.00
    4.00
   15.50
   14.00
  158.09
    8.33
   12.00
   16.00
    8.00
    5.00
    5.25
   56.00
   32.00
    1.00
   57.80
    6.00
   10.58
   39.04
  106.00
   16.40
   70.83
   29.93
    7.50
    2.00
  136.20
    6.00
   46.83
   29.50
    6.43
  326.49
   24.25
  137.97
    3.00
  203.00
   75.00
    3.00
    9.25
   42.00
   87.50
    4.00
    2.00
    3.00
  180.25
   85.00
    3.00
   41.50
    8.00
   38.33
    3.00
    2.00
   57.64
    2.00
   45.15
   13.00
    9.67
   11.50
   60.92
   33.14
   83.00
   24.79
  151.11
   28.00
   66.00
   77.28
  261.00
  950.80
   98.65
  265.87
   32.43
   78.44
   28.40
   65.67
   24.00
   19.61
   73.33
   24.00
 2141.00
   57.63
    2.00
   29.25
   23.68
   20.70
   19.13
    7.00
  134.07
  184.82
   48.00
   94.48
    6.00
    6.80
  102.25
    2.00
  296.00
    5.75
  139.33
  109.25
    2.00
    5.00
    4.00
    2.00
 1367.80
    2.00
   57.96
   17.50
  352.83
    6.43
  146.50
   12.00
   93.75
   16.00
  119.67
   33.60
    8.23
  454.67
  111.00
    2.00
   24.53
  328.00
   30.67
   52.97
    1.00
  198.60
   29.50
  108.24
   10.40
    5.14
   18.41
   25.00
   88.94
    2.00
    2.00
    3.00
    4.00
  103.93
    9.00
   82.20
   12.00
    6.00
   34.13
   40.43
   50.78
   48.26
  110.23
   32.00
   34.00
  177.00
  340.75
    2.00
    8.75
   38.00
    8.00
    5.00
  147.00
   72.31
    3.00
    2.00
    4.50
    4.00
    4.00
   19.00
   43.31
    8.00
   72.17
   21.00
   27.00
   47.20
  100.15
    2.00
  218.67
   33.67
   12.00
    2.00
    6.00
  179.00
   11.85
    6.00
   11.46
    3.00
   70.50
   41.33
    5.00
    3.33
   83.00
   89.28
   20.33
   78.22
   36.62
    5.00
    7.31
  255.00
   30.92
  116.89
   72.33
  101.40
  203.27
   49.83
   37.49
   13.33
   18.09
    1.00
   18.12
    2.00
    2.00
    1.00
   26.67
    6.00
    2.50
    4.00
   10.00
  151.75
    7.00
    3.00
    9.00
  270.46
  464.04
    1.36
    3.00
   29.32
    3.00
  404.97
    5.00
   14.00
    4.00
    6.00
    4.00
   33.29
  229.86
  101.11
   25.65
    4.92
    4.60
   20.00
   20.50
    1.00
   42.43
   96.00
    4.50
   99.00
  123.67
   75.90
  519.79
    8.00
   17.33
   20.00
    2.63
  294.76
  215.00
   87.00
   30.00
   18.25
    2.00
  141.67
   22.00
  293.00
  144.31
   18.00
    3.67
   46.00
   16.00
   38.33
    2.00
   35.33
  224.00
   21.71
   53.00
  191.00
   77.25
  121.00
   85.67
  154.86
   10.33
   81.97
    4.00
    2.00
    4.00
    5.41
  278.17
    2.00
    6.00
  290.34
   85.32
   10.50
    2.00
   31.20
    2.00
   20.59
   78.00
   37.90
    7.00
  239.32
  226.12
    4.00
   13.00
   40.00
    2.00
    6.00
    2.00
    4.29
    2.55
   15.49
    6.76
 1698.00
   38.00
  133.33
    5.00
    2.00
    3.00
   24.81
  110.67
    2.00
   13.12
    9.00
   51.08
    7.00
   37.80
   57.25
    9.00
   87.88
    5.68
  274.00
    2.00
    2.00
  123.00
   82.20
    4.00
   49.97
    6.00
   84.00
   14.00
   35.35
  198.64
   24.58
    5.33
   25.00
 1015.00
  334.00
  475.00
    3.00
  891.23
   27.55
   13.00
    2.00
   17.33
   40.00
   31.06
   70.00
   57.39
    4.00
    7.67
   15.50
  127.83
    2.00
    2.00
   31.00
    6.00
   19.35
   36.86
   50.80
    9.00
   31.67
   41.70
   37.86
   67.89
   67.75
   73.33
  345.69
   16.00
    5.00
   14.60
    5.00
    6.11
  112.18
  112.84
   88.37
    2.00
   90.40
  135.84
   57.29
   12.00
   22.50
   67.00
   50.44
  171.25
   51.33
   99.33
   34.88
    5.33
  162.93
   30.20
  181.68
   50.04
   57.50
    5.00
   47.33
  251.50
   28.00
   80.43
   12.55
   42.33
    7.89
    7.00
    7.00
  189.33
   17.71
    2.00
   13.44
   19.00
    4.00
  158.17
   11.38
   18.00
   23.00
    3.00
   15.31
   74.85
    7.60
    7.50
    4.00
   10.50
    3.33
   29.83
   10.33
  372.21
   95.00
   60.77
    3.50
  191.13
    9.00
    4.67
    4.00
    8.00
  780.14
   62.07
   78.21
   19.50
    3.00
    8.50
   10.00
   92.00
   34.91
    8.00
    2.00
   16.33
   12.83
   14.31
  156.50
  990.67
   13.50
   60.00
    2.00
   19.80
  115.86
  135.00
   33.80
  209.33
   38.25
   18.94
   13.00
   61.00
  176.00
    2.00
   64.90
   32.00
  117.16
    7.67
   77.75
   11.25
    6.00
   23.00
    4.60
  257.00
    4.00
    6.00
   10.00
    6.63
   83.67
    2.80
   35.00
   38.00
   89.50
   42.00
   12.14
   10.00
    2.00
   28.67
    6.00
    2.00
   20.52
   78.02
   51.50
    4.00
    8.00
  152.00
  115.14
   36.92
    9.40
   68.44
   15.00
    2.00
   35.49
    1.00
   75.90
   74.96
  236.67
   27.95
   37.24
   19.00
   61.63
    5.00
    2.00
    2.00
   15.00
    4.00
  134.00
  186.82
   27.40
   18.25
   12.75
   89.64
  437.00
   12.67
   10.00
    7.00
    3.00
    2.00
   10.00
    4.00
  826.16
   51.00
    4.00
    4.00
   15.00
   37.00
   13.55
   65.67
   23.30
   35.66
    1.00
   22.11
    5.50
 1364.00
   64.30
   12.00
   13.86
  168.60
   10.00
   26.00
   23.00
    7.00
   38.00
   15.00
   30.15
   40.46
    2.00
   58.08
    7.78
   10.00
   44.50
    2.00
  187.00
  118.83
   68.13
    7.00
    5.00
  110.63
   84.89
   21.78
   58.33
   23.00
   22.71
   31.50
    2.00
  311.86
    8.00
    5.00
  105.00
    4.86
  280.00
  110.40
    3.00
   29.18
    4.00
  269.00
   40.00
  383.00
   10.40
   92.58
    4.50
   21.00
    3.00
    4.00
  354.75
   34.40
    3.00
    7.50
    4.00
   61.67
   63.75
    7.00
   64.67
   12.00
    2.00
   12.00
   12.00
    9.50
   21.00
    3.00
   24.00
    1.00
  831.12
    1.00
    2.00
   78.38
    6.00
    2.00
  190.40
   38.02
   89.49
   83.00
   15.00
   22.80
    1.00
    2.00
    5.21
   57.17
    2.00
    4.00
  232.33
   45.20
   50.20
  803.00
   19.00
    2.00
    2.50
   42.50
    5.00
   19.00
   44.33
  110.91
   31.00
   82.67
    4.00
    9.50
  324.50
  115.89
  138.52
   20.00
   39.60
    1.00
   26.33
    2.00
   10.67
   47.25
   31.67
   11.50
  141.00
   17.00
  178.00
    3.50
   17.00
    2.00
    8.25
    6.83
   12.40
   49.44
   10.50
   91.05
   34.50
   18.00
   13.00
  552.36
  170.25
   49.38
   60.43
   17.00
   12.00
    2.00
  153.00
  207.38
   13.53
   64.42
  125.25
   52.06
    2.00
    1.00
  220.05
   29.00
   13.00
   18.00
   11.25
   35.20
   46.50
   63.95
   12.81
  115.33
   67.50
   30.00
  108.89
   35.33
    4.00
    5.75
   11.33
   81.00
   66.27
    4.00
    2.00
  335.00
    3.00
   59.00
   10.00
    2.00
    8.00
  344.08
   16.25
    2.00
    2.00
    2.00
   11.00
    5.10
   16.50
   30.90
   15.38
   56.50
    4.00
    6.00
   31.40
   71.09
   17.00
   19.00
   10.50
   13.00
  104.69
   13.50
   19.00
    3.00
  203.50
    4.00
    1.50
   80.57
   15.00
    9.00
    8.00
    8.00
    1.00
   15.00
   11.50
   11.00
   27.39
   31.00
   51.00
    7.50
   29.50
    2.00
    3.00
    9.00
   13.50
  128.58
    6.00
    4.00
   16.14
  215.18
   20.00
   23.67
    2.00
  111.12
    3.00
  105.72
    1.00
   23.00
   44.00
  858.00
    9.00
    6.50
    2.00
   26.00
   32.80
   41.00
    2.00
   42.35
   23.19
   54.71
   31.67
   14.37
   27.81
   23.60
    4.00
    5.33
   50.40
   18.50
    1.00
   41.87
   13.25
  100.11
   63.72
   76.60
    1.88
    4.25
   19.90
  255.50
    5.67
    6.00
   28.00
    4.00
    3.67
  230.00
  104.00
    1.00
    2.00
    8.00
   34.00
    7.00
   22.50
   93.89
    2.00
    3.33
   17.32
   11.42
    1.00
    6.00
    6.00
    2.00
    2.00
   13.71
    4.00
   20.50
   49.50
   36.00
    9.67
   18.50
   35.33
   10.00
    5.00
   10.09
   30.00
  113.59
   47.02
   71.16
    4.00
   27.20
   10.19
    3.50
   54.00
   56.82
   49.88
    3.00
   52.57
   29.00
  131.00
    5.50
   70.00
    3.00
    8.00
    3.00
  132.67
    6.00
    7.33
  229.54
    2.00
   13.50
   18.26
   20.84
  109.00
  243.25
   13.00
  337.00
  257.33
  171.00
   15.04
   23.62
   74.20
  129.33
  101.75
    6.00
    1.50
    2.00
    1.00
   11.00
    2.00
    4.00
   16.00
   12.00
  343.57
   61.17
   71.00
    2.00
   16.50
    2.00
   15.75
   25.00
    4.00
   11.50
  103.94
    2.00
    2.00
  142.00
   17.33
   59.57
  219.67
   18.00
  205.81
  169.75
    5.00
   30.13
   13.00
    9.50
  162.47
    2.00
   46.75
  133.00
   21.00
   17.00
    5.00
    5.18
    5.20
    4.00
   13.11
   55.41
    4.00
    2.00
   15.00
   64.75
   72.00
    2.00
   13.00
    2.00
    4.00
    6.00
  117.43
  436.68
   24.00
  175.00
  132.75
  258.00
  385.43
   85.27
   86.78
   26.75
   56.00
   83.00
   35.00
    2.00
    6.00
  159.00
    2.00
    8.83
    5.00
  220.00
  196.50
   76.50
   26.00
   57.00
    8.00
   82.00
  160.00
   14.00
   16.50
    4.00
    3.71
    2.50
  117.56
    4.60
   50.00
    2.00
  176.83
   41.09
   62.00
   30.00
    1.00
   17.00
   29.43
   16.00
   55.67
   72.43
    2.00
  143.43
    2.00
   85.36
   36.75
   33.50
    4.00
    4.00
   51.79
    2.00
   45.75
   13.00
    2.22
   13.00
    8.50
    4.00
    5.01
    2.00
    7.90
    2.00
  781.25
   11.00
    7.50
    1.00
   30.00
   30.89
   29.00
    1.00
   12.00
    4.00
    8.00
   49.86
  548.50
  232.44
   35.38
  968.00
    7.00
   66.00
    1.00
   15.50
   27.33
   73.88
   84.00
   32.50
    4.00
    3.00
   16.71
   33.71
    6.00
    4.00
   56.75
   30.38
   18.17
    4.33
   26.54
    2.50
  504.77
   54.42
   13.76
   25.26
    2.00
   25.55
   76.67
  188.33
   26.65
    3.67
   18.00
    2.00
    1.00
   31.00
    4.00
   81.33
   22.00
   83.00
   89.86
   31.06
   75.56
    2.00
   11.00
    4.00
   31.17
    3.00
   10.82
  198.50
   36.33
   20.33
    4.67
    5.14
  597.00
   10.67
    2.00
  120.06
   39.40
  161.60
   92.75
    4.00
   74.50
   37.71
   28.50
   89.50
  115.00
   42.92
    1.50
   35.00
   52.80
   62.57
    3.25
    4.00
    1.00
    4.33
    1.00
    2.50
    6.00
    8.50
    6.38
    2.00
    6.33
   84.00
    8.00
   33.20
   86.91
  155.03
   44.00
  214.88
    6.00
   16.31
   12.00
   19.50
  190.00
    3.91
   10.00
    9.86
   95.06
   75.92
    2.00
   15.29
    6.00
   60.81
   28.00
   15.00
   46.70
  177.17
    4.75
    2.00
   34.50
   49.57
   38.46
   76.24
    2.50
   20.33
   79.33
   41.56
   80.88
   26.39
   40.50
   27.00
  156.47
   43.00
   39.00
   21.50
    6.40
    5.30
   43.02
   35.67
   19.00
   22.44
    5.31
   74.00
    2.00
   39.00
  133.70
  199.08
   73.50
    3.00
   15.00
   67.00
   34.00
   72.00
   10.05
   36.71
   51.22
  128.00
    6.00
   53.21
  326.00
  192.29
   27.00
   94.00
  247.00
   96.25
   24.00
    9.50
   64.11
   14.00
  103.85
  127.47
   11.67
   91.15
   11.00
   42.00
  391.57
   12.63
   18.80
   74.33
  148.92
   27.71
  235.92
    1.60
   71.00
  195.27
  287.80
    4.00
  124.50
   50.34
  245.33
   44.50
    2.00
  238.00
   30.00
  344.00
    6.25
   63.85
    6.00
  111.60
   68.45
   12.75
   43.00
  122.45
   59.57
   90.80
   96.00
  142.64
   83.00
   32.50
    9.31
   62.00
 1023.00
   26.00
    8.00
   16.00
   45.56
  192.00
   18.33
   87.00
    6.50
    3.00
   10.50
  366.00
    1.00
  311.06
    3.50
    3.50
  130.00
   28.67
   12.74
  103.25
   73.67
  508.67
   17.67
   34.90
   30.00
    7.00
   65.22
   33.99
   40.50
  379.00
   10.25
   11.00
   43.88
    6.00
   21.50
    2.00
   17.00
   15.33
   13.36
    2.00
    3.86
   49.83
  181.60
    1.00
  499.78
   21.67
    4.75
   94.31
   13.00
  139.70
   65.33
  173.82
    1.75
  149.67
   35.00
  418.89
    2.59
  130.90
  210.42
  256.00
  107.02
   23.00
   74.16
  233.92
   43.33
  204.65
   14.40
   42.76
    6.00
    2.00
  121.60
  136.31
  192.03
   76.00
   52.00
  115.89
   23.00
    9.00
   10.00
    9.00
    8.00
 1517.33
  824.00
    1.00
   31.75
   31.83
  110.82
   13.50
   39.50
    6.00
   52.00
   21.75
    5.00
   14.22
   25.00
    8.00
   66.75
  173.30
   32.00
    5.23
    9.00
    4.25
  121.00
  178.20
    5.00
   19.67
    2.50
    4.50
   85.54
   25.79
   39.40
   21.12
    7.00
  100.00
    2.00
   44.33
  113.00
  145.17
    3.00
    9.00
   66.03
   46.50
   21.00
    4.00
    4.00
   71.00
    2.50
  198.25
    1.00
    5.25
    6.12
   74.95
   67.00
  177.87
  157.90
   39.00
   27.33
   39.57
  611.33
    2.00
   67.40
    4.00
   13.00
   22.86
   12.80
    4.00
    7.00
    2.00
    3.50
    2.00
    7.50
    9.00
    6.00
   94.64
   37.10
  151.08
   63.00
    2.00
    6.00
   14.74
    1.00
   46.73
   76.00
   49.33
   37.00
  188.50
   68.63
   74.30
   25.00
   60.75
    1.00
   35.59
    8.00
   58.42
  816.84
    3.00
   10.14
    2.00
    1.00
   87.00
   12.00
    7.50
   22.88
    4.07
    6.89
   16.40
   10.00
   31.40
   49.73
   14.00
  164.77
   34.32
   48.63
    2.00
   18.00
   63.16
    5.50
   34.00
    5.33
   26.36
    8.00
    1.00
   77.37
   26.07
   17.50
    8.00
    3.00
   89.13
  145.22
  131.75
    2.00
    5.00
   63.78
    2.00
   86.62
   34.29
   48.00
   22.67
   12.75
   29.46
   44.54
    6.38
  226.28
    4.00
    7.00
    9.50
    2.00
    2.00
   31.00
    8.00
    4.00
   13.95
    8.00
  162.25
  847.00
    3.00
  254.00
  140.70
   14.50
  160.00
   31.89
   25.67
   13.64
  153.52
  220.20
    4.00
   56.33
  121.57
   53.29
   29.83
    4.00
    4.00
   55.00
   22.31
   25.00
   34.77
   58.74
    5.43
   16.00
    4.29
    6.06
   34.30
    4.66
    2.00
    6.00
    6.00
   22.00
    2.00
    5.00
  124.00
  344.80
   16.00
  271.69
    9.00
   52.15
   19.33
   57.56
  395.50
  186.44
   41.25
    2.00
  220.74
  198.56
    9.25
  136.33
  220.67
 2638.67
    4.00
   12.20
  306.00
    5.00
   12.50
    4.00
   52.25
   54.69
   61.50
    6.50
   15.33
  133.00
    1.00
   23.00
    1.00
    4.00
  559.11
   10.00
   39.00
  244.67
   50.00
  399.00
  597.00
  136.00
   71.40
    6.00
   10.00
    9.00
    2.00
   11.00
   28.00
   14.00
    1.00
    1.50
  273.71
  187.82
   14.50
   14.25
   26.78
    7.00
    6.50
   10.00
  118.33
    4.00
   11.50
    2.00
    9.00
  167.91
  553.00
    1.00
    8.00
    7.33
   28.71
   31.11
    6.50
   26.00
   24.00
    8.00
   12.00
  275.27
   56.67
    4.00
    1.00
    2.00
   96.00
    1.67
    7.00
  100.00
    7.20
    2.00
  144.50
  131.50
  102.67
   17.67
    9.00
    6.00
   43.00
    3.50
    1.50
   12.60
   69.00
   11.33
   62.32
   18.00
   25.17
   51.25
  350.64
    5.25
   10.33
 2384.70
  614.00
   61.88
    7.50
    3.37
   10.00
   43.57
    5.50
    4.00
    1.00
    9.36
    8.54
   14.20
    5.00
    1.00
   14.81
 1446.00
   57.00
   31.00
    7.00
   19.00
    5.00
   53.50
    2.00
  109.00
   45.00
   20.00
  123.74
   13.17
   16.00
   26.00
    6.50
   32.00
   21.86
   29.67
   27.00
  115.75
   52.00
   16.29
    6.00
   17.03
   17.85
   88.00
   57.00
   83.00
   21.00
    5.52
    1.00
    4.09
    4.00
  128.22
  142.00
   87.34
   48.12
  195.00
   32.50
  185.09
  112.20
    7.00
   12.00
   11.00
   94.86
  111.25
   48.50
   31.67
   13.00
  206.25
   14.73
    5.00
   30.33
   32.83
   17.06
   64.60
    6.87
    5.00
    2.00
   10.00
    1.00
  149.80
   19.00
   27.38
  285.43
    6.74
  190.08
   55.33
   11.50
   22.00
   48.00
   50.67
 1182.00
   44.11
   68.00
  495.00
  130.00
    2.00
  148.69
  293.61
  393.79
   60.80
   24.60
    2.00
   20.00
  119.21
    2.83
    1.00
    9.47
    1.00
    2.00
   12.00
    2.00
    4.00
   27.00
   43.00
   10.00
   99.11
    5.25
   16.00
    4.33
   10.00
    4.00
    8.00
   77.40
   20.00
  162.41
   14.00
    3.43
   10.00
   15.00
    9.00
   16.00
    3.50
    3.00
  473.17
  227.00
  975.00
   12.00
  230.61
   20.83
  107.95
  404.71
    2.00
    8.44
    8.00
    5.78
   13.11
  103.50
  139.45
    8.00
   99.50
   39.00
   14.00
  218.00
    9.81
    2.00
    6.12
    6.82
   17.00
   11.00
    3.00
   11.77
    1.00
    1.00
    2.00
   85.00
   66.83
  240.78
    2.00
   12.50
    1.00
  124.00
   74.67
   52.00
    4.00
    2.00
   17.00
    9.00
  118.00
    2.00
   42.09
   52.01
  168.27
   84.33
  175.71
   40.43
    8.00
   93.23
    3.80
   28.62
   19.00
    1.00
   47.00
   18.40
   86.00
   29.80
   62.40
    7.20
    4.43
   54.08
   34.36
    4.00
  113.00
    2.00
   77.77
    8.00
    2.00
   18.00
    2.00
   44.67
    1.00
    1.00
    1.00
    5.69
   22.67
    6.33
    8.73
   11.50
  275.92
    6.72
    3.67
    4.00
   17.00
   33.00
    6.00
    6.60
  114.28
    1.50
    7.57
    2.00
    2.00
  136.00
    3.00
  149.00
    1.00
   31.50
   11.67
   49.33
  217.83
   72.37
   45.00
   59.12
    9.00
  496.78
  120.00
  143.55
   25.63
   24.85
   11.00
   10.14
    6.80
   13.00
  572.85
   28.33
   22.00
    9.00
   29.78
   35.25
  168.50
    6.67
   61.00
   36.00
    2.00
   47.40
   12.50
   38.00
   76.81
   51.12
    2.00
    3.00
  191.47
    2.00
    1.00
   93.50
   13.67
  155.00
   19.00
   98.00
   35.71
  112.56
    2.00
    1.50
    2.00
    1.60
   17.00
   23.50
  356.24
   67.80
  726.55
    2.00
   92.69
   56.89
  104.86
   12.50
   68.00
    4.00
   70.00
    3.50
   16.42
  452.20
   21.00
    7.00
    2.00
   22.00
   15.30
   85.88
   17.00
    2.00
   12.57
   13.12
    6.00
    1.00
  840.00
    2.00
  489.00
    4.00
  284.00
    3.67
   90.67
   19.00
   27.00
   93.00
   54.75
    4.33
    5.22
   29.25
    2.62
   22.00
  169.21
   74.67
   18.86
   10.00
   56.00
   12.83
   27.67
    7.00
   10.00
   11.67
  110.00
   12.00
    9.00
   22.33
   10.00
   34.91
   17.23
   11.15
   11.00
   76.08
    2.50
    3.00
    3.33
    2.00
   22.33
   46.50
    5.00
   24.00
    6.00
   44.14
   10.00
   12.94
    3.00
   68.50
    7.00
    2.50
   24.04
   64.50
    8.00
   60.17
   81.08
    4.00
    4.50
   28.83
   29.80
  101.81
   51.00
   49.75
   22.81
    5.00
  208.30
   82.50
  497.50
   14.20
   74.00
  114.00
   56.00
    4.33
   19.36
    3.00
  314.40
    8.00
    9.00
  106.00
    2.00
   71.94
   42.02
   10.00
    2.00
    3.33
   75.00
   34.02
    5.00
   13.00
    6.00
    2.00
    3.00
   44.00
    6.00
   53.00
    3.50
  166.49
    5.33
   18.12
    1.00
   16.00
    7.00
 1352.33
  176.17
   30.88
   18.50
    2.00
   41.06
    2.00
   21.50
   25.21
   56.25
  271.35
   30.00
   77.75
   17.13
    4.00
  156.00
    4.00
  111.07
   18.38
   23.48
  101.31
   27.38
   89.83
   18.67
    2.00
  150.56
    7.00
   39.00
  986.65
   12.00
  108.00
   31.00
   66.00
    3.80
    9.50
    4.80
   66.33
   49.00
    2.00
   14.89
   17.00
   16.50
    5.67
    9.00
   14.60
    6.00
    1.50
    6.00
    3.60
   16.00
   80.95
  171.67
   43.00
   30.50
  253.50
   58.83
   13.00
   71.00
    8.67
   34.25
   92.71
  110.08
  327.40
   30.00
   49.67
   88.00
   24.82
   82.00
   37.58
   24.52
   42.45
   38.40
    6.00
    9.60
   50.67
   45.57
   18.50
   10.00
   12.00
   14.40
    6.00
   19.35
   50.42
  360.72
  117.50
   33.00
  752.75
    6.00
  147.40
   34.50
   10.75
    3.00
  109.93
    4.00
    8.89
   31.33
   21.20
  591.00
   97.78
   70.87
    9.67
    2.00
  142.83
    2.67
    5.00
   18.58
  127.41
   89.67
  212.98
  117.84
   69.46
   37.30
    2.00
  936.33
  213.36
  119.78
    8.33
   15.33
   15.50
   26.50
   19.00
    1.00
    2.00
   14.00
   16.67
   74.50
    1.00
    5.00
   55.13
    6.00
   51.00
   37.50
   30.50
  428.50
   13.00
    4.00
   12.00
   28.50
    7.27
    2.00
   22.00
    7.40
  132.00
    4.00
    8.14
    1.00
   95.09
   38.25
  108.80
  141.12
   28.00
    4.30
   12.50
    5.00
    3.00
    8.33
    2.00
   49.00
    5.00
  101.00
  136.43
    2.00
   30.89
    1.00
    4.00
    2.00
    5.00
  400.58
    2.00
    7.23
    2.00
   35.50
   40.00
  179.67
  138.63
   22.00
   50.00
   34.50
  263.30
   98.03
   68.50
  242.45
    3.00
  308.41
    3.00
   35.00
    1.00
  362.00
   95.43
  125.89
   85.00
   51.00
   32.38
  506.33
  152.60
    4.20
    7.53
   21.80
    6.00
  180.16
    3.00
    2.00
   97.68
  264.44
   16.00
   11.67
   16.00
    2.00
   63.29
  207.92
  971.40
    8.67
   27.75
   12.50
  130.00
   51.80
  120.33
   61.67
   77.47
   12.20
   27.30
   14.50
   22.44
    1.50
   98.60
   20.00
  151.75
    2.00
    4.50
   68.50
   12.50
    8.00
    6.00
   16.00
   93.17
    8.67
   63.79
  138.25
  158.88
  156.00
   19.71
    6.00
  282.33
   41.04
    6.00
    4.00
    2.00
  320.57
   34.00
    6.00
    8.00
    4.00
   79.80
    6.00
    2.00
   26.00
    2.00
    1.57
   69.29
  340.65
   87.38
  164.40
   36.57
    4.87
   37.33
   17.50
  108.33
   31.00
  148.38
  149.67
   32.88
   30.06
    5.50
    5.50
    9.25
    8.00
  115.00
    2.00
   80.13
    9.00
  103.59
  592.54
  242.86
   36.00
  338.00
    8.38
   41.13
    5.00
    2.00
    4.00
    4.00
    9.68
    4.00
  118.00
   33.00
   31.00
  314.14
   29.00
   96.00
    4.00
  822.00
    2.00
   12.00
    3.29
    2.00
   26.43
    1.83
   55.29
    4.50
   15.28
   37.89
    5.00
   76.41
    2.00
  198.00
  219.00
   27.00
   17.67
   39.40
   12.00
    4.50
  201.00
   26.86
   33.00
  223.50
   12.33
   10.40
   17.87
    6.00
    1.00
   25.50
   28.00
   39.10
   87.20
    7.00
  106.00
   10.00
   12.92
   83.00
    5.00
    4.75
   55.17
    1.00
  169.21
   46.25
   51.00
    7.50
    2.71
    9.80
    8.00
   79.37
    4.00
    4.00
    6.00
   10.20
  169.45
    4.00
  166.00
   33.04
   40.40
   25.79
   11.14
   15.00
    8.72
    6.00
 1481.50
    4.33
  118.38
   83.93
    8.00
   45.15
   22.50
    8.00
   17.33
    3.00
   11.50
    2.00
    2.00
    8.00
   33.29
  229.04
   33.20
   18.00
   81.00
    4.00
  196.23
    2.00
   96.20
  164.13
   61.00
   17.50
    6.00
    8.00
    5.50
   74.00
    4.00
   27.38
   14.31
   90.55
   11.75
    4.00
   28.00
    7.50
   16.24
   36.31
    1.00
    5.00
    1.50
    9.70
  172.96
    1.00
    1.36
    2.00
   75.86
   65.68
   10.00
    4.00
    4.00
    2.00
    8.00
   25.00
    3.00
  112.92
  111.00
   51.37
    4.00
    4.00
   99.50
   44.67
    2.00
    2.00
    2.85
    9.00
  118.40
   59.96
   27.19
   49.20
    4.00
   85.25
  213.08
   51.67
  114.00
   53.89
  173.56
    4.33
   32.00
   14.00
    5.33
   47.82
   21.00
  144.33
    8.00
  405.00
  160.00
   31.25
   33.67
   45.50
   31.14
    3.00
  209.21
    8.00
    6.25
    2.00
   18.00
   13.00
   11.00
   18.50
    1.00
   28.50
    1.00
   17.86
    4.50
   19.74
   11.75
    5.20
   90.60
   90.50
  293.91
  803.15
    4.50
   56.00
   14.00
  156.25
    1.00
    3.33
  263.00
  146.38
    5.00
   22.74
   16.33
    8.92
  434.71
   79.00
   48.18
   26.00
  147.00
   14.00
   78.00
   30.04
   23.18
   90.00
  316.67
   28.50
   26.24
    5.00
  206.15
   15.50
    4.50
    3.00
   11.33
   16.00
    9.00
    1.50
   52.89
  242.76
    2.00
   20.45
   38.33
   17.00
    6.67
   31.00
   80.41
  153.63
  266.14
    3.00
   10.67
  117.37
   36.33
   86.34
   25.63
    7.00
   91.15
    2.00
   82.00
    2.00
  162.17
   53.43
    2.00
    6.00
    7.00
    6.00
   27.67
   47.25
   21.20
 1828.00
  841.00
   57.00
   33.50
    4.00
   20.00
  121.26
  516.67
   44.25
  191.56
   10.40
   88.94
    8.00
    9.00
  297.00
   31.00
   28.00
    3.36
  283.00
  136.33
  137.64
   57.64
    2.00
   86.23
    2.00
  642.50
   83.00
   62.80
   10.00
   93.20
   30.29
    2.00
  110.00
    8.00
   95.21
  462.20
   49.69
    3.00
    2.00
  448.00
    4.60
   50.20
  352.06
    6.00
   55.13
  115.69
   32.00
    8.33
    4.00
   55.35
   33.00
    4.00
   61.50
   99.45
   56.38
   16.48
   13.50
    1.67
    9.73
    2.00
    5.00
 1517.70
   31.58
    6.00
   11.00
    2.00
   31.33
    3.00
  142.17
    3.50
  202.72
   25.33
  127.90
    9.00
 1459.89
   10.00
   17.33
    1.00
   39.25
   49.00
    1.00
   45.21
    5.00
    3.00
  132.50
   44.29
   95.00
    5.00
    8.50
    2.00
    3.50
   31.11
   19.00
    1.00
   79.45
  596.21
  572.54
   12.67
    5.00
   43.00
    9.00
   23.23
  127.89
   12.50
   11.00
   15.50
   10.00
   76.50
    4.60
    8.00
   46.67
    7.00
   34.00
    8.00
  101.00
  235.50
  111.63
   24.89
   14.98
   15.76
    2.70
   28.29
    2.00
   64.00
   26.96
   13.07
   20.90
    6.88
    4.00
   24.00
   26.00
   10.00
   18.00
   32.14
  133.29
  179.42
  108.15
   38.00
    1.00
   53.53
   13.00
   86.87
   62.08
   32.44
  101.83
    2.00
    6.00
   96.50
    7.00
   10.28
  118.92
  108.45
    2.00
  151.95
   10.00
  151.67
    6.00
    8.00
  188.83
   37.50
   30.00
    5.00
   21.83
   26.00
    4.00
    9.00
   12.90
   14.21
   30.43
    1.00
    2.00
   76.50
   42.00
   92.00
   45.88
   17.70
   30.33
   12.33
    1.00
  501.24
    7.00
   22.14
   29.00
    9.70
   19.46
    9.00
   46.38
   28.30
   11.88
   87.50
    3.90
   19.00
    7.00
    2.20
 1691.00
    1.33
    2.00
   25.00
  226.67
    4.00
   61.00
    9.75
  165.88
   17.67
   33.60
  174.22
    5.00
   29.20
   95.38
   94.67
   15.00
  380.76
   14.06
   71.31
   14.50
  490.00
  347.00
    5.20
   55.50
    2.50
   25.00
   14.23
  190.80
    2.86
    3.00
   86.69
   29.61
    2.75
   60.33
   95.31
  240.33
   79.00
  155.08
  120.17
  314.75
   15.50
   85.67
  166.60
  765.27
  162.41
  142.50
   18.43
   48.00
  169.69
   51.88
   21.54
  138.33
   24.00
   26.00
   45.61
  112.50
   13.00
   11.54
    4.00
   25.00
    6.50
    3.00
   14.00
    1.00
    2.00
   67.75
   10.71
   10.00
   80.08
   95.25
  239.46
   30.00
 1293.14
  122.00
    1.57
   17.67
  136.67
   15.14
    4.44
   15.50
   55.00
    7.25
   96.75
    4.00
   10.50
    7.00
   94.28
    4.00
  132.15
   54.31
   97.25
   35.96
  125.88
   60.52
    3.00
    2.33
    5.00
   20.67
  132.58
   37.22
    2.75
   33.30
   54.38
   35.00
   24.00
    1.00
   33.00
   69.73
    1.00
   10.00
   24.50
    3.33
    1.25
  195.43
   58.50
    2.00
   45.64
   95.14
   17.69
  119.58
    6.00
  225.00
  350.33
   50.00
    3.00
  112.00
   21.00
   11.63
  171.84
   16.54
    6.00
   77.26
   59.38
  120.16
    8.00
   18.67
   76.28
  280.50
  394.00
   12.00
    4.00
    6.00
    3.00
   81.17
  462.90
   25.83
    7.00
   67.67
    3.40
   12.00
    1.00
   47.86
   21.00
  708.96
  912.10
    8.60
   21.00
    7.00
    7.00
    4.11
   14.88
    7.00
    5.79
   11.54
    1.00
   38.59
   97.07
  273.96
   37.00
   18.60
    1.00
  191.65
   91.25
  796.65
   17.05
   58.00
   14.50
    2.00
   26.42
   53.33
   18.50
    7.82
   58.89
   81.33
    2.00
    4.00
   24.00
    3.50
    9.00
    3.00
   20.83
   35.38
    9.75
  107.67
   31.60
    3.00
   97.00
    8.36
  364.40
  102.14
    4.00
  351.00
   11.18
    2.00
  488.73
   17.33
   17.20
   32.50
  119.71
    6.00
   13.50
   25.44
    8.67
   10.44
    3.00
   80.07
   20.50
   48.99
    4.29
   41.00
    1.00
    1.00
    2.00
  133.64
   16.00
  169.75
   49.63
    8.00
   10.00
    4.00
    4.00
   59.22
  623.10
   30.57
   18.00
   28.84
    3.00
    8.00
  122.30
    3.67
    8.00
  400.33
   15.75
    1.50
   80.61
    2.00
   99.38
   11.43
   32.50
    4.25
   16.42
  171.04
    6.00
   35.25
  310.71
   30.00
    6.00
   12.33
    1.00
   21.00
   49.50
    6.75
    4.85
   21.25
   96.42
  425.20
  215.00
    4.00
  263.50
   39.77
   28.50
    9.75
    1.00
   14.89
    8.00
    6.00
   32.11
   11.00
    3.00
   28.75
   77.78
  290.17
   18.50
    2.00
   84.94
    4.00
  206.75
    2.00
   10.50
    4.00
    1.00
    1.00
   23.48
   12.50
    8.00
    5.00
  253.36
   27.81
   45.50
   22.56
   48.00
    8.00
    1.50
    7.50
   27.11
   94.55
    6.00
   75.71
    5.00
    4.40
   14.44
   67.00
   24.18
    2.00
    1.00
  289.05
  357.14
    3.00
   14.00
  175.00
   27.25
    2.00
    5.25
  166.14
    2.40
   37.73
  118.95
    3.00
   39.50
    5.50
  305.27
    4.28
    8.00
   87.00
    3.50
  133.33
    2.00
   62.80
   50.59
   50.00
   47.24
  105.43
   61.70
    3.17
   16.00
   61.44
  112.00
    9.33
  292.00
   44.00
    3.44
    3.17
    4.00
   17.00
   76.25
   37.43
   16.25
   98.52
   25.50
    3.00
   70.00
   26.00
    1.00
   56.00
    2.50
   10.00
   18.50
   13.00
   18.00
   40.80
    3.00
  110.11
   31.37
   14.00
    4.00
    9.00
    7.00
  189.23
  140.00
   14.00
   67.18
    2.50
    2.60
  101.00
   11.00
   27.50
    2.00
    8.50
   55.20
    5.00
   17.33
    6.00
   21.88
   65.57
   10.00
   30.00
   67.50
   23.00
   28.67
    2.00
    5.00
  106.56
   95.15
   18.43
   13.00
  103.00
    2.00
    9.33
  189.91
   71.00
   76.00
   87.75
   59.67
   72.50
   57.00
  102.91
   27.50
   48.77
   79.17
  184.40
   37.00
   14.50
    1.00
    2.00
  164.96
  185.50
  271.21
  348.50
   62.33
    1.00
    8.33
   51.84
  267.00
   39.25
    6.00
    2.00
  455.00
   50.25
   25.50
    8.00
   10.00
   17.00
  304.00
    1.00
    2.50
   51.81
  489.00
    2.00
   72.00
   21.19
    2.00
   38.55
   85.80
   17.33
    5.89
   92.47
  182.43
    1.33
   69.83
    4.00
    2.00
    2.00
  102.47
    8.00
    9.00
  145.70
   40.27
   10.50
   21.00
   32.36
   27.33
    6.82
  119.47
   49.75
    2.00
   22.00
    2.00
   14.00
   83.60
   12.50
    2.00
  101.00
   12.00
   54.00
    4.00
   18.00
    4.00
  157.50
   15.00
   73.70
    6.00
    2.00
  188.45
   52.63
  167.26
   80.75
   16.46
    3.68
   10.34
    1.00
    3.00
    5.57
    5.50
    7.00
  187.33
  675.00
  350.75
  413.53
   15.33
    3.00
   38.00
   18.00
   11.63
    2.00
   18.23
    9.00
    2.33
   78.68
    7.39
  111.00
   41.50
    7.00
    8.00
    3.50
    5.80
   12.44
   22.50
   39.00
   22.56
   24.00
    1.33
   27.00
   64.00
    2.00
    6.00
    2.00
  302.75
    2.00
  121.00
   31.80
    8.50
   57.40
    4.89
   11.29
   18.00
   72.33
  175.01
 1322.00
  201.48
   11.14
   93.33
 1247.00
    4.50
  436.11
   11.60
   34.50
   71.20
    8.29
    1.00
  624.11
   63.67
   10.00
    2.00
    8.50
  166.50
  112.86
    2.00
    2.00
  123.00
    7.17
    2.00
   18.99
   54.83
    1.00
   85.00
    5.93
  179.14
   37.00
   11.00
    3.80
    4.00
    6.00
   51.43
   23.00
   16.00
    1.00
   48.00
    9.40
    4.00
  113.00
    3.00
   40.41
   48.00
    3.75
    6.90
    4.00
  231.80
    5.00
   36.00
    5.00
 1556.57
   46.55
    3.00
   17.17
    1.00
   15.00
    2.00
   10.00
    3.00
    6.00
    5.13
   75.50
    6.60
    4.00
    5.75
   12.50
   10.00
  113.27
    6.67
   75.76
    6.50
    4.00
  454.00
  924.57
  114.00
   36.50
   87.88
    6.00
    1.00
    9.67
  101.13
    5.00
   24.00
   11.00
    8.00
    3.00
    5.00
   38.00
  177.43
  167.08
   52.70
    9.00
    5.89
    4.00
   10.50
   10.00
    3.33
    2.00
   23.00
   18.50
   35.00
   77.44
  160.00
  260.94
   37.00
   20.00
    2.00
   26.00
   60.57
  365.27
    4.00
    1.50
   97.00
    4.50
   26.00
   58.00
  175.08
  394.00
   37.50
   16.00
    6.00
    6.33
   12.00
  450.18
   37.50
   14.90
   11.50
   31.57
    9.00
    7.33
   20.00
   26.62
   18.75
   50.75
   30.08
   19.68
    4.00
    3.00
    3.00
    6.50
    2.00
   34.11
   13.00
    2.00
   13.00
    3.00
  130.11
    5.50
   12.14
   15.11
   17.50
  341.75
  120.00
   10.50
   12.50
   10.00
    5.00
    1.00
   37.40
   27.00
  182.40
    8.38
   17.18
   34.50
    5.00
   12.63
  125.68
   88.86
    2.50
    5.19
   15.00
   21.67
   13.00
   39.50
    2.00
   50.38
    1.00
  161.93
    3.00
    9.80
    3.00
    2.00
    6.00
    1.00
   75.00
   41.00
  113.67
   44.86
   10.00
    4.00
   20.00
    4.00
   44.73
   31.55
    7.00
    2.00
    3.00
   41.00
    3.00
  162.00
   29.43
  190.18
  404.00
    4.00
   21.40
   53.00
   47.29
   37.70
   11.00
   30.33
    5.60
    4.18
   18.50
   31.00
    4.00
   36.00
   14.36
    4.80
   51.02
   20.52
  820.00
    2.00
   55.70
   66.00
  196.50
  221.50
   38.00
  140.33
    3.00
  107.00
    4.00
   26.43
    1.00
   29.50
    2.00
   77.00
    6.67
   14.00
    5.00
   61.00
  190.00
  121.33
   92.86
    3.00
  174.00
   32.25
    3.50
    6.50
   12.53
   18.00
    3.50
   47.33
   19.98
    4.00
   15.82
   10.20
   38.00
   95.25
    3.00
    4.00
    5.50
    2.00
   29.77
   14.50
   35.57
   83.92
    4.00
   30.00
   12.00
   21.00
   10.83
   74.00
    6.33
   99.00
    4.33
    8.00
   16.00
  122.50
    1.00
    4.00
    2.00
   16.45
   12.00
   74.00
    2.00
    8.00
  231.53
   60.00
    2.00
  101.00
   59.33
  173.42
   37.00
  525.40
   24.33
    1.00
   72.88
   13.92
    6.60
  146.00
    2.67
    2.00
    3.00
    6.00
   17.71
   18.00
  162.00
   64.67
   16.57
   29.00
    2.50
   41.00
   38.31
   22.00
    4.00
  273.67
   34.50
    5.33
    7.36
    3.50
   75.00
  146.28
   21.86
    7.00
   15.00
    2.00
    4.00
    7.70
   89.83
   71.00
   19.50
   33.91
   97.29
    5.00
   14.80
   52.50
    2.50
   49.67
    2.00
   60.56
   68.76
   34.00
   71.60
  515.00
   25.00
    2.00
   63.13
  102.72
   23.00
  455.00
  210.26
    7.00
   19.00
    2.00
   10.00
   20.12
   14.00
    3.00
  851.00
   24.08
    7.57
   26.00
    4.00
  120.94
   98.91
  117.77
    4.21
    6.13
   18.00
    3.00
   93.07
  193.68
    4.00
    5.25
  493.43
  174.00
   15.00
    3.00
   10.33
    6.00
   14.00
    4.00
   82.00
   11.67
  122.75
   16.00
   24.00
   19.75
   43.91
   42.46
   32.92
   29.75
   13.00
    2.00
    2.21
  108.40
  160.13
   11.67
   91.38
    3.00
    7.00
   20.00
   73.75
   50.00
   11.89
   68.54
   35.67
   61.00
    9.00
   73.82
   50.28
    3.50
   16.36
  107.70
   64.97
   24.20
   21.00
    2.00
   73.94
  648.00
   39.00
   42.00
   40.00
   16.00
    2.00
    4.33
  207.05
   11.67
  123.00
    4.00
    2.00
   49.33
   95.57
  119.34
    6.83
  246.30
   25.00
   22.00
    2.00
    1.00
    2.00
   21.76
  103.45
    9.36
  227.05
    1.00
    8.50
    6.20
  217.50
   56.25
   85.14
   15.00
  345.33
   20.97
   47.00
   69.55
  147.00
    4.33
    1.00
   51.00
  540.00
  106.67
  157.33
    6.75
   87.67
   45.46
  132.50
  121.23
   30.00
  323.00
    5.09
   89.76
   25.38
  101.75
    2.00
    7.00
   31.57
   11.80
   38.64
   22.60
    2.00
  251.17
   13.79
  102.88
   12.17
   35.00
    9.00
    1.00
    5.00
   13.50
   20.75
  163.47
    6.00
   15.00
  202.33
   18.00
   33.29
   17.00
   13.00
   22.25
   17.20
   17.80
    4.00
  184.41
  174.44
   31.17
    2.00
   64.75
    9.33
    2.17
    4.00
    3.00
    2.00
   11.86
   10.60
    5.00
   51.25
    1.00
    2.50
    3.80
    2.00
    5.50
   79.50
   12.62
   84.55
  100.60
  121.95
    2.00
    9.00
    4.00
   53.00
   49.82
   27.00
   89.00
   40.36
   12.00
   25.50
    4.00
    2.00
   17.53
   37.42
   24.27
   25.00
   12.60
    9.14
   38.00
  144.70
   59.73
   76.26
    3.00
    4.00
    2.00
    1.33
 1320.44
    5.33
   20.80
   20.14
   21.03
   42.00
   44.19
   10.80
   67.19
   42.42
    2.00
    7.00
    4.00
    1.00
  108.50
   50.50
  167.38
  185.50
   34.00
    4.00
    7.75
   21.25
   22.09
    2.00
    7.67
    5.00
    5.50
  306.53
  246.05
   70.25
   50.58
   32.63
    7.40
   17.00
  139.00
   13.00
  163.00
   69.60
   34.00
   19.75
    5.00
    4.00
    4.33
    2.00
    4.00
   21.00
  674.00
    2.50
    5.50
   40.50
    3.00
   67.40
    6.00
   13.00
    1.00
   55.38
   99.60
    1.00
   55.00
   12.50
  817.25
  134.64
    2.00
    2.90
    9.83
    7.25
    5.00
    1.16
   52.13
    4.00
   14.33
    2.00
  122.00
   10.41
  366.00
    2.00
  247.33
  173.78
   18.00
   24.16
   34.00
    2.00
    4.00
    7.75
   24.71
    1.00
   14.00
  727.44
   79.00
    8.00
   40.13
 1454.00
    3.00
   12.40
   14.60
    2.00
  114.53
   19.71
    4.00
   39.80
   76.75
   12.00
    4.00
   48.00
   20.00
   46.00
   73.00
  158.00
   13.00
    3.00
   63.00
   35.00
    4.00
 1352.00
   13.00
   14.00
   49.30
    9.33
   10.88
   15.50
   79.43
   10.00
    1.00
    2.00
    4.60
    3.55
    9.00
    4.00
   64.58
    4.50
    2.00
   21.00
   91.72
   37.57
   29.00
    1.00
   30.00
   84.25
   10.50
    1.00
  221.60
   18.50
  118.25
   86.88
   72.05
   24.90
    1.00
   55.00
    4.50
   23.00
   20.50
   73.62
    7.14
    3.00
    6.94
    6.00
   63.43
    3.50
  180.00
   10.17
  118.75
   49.17
   36.88
   13.50
    1.00
    1.00
    4.00
   17.70
    5.00
   62.00
   38.73
    8.00
   61.00
   13.00
  162.30
    2.00
   24.80
    1.00
   10.75
    2.78
   21.00
   11.00
   19.00
  333.15
   55.00
  358.10
    2.00
    8.00
   54.67
   38.20
    6.00
  511.41
   28.00
   96.13
   16.17
  160.25
 1488.50
   97.52
  124.96
  180.46
   50.00
   24.00
    1.00
    2.00
    3.00
   19.80
   10.00
  128.58
    1.00
   18.29
  199.42
    5.00
    6.42
    3.50
  401.33
   72.92
   95.66
  233.00
   44.50
   30.50
  124.33
    6.00
    2.57
   56.67
    7.00
   22.13
  321.33
   15.00
  473.36
  138.00
   10.50
   48.20
   60.92
   40.17
    5.00
   16.38
   30.20
   48.80
 1224.00
    3.50
   89.44
    3.00
    5.00
    8.44
    4.67
    4.00
    2.00
   14.10
   25.83
   28.67
   96.35
    5.00
  177.30
  127.00
    5.00
    6.00
   93.67
   19.00
   56.89
   25.71
  149.84
    7.00
   62.00
   32.30
    6.00
   62.85
   13.00
   75.28
    7.50
   98.93
   64.86
  154.38
   44.20
   12.00
  120.25
    2.00
   52.00
  125.50
   46.00
  121.50
    2.00
   48.50
   83.00
    3.83
   19.79
   41.83
    3.50
   80.00
   28.33
  129.43
    7.00
  369.33
   10.00
    2.00
   44.00
   34.00
    7.55
  266.56
   26.29
   68.00
    7.00
   12.30
   43.00
  444.83
  109.76
  121.88
   52.83
  157.00
   62.00
    3.00
   18.00
   26.00
   45.86
  105.29
  144.08
   24.33
   19.00
   11.00
    2.00
    5.00
   67.43
    2.00
   44.00
  181.00
  429.29
   58.13
   45.55
   40.28
   43.32
   38.47
   55.00
   19.13
   36.00
  263.56
    4.00
   33.08
  117.00
    7.00
  109.60
   18.00
   15.00
   16.50
    4.50
  218.00
   43.12
   43.80
    2.00
    7.00
    4.00
   59.52
  377.17
    3.33
    3.89
   98.25
   40.80
  240.07
   36.00
    2.80
  610.00
  378.75
  109.84
   63.00
    2.00
   15.23
    6.00
   85.11
    7.13
  853.00
    2.00
   12.00
   27.33
  113.40
  115.54
    8.00
    2.00
  151.00
    3.00
  180.50
   11.80
    6.67
    2.00
   28.50
  106.00
   12.00
    5.00
    2.75
   23.00
  300.31
   42.60
    2.00
    3.50
   11.94
  228.25
  170.75
   86.64
   27.24
  385.75
   20.00
  224.00
    5.57
    2.00
    2.40
    2.00
    9.73
   85.31
   36.65
    7.50
   33.00
   81.60
  140.40
    6.00
    4.50
   98.05
    5.00
    2.00
  108.00
    2.00
    3.71
    1.00
  118.00
    2.00
   65.86
   13.01
   39.57
   12.00
    1.00
  219.64
  576.00
   85.00
   52.38
    5.00
  234.78
  132.00
   92.73
  140.86
    2.94
    1.00
    4.00
   23.67
    9.20
    5.14
   64.82
   12.50
   30.50
  490.67
  185.50
    9.55
    7.50
   48.00
    9.25
  333.25
   23.00
   80.33
    4.50
    4.68
    5.00
   14.00
    8.00
   12.00
   33.31
   20.83
   44.92
    7.50
   79.67
   52.39
   55.83
    1.00
   15.00
    2.00
  403.82
   70.71
   21.50
  191.56
   17.00
    2.33
    9.62
   20.93
   18.00
    2.00
   23.54
   14.00
   10.00
    2.00
  108.18
   14.38
   20.00
    9.00
   74.84
   33.39
    1.00
   18.25
   72.00
   22.25
  304.25
   32.00
   13.00
    2.00
  327.63
   96.73
    9.98
    6.44
 1563.40
   25.00
  379.67
    2.00
   31.00
    3.66
    6.00
    2.00
   12.89
    6.32
  115.00
  224.00
  278.50
   55.27
   47.00
   45.00
  118.05
    3.00
    5.00
    9.14
   27.00
   23.75
    2.00
   47.54
  182.00
  324.94
   68.63
  299.92
  113.18
   21.60
    9.67
    3.33
    5.85
    4.38
   32.87
  184.00
   10.92
  102.00
   18.00
  310.00
   97.70
   16.00
    1.33
    2.00
   13.33
   39.00
   14.37
    4.73
    2.00
   52.25
   14.33
   19.00
    9.00
    4.83
    6.00
   25.00
   95.67
   53.80
  222.16
  155.08
  246.26
   23.00
   43.00
    7.80
   42.21
   66.15
   53.53
    2.00
  158.55
   58.80
    3.00
    1.00
   14.42
   82.00
   15.47
  150.12
  132.75
   72.25
    5.75
   78.67
  112.00
    3.00
    8.80
    8.00
    2.00
    1.67
   32.00
   52.00
   11.00
  247.00
    7.50
    4.00
   73.09
   49.00
  420.00
   16.00
   52.00
   66.33
    8.25
    2.50
    1.00
   20.17
  105.00
   15.00
   89.62
   32.33
   60.38
   56.67
   49.00
   15.00
  157.89
    1.00
    2.00
    4.00
    3.00
  151.15
    1.67
    1.00
    7.00
   28.00
    3.17
   45.00
   93.05
    7.00
   79.00
  108.56
  112.80
  163.90
   10.00
   29.40
    2.00
   20.00
    2.00
  276.39
  265.68
   19.50
 2072.60
   90.36
   32.00
    3.00
   27.00
   65.54
   68.40
   21.00
    3.00
   94.10
   75.67
   33.50
  746.25
    6.00
  144.20
   15.00
    3.00
  157.88
    3.50
  370.00
  122.69
   49.48
   28.00
   22.75
    6.00
   42.00
    1.00
    2.00
   90.00
    3.60
    7.00
  165.50
    4.00
   35.12
  155.26
   53.11
  116.00
   64.82
   17.53
   20.00
   43.00
   52.29
   23.50
    4.33
    2.00
    3.00
   19.80
   15.02
   14.00
   16.00
    2.67
    2.00
   14.34
    3.00
    4.95
    2.00
   12.67
   94.71
   25.20
    4.00
    2.00
    4.00
   11.00
   12.00
   12.67
    4.00
    9.50
   20.67
    4.14
   92.00
  218.40
    2.00
    5.00
    6.92
   54.04
   48.00
    5.82
    2.00
   12.00
    6.00
   42.57
    1.00
    8.00
    5.00
   19.00
   14.00
   19.67
  254.89
    3.00
 1246.00
   75.56
  219.33
    7.00
   53.19
   13.17
   62.25
   49.27
   70.44
   53.43
  408.54
   88.00
    8.00
   21.31
   40.29
    7.83
   20.86
  107.10
    2.33
    2.00
    4.50
   35.00
    3.00
   12.00
   29.67
   33.33
   12.82
   54.83
   27.00
    1.00
    5.00
   21.00
  357.00
   93.04
    7.00
  112.08
    3.00
  567.00
    5.50
    6.00
    8.20
    2.00
  119.50
  405.00
   50.50
    8.57
   90.88
    4.00
  492.00
    6.50
    2.00
    7.00
    3.00
   23.36
   17.75
   23.00
    4.00
   70.89
    3.00
    3.40
    1.00
  176.92
    6.67
   38.00
   26.75
   62.53
  120.20
   51.00
   16.75
   25.00
   17.00
  100.64
    9.00
    3.00
   14.00
  221.00
   27.36
    5.33
   13.00
   76.10
   36.40
   60.39
    3.00
  116.54
   16.03
   13.50
    4.00
    9.00
   20.67
  263.92
  263.40
   50.50
   21.90
  148.25
   80.43
    1.00
    7.00
   52.82
   30.00
   26.00
    4.00
   79.50
   85.00
  169.22
    2.00
  219.00
    2.00
   65.60
    4.00
   92.73
    9.00
  108.18
    4.00
   32.50
   26.19
    6.67
   23.60
   57.40
   20.33
   10.67
    2.00
    2.00
    2.00
    2.00
   10.00
   13.25
   12.00
    2.00
    5.00
    4.00
   18.00
  142.74
   49.54
   23.67
  172.07
  167.32
   93.00
    2.00
    5.00
    2.00
   37.13
   48.50
    3.91
    4.50
    6.00
   41.47
    6.00
   55.50
   33.40
    6.63
   62.00
   28.96
   20.89
   33.50
   11.00
    7.00
   17.36
   13.64
    3.00
   80.33
   17.00
  280.00
    2.00
    2.00
   16.33
   19.00
   11.75
   17.00
    5.00
  115.00
  222.00
    3.00
   10.00
   20.63
   16.17
    2.00
    4.00
   79.67
   29.17
    1.00
    5.00
    6.00
   10.25
   14.17
  587.77
  248.70
   15.50
    3.00
    1.00
   33.00
    8.75
   68.00
   79.07
   62.50
    9.00
   37.57
   50.25
  159.00
    1.33
    4.50
   21.50
    2.00
   14.00
    4.00
   23.00
   25.00
   44.31
  429.08
    3.00
   71.00
    3.00
   20.50
    7.00
    3.00
  229.25
   21.00
    1.00
   76.45
   82.00
   79.17
  227.00
    9.50
  252.50
   82.50
   23.00
    6.43
    4.00
   12.14
  141.25
  125.17
  150.19
   12.00
  132.85
   12.56
  161.25
    2.00
    2.00
    5.65
    3.00
   16.01
   15.00
   32.29
   15.84
   18.59
   21.20
   10.00
    1.00
   40.58
    5.00
   63.00
   30.50
    4.00
    2.00
  122.78
   56.50
    7.23
   32.25
    1.00
  226.60
    8.00
   21.21
   29.50
    9.00
   86.67
  986.31
    6.00
   53.87
   13.00
  166.00
    4.00
    5.67
   97.00
    2.00
  226.00
   59.55
  175.00
  136.16
   10.50
  117.50
   36.60
   12.50
   14.06
    7.36
   21.50
   15.64
    3.00
    2.00
    3.00
   28.75
   14.00
    1.00
  148.37
   13.97
  205.62
   61.29
   21.41
   34.00
    5.00
    3.00
   12.00
   42.56
   25.00
   50.50
    5.00
    9.50
   35.00
  163.73
   72.37
  518.17
   97.40
   10.63
    4.60
    8.75
  568.33
  168.50
   17.67
    4.00
   14.00
  218.30
    1.00
   99.97
   39.40
   36.85
   52.08
   29.00
   11.00
    7.00
    3.25
    1.00
   14.00
    2.00
   37.50
    5.00
   60.67
  200.50
    2.00
   42.50
    9.34
   33.98
  253.20
   23.00
   20.24
    4.00
    2.00
   18.83
    4.64
   24.84
   12.00
   30.42
   14.67
    7.09
   21.55
    3.25
   49.00
   31.00
   17.00
    6.00
   13.00
    2.75
    6.00
    3.40
    4.67
   13.50
   65.75
   65.50
    5.00
    7.00
    5.62
   20.00
    9.90
    7.00
   39.00
   25.67
    2.00
    5.00
  100.00
    8.00
  233.40
    2.00
   33.88
    4.00
   35.00
   46.00
   62.75
    8.58
   41.86
   81.00
  258.00
    6.00
    8.00
  158.33
   82.75
   10.67
   11.05
    5.55
  195.83
   24.00
   13.75
   89.00
   42.00
  174.47
    2.00
    2.00
    2.00
   44.50
    5.71
    2.00
   49.67
   59.00
   49.77
  121.39
    6.71
  139.09
    4.00
   90.50
   14.00
   46.00
    2.67
   69.00
  114.22
    1.00
   14.00
   33.28
    9.25
  390.00
    4.33
   12.00
   53.00
   26.50
  153.00
   23.33
   32.00
   25.66
   46.00
   81.14
   13.00
   21.03
    9.44
   19.20
    9.50
   49.48
   31.33
  400.50
   53.25
    2.00
   43.75
    2.00
    8.75
   20.00
   10.67
   48.36
   90.83
   22.00
  105.00
   82.00
   41.67
    2.00
   29.88
   20.33
   53.30
  103.83
    7.00
   65.00
  439.28
   18.32
  183.32
   18.58
  602.00
   13.00
   14.40
   37.83
   41.13
   30.63
  246.00
   28.00
    8.00
  200.00
   25.00
   32.00
   55.56
   60.89
  647.00
  307.83
  400.36
   10.00
   63.06
    3.00
   80.22
    6.00
    9.00
    2.00
  332.07
   70.06
   10.00
   34.00
  259.40
    9.00
   17.76
  123.83
    2.00
    7.00
   43.00
  115.18
   11.50
    3.00
    2.00
    2.00
   46.00
    5.00
    4.00
  354.00
    2.00
    5.00
    2.00
    8.00
  226.00
   36.56
   52.88
   21.00
   20.50
   35.90
   20.00
   10.00
    6.00
  461.95
  242.63
   11.00
    6.22
    8.00
    4.00
    4.44
    1.00
   31.73
  187.12
   27.26
   22.44
   46.34
    2.34
  127.00
    2.00
    1.62
    9.80
   12.00
    5.00
    9.00
    2.00
    3.50
    4.00
   15.00
    9.00
  234.00
   79.20
  198.33
    4.00
  120.00
    1.00
  117.00
   10.00
  125.55
  368.57
  113.38
    7.00
   33.50
  284.94
  341.10
    8.00
  103.25
   11.00
    7.00
    1.00
  115.22
   57.33
   82.50
   20.75
   30.00
    2.00
    6.00
    7.00
   11.63
    1.17
   21.00
   10.22
  434.71
   20.67
   64.00
    9.50
    2.00
   33.25
    1.00
   18.00
    1.00
   23.67
    6.00
    7.20
   84.20
   87.64
   11.50
   36.71
  243.93
    1.00
    5.89
    4.00
   51.66
    2.40
   62.58
    6.00
   28.13
   92.55
  308.26
    4.25
  257.77
   29.00
   81.20
    7.00
    7.00
   29.41
  131.38
   30.33
    2.00
  109.00
   39.00
   26.00
    1.00
    2.00
   87.67
   32.00
    6.00
    2.50
    2.00
    6.33
  164.77
   10.83
   10.00
   14.42
   18.48
   42.72
   25.57
   47.33
   10.00
  111.31
  165.47
    2.00
  109.97
   80.53
    2.00
   17.00
   26.50
    3.00
  143.78
  230.43
  229.91
  120.47
  164.33
    8.33
   38.00
    4.00
    3.00
    2.00
    1.00
    3.25
    6.00
   46.96
    2.00
    8.00
   28.04
  191.00
   22.00
    2.00
    4.00
    6.00
    6.00
   46.67
    4.00
   47.50
   11.00
   79.48
   23.54
    8.17
   26.14
   59.67
   15.33
  337.50
    1.00
   66.88
   11.00
  105.83
    5.00
   97.25
    2.00
   78.75
   19.57
   69.29
   45.00
    7.86
  400.16
 1081.00
  165.00
  222.08
    4.50
  118.94
   60.50
    1.00
    6.60
    2.00
   23.08
    6.00
  231.75
    6.00
   23.00
    8.00
  110.67
  451.40
  126.00
   21.33
    4.00
    7.00
   11.33
   21.67
    2.00
    6.17
    7.92
   21.00
  103.50
    2.00
    2.00
   91.25
   19.25
   65.08
   46.00
    1.00
   27.33
    7.00
    9.50
   14.00
    9.50
    2.00
    7.82
   14.75
   44.80
   19.60
   32.40
   51.00
   21.00
   12.86
   65.04
  145.71
   29.78
   18.00
   16.00
   18.00
    7.00
   27.30
   16.50
   15.00
    1.50
    7.50
    5.22
   44.00
   22.50
   23.73
   89.00
   16.00
   18.14
  148.11
   22.67
  127.83
   25.27
    2.00
    4.33
   78.40
   28.50
   56.71
   25.49
    2.00
    7.00
   72.94
   99.33
    3.20
    8.00
   45.00
   30.38
    2.00
   10.00
    5.00
   26.00
    4.00
    6.00
   33.17
    6.00
   47.67
    3.00
   18.60
   14.25
   57.00
   23.45
   28.25
    5.00
   29.20
   26.00
  101.00
    5.00
    4.60
   60.00
   34.75
   12.00
  166.25
   45.00
   21.00
    4.00
   53.73
   17.00
   20.19
   60.06
   20.00
   14.60
   47.22
    8.00
    5.00
    3.00
    2.00
   16.00
   87.64
    8.33
   20.50
  102.63
    4.00
   34.00
   43.81
    4.00
  149.64
    2.00
   12.80
   20.00
   10.00
    7.50
   54.20
   10.50
    1.00
   10.00
   12.00
  117.00
   16.00
   32.00
  179.36
   58.85
   10.88
  152.85
    7.25
   12.29
    6.33
   29.00
   10.00
   35.75
  251.07
   25.00
    8.00
   15.90
    2.00
  291.00
  189.33
    8.00
   45.00
   10.63
    2.00
    3.00
  170.33
    7.14
   22.00
    9.50
  212.91
    4.00
    7.00
   76.50
   10.75
   53.93
    7.00
   11.82
  140.58
    5.25
    7.00
    3.00
  107.00
   13.40
   23.98
   16.67
    5.50
   56.86
  216.00
    2.00
   17.00
    6.00
   16.13
   20.40
   52.50
   96.67
   43.50
    3.50
    6.00
   45.75
   15.64
    2.17
   13.33
    5.33
  396.00
   15.00
    4.00
   60.19
   31.00
   10.50
   17.50
   28.95
  114.44
    5.00
  220.67
  202.13
  167.00
   44.75
   19.61
   54.78
    8.00
   11.00
   27.20
   74.70
   51.00
    2.00
    2.00
    1.00
  351.33
    7.00
   14.14
    4.00
    3.00
   76.36
   20.63
    4.00
   43.25
    5.50
   67.91
    1.00
   68.00
   36.67
   24.00
    1.00
   49.00
    2.00
   41.00
    6.00
   30.33
   21.20
  181.00
  279.63
    7.14
  495.33
   74.59
   34.40
   14.00
    7.13
    8.89
   16.00
   53.00
    7.00
    7.77
   25.00
   65.68
  115.33
   22.00
    5.00
  647.09
    6.87
 2223.55
  276.67
    1.50
   65.05
   16.67
  256.50
    4.00
    3.00
    8.00
    6.00
    3.50
   12.00
   15.14
    4.00
    3.14
    8.00
 1320.83
    2.75
    5.50
  145.14
   90.20
  135.00
   53.50
   11.12
    2.00
    9.40
   10.50
   12.24
    2.27
    4.00
   57.77
  224.67
   25.00
   20.00
   81.00
  117.25
  100.14
  136.00
    6.00
    3.00
  118.06
    8.00
   14.50
   24.50
   69.00
   10.00
    6.00
   11.67
    4.00
   11.96
    5.00
   10.67
   38.67
  199.00
    3.67
    1.00
    3.00
   12.00
    3.00
   49.50
  137.50
   53.00
   30.40
   36.00
   52.33
   11.00
   33.30
   40.17
    6.50
    3.00
   27.00
  500.00
  838.00
  169.38
   83.67
  112.00
    2.00
    2.00
    3.86
   53.02
   19.85
    3.00
   29.00
  287.00
   19.00
    3.00
    1.00
   19.00
    1.00
   68.00
   68.42
    5.33
  101.06
   22.00
   44.50
   62.50
   17.00
   82.50
   88.38
    2.00
    5.00
  458.33
  484.00
  103.04
    4.00
  133.00
  163.00
  134.89
    1.00
    7.25
   13.33
   11.00
   21.00
   64.00
    2.00
    4.00
   11.06
   33.16
  116.68
    4.00
    8.67
   23.00
   41.26
   20.86
   58.71
  115.15
    8.50
   66.95
   89.26
  179.33
    4.00
    4.00
   11.00
   34.17
   45.80
    2.00
    2.50
   19.00
    8.00
    1.00
   19.10
   19.00
   44.00
    4.50
    3.50
  305.63
   18.00
   21.00
    7.89
    2.00
  242.10
  122.50
   84.00
   46.26
    4.83
   86.80
   12.50
  158.40
    5.00
    2.00
  118.78
  927.00
    7.00
  144.25
   27.91
   62.14
   48.00
    4.00
    3.00
   34.00
  207.09
    5.17
   21.50
  375.13
  122.46
   34.00
   89.94
   17.75
   38.75
  173.11
  110.86
  525.43
   10.00
    4.00
   10.00
   22.00
   59.00
   73.20
    7.00
   18.00
  682.00
  298.00
   53.56
   19.00
   58.57
   62.50
    8.73
   14.74
   42.48
   63.58
    6.83
    4.29
   18.00
   21.00
  159.73
    2.00
    2.50
    2.00
   40.50
   23.27
   50.25
   22.85
   18.50
    7.00
   10.00
    2.00
   26.88
   33.47
   70.67
    6.00
    1.00
   12.12
    6.00
   15.25
   26.12
  112.20
  198.09
    7.00
   40.31
   71.50
  125.04
   49.40
    5.58
    4.00
    9.11
    2.00
    6.12
   27.40
    6.00
    4.50
   38.00
  346.50
   12.00
   13.67
   56.00
    4.00
   76.14
    5.00
   14.50
    7.00
    5.00
    6.00
   18.18
   16.20
   26.00
    2.00
    9.38
  113.11
   12.53
   52.29
   20.73
  115.17
    5.00
    4.00
   18.00
   86.15
   12.00
    5.00
   33.33
   23.42
   14.00
    8.67
   24.00
    5.50
    1.00
   13.00
   62.00
    4.00
    3.50
   13.62
   30.71
   16.00
    7.00
   11.00
   68.17
    2.00
  113.61
   61.00
    4.00
   15.00
  111.60
   17.00
    1.00
    3.00
    8.57
  195.43
    5.00
  110.29
   17.00
   21.00
   16.00
   15.00
    8.00
    3.00
    2.00
    2.00
   13.00
   13.00
  134.81
   90.31
   46.33
    4.00
  157.32
   84.88
    2.00
   18.00
    8.00
   35.33
    6.00
    8.00
  178.50
  178.50
    2.00
   28.92
   39.50
   21.80
   37.42
   81.63
   28.00
   31.00
    1.00
   40.25
   45.82
   14.63
   37.38
   22.72
   12.26
   10.25
   78.85
   41.19
   50.43
    3.67
    2.00
    4.00
   12.00
   15.50
   92.68
   34.00
   15.00
   22.29
    2.50
   11.00
    3.00
    8.00
    2.00
  422.62
    4.67
   67.42
    1.63
   48.33
    9.34
  451.67
    4.25
    2.00
    3.00
  101.33
   67.00
   60.65
   50.70
   37.00
   21.25
    4.00
   17.78
    3.00
    3.00
   90.06
   54.05
  503.20
  731.10
   69.00
    6.00
   39.00
   21.42
   54.67
   65.00
  673.83
    3.18
   10.75
    6.00
   43.25
    9.00
   10.00
   30.00
    8.00
    4.67
   60.50
    3.71
   64.59
   31.64
    9.89
  180.10
    7.00
    8.67
   68.00
   34.00
  126.00
   22.00
    8.24
  244.14
   46.00
  183.00
   58.18
    9.33
    2.00
    9.69
    1.00
   32.42
  204.77
   65.00
    5.00
   47.00
   80.00
   35.60
  154.25
    4.00
    2.50
    3.00
    1.50
  194.97
    8.14
    2.00
    2.00
  239.00
  102.59
  121.50
  235.00
    8.40
   18.86
   35.10
  305.44
   10.60
  215.00
   55.00
   38.80
   13.44
  355.97
    5.50
    3.33
   13.25
  105.70
   83.04
   17.00
   86.00
   69.64
   61.00
    2.00
   40.86
    8.87
   11.56
   10.00
    2.00
  164.00
   41.43
    5.00
    2.00
   34.47
   53.41
    5.00
    5.37
   10.00
   10.00
  286.16
    3.00
   10.00
    9.00
   33.50
    9.50
   36.71
    4.00
  181.09
   19.00
   71.00
   72.00
    4.13
   13.00
   63.00
   19.00
   89.02
    2.67
   15.25
    6.33
    9.75
   36.00
  293.71
   13.67
    1.00
    6.00
    2.00
   69.54
   26.00
   73.75
  202.65
  144.67
  368.00
  176.75
   27.21
   18.75
    4.33
    5.97
  364.19
   25.20
   51.00
  127.50
    8.25
   17.25
   62.79
    6.00
   11.00
    4.00
  139.66
   21.50
    8.00
   31.75
    4.00
    1.00
  517.65
   96.75
   12.25
    9.00
    4.00
    3.67
   71.50
    8.83
    8.47
    2.67
   47.00
    8.00
   49.00
    8.40
    7.25
  148.47
   44.00
   11.94
   21.49
   26.67
    1.00
   23.67
   19.00
    3.00
   21.67
    9.33
    7.00
   65.17
    9.50
    2.00
   28.00
    2.00
    2.00
   25.71
    4.00
    6.00
  137.75
    7.00
    5.13
    1.00
    2.88
    4.00
    4.64
   12.00
   94.83
   93.67
   26.00
    2.00
   16.00
   93.00
   70.63
    9.00
   12.30
  167.71
   28.00
    2.00
   22.24
   90.33
   38.08
   79.30
    1.00
    2.00
    2.00
   31.50
    2.00
   11.00
    4.00
   39.36
    2.00
   24.22
  110.00
    7.00
   11.00
   34.50
   12.00
   30.04
    3.33
    7.00
    6.00
   99.10
    1.00
    2.75
   41.22
   19.33
   36.71
   31.50
    3.50
   67.00
   75.29
  279.71
    2.00
    7.00
   56.70
    4.00
    5.00
   28.50
   46.04
  103.50
    6.67
   68.46
   55.14
    4.00
   19.77
   43.00
   13.00
   77.58
   75.15
   61.00
    2.00
   87.54
    8.00
   34.89
    2.00
    2.00
    7.00
  136.38
  574.00
   43.67
    5.00
    6.78
  121.83
  116.09
   92.90
    9.71
   30.50
    9.00
  131.67
   21.00
    1.67
    8.50
   29.25
  160.25
  126.00
   12.00
   31.28
    4.88
   24.29
   16.00
   13.00
   20.88
  664.00
   10.40
   18.00
    1.00
   22.50
   36.00
   47.38
   25.50
   23.00
    4.00
    2.00
  146.00
    6.14
    7.00
   31.00
   11.27
    3.27
   13.57
  198.00
    3.00
   61.25
   51.91
    1.00
    3.00
   78.08
    4.00
    2.50
   27.21
  171.67
   30.25
    7.00
   39.50
    4.00
    2.00
   54.40
   31.50
   17.00
   65.59
    3.00
    2.00
  341.33
  222.83
    2.00
   28.75
  112.00
  106.56
    2.00
    8.00
    9.00
   19.71
    8.33
   33.00
    7.00
  500.45
   88.71
  157.16
  206.50
  291.17
  120.51
    6.00
   25.00
   67.80
    2.50
   21.30
    1.00
    3.00
   58.20
    2.00
  242.40
    9.89
   74.67
  479.00
    4.50
  209.57
  493.47
    6.00
   31.73
    5.00
   40.64
  323.00
   74.71
   20.00
   36.20
   21.88
    3.00
   33.00
    4.00
   17.20
    9.00
    8.00
    1.00
   82.25
   12.50
   41.50
   21.60
   23.45
   74.50
  149.73
    2.00
   41.00
    6.00
    2.00
   40.06
    8.00
   18.89
  469.00
  384.00
   13.00
   10.14
   31.90
    4.00
    3.00
    6.00
   15.50
   48.74
  152.83
    4.00
  132.67
    4.75
   63.00
  262.60
    9.00
   17.75
    4.00
  150.00
    4.00
    4.29
   13.50
  201.00
    1.00
    7.50
   29.20
    1.00
   12.11
  187.67
   62.33
  230.00
   21.12
    2.00
    6.00
   11.88
  229.66
   16.75
  233.18
  103.44
  113.17
   28.44
   39.75
   53.70
   28.60
  348.33
   14.50
    4.00
    2.00
    2.40
  399.84
  178.50
   22.00
    4.00
    3.22
    2.00
    4.00
   88.52
  374.00
   20.00
    4.00
    4.50
    2.00
   10.00
    4.00
   93.60
   27.62
    1.00
   24.24
    1.00
    2.00
    9.00
    7.00
   14.00
    1.50
    3.00
   16.80
    1.00
    1.00
    7.00
   13.00
   46.45
  135.82
   25.48
   22.95
   66.97
   17.89
   16.00
  891.00
   13.00
    2.00
  145.71
   38.14
   53.15
  251.33
  130.71
   96.53
    9.13
   11.00
   41.15
  266.00
   79.00
    2.86
   11.00
    5.00
  237.18
   28.35
    2.00
   13.38
   63.61
  112.50
   22.13
    9.00
   86.00
   10.00
    1.00
   15.00
   27.56
  113.50
   70.00
   92.67
   83.36
   14.00
    3.45
    9.00
  153.17
    3.00
   87.40
   72.50
   41.17
   56.22
   65.09
   28.17
  102.59
   32.00
   11.91
    7.00
    2.00
   69.25
   85.27
   60.02
  243.10
  425.05
  176.58
    7.00
    5.00
   61.26
  140.09
  167.00
  382.17
    2.00
  221.50
   12.00
  193.79
  243.00
  146.20
  158.00
   17.00
    2.31
   10.31
    1.00
   14.67
    4.00
   52.00
    9.00
   38.00
    8.00
   19.00
   42.80
  122.00
    7.00
    3.33
    4.00
   66.63
    2.00
   45.00
    9.00
   33.50
    6.00
    2.00
  315.00
   19.67
    2.00
   18.17
  146.00
  132.56
   10.50
    5.00
   29.50
    4.72
   11.67
   18.60
    7.00
   53.50
   20.54
    4.00
   53.90
   33.00
    8.00
  188.00
   32.00
  137.80
   66.00
  112.79
   46.25
   18.00
  145.33
   52.50
    4.00
    2.00
  146.25
   24.58
    4.00
   30.00
    8.00
   13.50
   52.37
   38.00
   74.33
   36.48
   85.00
    6.00
    3.00
   14.80
    4.00
   10.20
    7.00
   24.33
   24.50
  224.00
   35.00
    8.00
    6.75
    6.00
   26.88
    5.00
   42.25
   83.25
   39.83
    2.33
   49.90
   28.50
   31.00
   22.00
  154.53
    4.00
  315.22
   95.00
   15.00
   12.00
   77.50
   71.32
   15.67
    2.00
   60.75
    2.00
  171.77
   30.55
   15.20
    8.00
    4.00
    4.00
    5.20
    9.50
   10.00
  147.00
    5.67
   21.00
  312.33
   24.00
  200.00
    2.00
    8.00
   11.00
    1.50
  189.93
    5.00
    4.00
    5.00
   18.67
  235.17
   21.00
    2.00
  127.40
   12.50
    2.00
   43.50
   99.21
   46.35
  158.13
   21.00
   60.60
    1.00
   36.24
   17.00
    4.00
   11.00
    4.00
    1.00
   13.03
   69.00
  355.27
    4.00
    6.08
   16.00
   58.00
   19.86
  147.67
  194.98
   31.53
    2.00
   18.00
    1.00
    8.00
    7.57
    1.00
   11.00
   20.00
   24.00
    6.00
    7.56
  562.21
   27.00
   13.91
    9.67
    1.00
   72.00
   37.90
  223.86
  234.80
   67.29
    2.00
    1.00
    9.00
  107.00
    9.92
  857.00
    2.00
  137.00
  138.00
   18.00
   59.57
   19.00
   30.50
  101.56
  605.22
   92.97
    2.00
    6.00
   12.00
    7.50
    9.86
   62.83
   59.82
  163.88
   10.00
   13.00
   19.00
   89.38
    2.00
   34.00
   10.00
  588.57
   12.00
    1.00
   13.57
   97.00
  124.80
   18.33
   25.59
    3.00
   75.43
   33.38
   36.00
  138.38
    5.00
  183.33
   26.94
  113.74
    2.50
    9.67
  143.67
    5.67
    6.96
    2.00
   12.00
   38.33
    2.00
   14.00
  255.00
  106.60
   11.00
   10.67
   42.70
   11.50
    3.00
   31.50
  127.29
    4.38
   71.50
  119.00
   33.00
    5.00
   62.67
   15.12
   25.00
    8.89
   18.71
   31.50
   41.77
  119.60
    2.00
   67.00
  393.00
   19.00
   46.50
    7.00
   74.00
   15.00
    1.50
  178.67
    1.00
    6.00
    2.00
   53.17
 1171.22
    4.00
   22.00
    4.00
    4.00
    5.00
    8.00
  136.03
    4.00
   74.00
   66.58
   20.57
   73.00
   16.00
   15.19
   29.25
   13.06
   11.00
   69.63
    2.00
   45.71
  743.00
   27.67
    2.67
   37.75
   54.17
   25.00
   12.00
   63.60
    7.00
   22.25
   21.00
  115.50
    8.00
  101.11
    1.00
    7.00
   31.50
    1.25
   63.00
    1.67
   36.85
  115.00
    8.00
    2.50
   85.90
   41.00
   18.00
    5.00
    9.33
   50.00
    1.00
   25.71
   52.50
   16.13
    8.58
    3.00
  340.23
   30.33
   33.00
    2.00
   23.00
  326.22
   99.50
  119.70
    9.00
   27.00
   23.08
    3.67
   36.00
   19.00
   12.00
   21.00
    4.00
    8.14
    4.00
   14.00
    4.50
  114.17
   14.00
  103.22
   72.00
   98.30
   11.00
    1.00
  209.42
    1.00
    6.00
   24.50
   20.60
    8.00
   11.50
  188.40
  311.71
   15.00
   93.12
   10.00
   51.00
    9.00
   23.50
    8.00
    4.00
    5.00
   33.00
    1.00
    6.00
  118.60
    2.50
    8.67
   37.25
  133.86
   20.00
    9.00
   13.50
    2.00
    6.00
  157.00
   17.33
  245.00
    1.00
   24.00
   67.95
    2.00
   19.00
  257.45
   13.14
   12.03
   36.00
    2.00
  318.00
  173.50
    4.33
   32.13
    7.71
    4.00
    2.00
  139.26
    2.00
    2.00
  116.00
   28.85
  589.27
    5.80
   10.00
  174.67
   11.75
    6.60
    3.50
    4.00
  107.67
  102.00
    3.00
    3.00
   20.00
    7.40
   31.00
   35.50
    1.00
    1.00
  226.67
    2.00
   66.25
   28.00
    1.00
   16.13
   30.00
    4.56
    1.00
   33.14
   20.00
   68.20
   10.00
   63.39
   30.67
   60.03
   44.00
    6.67
    4.00
    7.92
   10.00
  142.13
  241.00
  157.00
  187.06
    4.00
   14.67
  229.48
   32.50
    4.00
   35.00
    6.00
    7.00
  271.67
    2.00
   30.00
   21.81
    2.00
    5.00
   13.40
    3.00
    5.50
   22.00
    4.50
   27.00
    4.00
   30.80
  100.53
    5.75
    9.00
  130.17
   63.00
   87.00
    1.00
   17.75
   20.14
    2.00
    1.50
    2.00
   13.00
  114.00
   18.33
    8.00
   15.76
    2.00
   69.20
    4.00
    7.00
    5.00
  231.33
    2.00
   44.67
  220.33
    3.50
    5.00
   91.75
   34.50
   68.46
    8.00
   53.48
    1.00
    2.00
    3.00
    3.00
  104.77
  165.20
   70.77
    2.00
   34.89
   34.87
   19.11
   57.00
    3.45
    8.83
    2.00
    2.00
    2.00
   96.00
    2.02
    3.55
   27.00
   14.50
   45.36
   49.00
    2.00
  177.88
    4.00
   31.00
    2.33
    7.50
    8.00
    2.67
   26.05
   44.50
  110.40
  551.00
    6.38
    4.00
    4.75
    3.50
    9.50
    3.00
    1.00
  302.75
   17.82
   28.89
   14.00
   74.71
   12.00
   18.33
   12.88
   11.50
   25.93
   43.52
   59.00
  137.05
  192.00
    4.00
   30.83
    9.40
  172.67
   13.09
   26.00
    7.00
   66.72
   34.03
   13.50
   66.06
   20.00
    4.14
    1.50
    2.00
   40.63
   44.77
   21.23
    5.00
  113.27
   66.78
   21.60
   54.00
   26.50
   36.00
    2.59
  137.33
   16.00
    4.00
    3.59
    4.00
   10.00
  108.00
  228.29
   24.33
    6.00
   32.05
   13.67
    5.00
   20.00
    4.25
   22.50
    6.57
    1.00
   97.50
    6.00
   64.83
    8.00
    4.00
   86.83
   81.40
   63.57
   57.82
   13.33
    2.00
  107.75
    2.00
    2.00
  185.50
    8.00
   12.00
    7.25
   15.50
   14.00
   10.40
   29.00
    1.00
  169.45
    6.50
    2.00
    1.00
    9.20
   60.25
   38.00
   39.15
    5.00
    3.00
    8.00
   33.00
   88.25
    8.62
  336.75
  383.50
    2.00
  188.43
   13.50
   11.00
    2.00
   23.00
   52.54
   10.13
   41.27
   94.25
   13.00
    9.45
   10.00
    5.39
   85.71
    2.00
   35.86
   45.00
    2.00
   11.25
    4.00
  182.00
   10.00
  148.25
   76.44
   75.00
   10.00
  118.68
  155.25
    9.80
   48.05
  100.70
   11.00
    3.00
   93.50
   14.50
    4.00
   21.50
    3.00
   89.00
    4.00
   31.13
   11.00
    2.00
  121.76
  306.33
    8.00
   14.00
    7.00
    8.57
    3.75
   10.00
    2.00
   16.00
   11.00
    2.33
  365.00
  461.07
   68.40
   17.50
   18.00
    3.00
   15.50
   63.00
    3.00
   37.45
 2046.33
  107.82
    4.00
  145.33
    3.00
   10.60
   53.00
   17.43
   18.00
    6.00
    5.00
  255.00
    5.00
    9.50
   53.00
   60.25
  167.50
   26.00
    4.00
  183.75
   63.73
   15.33
    1.00
   15.00
   62.00
   51.22
   84.00
   10.50
   17.17
   14.75
   42.40
    6.96
    7.00
   42.29
   64.44
    2.00
    4.67
    5.35
   64.22
    2.00
    2.00
   26.71
    6.25
   19.63
    6.57
   45.00
   63.93
   86.70
  181.50
    4.00
    2.00
 1326.50
   79.65
   21.40
    4.00
  153.88
    2.00
   15.75
  716.33
    2.50
    4.00
   22.70
    4.02
    4.00
    3.67
   32.76
   22.84
    2.00
   36.33
   23.78
   27.00
   23.13
    9.00
   81.00
    5.00
  374.00
  233.00
    2.50
   64.05
   13.11
   35.80
   23.71
   77.50
   10.00
   67.63
    8.00
    5.00
   15.00
   21.00
   26.00
   13.00
  195.50
   65.50
  115.00
   27.00
    4.50
    6.00
  347.84
   43.00
    6.00
   11.00
    9.00
    2.00
   32.66
    4.00
   29.00
   68.50
    2.00
    2.00
   36.00
    8.88
   90.33
  170.18
    3.00
    9.00
   77.71
    2.00
    4.00
   12.64
   42.75
    6.50
   48.00
    3.50
    6.00
  117.67
   11.00
   69.50
   78.67
   19.50
   10.00
  203.33
   16.50
   10.33
   70.44
   12.75
   14.33
    2.00
    1.00
  101.20
   37.03
    3.00
    2.20
    2.00
   21.00
  150.40
  100.00
    9.50
  365.55
  499.50
   13.00
  127.69
   61.13
   38.00
    4.50
    8.00
   12.90
    6.67
    4.50
   51.00
    4.00
   13.33
    1.00
   14.70
    5.14
    1.00
    4.00
   25.60
    2.00
    8.00
   18.00
   14.50
   34.00
    4.00
    2.00
    8.00
   35.29
   27.74
    6.17
   16.00
    3.00
    8.00
    6.00
   60.00
    5.24
   24.50
    6.67
   48.63
    2.00
    9.00
    7.00
    8.75
    2.00
    7.67
   18.58
   87.10
    7.50
   69.00
    4.00
    3.00
    2.00
    7.50
   84.86
    3.00
    9.80
  459.41
  323.53
  140.90
    4.00
   77.93
   35.12
  118.77
   10.00
  202.50
   13.43
   19.00
   17.00
   30.67
    7.00
    1.75
    1.50
   93.95
    4.00
  217.12
    5.67
   39.25
   17.00
  101.41
   21.39
    3.00
   26.71
   41.40
   10.50
   13.50
   27.04
   20.75
   10.25
   10.00
  135.33
   21.00
   32.08
    5.80
    4.33
    4.00
   84.08
   69.12
   12.18
   53.33
   26.75
   83.62
  129.75
    3.64
   12.00
   10.33
  250.44
    9.62
   41.67
   16.67
  166.72
   15.18
   40.08
    7.00
  711.00
    4.00
   61.40
  294.00
   21.00
    2.00
   16.38
   14.80
   55.75
    4.00
    5.00
   19.42
   39.33
  277.67
   16.00
   19.00
   31.00
   16.07
   18.00
    4.83
    2.00
    2.00
    2.00
    1.00
    8.50
    2.00
   31.00
   20.00
  118.78
  117.56
    2.00
   75.89
    1.00
   43.50
  217.50
   28.50
   48.93
  135.70
  177.00
   51.90
    3.00
   80.77
    2.00
  877.60
    2.00
  250.82
    2.00
    5.50
    5.00
   35.14
    2.00
   11.25
   10.80
   52.17
  351.00
    4.00
   71.38
    9.50
    8.60
   58.05
   31.00
    3.00
  148.70
    8.25
   16.67
    6.00
    2.00
   19.64
  137.07
   34.85
    2.00
  174.00
    5.46
   16.87
   36.00
   49.23
   27.78
   73.67
   16.00
    4.00
   19.18
    3.00
    2.00
    5.00
   21.00
   17.00
    2.00
   35.50
   43.09
   13.00
    2.00
   29.00
    5.00
    3.00
    4.00
    4.50
  113.79
    2.00
    6.67
   11.00
  657.93
    1.11
    8.00
   19.33
    4.00
    2.00
   16.00
   35.50
   79.79
    5.11
    3.00
   18.87
    1.00
(8057 rows)

