   release    | total_devs_in_RDP 
 linuxv2.6.13 |   456
 linuxv2.6.14 |   357
 linuxv2.6.15 |   415
 linuxv2.6.16 |   593
 linuxv2.6.17 |   553
 linuxv2.6.18 |   545
 linuxv2.6.19 |   524
 linuxv2.6.20 |   435
 linuxv2.6.21 |   614
 linuxv2.6.22 |   543
 linuxv2.6.23 |   658
 linuxv2.6.24 |   729
 linuxv2.6.25 |   759
 linuxv2.6.26 |   914
 linuxv2.6.27 |   918
 linuxv2.6.28 |   874
 linuxv2.6.29 |  1030
 linuxv2.6.30 |   955
 linuxv2.6.31 |  1015
 linuxv2.6.32 |   972
 linuxv2.6.33 |   961
 linuxv2.6.34 |  1114
 linuxv2.6.35 |   917
 linuxv2.6.36 |  1056
 linuxv2.6.37 |  1076
 linuxv2.6.38 |  1127
 linuxv2.6.39 |   936
 linuxv3.0    |  1042
 linuxv3.1    |  1228
 linuxv3.2    |  1066
 linuxv3.3    |  1140
 linuxv3.4    |  1166
 linuxv3.5    |  1054
 linuxv3.6    |  1167
 linuxv3.7    |  1209
 linuxv3.8    |  1180
 linuxv3.9    |  1249
 linuxv3.10   |  1155
 linuxv3.11   |  1187
