 ow_avg 
   0.26
  29.11
  21.30
   7.07
   0.98
  11.75
   3.17
   1.29
  11.35
  31.44
   0.01
   2.36
   0.46
   3.41
   2.33
   0.84
   1.04
  30.24
  45.66
  73.91
   7.41
   0.01
   4.13
   0.26
  11.07
   0.66
  23.24
  12.51
  12.10
  16.52
  31.04
  18.83
   0.55
   5.76
   1.96
   0.71
   1.74
   5.07
   1.35
   0.05
   0.35
   0.95
   0.43
   3.74
   0.24
   8.84
   1.95
   4.46
   0.30
   3.01
   0.55
   0.53
  25.24
  36.39
  60.47
   1.10
   0.19
   1.40
  31.67
   5.41
   7.30
   1.79
   0.14
   0.08
   9.37
  12.08
   0.25
   0.95
  13.65
   6.54
   3.99
  12.83
  37.18
  25.46
  32.13
  27.67
   6.74
   4.31
   1.33
   0.57
   0.02
  12.47
   1.85
   0.64
   0.11
  14.89
   0.38
   0.29
   2.48
   1.34
   4.50
   1.27
   1.89
  15.93
   8.17
   8.80
   2.76
   5.08
   2.47
  12.70
   1.82
  41.50
   9.42
   6.33
   3.82
  10.85
   0.98
   8.47
   1.69
  55.00
   0.27
   0.15
   3.49
   2.69
   0.23
   3.29
  52.26
   1.12
  30.18
  31.38
   5.86
  24.09
   8.77
   7.73
   0.26
   3.46
   1.77
  30.82
   1.14
   4.05
   0.31
  41.54
   1.43
  33.79
  10.90
   0.53
   6.37
   0.07
   0.66
   0.62
   1.34
   2.20
   0.02
  35.51
   1.42
   0.72
   4.73
   9.90
   2.06
  16.80
  13.34
   0.06
   0.14
  15.09
   8.11
  28.83
   0.35
   0.18
  13.66
   0.08
   0.83
   0.06
   1.01
   0.54
   3.88
   0.92
   1.34
   1.34
   1.87
   0.22
   3.67
   0.03
  47.27
  22.64
  10.31
  16.59
  22.14
  22.46
   5.68
   0.56
   0.12
   0.24
   3.38
   1.66
  12.45
   4.35
  24.88
  26.86
   0.06
   0.43
   0.07
   9.28
  33.32
  29.43
   0.09
   8.56
   0.22
   1.38
   0.63
  23.15
   0.12
   0.07
   0.60
   2.02
   4.29
  12.60
  32.68
   0.26
   0.28
   0.04
   8.80
  10.73
   0.75
   0.12
   0.13
   0.45
  25.03
   9.57
   3.02
  15.29
  13.36
   1.79
   0.56
   0.21
   0.58
   0.21
   1.46
   0.40
   0.98
  17.51
  24.14
   2.13
   2.58
   3.67
   0.49
  31.88
   0.78
   0.51
   0.09
  10.80
   3.42
   1.20
   2.54
   2.74
  50.51
   9.56
  52.01
  23.78
  42.18
   1.44
   0.18
   3.28
  25.29
  43.41
   0.18
   4.13
   0.81
   2.10
   0.72
   3.58
   7.27
   0.90
   4.45
   4.10
  27.55
   0.06
   0.34
  13.84
   5.91
   0.90
  13.19
   5.56
   0.95
   1.76
   0.84
   0.99
   3.75
  16.65
   0.69
   0.39
   1.84
   6.68
  55.00
   8.16
   0.10
   0.30
   7.19
   0.11
   0.19
   5.34
   0.06
   0.11
   4.32
  29.97
   8.73
  45.80
  29.24
   4.54
  20.85
   7.22
   1.36
  19.59
   0.16
  19.51
   0.52
   0.49
   0.20
   1.42
   0.17
   3.74
   0.38
   7.45
  17.79
   9.44
  46.85
  66.70
   1.06
   0.49
  16.32
   6.72
   1.92
   3.05
   0.04
   0.80
   6.66
   8.11
   0.43
  12.33
   2.49
   9.86
  10.37
   0.13
  16.13
  29.22
   0.12
   2.82
   0.58
  13.61
   1.78
   4.30
   6.65
   0.04
   0.95
  11.54
  17.42
   2.42
   0.58
  33.22
  44.50
   0.65
   0.07
  16.77
  13.97
   3.70
   0.81
  24.73
   0.25
   0.96
   0.65
  12.38
  32.09
   0.08
   0.12
   1.90
   0.11
   0.61
   0.84
   0.41
   3.48
   6.66
  15.48
   0.86
   4.44
   1.48
  10.54
   3.40
   0.22
  20.54
  16.72
   1.20
  24.51
   4.77
   0.24
  34.23
   0.03
  35.18
   1.11
   0.82
   2.85
   1.96
   0.35
   3.98
   0.16
   0.53
   5.53
   6.13
  14.93
   4.79
   6.98
   4.11
   1.31
  52.93
   0.22
   8.47
   2.71
   4.70
   1.11
   5.99
   0.76
   7.24
   0.14
   0.86
   2.34
   0.04
  41.11
  12.08
   4.94
  11.85
  17.48
   0.44
   0.12
   4.94
   4.84
   1.00
   1.33
   0.07
   7.27
   0.45
  11.00
  10.31
   0.93
   0.37
   0.51
   3.59
   7.01
   1.91
   0.27
   0.96
  26.18
  22.69
   0.15
  31.65
   0.27
   5.63
   3.88
   0.11
   0.76
   0.53
   0.15
   9.32
  15.23
  50.41
   0.03
   6.61
   6.02
  33.13
   0.70
  37.04
   3.84
   1.63
   0.84
   0.29
  14.60
   2.07
  16.70
   0.11
   8.92
   5.52
   0.10
   0.06
   0.12
  21.43
   6.38
  37.19
   9.75
   1.11
   0.00
  17.44
  14.22
   8.24
  17.27
   8.68
   0.01
   4.65
   0.62
   1.08
   2.47
   0.09
  14.85
  16.43
   0.87
   2.30
  16.36
   0.72
   0.49
   1.04
   3.39
   1.79
   7.94
   0.84
   4.68
   1.84
   3.99
  14.52
   0.53
  22.52
   3.29
   9.03
   1.79
   0.05
   0.03
   0.17
  24.91
   0.15
   1.58
   0.55
   0.09
   0.05
   1.26
   3.27
  21.91
   0.07
   3.46
   0.36
   3.09
   3.87
   4.72
  24.93
   5.03
   9.87
   0.56
   0.30
  19.79
   0.36
   2.88
   6.39
   2.75
  30.97
   5.71
  38.17
   3.59
  24.17
   7.74
   0.07
   8.29
   0.40
   1.48
   0.07
   0.03
   0.92
   6.26
   0.90
   0.26
  16.96
   0.66
   9.34
   1.26
   0.09
  26.79
   0.04
  20.97
   0.61
   1.46
   0.33
  27.81
   9.61
  15.21
   1.08
   7.26
   0.36
   8.33
  15.72
  16.01
   8.89
  20.82
   8.06
  76.90
  23.98
  13.48
   7.87
  17.62
  18.81
   2.82
   0.25
  30.88
   2.28
   0.09
  12.43
   3.07
   0.36
   1.10
   0.27
  20.29
  28.99
   0.80
   7.61
   0.18
   1.93
  13.45
   0.39
  15.74
   0.23
  14.86
  28.80
   0.05
   0.68
   0.14
   0.89
  39.48
   0.20
  11.13
   4.21
   9.91
  16.63
  48.19
  19.79
   2.67
   6.18
   5.85
  12.57
   1.19
  24.49
  48.88
  15.48
  21.52
  33.49
   2.60
   6.28
   0.02
  42.77
   1.61
  17.77
  13.28
   0.16
   9.56
   2.90
  22.36
   0.12
   1.64
   0.08
   0.07
  24.15
  12.38
  11.94
   1.03
   0.15
  15.77
  30.88
  15.96
  11.56
  36.46
   5.05
  17.14
  59.49
  27.09
   0.60
  12.79
   0.55
   0.33
  29.43
  22.18
  21.22
  47.52
   0.09
  40.44
   0.36
   0.44
   8.56
   9.50
   0.34
  25.13
   1.43
  17.12
  15.13
   5.61
   2.69
  12.29
   2.25
   0.49
   0.62
   0.95
  21.65
   4.84
   0.59
   2.25
   0.90
   2.19
   1.53
   0.59
   0.15
  33.44
   5.02
   1.23
   8.05
  14.19
  17.14
  12.97
   2.61
  13.42
  17.14
   1.98
  14.93
  12.49
   8.75
  13.00
   6.31
   4.78
   0.17
   1.71
   0.20
   0.40
   0.68
  13.25
   0.06
   0.80
   0.23
   0.23
   6.45
   0.25
   0.03
   2.66
  17.08
  36.19
   0.29
   0.19
   6.95
   5.31
  34.71
   0.99
   0.88
   3.57
   0.09
  12.88
  58.73
   8.39
  12.97
   8.07
   1.45
   3.83
   0.48
   2.00
   0.04
  15.81
  25.08
   0.61
   2.92
  19.63
  41.23
  27.17
   0.41
   0.66
   8.40
   2.50
  21.53
  48.18
  12.94
   5.25
   0.78
   0.66
  58.45
  48.96
  51.07
  46.78
   3.49
   0.04
   0.15
   0.15
   6.13
   0.01
   0.66
  22.45
   3.08
   0.60
  40.74
   8.44
   6.65
   7.80
  16.19
   1.73
  21.82
   5.41
   0.93
   0.04
   6.55
  12.04
   0.09
   0.05
  13.14
  14.60
   0.62
   0.07
   1.85
   0.23
  20.19
   3.74
   2.16
   0.24
  17.50
  13.91
  44.44
  17.33
   1.08
   0.04
   9.84
   0.34
   0.17
   0.40
   4.84
   5.55
  25.76
   2.18
   1.12
   0.22
   0.13
   1.57
   2.52
  22.64
   0.24
   6.61
  42.76
   4.78
   0.11
   0.47
  12.24
   3.16
   7.35
  13.33
   3.37
   0.02
   5.17
   5.74
  11.02
   0.32
   2.42
   0.71
  26.49
  32.46
  21.82
  31.39
   7.83
   0.15
   1.32
  44.54
  26.98
  12.76
   0.06
  43.54
   7.04
   0.74
   0.68
   0.51
   8.52
  11.21
   5.72
  18.73
   0.63
   1.19
  18.57
  16.24
   8.67
   0.07
   0.43
   0.43
  11.14
   7.77
  23.02
   0.37
   2.10
  19.88
  37.50
  12.01
   2.14
   1.65
   7.78
  11.35
   0.64
   1.52
   1.18
   0.89
  15.89
  10.77
  38.37
   1.14
  44.07
  28.70
  22.21
   0.17
   1.13
   4.71
   1.23
  31.61
   3.55
  11.02
   8.61
   5.06
  26.28
  13.62
  23.77
   6.82
   7.69
  13.69
  16.00
  26.18
   0.37
  24.44
   1.98
   1.10
   0.74
   0.83
   0.21
   0.70
   4.58
   0.30
  10.02
   2.33
   5.04
  20.79
  12.92
  12.25
   1.73
   1.70
   3.37
   7.53
   0.48
   2.70
   0.20
   0.07
   0.42
  18.30
   0.88
  82.09
  20.81
   9.93
   0.80
  16.47
   0.44
   0.85
   0.09
   0.92
  12.18
  16.35
  19.43
   1.25
   0.21
   0.48
   1.34
   1.06
  14.87
   0.09
   0.03
   2.97
   1.99
   3.65
  43.89
  74.77
   0.95
   2.80
   0.15
   2.07
  24.71
  18.25
  52.05
  12.85
  21.83
   4.89
   0.63
  47.29
   7.66
  22.33
  21.02
   2.53
   7.66
   0.31
   9.11
   0.29
   0.23
   0.32
   0.66
   7.05
   0.04
   0.18
   1.32
  35.82
  26.00
   0.27
  12.75
   2.41
   5.78
 100.00
   9.49
   0.96
   0.90
   0.56
   0.82
   0.05
   5.96
  10.11
   4.70
   2.33
   0.60
  43.43
  19.58
   4.17
   3.58
  18.84
   0.58
   0.03
   7.06
   0.02
  41.58
  18.34
  36.75
  10.14
   5.88
   0.63
  21.54
   0.61
   0.50
  25.16
   3.21
   0.29
   9.65
  16.14
  11.09
   2.97
   7.72
   3.34
  11.80
   1.90
   1.43
   0.78
  23.03
   0.09
  13.45
   0.04
  84.23
  12.61
   0.29
  11.11
   0.57
   1.99
   0.34
   1.40
   0.88
   5.34
   3.39
   1.47
   0.53
  42.65
  16.36
   0.39
   1.28
   7.75
   0.38
   0.98
   6.07
   0.63
   0.74
   9.26
  35.05
  20.84
   2.98
   6.54
   1.57
   2.00
   3.13
   0.06
   6.92
   9.42
   1.83
   0.45
   0.29
  29.49
  12.96
   3.02
   7.03
   0.73
  14.88
   0.60
   0.04
  40.37
   0.39
   0.25
  13.50
   0.20
  16.83
  15.41
   0.06
   7.50
   0.16
  21.30
   0.23
   2.04
   0.28
  53.97
   0.36
   4.86
   0.01
   0.30
  40.01
   2.76
   0.18
  36.71
   0.05
   1.84
  25.26
  10.99
   4.60
  10.20
   0.05
   0.85
   0.70
   0.22
   3.28
   0.23
   4.52
  28.56
  60.60
   0.31
   0.04
  20.89
   0.14
   0.02
  60.89
   9.01
   8.12
   3.65
   1.06
   1.18
   0.18
   0.33
   0.46
  14.44
   0.07
   0.17
   0.68
  58.58
  17.74
  35.54
   1.32
   0.17
   0.23
   9.95
   0.43
   0.27
   6.20
  25.10
   1.02
  34.01
   1.49
   1.38
  32.42
  62.85
  18.76
   2.33
  13.22
   0.02
   8.08
   0.16
   1.49
  65.85
  23.47
   1.64
   4.33
  35.71
  16.74
   0.15
   1.46
   0.06
   0.24
  23.10
   0.60
  32.62
   2.14
  10.41
  29.08
   0.09
  30.02
  47.76
   3.41
  33.99
  10.23
   0.34
   2.33
   0.04
  13.67
  73.06
   2.03
   8.37
  25.83
   2.51
  12.75
   1.67
  21.60
   2.15
  22.21
   8.65
   2.02
  11.70
   5.43
  48.29
   3.40
  53.97
   6.56
  21.60
  32.19
   0.63
   0.06
  35.29
   0.33
   0.93
  21.23
   0.13
   0.04
  27.72
   0.19
   8.45
   7.20
   1.22
   2.16
  22.88
  14.52
   3.62
   2.07
   5.15
   2.12
   2.40
   8.51
   5.73
   1.53
   2.25
   0.69
   1.08
   5.35
  90.12
   1.53
   0.04
   0.16
   0.03
   7.10
   1.33
   1.86
   0.06
   5.10
   0.06
   0.16
   6.11
   9.31
  27.84
   0.40
   0.02
   0.21
   0.25
   1.37
   1.01
  11.73
  12.81
   3.03
   0.81
   2.77
   5.40
   1.18
   0.84
   1.37
  13.36
   0.08
   0.88
   2.05
  43.76
   2.04
   0.72
   4.55
  72.53
   0.10
  14.86
   1.24
   0.57
   0.76
  53.13
   2.65
   0.97
   0.46
  12.70
  40.37
  13.69
   0.09
  15.00
   8.03
  37.17
   3.78
   6.14
   4.02
   1.58
   2.79
  32.30
  12.90
  10.58
   0.15
  23.97
  11.08
  12.08
  25.45
  31.27
   0.27
   7.66
  39.02
  51.47
   0.73
   0.65
   1.02
  11.23
  40.97
  10.67
  44.20
   0.05
   0.06
   3.64
   1.22
   4.06
  31.31
  18.90
   0.07
   0.30
   6.39
   0.94
   0.29
   0.19
   0.07
  24.57
   0.09
   1.76
  17.07
   2.30
   2.06
  11.47
   1.04
   1.28
   5.58
   0.21
   0.17
   2.79
   5.04
  12.17
   9.04
   2.78
  17.86
  36.33
   1.98
   0.14
   0.12
   1.43
   4.36
   0.14
   9.62
   8.48
  38.47
   1.36
  73.85
   0.08
   0.22
   0.15
  28.97
   0.59
   0.49
  14.08
   0.94
   0.48
   3.82
  19.91
  29.08
  77.99
   1.02
   7.18
  17.50
   4.69
   3.64
   1.58
   5.88
  12.93
   1.02
   0.30
   0.58
   0.26
  12.47
   1.35
   0.06
   3.03
   4.69
  13.41
  38.16
   0.36
  26.24
   0.02
  15.74
   0.14
  21.53
   0.96
   0.03
   4.16
  17.59
   0.31
  15.31
  42.13
   1.33
  25.89
  24.16
   0.32
  14.27
  36.31
   0.01
   2.97
   1.34
   0.98
  24.98
   0.36
   5.31
  14.47
   1.38
   3.17
   0.65
   0.80
   0.41
   4.95
   6.14
   6.27
   1.25
   0.16
   0.57
   0.92
  12.09
   0.05
   2.92
   0.10
   0.02
   0.56
   6.18
  37.86
   5.65
   4.37
  16.83
  15.22
  11.31
   7.89
  14.82
   0.94
   0.74
  21.49
   0.24
   0.05
   0.49
   1.47
   0.36
   0.22
   0.05
  33.16
  23.27
  14.93
   5.76
   5.58
   0.58
   6.08
   4.94
   2.79
   1.01
   0.11
   3.66
   1.28
  20.60
   0.38
   0.80
  33.42
   9.57
  20.44
   3.94
  14.20
   0.35
   2.79
  15.05
   2.59
  30.81
   2.91
   0.13
  15.41
   0.44
  14.48
  12.82
   1.46
   0.03
   0.27
   2.57
   0.80
   3.74
   0.90
   0.23
   1.01
   0.44
   0.27
   3.02
   0.07
   0.80
   0.42
  34.30
   0.16
   0.65
   0.40
   0.53
  17.50
   0.88
   0.06
   1.69
   2.03
   0.32
  22.53
  11.74
  22.56
  20.32
  28.55
   2.34
  23.96
   1.52
   0.21
   3.79
  25.28
   2.32
   4.86
   0.59
  13.32
   0.42
  25.69
   0.12
   0.75
   4.63
   9.04
   0.77
   0.78
   2.27
   0.73
  38.17
   5.19
  38.31
   2.67
  19.60
   2.50
  13.62
  47.96
  27.56
   0.52
   1.30
   0.70
   0.24
   1.07
   0.12
   3.10
   0.84
   1.44
  16.65
   2.72
   4.52
   0.18
   0.95
   0.55
  12.69
   0.56
  22.90
   7.62
   4.11
   0.46
  65.12
   0.34
  34.25
   0.36
   0.05
  11.94
  34.24
   4.09
   1.72
   0.35
  22.17
  39.64
   0.30
   4.26
  30.51
  50.43
  24.20
  49.70
  17.90
  10.92
   0.96
   3.12
   1.06
   3.47
   0.00
   0.03
   0.47
   0.17
   0.58
   0.01
   2.48
   1.11
   0.07
   6.17
  36.45
   9.51
   6.81
  22.34
   0.13
   2.62
   1.16
  20.94
  14.22
   0.38
   0.32
   1.01
  13.74
   4.32
   0.10
  39.85
   0.05
   8.79
   0.97
   0.72
  17.72
  38.78
   0.43
   0.66
   1.43
   4.90
   7.23
  24.32
   1.00
   0.69
  19.72
   6.94
  10.53
   2.72
   6.60
  16.54
  18.58
   1.47
   4.25
   1.05
   4.24
   3.43
  19.10
   9.27
   1.00
  14.73
   1.65
  36.82
   0.72
   5.85
   6.31
   9.69
   2.13
   0.97
   2.29
  23.43
   1.18
  11.37
  13.36
   3.60
   2.92
   2.24
   3.69
  12.78
  47.28
  29.93
   1.26
   3.05
  27.08
  24.11
   0.21
   1.26
  13.22
   0.56
  11.72
  12.36
   0.37
   6.03
   4.26
   1.01
  54.30
   1.87
   9.28
  32.38
  29.75
  15.24
  51.40
   1.39
  10.76
  15.00
   8.81
   0.75
  10.34
   7.44
  10.51
   2.54
   2.26
  11.16
   1.92
  19.80
   2.74
  16.84
   0.52
  36.78
  27.16
  11.24
   1.21
  14.64
  14.33
   2.20
   3.31
  22.28
   5.43
  16.07
  17.00
   1.49
  15.09
   0.25
   0.58
   3.99
  17.82
   8.11
  15.92
   1.28
   0.23
   0.65
   0.48
  18.27
   0.27
  48.85
  43.11
   1.22
  10.15
  19.22
   4.22
  15.66
  22.15
  17.90
   1.90
   3.03
   1.36
   4.43
   5.91
   8.17
   1.46
   3.28
   3.89
   0.97
  32.88
   0.25
   0.42
   1.05
   0.54
  10.92
   0.67
   1.05
   0.13
   2.62
  47.57
   0.00
  41.79
   1.76
   0.21
  19.89
   0.10
  18.81
   6.80
  18.43
   0.61
   4.46
   2.01
  38.11
   0.72
  14.61
  53.77
  44.51
  44.35
   1.49
  30.73
  68.61
  11.15
  51.19
  13.41
  10.13
  18.66
   0.03
   7.01
  23.97
  13.17
   8.97
   2.80
   2.79
   2.82
   0.46
   0.27
   0.29
   7.44
  26.73
  30.92
   0.10
   2.45
   1.44
  47.46
   0.49
   1.73
   2.53
   1.85
   0.54
  15.10
   2.82
  14.79
   0.41
   7.82
  17.46
  18.39
   0.88
   0.18
   7.42
   7.47
   2.12
   3.47
   1.45
   0.28
   0.10
  21.70
   2.43
   0.78
   2.97
   0.33
  19.47
   0.07
  17.01
   9.60
  15.15
   0.14
   0.83
   8.62
   0.87
   9.72
   0.53
   0.72
   2.62
   0.81
  42.86
   2.04
   6.95
   3.62
   4.02
   4.42
  14.22
  16.00
  43.43
   0.92
  18.15
  42.48
   2.35
  11.15
   0.12
  17.16
   6.82
   1.96
   0.42
   0.68
   0.07
   1.29
   0.09
   0.32
   5.76
   1.26
  11.49
  61.08
  22.48
   1.89
   0.06
   0.48
  16.50
   0.39
   6.46
  89.41
   7.42
   2.11
  20.20
   7.24
  31.17
   2.16
   1.25
   0.14
   0.88
   0.74
  10.70
  60.89
   0.32
   2.40
   0.13
   0.11
   5.64
   0.24
   0.15
   8.06
   3.21
   1.41
   0.33
   0.33
  32.17
   5.78
   1.59
  19.97
  11.63
   1.84
   0.10
   0.76
  10.75
   0.81
   0.68
  65.54
  30.22
   0.56
   0.03
   2.69
   2.84
   0.17
   0.09
   0.47
  13.37
  50.61
  57.90
   0.15
   0.02
  12.77
   0.13
  10.74
   7.60
  12.32
  12.62
   0.80
   5.54
  28.04
   1.26
  36.45
   0.43
   2.05
   0.63
   0.27
   0.09
   1.72
   0.86
   0.17
   0.59
   4.67
  47.24
   9.44
   7.83
   2.20
  24.21
  15.86
  11.24
   7.03
   0.85
   0.89
  39.90
  29.67
  28.71
   1.13
  43.75
  26.44
   1.21
   0.05
   0.15
   9.75
   3.12
   6.92
  14.52
  13.41
   0.79
   2.44
   6.03
   1.85
   2.03
   8.02
   1.02
   0.07
   0.10
   1.79
   0.72
   0.28
  16.46
   7.79
   0.30
  16.50
   0.55
   1.46
   1.07
   2.16
  22.57
  28.40
  15.09
   0.18
  13.40
  11.73
   0.27
  45.45
  21.15
  41.77
   0.14
   1.69
  35.96
   0.83
   1.44
   0.12
   5.39
   2.89
   8.95
   0.60
   0.29
  30.84
   0.48
   0.83
   0.00
  10.89
  39.22
   0.53
   2.25
  21.75
   0.74
   1.51
  14.89
   3.59
  13.92
   0.22
   1.85
   0.17
   0.15
   0.75
   1.93
   1.24
   0.25
   0.04
  23.29
  28.00
   7.12
   0.32
   3.67
   1.57
   1.76
   0.24
  29.24
   0.15
   0.23
   0.22
   7.78
  18.67
  16.75
   0.06
   4.85
   0.14
   1.22
   6.68
   1.55
   0.57
   7.99
   1.78
   0.56
  25.83
  48.53
   0.17
   0.02
   0.66
   3.46
   0.30
   2.09
   0.85
   0.48
   0.17
  59.81
   2.81
  26.80
   5.92
   1.26
  38.37
   1.70
   1.22
   0.02
   4.11
  44.29
  16.68
   6.25
   1.25
   5.94
   6.67
  81.83
   0.51
  19.95
  26.65
  21.75
  82.26
   1.46
   0.48
   0.08
  14.99
   0.18
  16.87
  32.76
   6.35
   8.34
   2.83
   0.20
   0.26
  18.49
  31.37
  13.30
  18.49
   0.30
  12.75
   0.41
  11.65
   0.01
   1.18
  11.64
   1.47
  10.94
  25.89
   0.35
   2.52
  15.29
   4.42
   5.39
  54.38
   6.39
   8.84
   0.36
   3.14
   0.07
   5.12
   4.20
   1.07
   3.78
  14.17
   3.57
   4.17
   0.02
   1.58
  14.75
  18.54
  23.54
  14.55
  12.85
  23.45
   6.16
  33.94
   5.45
   0.08
   0.12
   0.24
  11.98
  10.86
   0.46
   4.76
   2.30
   4.77
   0.54
   0.05
   3.23
   2.79
   1.72
   1.63
   0.44
   1.53
   0.05
   0.34
   0.07
   5.50
   8.38
   9.43
  32.46
   3.65
  17.96
   5.74
   1.08
 100.00
   2.17
   1.86
   8.74
   6.64
   1.40
  19.96
   0.64
   0.09
  16.51
  49.63
  29.88
  60.76
   1.57
   0.21
   0.61
  30.99
   0.40
   9.89
   1.43
   3.33
   3.00
   2.00
   0.11
   0.15
  23.28
   3.96
   0.44
   4.25
   0.40
   0.55
   9.63
   1.49
   0.23
   0.07
  21.40
   1.83
  13.34
   1.02
   0.22
   0.79
   0.22
  17.24
   2.44
   4.48
   0.04
  58.30
  50.56
  26.44
   0.25
  16.01
   1.40
  30.52
  37.23
   0.06
   6.17
  10.37
  25.25
  17.77
  11.16
  36.39
   0.15
  49.49
  16.34
  14.15
  23.55
  14.35
  17.94
   6.17
   0.69
  10.86
   0.16
   0.14
  13.31
   0.49
   0.07
   0.26
   1.07
  21.96
   4.23
   0.16
   0.26
   0.70
   8.08
   5.22
   2.35
   0.47
   0.22
   4.67
   0.35
  34.22
   0.33
  13.00
  19.14
  17.41
  25.34
  33.40
  12.45
   0.72
   6.61
   0.51
  15.60
   0.18
   0.01
   8.89
   2.52
  43.68
   3.09
  12.25
   0.72
   5.48
   2.12
  15.19
   0.48
  21.10
   0.03
   9.73
   0.35
   0.20
  13.85
   0.23
  10.74
   0.46
   0.45
   2.07
   2.77
   1.99
   0.54
   9.45
   1.34
  54.53
   0.84
   0.32
   0.33
   0.33
   0.13
   1.63
   0.29
  21.69
   0.11
   1.08
   0.44
   0.52
  28.89
   0.16
  17.39
   0.19
   7.59
   3.28
  24.45
  28.99
  22.00
   1.84
   4.31
   1.53
  13.22
   4.63
  26.17
   6.88
  13.89
   0.46
   1.26
   0.28
   0.46
  64.61
  14.78
   0.16
   0.17
   3.24
  11.58
   4.26
   0.25
   0.29
   4.91
   0.06
  10.65
   0.92
   1.65
  11.13
   7.58
   0.02
   0.55
  22.30
   0.08
   0.02
   5.80
   5.50
  22.52
   0.77
  18.49
   0.88
   2.43
   0.56
   0.17
   0.88
   2.98
  22.19
   0.57
  70.71
   3.07
  24.53
   0.02
  11.47
   5.26
  13.33
   1.97
   5.56
  49.68
   1.52
  33.45
   0.64
  12.94
   1.19
   0.27
   0.32
   0.83
   0.54
   7.53
   0.29
  47.69
   1.78
   1.45
   0.18
   0.08
  30.84
   0.43
  35.50
   0.63
  30.77
   6.58
  32.33
   2.26
   7.71
   4.51
  13.99
   0.69
   0.27
   1.74
   0.53
   3.35
  16.01
   9.30
   1.11
   0.39
   1.75
   0.33
   1.07
   0.32
   0.91
   3.43
   5.51
   0.46
   0.06
   2.39
   2.52
  16.81
   5.46
   1.38
   0.32
  43.34
   0.34
   1.76
   0.13
   0.02
   4.59
   0.20
   0.36
   0.38
   0.11
  33.11
   1.47
   5.20
   0.03
   1.41
   0.10
   0.08
   4.11
  16.84
   1.72
   1.97
   4.18
   0.23
   6.85
  27.80
  13.24
  18.19
   3.58
   8.32
  20.45
   7.30
  30.75
  14.30
  10.04
   2.20
   4.98
   1.98
   2.08
   2.10
   3.12
   0.49
  37.51
   0.38
   0.29
   2.91
   0.04
  15.10
  14.53
   0.02
   3.49
   0.67
  14.02
  10.02
   0.70
   0.90
   0.15
   0.04
  39.06
   8.14
   0.11
   0.97
   0.11
  27.72
   7.01
   9.43
   0.21
   2.39
   0.40
  19.84
  14.94
  13.37
  35.09
   0.21
  21.09
   0.02
   1.23
   2.09
   3.07
  77.15
   5.39
  32.91
  54.33
   0.31
   5.14
   0.18
  28.74
   2.50
   2.77
   7.07
   9.58
  18.08
   0.88
   0.01
  12.16
   0.35
   0.87
  59.44
   0.10
   2.42
   3.70
   7.76
  20.48
   0.37
   1.12
   3.99
   3.84
   0.72
   5.93
   2.15
   0.34
   3.73
   0.15
   8.12
   0.42
   6.77
   0.03
   0.54
   1.28
  20.28
  29.09
   5.14
   1.11
  26.93
  23.94
   0.05
   4.85
   1.24
   1.46
   1.58
  15.09
  24.62
   1.06
   1.64
  14.53
   5.31
   1.29
  14.74
  15.08
   3.11
  11.10
   1.81
   3.07
   4.19
  19.11
   3.42
   0.07
   3.10
   1.40
   6.44
   1.95
  24.55
  27.83
   6.19
  24.63
  26.74
   0.06
  41.68
  41.93
  13.34
   0.30
   9.75
   2.01
   1.08
  18.09
  16.03
  42.93
  32.41
  51.49
   1.82
   0.08
  68.80
   0.19
   8.33
  23.58
  88.23
   2.75
  29.81
   7.35
  18.09
   9.96
   0.18
  22.12
  42.76
  17.45
   0.35
   0.35
  23.53
   1.45
   3.80
   0.07
   0.13
   0.30
   3.57
   0.39
   0.30
   0.21
   3.22
   0.04
   8.23
   0.32
  21.83
  53.80
   0.06
   0.47
   0.20
  20.72
   7.29
   1.83
   1.32
   2.97
   5.84
   0.37
   1.60
   0.76
  23.60
  20.27
  15.45
  66.61
  10.38
   0.84
   0.41
   0.21
   5.08
   0.50
   0.10
   3.55
   0.12
  27.79
  12.31
   0.25
  29.78
   0.29
   0.52
   0.03
   0.07
  32.57
   1.10
   0.51
  12.30
   3.05
   7.26
   4.21
   7.51
   0.45
   4.66
   0.80
  30.16
  27.39
  46.80
  28.06
   0.10
  17.34
   0.05
  38.03
   0.14
  21.47
  28.87
  27.36
   3.38
  18.05
  23.64
  26.97
  25.72
   0.49
   3.15
   0.81
   5.47
  18.85
   0.17
   0.07
  30.66
  28.34
   2.70
   3.72
   0.56
   0.19
  24.30
  22.95
  34.67
   1.33
   0.75
   0.79
  43.03
   9.47
   9.49
  16.38
  21.94
   1.93
   3.77
   1.30
   6.37
  61.91
  54.98
   0.30
  27.62
  35.76
  29.49
   8.41
   0.46
   0.66
   0.20
   1.74
  31.08
   0.23
  11.49
  13.52
   4.17
  30.29
   6.20
   2.26
  15.63
  23.12
   0.69
   0.27
   5.63
  32.94
   5.45
   1.70
   4.80
   0.93
  12.94
   0.51
   0.21
   0.46
   0.50
   1.10
  17.42
  61.78
  14.13
  36.76
  36.63
  33.33
   3.03
   0.96
  18.96
   0.86
  23.91
  47.12
  11.85
   3.93
   0.45
   4.78
   0.24
   7.55
  34.28
   0.08
  42.84
   1.09
  18.53
  84.90
  55.35
   1.98
  28.57
   1.83
   5.37
   0.16
   0.66
   0.27
   4.19
   1.60
   0.29
  25.77
   1.79
   0.92
  13.02
   0.66
   3.84
   0.08
  26.33
   1.60
   0.24
   0.51
   0.49
  42.96
   0.28
   2.15
   0.16
   5.04
  12.11
   0.22
  12.77
   1.49
   6.77
  10.67
   0.68
   0.53
   5.09
   0.22
   0.44
   0.31
  10.90
   6.73
  58.52
  13.58
  10.13
   0.88
   1.02
   0.04
   1.31
   4.81
   8.95
   5.60
   0.09
  39.85
   0.14
   0.31
   4.00
   0.24
   3.00
   8.46
  14.07
  35.44
   7.92
   7.89
   1.82
   0.17
   0.32
   1.39
  14.81
   0.45
   0.45
   0.14
  17.55
  39.53
   0.09
  26.17
  10.49
   7.45
   0.86
   3.56
  28.41
  54.88
   3.66
  49.87
   0.25
   9.52
  10.22
   0.14
  16.40
  36.16
   0.39
   1.71
  37.85
  20.90
   0.03
   0.07
   0.85
   0.73
  17.61
   3.53
   1.79
   2.01
   0.39
  36.45
   0.02
  33.72
   8.63
   8.35
   3.91
  21.29
   1.03
   0.47
   1.83
   0.51
   9.41
   0.25
  10.91
   0.77
   1.14
   0.52
   4.21
  25.34
  25.64
   0.70
   1.20
   0.40
  15.49
  14.18
   0.03
   0.64
  77.44
  24.30
  18.50
   0.93
   0.21
   0.13
   0.25
  28.33
   0.22
   0.14
   3.02
   7.88
   2.98
   0.05
  11.16
  24.53
  26.93
   0.25
   0.10
  40.49
   0.30
  20.23
  13.12
  16.47
   2.00
   0.28
  49.66
   8.16
   5.46
  12.29
  11.38
   6.31
   2.68
  21.62
   1.79
   4.11
  17.19
   0.44
  30.98
   0.16
  30.64
  13.91
   1.00
   4.11
   9.40
  12.23
  16.23
  32.99
   4.24
  13.24
   0.22
   2.44
   0.24
   0.18
   1.07
   0.06
   0.44
   0.04
  10.10
   0.16
   8.30
   0.34
   4.34
   5.12
  27.86
  38.39
  27.49
   0.13
   0.38
   0.37
  44.75
   0.06
   0.09
 100.00
  34.47
   0.06
   6.56
   0.18
   5.53
  49.74
   2.55
   1.55
   3.43
   3.47
   1.13
  10.66
  23.84
   1.58
  19.28
  32.24
   4.07
  18.98
   0.19
  52.05
   0.39
   1.27
  23.41
   0.30
   1.50
   0.08
   1.05
  12.88
  12.27
   0.22
   0.45
   6.80
  50.16
   3.83
   1.70
  43.01
  25.23
  39.57
   0.42
   0.76
  19.56
  15.66
  48.94
   1.78
   0.17
  39.81
   0.26
  55.41
   0.14
   6.12
   2.42
   0.06
   1.95
   0.04
   0.05
   1.04
  12.95
   9.18
  28.06
  33.32
   0.40
   1.20
   0.90
   3.18
  25.32
  34.35
   0.88
   4.98
   0.28
  12.45
   0.14
   0.20
  19.99
   1.45
   4.68
   1.22
   3.20
  14.12
  20.79
   6.49
   0.45
  22.70
   0.48
  53.20
   2.01
   7.92
   0.20
  12.13
  12.26
 100.00
  12.30
   0.12
  34.36
  71.58
   2.49
   0.11
   0.07
  45.54
   1.87
   6.31
  51.42
   0.27
  39.59
  70.73
   2.86
   0.92
   1.08
   7.68
   3.65
   0.12
   6.50
   8.28
   7.42
  29.47
   3.25
   2.85
  32.83
   6.02
   0.07
  15.00
   4.38
   0.09
   2.73
   0.88
   1.00
   0.08
  30.78
   0.44
  23.13
  10.42
  67.66
   1.46
  27.40
   0.29
   0.33
   0.02
  11.39
   0.82
   0.06
   5.71
   1.74
   0.06
  10.67
  27.85
   0.70
   1.11
   0.89
   0.02
   0.07
  12.23
   2.33
   0.02
   6.00
  25.08
  36.53
   0.23
   0.10
  18.31
   7.55
  14.25
  21.42
  29.24
   0.18
   0.42
   2.39
  12.83
   2.29
   1.91
  11.08
   0.25
   4.21
   0.18
  20.61
  40.16
  21.66
   5.68
   6.01
   7.86
   0.24
   3.38
  34.69
   1.55
   8.34
   3.30
   4.92
  14.44
   0.09
   6.85
   0.92
   0.17
   0.34
  12.78
  24.84
  29.14
  17.23
   2.60
   0.07
   5.25
   4.65
   8.84
   6.86
   8.77
   6.21
   0.25
   0.89
  16.35
   0.54
   1.15
  23.57
  26.93
   0.03
  11.38
   1.52
  33.43
   9.84
   0.79
  20.62
   3.66
   3.49
   0.21
   3.18
   3.41
   0.39
   0.19
   1.41
   2.46
   1.16
  13.04
   0.86
   7.58
   9.99
  18.28
   5.54
   3.69
  45.46
   3.68
   0.40
  41.86
   0.76
   1.22
   0.31
   3.02
   3.06
   0.29
  13.16
  10.30
   0.90
   7.80
   5.51
   1.30
   0.42
   6.14
  50.00
  11.59
   2.89
   0.25
  17.89
   0.81
   1.82
   1.92
  19.24
  11.38
   9.25
  24.27
   3.22
   8.13
  23.48
   9.13
   2.73
  38.49
   4.63
   6.70
  46.75
  17.04
   8.26
   5.15
  31.37
  34.45
  14.31
   2.34
  33.11
   8.53
   0.34
  49.71
  44.33
   0.18
  22.39
  21.17
  21.43
  12.41
  50.46
  32.47
  28.26
   1.35
   3.91
  38.02
  44.39
   9.57
  13.28
   8.73
  12.77
   5.57
   7.72
   5.03
   4.68
   0.13
   0.80
  10.98
   4.64
   2.75
  56.37
   0.03
   0.32
   0.54
   0.07
   1.40
   0.32
  16.84
  33.85
   1.46
   2.53
   9.84
  15.67
  11.24
  49.06
  33.30
  26.03
   0.53
   2.30
  13.83
   0.31
   3.64
   3.70
  14.42
   0.93
   2.59
   0.18
  34.14
   8.38
  35.29
   1.72
   8.75
   7.17
   1.13
   1.65
  14.76
   6.71
   0.07
   0.05
   2.03
   0.27
   8.24
   2.82
   0.98
   1.42
  28.32
   0.92
   0.42
   0.01
   0.43
  11.68
   0.03
   2.61
   0.69
   0.12
   0.49
  20.59
   2.63
   0.03
   0.78
   6.98
   1.14
   7.00
  50.05
   9.14
  15.50
   0.89
   0.05
   9.52
   2.94
   2.51
  37.09
   0.46
   0.49
  17.05
  16.10
  31.68
   1.11
   1.29
   7.88
  13.69
  29.06
   4.01
   0.70
   0.37
   0.05
  11.76
  36.53
   6.02
   3.66
   8.81
   0.14
   0.08
   0.58
  18.93
   1.33
  80.84
  46.42
   2.75
   0.57
   0.04
   5.65
   1.18
   1.83
   1.40
   1.81
   0.61
   8.17
  26.14
  15.24
  92.40
  37.76
   1.42
   0.00
  15.58
   8.65
  29.61
  11.94
   2.12
   8.49
   0.05
   4.11
  28.12
   0.35
   5.15
  18.81
  14.38
   0.24
   0.45
   2.90
   0.10
   1.11
   0.66
   5.98
   6.48
   2.13
   0.33
   0.16
   0.40
  14.21
   1.02
  31.75
   9.39
   0.03
   5.21
   3.87
   0.05
  77.93
   4.15
   1.28
  14.50
  13.07
   2.06
   0.57
  21.77
   7.48
   3.38
   6.09
  55.02
   5.03
   9.03
   0.53
   0.83
   0.06
   0.92
   1.33
   4.21
  33.08
  50.53
  16.37
   3.72
   4.76
   0.18
   0.91
  46.95
  49.76
  27.28
  16.78
   5.05
   8.33
   0.54
  30.82
   0.78
   1.49
  32.74
   9.42
   0.42
   8.47
   0.09
  38.37
   2.53
   0.66
   5.48
   5.27
   7.93
   0.03
  11.45
   9.39
   3.62
   0.37
  12.99
   0.03
  21.12
   0.44
   8.78
   1.22
  21.07
  10.03
  61.12
  60.73
   0.12
  16.58
   6.01
   7.87
   0.46
   0.04
  17.79
   0.19
   0.23
  13.87
   1.45
   0.40
   1.00
  28.43
  33.34
   6.68
   0.33
   3.35
   0.91
  15.52
   0.46
   1.96
   0.08
   0.58
   0.07
   5.26
   1.02
   0.10
   0.71
  28.81
   7.86
  10.20
   1.83
   1.71
   0.18
   0.27
   1.49
   6.86
   3.28
   0.44
  16.05
   0.13
   0.64
  43.67
   1.08
   8.62
   0.29
   8.33
  45.18
  74.40
   0.25
   1.24
   1.70
  13.07
   6.35
   0.46
  16.32
  21.63
  25.25
  14.10
   0.26
  10.09
   0.19
  34.11
   0.29
   0.37
   9.09
   0.58
  25.11
  15.42
  40.45
   4.15
   0.67
   5.36
   2.31
  45.41
   0.77
   0.44
   1.39
  17.97
   1.91
  15.01
   4.90
   4.16
   1.87
   0.36
  39.16
  13.89
  21.18
   2.13
  67.67
   3.01
   0.12
  18.46
   8.27
   0.53
   1.73
   0.27
   1.21
  12.28
   0.62
   4.64
   3.48
   0.13
   3.85
   5.39
   0.95
   1.40
   5.84
   0.12
  79.39
  21.77
   8.35
  12.02
   0.58
   0.44
   4.94
   5.41
  30.76
   0.03
   1.19
  12.74
  15.99
   3.53
   1.31
  15.72
   8.88
   0.30
   1.58
  19.94
   8.28
  19.41
   0.31
   1.49
  11.57
  13.63
   4.35
   0.28
   1.80
   1.52
  17.35
  15.43
   2.01
   1.12
   1.18
   8.14
   1.68
   4.35
  60.92
  17.56
  25.28
  59.25
  64.36
   3.80
  10.26
  13.56
   0.04
  19.42
  36.64
  24.97
  29.99
   3.90
   8.59
   1.57
  11.63
  10.17
   1.98
   0.42
   0.03
   9.04
   4.66
   2.82
   0.41
   0.04
   5.18
  31.32
   5.51
   8.44
  26.17
  29.42
   0.87
  35.53
  14.70
   0.07
  25.84
  22.65
   0.89
   4.18
   2.66
  59.89
   0.58
   9.26
   0.05
   0.25
   0.89
  19.01
   0.77
  22.70
  40.23
   2.41
   0.42
   0.45
   7.50
   6.11
   3.97
  32.61
  14.47
   7.25
  23.55
   0.11
   6.69
  22.62
   7.30
   0.50
   1.73
   0.22
   1.96
   0.30
   0.31
   0.58
  38.77
   3.05
  11.13
   0.56
   0.10
   8.90
   5.56
   4.33
   4.08
   6.19
   0.55
   1.64
   0.05
   0.42
   0.64
   0.29
   1.09
  25.35
   0.83
   1.49
  60.38
   5.67
   0.14
   1.61
   4.14
   0.42
   0.27
   1.37
   1.51
   6.89
  21.77
   9.60
   4.59
   1.65
   2.22
   0.37
   7.34
   0.83
   9.19
  18.32
   1.82
   1.24
   1.11
   4.93
   1.16
  17.79
   0.12
   0.16
   0.18
  13.97
   0.85
  39.41
   1.77
  56.34
   4.02
   7.63
  20.58
   0.50
   9.71
  44.00
  53.44
   9.23
   0.22
   4.53
  43.07
   1.11
  39.41
   0.44
   4.53
  37.21
  14.95
   3.55
  44.67
   3.27
   1.41
   0.20
   5.00
  34.37
  11.59
   0.04
   0.08
   1.51
   2.00
   3.16
   9.56
  15.52
   0.02
   1.02
   1.81
  27.46
   2.85
  15.23
   0.24
   0.16
   2.07
  10.78
   0.76
   0.17
   0.09
  11.15
   1.84
  10.63
   0.97
   2.48
   4.51
   3.01
   0.49
   0.19
   0.03
  24.24
   1.24
   7.23
   0.97
  36.57
  24.49
   0.18
  24.73
   0.02
  41.73
   0.56
   0.38
   0.21
   0.76
   3.77
   1.42
   0.41
   0.44
  13.05
   1.43
   0.30
  64.71
   1.18
  19.11
   1.09
   0.22
   2.23
   1.22
   3.93
  39.91
  36.72
   0.09
   0.01
   0.29
  40.38
   0.23
   3.79
  22.09
   0.21
   0.17
   0.69
   4.15
  37.03
  59.07
   1.90
  14.39
   1.84
   0.18
   2.81
   0.18
   0.17
   0.39
   4.63
   0.93
   0.14
   6.68
   0.64
  44.77
   1.58
  34.52
   0.30
   1.77
   5.44
  29.26
   2.11
   1.10
  12.29
   0.14
   0.56
  52.85
  10.28
   7.45
  12.20
   7.03
   0.12
  35.66
  24.29
  31.89
   6.90
   1.50
  12.53
  13.86
   0.22
   1.23
   5.24
   0.48
   2.73
   2.09
   2.87
   1.74
  13.12
  29.32
   0.58
   1.21
   0.55
   4.14
   2.30
   0.13
   0.18
   0.57
  40.60
   7.62
   6.30
  19.19
   4.69
  38.71
   2.84
   0.82
   8.67
   5.85
   9.96
   0.29
   1.32
   1.42
  36.73
   1.80
   1.87
   1.84
   0.16
   2.03
   9.09
   7.58
   3.20
  11.06
   1.08
   1.36
   0.39
   3.43
   0.05
   7.95
   0.03
   7.93
   0.12
  60.32
   0.20
   0.00
   0.74
   0.00
   5.05
   7.17
   1.15
   1.52
   0.13
   1.05
   6.29
   0.12
  14.27
  21.89
   0.01
   0.01
   0.02
   1.96
   8.87
   7.31
   1.88
  17.44
  26.63
   3.91
  16.58
  11.39
  26.01
  21.25
   0.25
   5.89
  27.25
   6.74
   0.84
   5.63
  13.81
   1.91
  14.40
  14.26
  25.04
  11.02
  27.41
   0.11
   5.66
  21.98
   5.68
  24.23
   2.85
  39.85
   1.00
  53.71
   0.70
   5.00
   0.24
   3.09
   0.09
  17.63
   0.25
   1.99
   0.38
  18.12
  38.22
  16.57
  33.58
   0.62
  21.65
  33.76
   0.10
   1.32
  11.73
   5.31
   3.84
   2.16
   3.18
  14.42
   8.98
   7.45
   1.06
  10.66
   0.07
   4.94
   0.11
  16.56
   3.52
   3.25
  10.57
   8.68
   0.80
   7.72
   0.27
   3.28
   2.01
   1.05
   0.20
   2.87
   0.31
   1.83
   0.07
   6.26
   0.06
   0.50
   0.04
   8.10
   0.42
   3.38
   0.01
   0.18
  29.83
   3.76
   0.29
   5.93
  17.37
  44.50
   0.98
  55.31
   0.21
  26.75
  13.64
   1.44
   0.29
  34.41
   0.13
   0.09
   0.07
   2.31
  23.72
   0.48
   2.05
   2.03
   2.39
   1.95
   0.45
   0.50
   3.43
   0.66
   0.22
  27.39
   2.37
   0.28
   9.42
  10.62
   2.26
  51.87
   1.18
   0.20
   1.47
   0.28
   0.24
   0.55
   4.80
   6.39
   5.42
   6.69
  22.81
   0.12
   0.25
   2.77
   0.03
  21.61
   0.05
  22.95
  20.29
  23.72
  16.35
  34.24
  25.62
   0.07
  21.04
  28.33
   0.88
   4.27
  18.10
   5.00
   0.85
   0.17
   0.14
   5.79
   1.18
   0.35
  17.05
  34.19
   0.67
   8.51
   0.38
  15.81
   8.52
  35.42
   6.45
   1.74
  13.12
   2.47
  23.58
  29.79
   0.03
   0.96
  59.59
   4.64
   0.98
  38.99
   1.39
   0.85
  61.15
   0.24
   8.48
   2.09
  15.60
   1.80
   5.30
  33.80
  10.38
   9.46
   6.56
   9.17
  26.24
   8.93
   1.51
   5.91
  28.56
   1.56
  33.44
   0.06
   1.68
   5.22
  43.26
  29.94
   2.13
  27.14
  26.15
   8.19
   1.93
   3.43
   2.31
   0.03
   2.64
  10.33
  15.23
   3.95
   0.29
   0.04
   1.53
  14.15
   7.07
   7.31
   3.12
   3.35
   0.34
   8.24
  53.15
   0.20
  47.87
   0.18
   0.13
  26.04
  24.01
  44.24
   7.23
  34.45
   1.30
   0.36
   0.24
   0.01
   0.17
   8.07
  24.23
  41.56
  28.12
   0.27
   0.24
   0.50
  32.13
  33.89
   6.37
   1.53
  16.76
   3.86
   5.18
  33.94
   2.98
   0.54
   0.06
   3.64
  24.46
   7.92
  28.49
   0.40
   1.76
  25.11
   8.40
  15.85
   2.51
  12.19
   7.14
   6.94
   2.69
  12.22
   1.62
   1.50
  15.99
   0.53
  12.55
   4.12
   0.81
  23.55
   4.94
  26.93
   1.98
  45.06
   0.07
   0.10
   0.14
   0.71
   6.95
  23.91
   0.64
   2.19
  33.00
   2.34
  30.64
   4.96
  26.61
   1.74
   6.70
  11.13
   0.07
  13.23
  28.61
   3.43
   0.03
  11.62
   2.01
   1.07
   0.80
   0.03
   0.00
   7.02
  15.80
   0.11
   3.55
   0.09
   4.51
   4.76
   0.15
   2.84
  11.45
   3.19
   9.92
  78.37
  17.36
   0.01
   0.16
   0.52
   1.40
  11.65
   5.99
   2.32
   5.70
   2.72
   1.79
   0.05
   0.14
   7.52
   3.62
   2.20
  61.61
   2.45
   4.69
   0.75
  17.64
  28.74
  24.86
   0.29
   3.18
   0.15
   0.37
  24.37
   0.61
   0.65
  24.21
   3.24
   3.29
   1.13
   0.69
   3.12
   0.68
   0.28
   1.13
   0.14
  72.40
   0.46
   0.08
  40.93
  51.63
   1.42
   0.33
   1.40
  11.98
  15.85
   1.05
   0.34
   1.06
   0.43
  42.84
  30.04
  49.96
   6.87
   7.06
   4.25
   7.57
   6.38
   1.22
   5.42
  11.63
   0.28
  13.90
   0.10
   0.14
   0.14
   0.12
   0.11
   6.07
  35.86
   0.25
   4.23
   2.34
   0.05
   1.00
   1.36
   0.70
   0.01
  25.87
  11.20
   0.14
  11.70
   1.28
  49.31
  45.71
  15.33
   1.67
   2.65
  20.42
   7.45
   0.20
   4.16
   0.38
  23.22
  35.81
  15.29
   5.92
  47.49
   0.17
  38.51
  20.57
  27.36
  14.51
   0.89
   0.03
   0.08
   0.48
   1.18
   0.00
   0.12
  28.34
  26.75
   0.05
   1.13
   5.23
   0.48
   0.67
   1.54
   0.02
   4.82
   1.19
   0.12
  16.40
  12.33
   0.12
   0.00
   3.45
   2.99
   0.41
   0.84
  12.64
   3.13
   9.44
  15.09
   3.86
  10.01
  23.94
   0.26
   0.38
  13.27
   6.62
   1.13
  11.00
   3.81
   0.11
   0.75
   0.03
   1.46
   0.50
   0.10
   0.24
   8.62
  10.00
   0.01
   2.69
  15.58
   9.14
  33.14
   0.09
   7.54
   1.24
  20.35
   0.00
  42.06
   0.55
  24.66
  28.32
  15.12
   6.02
   0.01
  15.13
   0.10
   0.96
   1.14
  13.23
   0.67
   0.07
   3.39
   2.02
  20.91
   0.22
  26.25
   0.24
  13.22
   5.17
   4.06
   3.82
   0.11
   0.75
   0.45
   3.71
  11.88
   2.19
   3.07
   0.26
  14.03
   1.28
   2.59
   0.54
  24.51
   0.04
   7.69
   1.81
   7.06
   2.64
   0.51
  72.94
   9.75
  52.98
   0.21
   0.16
   1.98
   3.80
   0.97
  66.29
   6.47
  13.89
   1.12
  10.90
  25.12
  32.59
  37.35
  39.61
   3.65
   0.85
   0.03
   0.04
   0.26
   0.22
   0.51
  44.15
   0.77
   6.41
  14.74
   0.17
   0.20
   2.03
  22.07
   3.57
   9.45
  30.18
   6.23
   5.60
   7.42
   2.49
   0.55
  14.38
   0.29
   5.37
   7.65
   0.17
  41.84
   2.21
   0.41
   3.21
   4.86
   4.54
   0.31
   7.58
  11.30
  10.63
  30.96
   0.27
  24.79
   5.02
   0.07
   1.40
   1.50
   1.88
   0.38
   2.31
   5.55
   0.89
  24.30
   0.48
  44.81
  16.33
   0.14
   0.78
  21.98
   2.01
  25.94
  10.04
  16.54
  48.86
  19.92
  21.64
   0.20
   3.54
   5.94
  20.77
  25.73
  25.19
  21.16
  48.76
  15.44
   0.51
  37.56
   0.02
   6.68
   9.78
   3.85
  15.33
   0.08
  23.63
   0.11
   0.18
   0.84
   3.30
   0.61
   0.99
  13.42
  26.06
   0.27
  46.35
   1.38
   0.32
  11.82
   2.01
  11.65
  30.50
   2.72
   3.45
   0.07
  16.37
   2.02
  36.06
  14.47
   8.76
   5.15
  30.34
  57.46
  14.27
   0.58
   2.39
   3.58
  17.03
  28.28
   6.65
   0.27
   1.19
   0.41
   0.03
  46.19
   1.31
  13.39
   1.08
  11.09
   1.15
   3.17
   9.81
  21.15
   5.78
   5.10
  10.41
   0.43
  38.90
   0.51
   5.11
   5.01
   5.14
   3.07
   0.77
   2.30
   2.40
  17.85
   5.34
  39.27
   2.31
   0.67
   1.68
   0.12
  19.06
  66.67
   0.44
   0.23
  26.17
  10.67
  72.73
   2.38
  15.54
  45.62
  36.16
  14.77
  30.04
   0.29
   0.84
   0.12
  23.87
   7.25
  15.55
   0.58
   0.96
   6.16
  23.96
  55.68
   1.38
   0.01
   5.86
   0.01
  20.67
   1.78
   0.52
   0.17
  32.73
   0.77
   1.55
   2.20
   0.42
   3.16
  24.37
   7.08
   0.02
   0.09
   0.36
  33.26
   9.45
   7.69
   6.81
  12.26
   1.15
  31.52
   9.48
   0.04
   0.46
   0.37
  21.97
  34.43
   4.03
   5.04
   0.78
  20.80
  18.12
   0.31
   0.23
  16.36
   0.08
   0.08
  14.54
   1.64
   4.72
   1.32
   7.21
   0.33
  13.43
   2.08
   3.32
   1.80
   0.11
  26.11
  55.71
   2.72
  10.18
   0.76
  23.60
  11.50
  25.35
  21.52
   4.32
   0.26
   2.47
   1.50
   0.25
   2.24
   3.73
   0.54
  21.93
  64.29
  21.76
   0.61
   0.47
   2.13
   0.19
  34.89
   0.87
   2.41
   0.09
   4.22
  13.30
   0.52
   0.22
   1.16
   7.34
  40.39
  15.40
   1.55
   3.88
   5.77
   6.01
   0.01
   0.99
   0.97
  19.38
  13.46
   0.56
  16.73
   1.71
   0.68
  16.61
  16.31
   0.85
   0.15
   6.88
   0.49
   0.42
   0.13
  18.69
   2.07
   1.25
  13.87
  12.59
   6.54
   0.01
  17.74
   8.61
   2.44
   6.53
   0.11
   0.05
   1.08
  26.46
   9.69
   3.71
   8.59
  58.73
   6.49
  26.07
  20.18
   3.99
   0.13
   0.28
   0.03
   0.73
   4.11
   0.60
  26.10
  25.54
   5.51
   6.84
   1.09
  12.31
   2.12
   0.77
   1.61
   1.02
  46.89
   0.60
  20.59
  14.15
  30.41
  11.93
  17.60
  37.62
   3.53
   4.46
  22.69
   2.83
   0.40
   4.47
   1.58
  25.47
   4.48
   3.90
   1.48
  20.53
  15.69
   0.13
   0.53
   3.87
   2.14
   7.36
   3.61
   0.01
   2.41
  22.13
   2.83
   0.06
   0.86
   0.12
   5.72
   1.98
  19.88
  10.67
  14.92
  39.29
  13.25
  23.46
   0.39
  21.07
  17.10
  53.95
   0.18
  48.11
  42.68
   0.05
   0.49
   2.14
   2.42
   5.70
  15.85
  18.01
   3.07
   0.23
   8.92
   2.79
   0.22
   1.44
   0.47
   0.51
   0.41
   6.04
   3.35
   0.40
   3.10
   0.62
   0.48
   5.39
   2.03
  20.84
   0.24
  43.53
  35.15
   0.12
   0.68
   0.00
   3.81
   9.89
   8.01
   9.06
   0.46
   4.75
  30.77
   1.92
   4.68
  18.52
   0.05
   0.01
   0.22
   0.07
   7.02
   0.20
   0.11
   0.17
   1.55
   0.15
   1.39
   5.57
   3.32
   5.53
   6.85
   8.18
   9.02
   0.76
  17.49
   0.51
   5.35
   0.51
  32.95
  37.22
   2.75
  43.21
  31.43
  20.98
   0.09
   0.87
  16.74
  15.08
   1.83
   0.89
  17.73
   9.21
   1.05
  47.03
   0.23
  13.29
   3.28
   0.37
  37.02
   7.70
  20.03
  18.15
  17.54
   7.01
   4.40
   0.86
   0.24
   6.68
   0.58
   2.80
   0.52
   4.12
  47.83
   0.11
  15.72
  24.75
   7.95
  22.31
  38.04
   1.30
   0.81
  19.20
  20.32
   0.32
   0.43
   0.33
   0.42
   1.35
  13.47
   4.59
   0.15
   0.05
   0.87
   1.84
   0.61
   6.06
   0.07
   2.10
   4.94
   0.60
   1.27
   0.13
   0.16
   0.52
   5.90
   0.45
   0.07
  22.73
   1.67
  12.17
  23.61
  36.78
   0.49
   1.76
   1.01
  13.21
  18.26
   1.13
   0.21
   0.35
   0.67
  10.16
   2.99
   2.48
  20.92
   4.56
   6.91
   9.60
  46.41
   0.14
  46.73
   1.81
  13.42
   8.73
  11.93
   0.20
  23.35
  11.37
  12.46
   5.59
  23.50
   3.52
   0.21
   2.40
   7.07
   2.18
  20.36
  65.82
   0.27
   0.05
   0.11
   1.43
   0.01
   1.33
   1.27
   2.69
   1.52
   2.51
   1.46
   0.01
   0.08
   0.25
  24.34
  21.28
   0.05
  14.63
   0.72
  25.64
  27.44
   0.17
   0.27
   0.07
  30.12
   5.53
  42.99
   3.49
  53.09
   7.82
  11.54
   0.22
   0.08
   0.13
   0.28
   3.00
   1.58
   0.65
   0.01
   6.80
   0.03
   0.36
   0.00
   7.97
   0.33
  37.01
   3.41
  18.68
  21.52
  14.34
   1.52
   0.52
   0.54
  11.90
   0.02
  25.41
   2.91
   7.78
   0.79
   2.25
   1.32
   4.51
  13.21
  14.76
   1.57
  27.29
  11.94
   7.67
   2.90
   0.37
   0.24
  58.05
  33.92
   0.36
   5.93
   9.81
  45.02
   0.03
  12.90
   2.69
   4.80
  17.01
   8.67
   4.78
   1.36
   8.86
   0.01
   3.27
   1.06
   3.40
   6.09
  20.92
   0.97
   8.40
   0.34
   3.69
   6.45
  29.06
   8.04
  30.71
   8.68
   0.49
   1.35
   0.04
   0.28
   0.01
   0.06
   0.21
   2.85
   0.02
   0.24
   0.19
   0.76
   7.98
   3.45
  12.60
  18.12
  14.95
  35.66
   0.46
   0.05
   0.27
  29.32
  15.25
   0.62
   0.08
   0.32
   5.25
   0.49
  16.40
   9.60
  33.76
   4.73
   5.44
   2.87
   0.21
   2.37
  39.01
   7.84
   1.51
   0.11
   9.11
   0.41
   3.72
   0.88
   1.05
   0.70
   0.36
   3.29
   2.32
   0.52
   4.32
  22.95
   0.45
   0.02
   0.86
   1.14
   0.03
  17.33
  11.20
  36.74
   0.07
  61.03
   0.23
   0.10
   0.37
  14.81
   8.36
   1.77
   0.12
   0.02
   2.20
   0.60
   3.13
   9.20
   6.85
   2.20
   2.51
   1.43
   1.91
   4.45
   1.30
   3.25
   0.15
   1.58
   0.18
   0.58
   1.72
   8.25
  19.64
   0.04
   0.89
   2.09
   0.46
   1.86
   1.88
  39.56
   8.64
   0.12
   7.58
  22.02
   3.66
  35.84
  14.67
  39.76
   1.73
   2.96
   2.93
   4.21
   8.50
   1.45
  19.70
  25.93
   0.27
  15.27
  10.34
   7.63
   0.35
   1.33
   1.22
   0.14
   3.19
  19.24
  22.21
   3.74
   8.68
   4.39
   0.48
   0.19
   5.01
   0.45
   0.81
  13.43
   7.33
   0.17
  13.25
   4.49
   1.27
  13.43
   0.02
  24.13
   1.24
   0.83
  21.56
   0.07
   8.20
  38.35
   0.30
   8.98
   7.02
  13.60
   0.08
   2.18
   1.97
   0.22
   6.24
   7.78
  16.38
  17.84
   0.20
   3.29
  20.44
   2.74
  14.38
  19.04
  51.02
   3.83
   0.34
   0.33
   0.04
   2.28
   1.64
   0.34
   6.40
   0.78
   9.85
   1.58
   8.17
   2.64
   0.48
   6.15
   2.80
   4.69
   0.95
   0.73
   0.29
   0.73
   4.53
  53.52
  10.23
  54.89
   1.04
   2.42
   1.13
   7.57
  23.15
   7.98
  31.12
  35.40
  51.19
  22.51
  19.62
   4.39
   3.91
   4.07
   4.37
   2.69
   1.97
   0.20
   0.20
   0.47
   3.94
   0.51
   0.06
   0.36
   2.18
   7.24
   1.11
  47.52
   9.88
  19.67
  26.00
   0.24
   8.84
   0.16
   0.09
   0.43
   9.00
  30.12
   5.72
  11.71
   6.09
  15.56
  15.83
   1.43
   0.99
   0.60
   3.23
   1.25
   0.14
   0.64
   0.14
   0.17
   0.34
  19.81
   2.05
   9.92
   0.12
   0.39
   0.52
   0.18
   0.51
   0.24
   0.95
   0.60
   1.69
   1.26
   3.62
   0.11
  29.12
   0.01
  17.67
   1.94
   0.47
  10.35
   5.94
   0.46
   2.14
   1.53
  13.20
   0.10
   0.26
  14.73
   7.55
   3.91
   2.28
   9.43
  11.30
   0.68
   5.00
   1.67
   1.01
  62.39
   3.28
   0.55
   0.05
   5.08
  12.82
   0.18
   5.92
  71.95
  16.53
  29.82
  14.56
  24.29
   1.49
  48.96
   1.55
   1.60
   0.48
   0.52
   5.56
   0.19
   0.21
   1.59
   0.20
  20.56
   0.68
   0.86
   4.82
   1.83
   1.82
   6.13
   0.56
   4.36
   3.60
  14.91
   4.65
  25.62
   3.25
   5.08
   0.69
   3.72
   2.80
   8.75
   1.27
   0.02
   6.54
   0.48
   1.73
   0.94
   1.37
   5.68
   2.58
   0.77
   4.84
   7.98
  12.96
   3.38
   0.66
  12.11
   5.27
   4.41
   1.96
  37.97
  18.91
   7.58
  36.34
  16.00
  19.91
   1.18
   6.14
   4.16
   4.51
   6.67
  22.98
   2.47
   0.33
   9.76
   0.06
   0.34
  13.10
   9.47
  35.04
  14.77
  64.41
  28.09
   2.49
   0.66
  14.39
   0.39
   0.83
   0.57
  42.82
  25.77
   0.06
   0.98
  12.15
   0.13
   6.04
  12.43
   0.75
   0.18
  11.02
  43.64
   2.19
   0.06
   0.33
   1.67
   2.42
   0.03
   0.03
  56.73
   0.20
   1.07
   1.11
   0.37
  32.61
  23.64
  16.27
   0.50
  19.08
  15.27
   3.07
   1.64
   0.22
  20.72
  12.93
  17.63
   6.24
   0.20
   0.02
   0.39
   6.52
  13.83
  22.79
  14.43
   4.65
  16.63
   0.72
  52.68
   0.04
   0.25
   1.41
   0.38
  61.15
   0.49
   0.14
   0.11
   0.90
   0.16
   0.40
   6.06
  20.85
  22.69
   0.52
   5.15
   0.45
   5.26
   0.16
  24.74
  16.86
  26.68
   0.77
   2.01
  28.49
  37.20
   2.91
  75.69
   1.25
   0.45
   0.08
  15.90
   3.96
   3.14
   0.62
  21.66
   0.03
   0.41
   1.12
  17.78
   1.28
  11.22
   2.96
  21.43
   1.96
   8.70
   1.52
   0.05
   2.57
   0.15
   0.88
   0.12
   0.98
   0.09
  11.62
  15.33
   7.13
   3.07
   8.29
   6.87
   0.54
   5.82
  20.00
  24.82
   0.33
   3.57
   0.66
  10.66
  34.20
  16.84
   0.54
  30.46
   2.92
  44.02
   0.13
   0.08
   2.06
   5.49
  15.63
   1.94
  20.19
   1.76
   6.62
   0.58
   0.04
  20.93
   4.55
   0.17
   0.53
   0.05
   5.63
  38.77
   8.27
  75.79
   1.18
   1.45
   4.75
   9.96
  28.56
   1.25
   9.71
  29.39
   0.03
  20.84
  11.33
   2.25
   0.36
   4.03
   6.96
  22.15
   8.48
  11.37
   3.99
  15.71
   0.33
   2.20
   0.16
   1.20
   0.24
   0.03
   0.59
 100.00
  34.47
   0.54
   4.37
   8.40
  25.95
   2.56
   1.16
   0.03
   1.37
   0.47
   1.09
   0.75
   0.54
   0.32
  11.00
  13.74
   1.00
   1.48
  33.94
   0.36
  16.42
   0.05
  12.56
   0.26
  18.10
   0.70
  47.95
   0.17
  46.59
  11.21
   3.65
   8.33
   7.51
  48.22
  40.81
  60.22
  32.25
   0.12
  37.75
  29.72
   1.45
   1.21
  15.13
   3.90
   0.90
  23.27
   4.80
   3.28
   1.38
   3.58
  30.44
  29.56
   0.35
   0.47
  12.68
  11.51
  18.34
   0.35
   3.35
   6.82
  21.27
  21.15
   0.19
   0.15
   9.14
   3.41
  14.98
  35.25
   0.02
   3.58
   0.07
   2.66
   0.40
   0.24
   0.28
  20.70
   2.33
  13.12
  19.85
   1.18
   4.25
   0.53
   0.26
  22.66
  19.35
   0.54
   0.68
   0.54
   0.63
   6.80
   4.28
   0.35
   1.84
   0.10
   0.42
  34.28
   0.41
   0.26
   1.24
  25.65
  20.46
   0.47
  25.62
   7.82
  21.78
  23.09
   0.97
   0.68
   3.31
  12.43
  12.40
   3.92
   0.04
   1.11
  10.20
  11.69
   3.20
   3.39
   0.73
  12.60
   0.47
   0.83
   0.30
  36.20
   0.41
   0.58
   2.06
   0.09
   3.63
   0.08
   1.05
   0.22
   3.90
   5.43
   2.45
   0.93
  35.53
   1.77
  11.58
   0.12
   0.61
   1.38
  19.33
  19.92
  47.08
   1.44
   8.47
   0.09
   4.16
   8.60
   9.80
  20.55
   1.35
   1.18
  17.56
   0.20
   0.06
   0.20
   0.28
   0.50
  24.06
   0.29
   0.57
  18.01
   0.92
  29.97
   4.50
   0.78
  66.87
   0.18
   5.46
   4.30
   4.82
   1.13
  27.50
   3.33
   0.02
   6.21
   0.21
   5.09
   0.70
   8.24
  28.65
   6.01
   3.38
   6.72
   0.24
   6.51
   3.31
   0.58
   0.33
   0.95
  51.95
   1.91
   0.18
   0.71
   0.07
  46.17
  25.74
   5.25
   0.25
   4.59
   0.06
   1.32
  23.63
  12.87
   0.31
   0.48
  39.45
   3.59
   0.04
   3.49
   0.74
  10.03
   0.07
   1.09
  23.12
   1.28
   1.52
   0.05
   5.96
   0.59
   4.28
   1.80
   0.21
   2.48
  28.35
   0.88
   0.89
   0.04
  16.87
   1.37
   3.61
  16.10
  18.55
   1.40
   0.11
  29.70
   1.83
   0.53
  32.94
   0.65
  29.39
   0.26
   0.48
  40.49
   0.87
   0.47
   2.43
  13.87
  28.74
   0.04
  31.21
  24.69
  36.12
  17.02
  35.31
  11.66
   0.65
  31.26
  15.65
  11.88
   2.42
   2.94
   2.56
   0.07
  13.40
  29.51
  18.33
   0.08
   0.48
  11.16
  13.82
   0.34
   1.66
   0.99
  24.42
   0.09
   1.77
   5.38
   0.98
   0.03
   0.96
   1.51
   3.01
  31.09
   0.63
   1.69
  39.31
  18.30
  15.08
  28.56
   4.52
   4.66
   1.74
   2.70
   6.81
   0.54
   0.85
  35.30
   1.35
   2.17
  28.46
  20.89
   5.35
   0.83
  46.79
   1.13
  35.89
  45.32
   0.34
   6.29
   0.91
  25.05
   8.32
   0.18
   1.02
   0.10
   0.16
  14.79
  32.85
   0.02
   2.01
   0.04
  48.52
  40.10
   7.32
  11.48
  15.70
   2.54
   2.77
   5.86
   0.05
   5.67
   0.47
   2.18
   0.22
   1.02
   8.67
  24.25
   5.36
   0.21
  13.43
  15.40
  20.34
  23.87
   0.30
   0.88
  78.69
   1.19
   2.15
  34.92
   5.91
   0.30
   0.04
   0.34
   0.13
   4.04
   0.94
   3.09
   1.17
  70.32
   0.31
   0.01
   0.10
   0.16
   0.12
   4.92
   0.98
   1.91
  22.38
   1.30
  10.58
   1.35
   5.02
  26.96
   0.25
   0.19
  39.27
  23.70
   6.38
  55.59
  32.82
  19.20
   0.01
   0.21
   0.13
   6.88
   4.22
   0.44
   5.49
  22.96
   2.98
   0.96
   0.08
   1.75
   0.00
   8.58
  39.37
  12.23
   9.72
   1.98
   2.98
   9.92
   0.43
  12.26
  20.83
   0.85
   0.77
  34.49
  29.02
  21.38
   0.02
  13.45
   0.58
   7.42
   0.04
  14.47
   0.93
   2.43
  91.30
   7.10
   0.95
   0.09
   1.36
   1.82
  90.71
   0.86
   0.20
   0.96
  11.79
   1.92
  30.65
  18.40
  10.10
  24.51
  35.44
  34.94
   0.29
   0.13
   0.57
  15.18
  17.06
   0.14
   0.13
   2.66
   5.54
  17.11
  11.72
   3.59
  11.52
   0.14
   0.16
  23.96
   1.80
   0.42
   8.28
   0.09
  43.63
  18.99
   5.11
   2.66
   1.54
   2.23
   2.52
  11.86
   0.18
   0.52
  77.39
  72.14
   2.73
  51.30
  19.26
   7.39
   0.62
   0.09
   1.20
  24.04
   6.05
   0.97
   0.87
  22.93
  16.06
  16.39
   6.06
   0.79
  24.03
  33.44
   5.60
  47.58
   0.42
   7.51
   7.13
  11.79
  12.50
   5.90
   2.86
  13.04
  20.02
  12.83
   1.27
   1.60
  35.32
   5.74
   6.53
   2.80
  14.62
  14.17
   5.82
   0.53
   0.50
   5.61
  23.04
   0.25
   1.06
   0.07
   6.62
   1.21
   1.68
  20.26
   0.71
   1.70
   2.83
   0.43
   0.72
   5.86
  22.85
   0.33
   0.03
   6.79
   1.33
   7.84
  16.92
  24.96
  35.56
   0.13
   1.45
   3.92
  30.73
   1.66
   0.64
   1.35
   0.90
   0.55
   1.14
   1.21
   0.77
   0.80
   4.77
  18.48
   4.75
   9.46
   4.96
  18.63
  10.32
  10.23
   3.95
   0.13
   0.17
   0.87
   1.98
   0.49
   2.01
   2.13
   1.68
  19.36
  28.13
   5.76
   4.69
   5.78
   0.46
   1.31
   0.20
  22.38
   0.15
   0.02
   0.99
  39.81
   1.30
   4.94
   1.85
   0.58
   0.03
   0.12
  41.96
   0.13
   0.02
   3.18
   6.44
   4.30
   0.27
   7.18
   3.15
   0.22
  13.70
   3.22
   0.79
   0.44
  17.99
  31.11
   0.82
   1.10
   0.58
  61.52
   0.29
   2.16
   5.15
  37.46
   1.02
   0.83
   0.05
   6.74
   1.36
   2.82
   2.12
   2.58
  31.17
  12.91
   9.62
  11.53
  13.15
  16.15
   0.96
   0.41
   0.37
   2.28
   0.08
   0.80
  38.55
  18.31
   0.15
   1.57
   7.46
   6.06
  15.05
   9.06
   0.51
   1.04
   2.15
   1.84
   6.46
   3.71
  30.68
  14.58
   2.29
   0.19
   6.48
   8.39
   3.21
  36.50
   4.24
   0.33
   0.20
   1.74
  24.79
   6.20
   1.18
  21.23
   0.04
   0.40
   0.35
   6.21
   0.07
  60.24
   0.82
  26.13
   2.67
  16.93
   7.23
   0.70
   0.41
   0.18
   0.93
  30.66
   0.91
  29.10
  38.78
   2.09
   4.49
   0.08
  14.41
   0.20
   1.13
  36.08
  26.93
  67.19
  34.42
   2.07
   4.54
   2.16
   4.80
   5.49
   5.66
  44.52
   2.29
   1.67
   1.34
  25.83
   0.14
  10.31
   5.87
   2.52
  65.48
  21.17
   2.55
  22.01
   6.11
   8.35
  20.85
   0.87
   1.78
   0.24
   0.43
   1.77
   0.74
   9.01
   8.83
   1.95
   9.63
  10.01
   7.06
   0.45
   1.95
   0.10
  15.92
  35.84
   0.73
   0.09
   3.49
  19.94
  12.35
  40.91
   0.55
   0.10
  30.09
   1.54
  54.61
   7.14
   0.04
   0.60
  18.88
  53.05
   4.11
  37.66
   6.84
  18.64
   2.12
  40.34
   0.32
  10.50
   4.05
   0.95
   1.11
   8.44
   1.44
   0.62
   5.24
  39.78
  29.59
   2.25
   4.23
   7.82
   0.07
   0.23
   4.65
   3.95
   2.30
   0.28
   0.03
  20.52
   9.72
  29.37
   0.16
   2.62
   4.31
   0.11
   1.02
   0.61
  14.02
   6.68
   0.04
   0.07
   0.14
   2.35
   3.06
   5.33
   1.00
  19.93
   0.96
  61.08
   1.26
   0.32
   2.82
   3.39
   1.12
  30.14
   1.61
  25.21
   0.61
   0.13
  18.06
  38.25
   1.32
   0.12
   0.47
   0.08
  25.74
  16.35
   1.21
  21.52
  31.95
  11.33
  18.15
  13.66
   7.00
   0.20
   0.22
  51.45
  40.33
  62.19
   3.85
   0.56
   0.96
  19.15
   0.25
   0.22
   0.02
  15.89
   1.35
   0.48
   3.72
   0.83
   0.06
  19.84
  26.42
   8.15
   0.14
   1.71
   0.70
   8.32
  11.82
  21.18
   0.34
   9.92
   0.34
   0.86
   7.29
  12.72
   4.25
   2.43
   0.92
   4.33
   1.15
   0.26
   2.06
  15.37
   0.46
   1.97
  14.66
   1.93
  11.88
   4.73
   0.03
  39.58
   0.21
   0.04
  14.75
   0.04
  35.54
  10.86
   0.13
   3.46
   0.38
   0.22
   0.49
   0.40
   0.13
  16.06
  23.41
  19.29
   6.07
   0.17
   3.23
  11.84
   1.41
   3.14
  29.97
   0.58
   0.01
  18.27
  16.76
  14.76
  33.50
   0.05
   0.22
   1.75
   9.01
   2.25
  15.99
   0.16
   1.92
   0.21
  13.52
   3.10
   0.36
  21.77
   8.63
   0.33
   3.37
   0.20
   0.36
   0.39
  16.89
   1.09
   0.91
   3.98
   0.51
   1.86
  20.00
   5.10
  49.38
  17.97
  10.12
   0.60
   0.23
   7.76
   0.38
   0.88
   0.54
   6.99
   2.11
   5.01
  33.71
  28.39
   0.69
   1.30
   0.42
   1.64
   6.19
   5.73
   8.93
   0.03
  10.16
   0.62
  16.69
   0.22
   0.26
   0.19
   5.29
  20.48
  11.32
  16.84
  23.45
  29.41
  13.99
   8.42
   0.25
   2.41
   0.29
   3.08
   0.24
   2.48
  13.00
   2.15
  22.66
  59.81
   1.39
  13.85
   2.48
   3.07
   1.09
   3.86
   8.44
  33.34
   2.40
   2.53
   0.37
   0.40
   3.91
   2.71
   0.67
   1.69
   0.43
   0.01
  10.88
   5.14
   0.13
   2.34
   6.32
   0.11
  11.85
  49.77
   1.40
   4.85
   2.12
  35.54
   0.08
  42.40
   1.29
  19.40
  15.87
  12.24
   0.26
   0.64
  24.51
   0.85
   0.14
   4.30
  23.39
   3.86
   5.03
   0.01
   0.23
   2.44
   3.68
   0.56
  61.71
  21.57
  20.18
   0.07
   0.06
   0.27
   0.65
   0.27
   1.89
   0.06
  55.28
   4.40
  47.62
  14.87
  11.36
  21.47
   1.82
   2.80
  12.06
   4.03
  37.83
   0.06
   0.01
  26.15
   0.27
  30.83
  48.73
   1.07
   3.00
   0.20
  22.73
  23.15
   0.27
   1.30
   0.42
  15.57
  11.47
  24.81
   0.55
   9.05
   0.97
   0.04
   1.77
   0.05
  36.18
  48.44
  21.58
   1.79
   5.69
   6.08
   6.21
  10.04
   3.85
   0.60
   6.10
   1.14
   2.94
   0.63
   0.81
  12.09
  22.01
  26.09
   3.68
  32.51
   0.39
   2.29
   5.34
   0.12
   0.31
   0.44
   0.29
  13.82
  65.52
   1.11
   9.30
   0.83
   0.61
  17.87
   0.27
   5.12
   0.39
   8.07
  20.05
   1.18
   6.52
  15.84
   2.97
   1.03
  30.35
   0.10
   2.38
  13.51
   8.07
  22.73
  27.20
   3.34
   2.00
   2.39
  44.05
  32.14
  26.91
   7.16
  24.12
   8.63
   5.37
   9.32
   1.28
   7.54
   0.77
  22.92
   0.10
   2.09
  32.86
   5.04
  12.50
   1.51
  14.59
   0.23
  25.12
  17.83
  12.41
  39.72
   0.04
   0.24
   0.20
   1.08
   0.07
  17.98
  11.90
   0.53
   9.21
   0.07
   2.47
   0.22
   2.99
   0.38
   0.25
   0.54
  18.28
   0.02
   0.01
   0.08
   2.77
   6.26
  10.71
   4.25
   2.20
  59.91
   7.04
   1.99
  37.93
   6.10
   0.05
  30.77
  14.03
   7.66
  37.85
  13.55
  16.73
  19.29
   0.41
   3.18
  24.19
   0.43
   1.55
   0.78
   1.04
  29.73
   8.12
   0.02
   0.62
  23.16
   2.22
   2.51
   0.22
  20.48
  11.27
   0.24
   0.90
   7.84
   0.62
   5.32
   1.54
  14.65
   0.31
   0.30
   0.03
   8.60
   2.30
  52.91
   1.45
  23.54
  12.95
  30.34
   5.51
  24.98
   1.08
   3.26
   0.36
   0.11
   5.55
   6.83
  28.32
  29.84
  37.14
  11.95
   0.34
   2.95
   8.22
  40.98
   5.04
  24.64
   0.05
  18.55
   6.88
  32.07
   2.08
  58.46
  29.64
   1.65
   0.44
   2.55
   0.47
   1.34
   0.11
 100.00
   0.45
  16.27
   6.01
   0.38
   1.10
   3.44
   3.81
   0.16
   0.09
  18.70
  11.92
  14.96
   0.22
  16.74
  23.94
   1.17
  82.17
   1.95
   5.51
  13.20
   1.83
  12.84
   3.02
   0.06
  12.59
   6.24
  25.80
  15.12
   0.23
  13.16
   4.15
   0.04
   8.28
   2.14
  14.82
   7.23
   1.11
  20.04
   8.64
  10.76
  27.91
   9.58
   2.98
  67.73
   0.15
   0.44
  11.76
   0.84
  12.05
   1.60
   0.06
   0.57
   8.80
   5.05
   3.24
  10.39
   0.78
   0.15
   0.03
   0.29
   0.19
   1.54
   8.49
   2.15
   2.92
  21.36
   1.74
  16.87
  44.33
   1.69
   1.73
   2.38
  29.22
  19.67
   2.32
   0.21
   5.69
   1.01
   1.13
   0.18
  23.39
   1.70
   8.75
   2.45
   1.53
   0.04
  43.40
  31.93
   1.01
   0.12
  45.74
   1.51
  48.68
  60.33
  33.08
   1.15
  12.52
   2.93
   0.55
  33.42
   0.58
  65.30
   1.24
   1.79
  72.97
   0.80
  50.38
   0.79
   2.10
   0.28
   0.32
  19.54
   0.35
   0.45
   3.23
   0.77
  17.43
   4.41
  10.96
  36.72
  35.22
   0.05
   0.55
   6.04
   2.59
  20.27
   2.86
   5.37
   0.05
   2.89
   7.34
  60.76
   1.55
  21.43
   0.03
   5.42
   0.44
  10.50
   0.35
   5.63
   0.29
   3.84
   2.96
   7.05
  15.06
   2.14
   0.02
   0.43
   0.05
   0.24
   6.14
   0.24
   0.69
   0.25
   0.91
   0.34
   5.28
  40.29
   4.53
   3.36
  10.51
   0.18
   3.64
  21.10
  18.75
  33.93
   7.41
   0.12
   0.68
   0.19
   4.34
   1.51
  18.57
   0.08
  17.89
  17.08
   0.83
   7.62
   7.25
   0.15
  11.92
  18.81
  15.29
   0.99
  33.81
   0.30
   1.07
   0.69
   2.13
  29.17
  16.54
   0.26
   1.67
   7.69
  20.39
   0.90
  29.93
   0.30
  26.79
   0.01
   1.45
   0.28
  10.91
  80.14
   7.37
  12.88
   6.38
   4.41
   8.17
   3.53
  13.19
   0.14
  39.22
   4.76
  15.76
   0.15
   0.20
  15.38
   0.28
   1.49
   5.14
   0.31
   2.90
   0.05
   2.34
  23.98
  12.74
   0.08
   0.70
   9.32
   0.91
  10.37
  20.41
  25.48
   4.12
  31.58
   5.48
   4.19
   4.75
   1.81
  22.05
   0.33
   2.23
   0.65
  12.81
   8.99
  19.37
   0.06
   1.25
  32.70
   0.30
   2.18
   0.08
   4.30
   2.18
   2.98
  13.31
   0.03
   0.29
   0.13
   4.15
  35.23
   2.61
   0.58
   1.69
   0.92
   0.33
   8.27
   9.92
   0.74
  18.51
  18.20
  15.83
   1.42
   4.29
   4.18
  26.63
  24.70
   0.32
   6.38
   0.17
   6.46
  15.45
   1.44
   1.36
   2.17
  10.23
   1.29
   1.00
   9.55
   0.33
   0.79
   2.81
   9.53
   0.72
  21.88
   0.06
   4.21
   1.66
   0.24
  14.52
   0.48
   2.74
  13.64
   0.16
   0.34
  22.97
   0.56
   0.67
   0.83
  24.98
   1.17
   0.02
   8.50
   8.19
   4.07
   0.66
   0.12
  14.55
   3.27
   1.56
   0.11
   0.22
   3.51
   0.35
  36.77
   0.10
   3.53
  10.05
   0.19
  30.13
   0.23
   3.58
   4.40
   0.50
   0.25
   1.41
   1.05
   0.12
  21.69
   0.23
  34.37
   4.22
  37.04
   1.01
   1.58
  32.56
   0.24
   0.08
   1.11
   7.62
   0.12
   0.50
  36.41
  22.25
   0.28
  30.74
   2.24
   0.44
   0.27
   9.67
   1.61
  31.68
   0.13
  11.79
   0.39
   0.36
  13.15
   1.10
   0.56
   1.59
  28.25
   7.51
   0.52
   1.74
   0.85
   0.65
   8.43
   4.50
  41.86
   0.47
  20.94
  46.50
   0.06
   1.00
  46.10
   1.03
  11.43
   0.74
   0.99
   5.49
  17.84
   0.45
   2.33
   5.53
   0.28
   0.12
  23.45
   2.30
   0.09
  14.63
   8.75
  22.42
  60.70
  14.10
   4.07
   0.21
   9.82
   2.25
   0.40
  13.03
   2.75
   0.13
   0.37
  30.92
   0.71
   5.69
   6.24
   1.88
   0.24
   6.12
  11.99
   2.54
   3.40
   1.50
   0.68
   0.97
  15.45
   0.05
  13.58
   0.10
   4.22
   7.99
   4.94
   5.20
   6.80
   2.67
   0.19
   0.10
   8.97
   1.66
  43.26
  98.60
 100.00
  17.16
  19.57
   0.17
  15.93
  12.71
   0.14
  27.71
   0.15
   0.15
  66.68
   0.09
   0.83
   0.69
   0.37
  12.14
  14.07
   0.22
   0.25
  20.38
   4.33
   0.37
   0.99
   7.36
  10.68
   1.06
   1.41
  48.40
  20.85
  14.45
   0.02
  18.23
   3.66
   0.12
   0.52
   0.23
   0.37
   0.66
  10.24
   0.70
   3.48
   0.08
  11.00
   0.75
   0.63
   0.60
  37.39
   0.15
  61.97
  32.72
   0.06
   9.91
  45.66
   2.70
   2.95
   0.08
  15.94
   0.11
   0.01
   0.03
   0.30
   7.62
  33.44
  17.40
   6.45
  18.82
  22.33
  18.27
  19.45
   0.40
  26.10
   0.18
   0.39
   0.03
   7.93
   1.62
   0.98
   2.93
   0.41
   1.89
   1.08
   1.54
  23.82
   3.82
   7.99
  10.18
  14.06
   0.09
   0.20
  16.95
  23.80
  36.43
  42.91
   0.48
   0.86
   1.69
   0.17
   4.90
  26.83
   0.15
  50.12
  21.81
  10.48
   1.28
  19.23
   0.38
   1.76
   1.87
   0.19
   1.55
  15.33
   2.42
   9.71
   1.40
   0.11
   1.93
   2.39
   5.24
  21.37
   0.63
   0.71
   7.87
  14.44
   1.38
   9.34
   0.26
   1.04
   1.78
  21.77
   2.83
   6.05
   4.52
   0.15
  22.86
  22.39
   2.53
   1.70
   0.77
   0.98
   0.55
  35.28
   0.73
   0.37
   0.22
   0.06
   0.73
  24.20
  61.23
  15.36
   0.22
  28.54
  13.77
   5.64
   3.16
   7.74
  14.73
   6.16
   0.28
  39.90
   2.20
   1.39
   0.24
   1.49
  13.15
   7.95
   7.48
   4.42
   4.34
   2.53
   7.27
  22.47
   0.04
  37.36
   1.00
  16.91
   0.95
   1.36
   0.18
   1.13
   0.15
   0.04
   7.72
   1.49
   0.42
   0.06
   1.16
  30.48
  14.21
  84.68
  14.66
   5.91
   0.45
   0.38
  37.06
   9.12
  12.38
  56.49
  25.47
  43.50
   0.20
   1.35
   0.38
  13.29
  25.71
  40.73
  29.31
  15.78
   6.83
   0.17
   0.05
   2.57
   7.44
   0.04
   5.23
  30.12
   0.04
   0.76
   0.52
   1.08
   1.44
  27.62
  11.39
  17.38
   0.24
  30.17
  28.01
   5.17
  12.21
  12.78
   0.12
   0.33
  25.60
  50.28
   7.93
   2.60
   0.02
  25.19
   0.99
   2.43
   0.03
   1.59
  24.97
  23.20
   0.45
   1.54
   0.18
  31.94
   0.64
  36.38
   0.01
   7.77
   0.28
   0.46
   3.43
  76.40
   7.39
   1.82
   0.37
   0.09
  13.58
   7.32
   0.06
   3.80
  26.71
  15.12
  17.93
   6.14
   0.44
   0.28
   2.79
   6.47
   1.57
   0.46
   0.21
   5.07
   0.35
   0.25
   5.83
  12.64
  22.71
   0.31
   0.07
   6.07
  23.64
   0.47
  12.73
   9.85
  15.92
  75.32
  10.87
   0.32
   1.70
   1.17
   1.24
  14.73
   0.42
   4.35
  43.13
   0.59
   0.35
   0.47
   1.98
   0.47
   4.26
   4.61
   5.69
   1.36
   3.70
   0.45
  66.06
  19.89
  49.51
   0.04
   0.41
  20.26
  11.27
  12.71
   0.08
   5.33
   0.05
   0.69
  17.63
   2.18
   0.95
   1.59
   2.74
   0.15
   0.18
   2.26
   3.90
   0.25
   2.18
   2.70
   2.50
   0.50
   7.46
   4.30
   2.50
  41.35
  10.22
   1.06
   2.21
  29.26
  20.77
  18.89
  25.12
   0.26
   3.38
  12.82
   0.07
   0.65
  88.86
   1.53
   1.18
   8.29
   3.45
   2.34
   2.07
   0.76
   0.07
  18.79
   0.90
   0.42
   2.14
   0.63
   0.31
  14.66
   0.99
   0.82
   3.43
   0.05
   0.47
  76.60
   5.12
  25.24
  38.27
   0.09
   0.92
   5.70
   2.81
   6.78
   1.10
  17.07
   3.87
   2.31
   0.31
   0.25
  23.06
   1.51
   2.28
  10.75
  50.00
   0.02
   6.67
   3.41
   0.20
   4.33
   7.42
   0.16
   1.03
   0.02
  42.81
  47.49
  20.18
   0.36
   0.35
  13.65
  12.04
  17.42
   0.39
  49.68
  17.83
   2.65
   5.67
  12.90
   3.55
  12.32
   0.22
   0.87
   2.69
   0.32
  16.34
   0.61
   0.14
  20.49
   0.55
   4.09
  25.00
   0.12
   2.38
   0.10
   0.25
   1.88
   0.60
  14.23
  26.62
  19.92
   0.35
   2.99
  22.04
   0.50
  10.48
   0.15
   0.35
   1.05
  17.28
   0.76
  10.91
   0.58
   3.03
   0.28
   0.78
   0.77
   0.16
   0.12
   0.10
   2.32
  14.73
   0.20
   0.65
   0.77
   0.04
  22.66
   1.54
   4.09
   0.15
   0.26
   8.95
   6.14
   5.45
   0.08
   5.30
  10.89
  20.96
   0.69
  30.32
  18.92
  14.85
   4.44
   1.67
   5.23
   0.99
   3.96
  16.84
   1.18
  31.91
   2.71
   7.68
  32.30
  16.79
   4.24
   0.34
  10.98
   1.34
   1.89
   0.90
   5.18
   0.78
   0.26
  52.63
  33.21
   0.93
   8.14
   0.59
   1.41
  12.48
  26.46
  23.91
  21.03
   2.93
  12.39
  24.84
   9.01
   2.35
   7.49
   1.80
  17.70
   3.33
   3.87
   0.52
  21.72
  15.90
   7.98
   2.79
  80.43
   0.12
  34.01
  29.37
   0.65
   0.07
   0.44
   3.83
   2.50
   0.12
   0.09
   7.97
  30.50
   6.74
   0.74
   2.61
   3.54
   1.79
   0.15
   0.56
   0.51
   0.23
   0.44
   3.15
   1.93
   0.18
   4.22
   2.15
  16.87
   4.30
   0.22
  18.10
   0.06
   8.57
  13.90
   0.28
   8.40
  13.88
  34.77
   2.12
   0.12
   9.43
   0.20
  11.30
   0.19
  31.41
   0.06
   0.50
   2.79
  11.37
   0.81
   0.58
   0.45
  46.05
  32.80
   0.15
   8.86
   3.11
   6.67
  12.68
   0.60
   2.73
  21.60
   2.08
   1.33
   0.13
   0.45
   3.56
  19.59
   4.60
   0.31
   2.91
   0.71
   6.68
   0.60
   4.62
   2.26
  30.87
   0.02
   0.38
   8.46
   0.06
   6.65
   0.42
   1.10
   0.27
   0.50
   4.59
   2.05
   0.08
   0.99
   2.24
   8.03
   0.71
   0.42
   0.72
  50.91
   0.21
   0.30
   0.07
  16.21
   0.31
   2.04
   0.49
   0.08
   1.18
   0.35
   5.69
   8.30
   1.05
  30.62
   2.68
   0.09
(8057 rows)
