 chfrq_rdp 
      2.00
    164.70
    469.82
     16.09
      9.78
     24.15
     47.20
     30.64
     55.21
    145.33
      1.00
     55.00
     16.75
     10.25
    108.50
     15.00
      4.50
    238.33
     84.92
    221.42
    244.36
      3.00
     44.30
      2.50
     55.18
      9.50
     33.34
     77.28
     87.56
     84.57
     67.25
    101.62
      2.00
     50.18
     32.00
      7.50
      2.00
      2.47
      6.00
      5.00
      9.50
     22.00
      2.67
    115.37
      1.33
      9.57
    131.25
     79.00
     23.00
     57.95
     40.67
     12.00
     40.29
    533.29
    572.00
     13.00
     16.00
     79.00
    640.40
     53.10
    318.92
    113.55
      2.00
      1.00
     33.96
    108.35
      3.00
      2.00
     60.72
     65.11
     66.38
     53.64
    190.00
    862.44
    148.17
    281.44
     66.25
    115.00
     58.00
      7.33
      3.00
     55.25
     40.00
     18.50
      1.00
     38.33
     14.00
      4.00
     15.78
     32.00
    174.71
     42.00
     19.33
     21.89
     94.90
    181.33
     33.19
    135.43
     29.25
     77.67
     20.80
    183.71
     22.10
     10.00
     13.30
     41.17
     18.50
    212.80
     25.22
     71.63
      1.00
      2.00
     26.40
     43.60
      2.00
     78.00
    287.00
     37.00
     84.21
     42.00
     30.70
    218.74
     88.47
    121.06
      3.20
     13.36
     13.90
    132.69
     15.40
     88.41
      5.29
    165.67
      8.00
     80.09
    121.02
      3.33
    103.79
      2.00
      2.50
      8.00
     10.00
    137.00
      1.00
    105.39
     55.28
     12.00
     39.33
    232.50
     20.75
    103.62
     25.29
      3.50
      6.00
     86.70
     26.28
    150.00
      4.50
      2.00
     61.66
      2.00
     19.50
      1.00
     16.50
      4.81
     55.00
      5.75
      7.25
     12.00
    182.00
      5.50
     16.83
      6.00
     83.56
     49.87
     51.88
     39.73
    128.00
    131.25
     10.82
      9.91
      2.00
      9.33
     24.45
      7.33
    361.89
     72.56
    112.41
    310.85
      3.00
      7.64
      1.00
     45.47
     73.50
    171.30
      4.33
     16.04
     14.00
      3.67
     12.70
    267.25
     15.50
      2.00
      5.67
      7.57
     51.38
     49.14
    107.55
      2.00
      5.00
      2.00
     44.38
     43.83
      4.00
      2.75
      5.00
      3.50
    114.40
     10.00
     23.50
    182.96
     49.25
     13.00
     21.25
     10.50
      7.50
     11.00
    107.50
     43.67
     35.00
     57.89
    149.37
     59.50
     15.97
     24.78
     12.00
     66.00
     74.50
     45.50
     30.25
     22.78
     40.00
     14.75
     38.24
      4.50
     12.50
     61.52
    763.32
    759.64
    365.16
     30.18
      6.00
    121.07
    497.68
     79.24
      6.00
     21.59
      1.81
     11.94
      4.00
     30.14
     52.00
     54.00
     22.85
     53.47
     80.73
      3.00
     15.50
    311.83
    118.27
     10.93
    123.29
    114.00
     19.71
      3.00
     20.00
     19.60
     27.40
    119.58
     13.75
     13.00
     97.00
     32.48
    215.90
     16.40
      2.00
      6.33
     32.00
      2.00
      4.00
     25.28
      9.75
      1.00
     73.50
     26.00
    372.22
    451.50
    224.00
     42.43
    138.23
     34.00
     58.00
     72.40
      4.00
     16.22
      3.00
      4.33
      2.00
     24.50
      2.00
     71.50
     12.00
     17.67
    193.50
     82.00
   2977.00
      2.67
    135.13
      6.00
    113.09
      7.00
      5.55
     44.00
      1.00
      8.00
     62.20
     13.94
      2.43
     12.55
     12.41
     34.18
     11.80
      4.00
     32.05
     41.50
     12.00
    108.11
      3.33
    119.63
      2.50
     33.20
     96.00
      2.00
     14.22
     51.00
     56.40
     43.88
      8.30
     97.83
    118.41
      6.00
      3.00
    125.27
    225.36
    208.71
     62.60
    577.86
     26.00
     34.70
      4.00
    196.18
    727.67
      9.00
     10.00
      9.77
      2.00
     11.00
     10.78
     28.00
     23.40
      9.50
    133.68
     39.00
    517.33
     69.00
    489.50
     26.51
      6.57
    106.33
     51.05
     13.00
    106.58
      7.65
     11.00
    497.30
      1.00
    184.00
     10.71
     42.00
     16.00
     23.20
     12.00
     11.91
      2.67
      5.17
     17.69
     11.20
     64.89
     26.70
    182.00
    224.00
      4.79
     98.78
     16.67
     77.10
     24.60
     45.04
     13.22
    124.05
     14.00
     21.21
      6.00
      5.00
     27.00
      2.00
    349.78
     29.78
     13.00
      9.14
     18.00
      6.25
     10.00
     44.90
      2.36
     14.00
     21.00
      5.00
     55.65
     13.60
     54.05
     76.33
     11.00
      3.00
      5.80
    162.63
     40.39
     15.83
     25.50
     15.25
     22.25
     70.67
      1.67
    101.30
      1.00
    105.14
    112.80
      6.00
     10.80
     22.00
      3.00
     81.47
    159.82
    141.50
      2.00
     29.04
     31.84
     95.78
     11.00
     76.33
     36.83
     36.36
     14.00
     13.00
    150.24
     27.59
    152.12
     14.00
     47.25
     18.67
      5.40
      2.00
      2.00
     15.00
     94.94
    126.14
     44.47
     26.50
      2.00
    165.39
     53.90
     20.91
     50.47
     82.33
      2.00
     31.80
     37.00
     21.00
     10.33
     10.00
    137.70
     15.00
     21.00
     29.75
     76.97
      7.44
    130.00
     14.00
     32.00
     26.88
     68.29
     12.00
     54.06
      2.00
     34.00
     28.13
     44.00
    108.34
      8.57
     11.46
     33.00
      4.00
     15.50
     14.00
     96.28
     11.00
     12.00
     16.00
      8.00
      5.00
      5.25
     56.00
    757.50
      1.00
     57.80
      6.00
     13.48
     31.75
    106.00
     33.50
     64.00
     48.27
      8.40
      2.00
    131.00
      3.50
     46.83
     29.50
     15.55
   3512.57
    116.48
    134.41
     68.88
    204.61
     44.50
      3.00
     28.03
     42.00
     87.50
      4.00
      2.00
      3.00
     39.36
     85.00
      3.00
     25.68
     18.11
     38.33
      6.00
      2.00
     57.64
      2.00
     82.67
     13.00
     19.00
     19.17
     79.95
     29.63
     91.86
     26.30
    191.49
     28.00
     66.00
    103.05
    261.00
    499.97
     66.90
    207.08
    378.20
     78.44
     20.00
     20.47
     24.10
     28.50
     73.33
     24.00
   2572.00
     57.83
      2.00
     41.32
     26.05
     18.91
     24.41
      7.00
     68.43
    186.74
     23.77
    129.96
      6.00
      9.60
    108.18
      2.00
    296.00
      5.75
    139.33
    109.25
      2.00
     11.00
      6.00
      2.00
   1623.20
      2.00
     57.96
     60.00
    431.31
      6.43
    146.50
     47.36
     32.61
     16.00
     59.57
     33.60
      8.23
    454.67
     93.28
     29.36
    103.55
     99.09
     30.67
     46.77
      1.00
    199.30
     27.33
    214.78
     11.75
      5.14
     32.26
     25.00
     90.60
      5.50
      7.25
      3.00
      4.00
     91.69
    114.00
     82.20
     12.00
      6.00
     53.13
     66.81
     84.79
     62.02
    117.36
     34.50
     34.00
    184.22
    153.58
      2.00
     16.00
     38.00
      8.00
     33.00
     90.20
    201.66
     27.25
      2.00
    669.52
      4.00
      4.00
     80.33
     37.67
     10.20
    521.74
     21.00
     35.67
    123.70
    100.15
      9.67
    107.05
     21.50
     10.00
     10.25
      6.00
    191.14
     12.56
      6.00
     13.24
      3.00
     36.33
     39.50
      5.00
      3.33
     83.00
     79.52
     15.00
     84.76
     94.99
     55.68
     35.39
    128.00
     19.04
     70.11
     44.20
     52.62
    157.44
     49.83
     32.54
     13.33
     33.00
      2.00
     17.86
      2.00
      1.75
      1.00
    251.48
      6.00
     18.00
      4.00
     10.00
    122.20
      7.00
      3.00
     25.52
    270.46
    464.04
      1.63
      6.50
     67.84
     83.63
    447.18
      5.67
     13.50
      4.00
      3.67
      4.00
     33.29
    137.33
    100.00
     24.38
      5.06
     20.06
     20.00
     20.50
      1.00
    110.64
     96.00
      4.50
    154.12
     97.93
     72.85
    397.76
      8.00
     16.64
     20.00
      2.89
    196.39
   2040.50
     87.00
     50.50
     18.25
      2.00
   1063.00
    507.00
    293.00
    169.31
     94.00
      3.67
     18.67
     16.00
     44.11
      2.00
     32.25
    224.00
     21.71
     29.00
    191.00
    113.00
    121.00
     85.67
    154.86
     10.33
     88.13
      4.00
      2.18
      4.00
      5.68
    279.39
      2.75
      6.00
    281.74
     87.82
      8.00
      2.00
     31.20
      3.33
     45.76
     87.00
     37.90
      7.00
    259.27
    207.12
      4.00
    168.05
     40.00
      2.00
      6.00
      2.00
      4.29
      2.73
     17.98
     21.66
   3243.50
     38.00
    133.33
      5.00
      2.00
      3.50
     24.81
     98.20
      2.00
     20.88
    133.13
     58.28
      7.00
     17.18
     53.00
     15.00
     80.48
     24.33
    128.00
      2.00
     15.00
    123.00
     86.60
      4.00
     47.62
      6.00
    146.32
     69.16
    131.88
    232.76
     35.94
      5.33
     17.50
   1015.00
    334.00
    212.42
      3.00
    843.77
     33.20
     13.00
      2.00
     17.33
     27.06
     91.83
     44.00
     56.80
      4.00
      7.33
     27.37
    122.95
     49.43
      2.00
     31.00
      3.50
     41.31
     27.89
     92.43
      9.00
     31.67
     36.00
     37.86
     67.89
     76.22
     73.33
    215.58
     16.00
     19.56
     23.78
     10.40
      8.61
     95.38
    112.84
     93.03
      2.00
     90.40
     88.09
     57.80
     12.00
     22.50
     67.00
     41.08
    324.00
     47.31
     99.33
     25.67
     42.74
    152.43
    186.96
    197.84
     50.04
     39.67
     77.17
     18.00
    202.15
      9.00
     66.38
     18.46
     37.14
      7.30
     14.57
      7.00
    122.38
     57.70
      2.00
     46.48
     19.00
     91.59
    230.83
     49.24
     64.48
     23.00
      3.00
     11.63
    108.03
     11.25
      7.50
      4.00
     10.50
      4.16
    148.00
     12.33
    462.77
    145.90
    202.16
     25.75
    191.13
      9.00
      4.67
      4.00
     15.60
    780.14
     57.19
     50.98
      9.33
     15.33
      8.50
     14.00
     92.00
     35.73
      8.00
      2.00
     16.33
     11.71
     18.19
    156.50
    616.43
      5.43
     60.00
      3.67
     19.80
    115.86
    135.00
    742.08
    155.43
     52.14
     18.82
     13.00
     61.00
    176.00
    141.00
     78.25
     22.00
    111.45
      7.67
    110.20
     10.20
      6.00
     19.00
      4.90
     47.95
      4.00
      6.00
      6.00
    402.21
     83.67
      2.80
     26.75
     20.00
     89.50
     42.00
     70.48
      9.86
      2.00
     28.67
      6.00
      2.00
     30.58
     89.32
     51.50
     14.33
      5.67
    152.00
    135.63
     33.35
      7.57
    100.02
     15.00
      2.00
     33.57
      1.00
    227.80
     68.16
    236.67
    115.88
     37.46
      7.33
     37.89
      4.25
      2.00
    150.89
     33.14
      4.00
    116.86
    126.71
     23.26
     21.30
     16.93
    109.63
    256.42
     15.40
     10.63
      9.00
     52.30
      2.00
    290.67
      4.00
    826.16
     51.00
      4.00
      4.00
     15.00
     37.00
     13.55
     65.67
     22.53
     33.58
     16.25
     23.86
      5.60
   1364.00
     47.19
     12.00
     13.86
    297.43
     10.00
     26.00
     18.25
      7.00
     38.00
     25.84
     24.00
     63.97
     77.57
     58.08
     13.68
     10.00
     44.50
      2.00
    328.89
    186.81
     75.20
      7.00
      5.00
    110.63
    202.85
     40.46
    238.00
     23.00
     22.71
     31.50
      2.00
    320.84
      4.00
      5.00
    105.00
      5.00
     61.92
    230.00
      3.00
     29.18
      6.00
    269.00
     40.00
    148.00
     10.40
    613.24
      4.50
     21.00
      3.00
      4.00
    354.75
     34.40
      3.00
    212.20
      9.00
     61.67
    245.58
     91.64
     61.14
     20.00
      2.00
     12.00
     12.00
      9.50
     11.50
      3.00
     24.00
    136.17
    756.20
      6.00
      2.00
    141.48
      6.00
      2.00
    269.52
     48.42
     49.70
     83.00
     15.00
     22.80
      1.00
      2.00
      5.26
     58.62
      2.00
      4.00
    143.40
     45.20
     50.20
    803.00
     14.43
      2.00
      2.50
     19.82
      7.50
     19.00
     44.33
    104.50
     31.00
     82.67
      4.00
      9.50
    324.50
    120.55
    134.44
     15.75
     35.67
      1.00
     32.82
      4.67
     11.67
     47.25
     40.25
     11.50
    141.00
     82.33
    118.67
      3.50
     17.00
      2.00
     10.25
    123.52
     23.40
     40.06
      9.80
     90.51
     23.67
     11.00
    360.79
    728.21
    170.25
     64.18
     49.56
     17.00
     16.40
      2.00
    153.00
    207.38
     13.11
     60.09
    125.25
     90.81
     80.50
     80.00
    130.55
     29.00
     76.53
    125.72
      7.14
     72.82
     44.20
     67.42
     26.86
    115.33
     25.04
     30.00
    224.43
     35.33
      4.00
     70.30
     11.33
    261.00
    210.89
      4.00
      2.00
    336.20
      3.00
    137.72
     54.00
      2.88
      8.00
    272.80
    534.69
     57.00
     17.00
      3.50
     11.00
      8.71
     94.67
     29.04
     15.37
     56.50
      4.00
      6.00
     35.19
     77.09
     17.00
     19.00
      8.00
     13.00
    151.36
     36.13
     17.83
      2.50
    156.00
      4.00
      1.50
     72.08
     15.76
    152.33
      8.00
      8.00
      5.00
     15.00
     11.50
     11.00
     30.98
     39.25
     29.50
      7.50
     25.60
     11.67
      8.50
     18.00
     21.40
    117.85
      6.00
      9.50
     53.00
   1098.86
     20.00
     27.67
      2.00
    219.07
      3.00
    107.55
     11.11
     13.50
     21.46
    858.00
      9.00
      4.56
      2.00
     52.36
    161.07
    141.75
      1.50
     30.63
     19.00
     57.61
     20.43
     14.00
     23.16
     20.17
      5.00
    186.46
     41.44
     78.70
      1.00
    164.90
    247.12
    118.78
     75.48
     76.60
      1.88
      3.83
    294.90
    408.95
     17.67
      6.00
     28.00
    128.46
     83.47
    230.00
     73.26
      1.00
      2.00
      8.00
     29.00
     18.89
    113.88
    423.61
      2.00
      3.33
     24.23
     11.11
      2.33
      5.67
      6.00
     18.33
      2.00
      9.17
     51.00
     21.33
     49.50
     49.40
      9.67
     18.50
     33.57
      8.67
      5.00
     12.43
     30.00
    171.16
     71.20
     71.18
    145.27
    270.45
      9.51
      3.50
     54.00
     56.94
     55.16
      2.50
    115.70
     39.91
    131.00
     45.43
     70.00
      3.00
      8.00
      3.00
    132.67
    106.00
      9.25
    500.94
     45.64
     15.33
     20.78
     41.55
    109.00
    258.19
      9.80
    337.00
    196.75
    171.00
     15.75
     12.91
     88.43
    212.22
     68.17
      6.20
      1.50
      2.00
     30.00
     38.70
      2.00
     29.55
     16.00
     12.00
    343.57
     61.17
     65.71
      2.00
     46.50
      5.00
    138.86
      7.80
      4.00
     11.50
    125.65
      5.00
     60.00
    142.00
     19.00
    113.96
    219.67
     17.00
    254.94
    169.75
      5.00
     34.43
     37.00
      9.50
    124.21
      3.00
     12.52
    133.00
     20.20
     15.00
      5.00
      5.84
      4.97
      4.00
     24.96
     49.66
     14.50
     10.75
     15.00
     50.29
     72.00
      2.00
     23.00
      2.00
      4.00
      6.00
    114.54
    317.67
     24.00
    175.00
    132.75
    197.71
    306.75
     74.33
     95.50
     26.75
     42.60
    121.77
     35.00
      2.00
      6.00
     63.33
      2.50
      6.30
      3.67
    428.00
    196.50
     74.43
     28.25
     39.71
      8.00
     82.00
    160.00
     14.00
     27.09
      4.00
      3.71
      2.50
    101.72
      4.60
     50.00
      2.00
     95.71
     72.80
     31.60
     15.29
      1.00
     17.00
     29.43
     12.33
     55.93
    105.26
      2.00
    109.85
      2.00
     85.45
     29.50
     50.80
      4.00
      4.00
     62.45
      2.00
     51.50
     13.00
      6.06
     13.00
      8.50
      4.75
      8.90
      2.00
      8.86
      2.00
    781.25
     11.00
      7.50
      1.00
     30.00
     98.32
     29.00
      1.00
     87.29
      4.00
      8.00
     92.49
    366.33
    169.72
     85.50
    968.00
     12.67
     66.00
      3.00
     15.50
     28.45
     60.82
     84.00
     32.50
     73.67
      2.00
     14.64
     86.29
      6.00
      4.00
     29.40
     30.80
      7.36
     15.75
     31.76
      3.00
    504.77
     90.61
     80.18
     26.00
     56.69
     28.64
     65.23
    173.05
     95.47
      3.67
     14.00
      6.67
      1.00
     32.50
      4.00
     81.33
     22.00
     83.00
     62.23
     28.93
     49.58
      2.00
     11.00
     12.00
     31.17
      5.00
    171.45
    144.33
     24.20
     15.50
     52.40
     38.00
    597.00
     10.67
      2.00
    182.67
    136.18
     51.29
     76.08
      8.12
     38.80
     37.71
      9.63
     89.50
    115.00
    530.25
     23.13
     35.00
     52.80
     53.71
     21.60
      4.82
     15.75
      4.33
      1.00
      3.00
      5.00
      8.50
      6.11
      2.00
      6.33
     36.50
      8.00
     28.00
    401.23
    188.70
     44.00
    150.67
      6.00
     42.30
     14.40
     50.65
    226.90
      6.15
      8.89
     10.76
    123.63
     70.11
      2.00
    136.80
      6.00
     73.94
     28.00
     15.00
    107.88
    526.68
      4.75
      3.20
     20.00
     45.45
     66.13
    338.39
     32.00
     20.33
     46.36
     46.80
     46.73
     27.38
     40.50
    191.63
    133.03
     18.67
     34.00
     12.60
     29.20
      6.75
    304.35
     84.90
     15.00
     46.43
      5.31
     74.00
      2.00
     39.00
    127.60
    190.77
     38.00
     10.00
     15.00
     67.00
     34.00
     72.00
     10.52
     27.86
     48.60
    128.00
     47.35
     55.89
    329.25
    192.29
     27.00
     64.86
    247.00
     96.25
     24.00
     14.40
     34.47
     14.00
    104.06
    110.23
     11.67
     99.55
     11.00
     42.00
    221.62
     12.63
    114.56
     74.33
    310.81
     25.58
    258.35
      2.50
    106.50
    152.35
    207.29
      4.00
    124.50
     67.35
    245.33
     44.50
     10.00
    238.00
     14.00
    258.50
      6.25
     55.00
      6.00
    111.60
     98.50
     60.53
     38.50
     62.03
     59.57
     90.80
    131.00
     86.36
    117.05
     99.04
    105.51
     62.00
    409.50
     14.00
      8.00
     16.00
     41.11
    192.00
     45.25
     44.50
      5.00
      3.00
     14.83
    366.00
      6.67
    311.06
    441.16
      3.00
    130.00
     28.67
     10.96
     83.06
     41.63
    509.33
     17.67
     51.00
     30.00
    103.50
     43.11
     23.77
     49.33
    191.50
     48.35
     11.00
     37.73
     11.00
     21.50
      2.00
     17.00
     17.80
     13.36
      2.00
      4.30
     21.74
    181.60
      1.00
    499.78
     21.89
      4.75
    100.87
     13.00
    139.70
     43.20
    163.27
      6.43
    155.33
     23.50
    419.06
      2.59
    121.36
    210.42
    256.00
    195.95
     23.00
     74.16
    225.41
     37.44
    130.50
     14.40
     44.08
     61.81
      2.00
     89.71
    136.31
    118.72
     72.87
     35.39
    115.89
     17.50
      5.00
     10.00
      9.00
      7.67
   1519.00
    416.50
      1.00
     31.75
     31.83
    487.83
     10.20
     34.00
      3.83
     26.80
     13.25
      3.57
     15.70
     46.56
      8.00
     48.83
    176.00
     10.40
      5.31
      6.33
      3.75
    393.67
     64.73
    478.36
     25.44
      9.33
      4.50
     74.63
     26.11
     39.40
     23.90
      7.00
    100.00
      2.00
     43.15
    113.00
    124.71
      3.00
      6.50
     80.60
     25.50
     21.00
      3.80
      4.00
     71.00
      2.50
    198.25
      1.00
     19.97
     20.26
     78.59
     67.00
    167.52
    148.29
     39.00
     26.22
     39.57
   1704.38
     54.80
     64.00
      4.00
     50.43
     22.86
      9.38
     19.50
      7.00
      3.00
      3.50
      2.00
      7.50
     15.85
     10.57
     60.15
    777.90
    347.93
     53.50
      2.00
     13.50
     44.69
      1.00
     49.51
     76.00
     17.60
     25.33
     97.75
     59.80
     68.58
     25.00
     60.75
      1.00
     18.85
      8.00
     58.58
    837.20
      2.00
     12.50
      2.00
      1.00
     94.14
     12.00
      7.40
     26.11
      4.02
      4.39
     16.00
      9.43
     31.40
     62.10
     14.00
    116.98
     47.30
     48.63
      2.00
     18.00
     39.63
      5.50
     34.00
    133.80
   2677.41
      8.00
      1.00
     75.91
     42.63
     17.50
      8.00
      2.67
     94.25
    147.15
    126.72
      4.40
      5.00
     92.25
      2.00
    108.29
     53.19
    114.50
     76.16
     12.75
     43.19
    102.84
      8.30
    262.10
      4.00
     11.00
      9.50
      4.29
      2.00
     31.00
      8.00
      4.00
     14.10
     30.18
    162.25
    881.00
    112.55
    205.50
     66.11
    166.07
    160.00
     24.50
     25.67
     13.64
    155.08
    120.50
     57.75
     56.33
    121.57
     53.29
     36.00
      4.00
      4.00
     55.40
     22.31
     25.00
     85.95
     89.93
     36.00
     29.00
      4.29
      7.43
     34.60
     22.09
      6.70
      6.00
      6.00
     15.50
      3.50
      5.00
     69.08
    269.38
     16.00
    271.69
      9.00
     52.18
     14.43
     57.56
    395.50
    114.67
     41.25
      2.00
    224.86
    262.60
      9.25
    138.83
    220.67
   2638.67
      4.00
     11.00
    306.00
      5.00
     12.50
      4.00
     52.75
     47.18
     61.50
      3.83
     15.00
     48.33
      1.00
     17.00
      1.00
    119.90
    467.18
     10.00
     39.00
    137.86
     50.00
    207.50
    248.00
    136.00
     71.40
      6.00
     37.67
      9.00
      2.60
     11.00
     28.00
     14.00
      1.00
      1.50
    258.20
    187.82
     98.89
     26.00
     54.67
      5.33
      7.33
     10.00
     90.20
      4.00
     11.50
      2.00
     16.71
    202.42
    564.67
      1.00
     15.67
     11.33
     28.40
     35.66
      6.50
     26.00
     29.62
      8.00
     12.00
    169.80
    102.90
      4.00
      1.00
      6.00
    145.67
      1.67
      5.50
    112.00
     24.57
      2.00
    144.50
    140.50
     93.00
     17.67
      6.00
   6486.36
    177.00
      3.50
      1.50
     28.86
    218.00
    138.40
     52.62
     18.00
     33.90
     99.83
    329.19
      5.25
     23.96
   2480.82
    350.40
    992.70
      7.50
      3.27
     10.00
     15.95
      5.50
     78.56
     55.56
     13.56
    126.35
     14.38
      5.00
      1.00
    249.29
   1446.00
    186.80
    274.80
     18.00
     37.00
     18.67
     51.67
      2.00
    109.00
     61.50
     20.00
    166.43
     97.10
     16.00
     26.00
    105.55
     61.00
     22.19
      7.97
     27.00
     46.69
     52.00
     22.16
      6.00
     45.18
     35.08
     88.00
     69.00
     55.83
     12.50
     13.97
      1.00
      4.09
     47.00
    124.42
     85.40
     88.37
     61.90
    195.00
     25.00
    619.00
     92.88
      7.00
      7.00
     11.00
    100.12
    124.60
     48.50
     31.67
     13.00
    206.25
     14.73
      5.00
     46.36
     37.70
     14.67
     64.60
      6.96
     25.46
      2.00
     10.00
      1.00
    110.07
     55.58
     27.38
    295.65
     12.00
    190.08
     55.33
     11.50
     22.00
     32.29
     50.67
   1182.00
     43.22
     68.00
    495.00
     29.83
      2.00
    149.97
    293.79
    393.79
     60.80
     24.60
      2.00
      9.00
    115.94
      3.00
     62.04
      9.47
      1.00
      2.00
      8.00
      2.00
      4.00
     27.00
     43.00
     10.00
     69.00
      5.25
     13.70
      9.60
     30.20
      3.00
      8.00
    203.13
     20.00
    134.69
     10.33
      3.43
      7.27
     15.00
     92.13
     20.22
    374.91
      3.00
    477.22
    227.00
    975.00
      7.60
    171.79
     20.83
    116.85
    366.35
      2.67
     52.47
     68.76
     20.26
     46.08
     40.67
    139.45
      8.00
     99.50
     26.34
     51.75
    218.00
     30.14
     24.06
     10.15
      3.88
     17.00
     11.00
      3.20
     16.70
     20.80
      1.00
      2.00
     21.00
    251.15
    246.89
      5.43
     12.50
      4.50
    174.43
     74.67
     52.00
      4.80
      2.00
     17.00
      9.00
    224.76
      2.00
     91.20
    182.54
    168.27
     84.33
    197.09
     83.50
      6.80
     63.35
     18.08
    362.98
     19.00
      1.00
     47.75
     15.67
     86.00
     29.80
     62.40
      7.20
      5.15
     52.19
     53.62
      4.00
     75.69
      2.00
     78.27
      3.93
      2.00
    139.64
      2.00
     44.67
      1.00
      5.40
      1.67
      5.17
     22.67
      6.33
     14.00
     11.50
    278.25
     13.04
      3.67
     17.00
     17.00
     33.00
      6.00
      6.60
    113.20
      1.50
     11.37
      2.00
     16.56
    136.00
      3.00
    149.00
      1.00
     46.90
      9.31
     37.44
    138.85
     81.73
     45.00
     43.73
     27.50
    302.24
    120.00
    270.73
     36.88
     35.83
     19.00
     13.91
     11.00
      7.80
    573.08
     28.33
     22.00
      9.00
     29.78
    183.93
    168.50
      9.50
     26.67
     35.00
      1.50
     89.91
     12.50
     38.00
     48.66
     50.03
      2.00
      3.00
    210.00
      2.00
      1.00
     93.50
     57.30
    212.56
     19.00
     98.00
     31.73
    112.56
     12.50
      1.50
      2.00
      2.20
     93.93
     23.50
    356.24
     85.15
    593.26
      2.00
     90.41
    115.00
    133.36
      6.83
     68.00
    235.83
     70.00
    165.00
     11.48
    303.63
     21.00
      7.00
      2.00
     22.00
     15.30
     85.88
     17.00
    422.67
     12.57
     11.45
      6.00
      1.00
    842.00
      2.33
    489.00
     53.83
    284.00
     39.29
     90.67
     19.00
     22.00
     93.00
     83.85
      4.33
      4.80
     21.85
      2.62
     22.00
    126.58
    199.20
     18.86
     10.00
     56.00
     12.83
     27.67
      7.00
     10.00
     11.67
    110.00
     12.00
      9.00
     23.00
     10.00
     52.03
     20.50
     11.15
     11.00
    133.14
      3.50
      4.20
      2.63
      4.00
     37.40
     41.67
      5.00
     24.00
      6.00
     60.88
      8.75
     35.70
      3.00
     68.50
      7.00
      2.50
     31.26
     42.73
      8.00
     64.86
     52.26
      4.00
      4.50
    149.91
     63.93
    106.21
     40.50
     49.75
     35.90
     34.32
    206.69
     82.50
    531.50
     15.44
     41.00
    114.00
     56.00
     10.69
     17.92
      3.00
    314.40
      8.00
      9.00
     23.44
      2.00
     75.48
     50.57
     10.00
      8.00
      5.50
     65.32
     34.02
      8.88
     15.00
      6.00
      2.00
    147.86
     40.22
      6.00
     58.00
      3.50
    393.63
    165.96
     22.64
      2.75
     21.79
      7.00
   1352.33
    156.00
     25.08
    183.50
      3.33
    764.76
      2.00
     21.50
     29.11
     56.25
    252.22
     30.00
    146.98
    184.37
      4.00
    156.00
      4.00
     97.68
     18.38
     23.48
     91.55
     29.38
     89.23
     18.83
      2.00
    168.47
      7.00
     18.33
    989.88
     12.00
    108.00
     31.00
     57.11
    180.40
     14.00
      9.33
     66.33
     56.67
      2.00
     14.89
     15.67
     16.50
      5.67
      6.33
     13.43
     26.50
    108.06
      6.00
      4.33
     16.00
     76.00
    253.77
     43.00
     21.50
    171.00
     69.19
     13.00
     71.00
      8.80
     28.00
     66.40
     90.63
    152.45
     24.20
     30.45
     88.00
     52.86
     48.00
     57.40
     69.83
     42.45
     44.00
     21.00
     11.09
     44.64
     47.21
     18.50
     10.00
     12.00
     10.75
     41.90
     18.34
    141.91
    345.69
    117.50
     33.00
    752.75
      5.00
    109.58
     88.65
     10.75
     16.75
    123.42
     15.33
      8.89
    118.11
     19.39
    591.00
     87.51
     94.83
      9.67
      2.00
    215.31
      2.67
      5.00
     19.00
    127.41
     60.20
    172.45
    118.29
    122.52
     39.00
      2.00
    936.33
    182.45
    144.43
      8.29
     12.71
     15.50
     26.50
     11.60
      1.00
      2.00
      7.67
     59.50
     74.50
      7.00
      5.00
     55.13
      6.00
     51.00
     16.13
    576.22
    428.50
     13.00
      4.00
      7.67
    159.72
    247.71
     44.47
     22.00
     92.42
     57.42
      4.00
     14.54
      1.00
     90.92
     30.95
     55.60
    147.09
    102.39
     12.81
     12.50
      5.00
      3.00
     10.63
      2.00
     49.00
      3.00
    204.72
    126.19
      2.00
    313.81
      1.00
     15.00
      2.00
      5.00
    334.11
      4.50
      7.34
     32.50
     16.57
     83.67
    116.00
    183.23
     22.00
     39.50
     31.33
    200.76
     99.57
     68.50
    221.77
      3.00
    263.62
      3.00
     88.70
      2.50
    251.33
     67.29
     81.32
     85.00
     51.00
     30.36
    506.33
    152.60
      4.20
      6.64
     18.33
     55.19
    153.53
      3.00
      2.00
    103.37
    284.45
     10.00
     25.15
     16.00
      4.20
     78.56
    102.77
    818.83
      8.67
     33.00
     12.50
    452.80
     51.80
    153.82
    130.27
     85.73
     12.20
     18.15
     14.50
     60.63
     90.50
    102.00
     20.00
    116.05
     80.57
     81.40
     96.20
      7.67
      9.80
      6.00
      9.90
    104.90
      8.67
     67.29
    141.43
    159.38
    156.00
     19.20
      4.75
    282.33
    102.84
      6.00
      4.67
     13.40
    609.43
     17.77
     13.43
      6.00
      2.50
     71.91
     14.33
     10.50
     26.00
      2.00
      1.57
     62.09
    340.65
     87.38
    140.26
    102.70
     36.72
     24.17
     17.50
     91.13
     14.00
    148.38
    149.67
     38.33
     37.00
      5.00
    105.75
     16.38
     77.00
    177.33
      5.83
     92.19
      9.00
     74.75
    593.88
    249.43
     36.00
    338.00
      8.78
     31.47
      5.00
      2.00
      4.00
      2.67
      7.94
      4.00
    194.27
     39.67
     16.00
    130.75
     29.00
     96.00
      4.00
    850.10
     11.33
      8.50
      3.29
      5.33
    696.66
      1.86
     55.29
      4.50
     15.89
     47.40
      5.00
    118.40
      2.00
    198.00
    312.00
     21.00
     20.67
     63.00
     12.00
      7.87
    203.00
     37.45
     33.00
    249.50
    190.91
    108.90
     18.40
      6.00
      1.00
     25.50
     28.00
     58.41
     87.20
      7.00
    540.00
     10.00
     10.80
     83.00
      5.00
      4.75
    195.00
    135.00
    158.60
     46.25
     51.00
      7.29
      4.36
     22.20
      8.00
     61.15
      4.00
      4.00
     12.00
     58.94
    173.52
      4.00
    142.71
     45.33
     40.40
     24.11
     18.82
    113.44
      8.30
     16.13
   1481.50
      4.33
    119.24
     81.81
      8.00
     42.39
    142.09
      4.50
     32.03
     31.67
     11.50
      2.00
      2.00
      8.00
     33.29
    226.20
     33.10
     18.00
     81.00
      4.00
    180.51
      2.00
     80.50
    149.44
     52.18
     37.88
     50.44
     10.31
      5.50
     74.00
      4.00
     32.62
     14.31
    132.35
      4.44
      4.00
     28.00
      7.50
     37.80
     42.72
      1.00
      9.22
      5.40
     81.95
     75.54
      1.00
      1.26
    465.17
     92.68
     65.68
     10.00
      2.67
      2.88
      2.00
    133.00
     11.67
      4.33
    102.12
     98.74
     41.42
      4.00
     19.59
     99.50
     34.50
      3.71
      6.00
      2.85
      9.00
    118.40
     57.35
     27.29
     49.20
      4.00
     85.25
    169.95
     51.67
    149.58
     40.71
     36.92
      4.00
     32.00
     14.00
      9.00
     31.92
     21.00
    145.67
      8.00
    330.14
     79.15
     31.25
     37.68
     32.33
     49.14
     65.00
    150.04
     13.00
     12.66
      9.00
     11.50
     13.00
     11.00
      9.20
      1.00
     28.50
      1.00
     52.12
      4.50
     36.84
     11.75
      5.17
    100.38
     90.50
    250.34
    522.58
      3.67
     14.20
     14.00
    188.80
      1.00
      3.50
    283.00
    133.67
      5.00
     11.94
     16.33
     64.98
    434.71
     30.05
     55.78
     25.00
    219.08
     14.00
     78.00
     74.27
     27.77
     73.59
    253.90
     28.50
     24.17
      5.00
    259.26
     11.83
     18.67
     53.75
     11.33
     10.00
      8.00
      1.50
     60.63
    185.39
      2.00
     19.00
     38.33
     22.25
      5.08
     48.00
    261.44
    153.63
    328.86
      3.00
      8.25
    111.16
     21.25
     99.34
     44.38
      7.00
    110.41
      2.00
     82.00
      2.00
    162.17
     53.79
      2.00
      6.00
      7.00
      6.00
     27.67
     31.19
     14.00
   1828.00
    841.00
     57.00
     39.89
     45.87
     45.50
    407.93
    545.82
     44.25
    184.30
     10.40
     90.83
      8.00
      7.00
    120.29
     31.00
     28.00
      3.36
    192.00
    136.33
    148.08
     62.80
      7.25
    138.56
      4.25
    599.73
     70.00
    106.08
     10.00
     60.41
     59.92
      2.00
    110.00
      8.00
    141.04
    552.87
     33.35
      3.00
      2.00
    394.67
      9.56
     50.20
    459.11
      6.00
     55.13
    115.69
     32.00
      7.33
      7.25
     55.17
     18.00
      4.00
     61.50
     70.24
    119.44
    223.81
     26.93
      2.33
     10.13
    676.22
      2.33
   1404.88
     34.44
      6.00
     40.16
      2.00
     31.33
      3.50
    363.82
      3.50
    227.93
     18.14
    112.20
      9.00
   1164.97
     10.00
     17.33
      1.00
     37.91
     49.00
      1.00
     40.96
     13.93
      3.00
    132.50
     44.29
     95.00
      5.00
     15.22
      2.00
      3.50
     28.09
     19.00
      1.00
    120.23
   1520.63
   1583.28
     12.67
      5.00
     28.50
     97.78
     31.82
    102.87
     34.35
      6.50
     15.50
    176.81
     20.63
      4.00
      8.00
     50.88
      7.00
     34.00
      8.00
     71.00
    331.63
    118.88
     24.09
     17.52
     25.93
      2.70
     22.23
    307.00
     82.33
     27.42
     13.21
     18.14
     47.02
      4.00
     49.00
     26.00
     10.00
     18.00
     32.14
    111.89
    165.05
    108.46
     38.00
      1.00
     40.67
     56.21
    106.39
     79.18
     88.85
    101.83
      2.00
     11.00
     25.00
     28.00
     10.28
    119.04
     83.80
      2.00
    305.88
      4.86
    151.67
      6.00
      6.80
     98.97
     37.50
     17.00
      5.00
     23.89
     26.00
      4.00
      9.00
     12.04
     31.94
     26.89
     60.67
      6.00
    135.00
     38.17
     92.00
     39.12
     27.30
     33.69
     34.56
      1.01
    428.73
      7.00
     46.33
     29.00
     20.86
     20.01
      9.00
     54.87
     74.50
     19.47
    122.83
     15.34
     19.00
      7.00
     38.31
   1691.00
     14.27
      7.50
     11.20
    226.67
      4.00
     61.00
      9.75
    165.88
     60.50
     78.64
    123.46
      5.00
     60.58
     74.97
     39.75
     15.00
    306.92
     12.02
     45.36
     14.50
    153.18
    347.00
     68.73
    185.10
     78.63
     26.00
     25.26
    193.76
     19.00
      8.80
     70.86
     53.41
      4.57
     60.33
     95.31
    219.71
     79.00
    222.46
     73.45
    314.75
     15.50
     85.67
    570.85
    485.50
    145.35
    142.50
     17.53
     30.56
    287.05
     65.00
     20.85
    138.33
     24.00
     26.00
    124.90
    112.50
     13.00
     14.82
      4.00
     25.00
      6.50
      2.50
      9.38
      1.50
      2.00
     99.11
     11.62
     10.00
     66.27
     70.55
    334.88
    142.25
   1197.42
     71.50
      1.50
     17.67
    108.58
     15.14
      4.44
     24.06
     57.80
     10.07
     84.58
      4.00
     10.50
      4.50
    103.74
      4.00
    111.44
    107.26
     97.25
     30.29
     22.13
    148.42
      3.00
      2.33
     38.86
     12.50
     83.10
     62.92
      2.75
     29.78
     51.00
     24.50
     24.00
      1.00
      9.50
    303.88
      1.00
     20.67
     24.83
      3.33
      1.25
    195.43
     58.50
      2.00
     34.90
    101.11
     21.10
     90.52
      6.00
    225.00
    292.09
     50.00
      5.50
    134.00
     19.33
     11.63
    163.30
     16.54
     15.00
     64.59
     66.90
    119.44
     14.75
     10.00
     36.17
    249.20
    394.00
     12.00
      4.00
      4.00
      3.00
     72.06
    527.79
     39.97
      7.00
     69.67
      3.00
     12.00
     11.67
     45.90
     16.67
    708.96
    912.10
     14.50
     12.50
      7.00
     43.79
      8.87
     13.60
      7.00
     13.26
      8.16
     19.25
     61.24
     48.86
    273.96
     37.00
     16.75
      1.00
    263.34
     87.24
    453.10
     77.20
     58.00
     48.09
      2.00
     29.07
     53.33
     15.25
      7.72
    364.60
    118.42
      3.00
      4.00
     24.00
      3.50
      9.00
      3.25
     35.69
     34.02
      8.88
    143.33
     31.60
     13.10
     71.67
      8.12
    364.40
     81.48
      4.00
    351.00
     23.34
      2.00
    711.33
     18.59
     14.50
     88.50
     77.72
      6.00
     13.50
     23.36
      9.20
     32.42
     84.55
     80.07
     20.50
     48.99
      6.92
     29.00
      1.00
     11.80
      2.00
    107.14
     88.13
    169.75
     44.60
      8.00
     47.75
      4.00
     15.00
    263.76
    623.10
     40.00
     24.60
     14.08
      3.00
      8.00
    108.17
      6.14
     12.57
    320.65
     33.14
      4.25
     65.87
      2.00
    150.15
      9.86
     18.00
     16.90
     31.45
    141.23
      6.00
     47.02
    312.86
     45.75
      6.00
     82.78
      1.00
    157.56
     49.50
     29.75
     10.20
     57.84
    109.76
    425.20
    197.33
      4.00
    263.50
     35.52
     39.07
      9.75
      1.00
     14.30
      8.00
      6.00
     31.89
     11.00
      3.00
     28.75
     77.78
    290.17
     14.00
      2.00
    136.67
     33.00
    289.86
      3.50
     10.11
      4.00
      1.00
      1.00
     15.47
     12.50
      8.00
     22.00
    268.82
     30.61
     93.00
     20.70
     48.00
      8.00
      5.00
      7.50
     62.13
     94.55
      4.67
    136.33
      5.00
      4.40
    248.43
     14.10
     75.63
      4.00
     15.42
    297.41
    357.14
      3.00
     14.00
     64.00
    548.35
    319.63
      5.25
    136.03
      2.40
    286.63
    170.78
      2.80
     54.00
      5.50
    437.05
      4.28
      8.00
     87.00
      3.50
    151.12
     77.67
     62.80
     47.54
     26.00
     43.05
    120.95
     59.87
      6.41
     16.00
     51.36
     91.20
     10.00
    292.00
     44.60
      3.44
      3.17
      7.67
    148.35
     72.17
     37.43
     26.50
    107.90
    236.16
      3.00
     60.35
     23.83
      1.00
     56.00
      6.00
     51.60
     92.76
     28.50
     17.67
     41.91
      3.00
     49.27
     33.11
      8.00
     13.00
      9.00
      7.00
    247.86
    153.00
     24.58
     52.89
      2.50
      2.60
    101.00
     11.00
    109.39
      2.00
     20.83
     34.44
    297.33
     17.33
      6.00
     47.02
     60.36
     10.00
     30.00
    130.00
     21.00
     28.67
      2.00
      8.00
     73.48
     81.45
     20.15
     13.00
    103.00
     12.50
      9.23
     94.02
     14.56
     76.00
    101.67
     79.68
     49.00
     20.00
     98.98
     37.90
     53.46
     94.88
    155.42
     37.00
     71.00
     31.24
      2.00
    184.57
    279.50
    148.63
    349.60
     62.14
      4.00
      6.75
     48.31
     46.08
     32.54
      6.00
      2.00
    297.00
     50.25
     25.50
      8.00
     10.00
     17.00
    107.74
     39.75
     34.76
     55.95
    489.00
      7.67
     72.00
     48.92
      2.00
     57.87
    107.46
     10.69
      7.92
      8.94
    151.20
      6.00
    172.08
      4.00
      2.00
      8.25
    102.47
      6.50
    107.03
    132.64
     47.56
     12.50
     21.00
     42.00
     34.14
     10.32
    115.05
    116.95
     23.50
    118.00
      2.00
     14.00
     83.60
    119.25
      2.00
    101.00
     12.00
     37.67
      4.00
     18.00
      4.00
    157.50
     15.00
     59.40
      6.00
      2.00
    258.93
    122.40
    147.75
     40.50
     16.37
      3.76
     10.34
      1.00
      3.00
      5.57
      6.67
      7.00
    141.00
    170.50
    187.13
    413.53
     28.00
      3.00
     35.73
     31.40
      9.70
      2.00
     34.67
     17.67
     22.39
    150.53
     10.16
    138.00
     46.50
      7.08
      8.00
     12.96
      8.60
     18.25
      8.50
     20.00
     18.04
     24.00
     21.75
     27.00
     24.00
      2.00
      6.00
      2.00
     90.07
      2.00
    121.00
     26.61
    667.84
    102.84
     45.63
      3.68
     18.00
    164.13
    313.86
   1322.00
    201.48
     10.00
     93.33
   1247.00
      4.50
    436.11
     11.60
     23.67
    171.28
      8.29
      5.40
    697.67
     63.67
     10.00
      6.33
      8.50
    166.50
     99.19
      2.00
      2.00
    123.00
      6.47
     23.54
     14.61
    106.82
      1.00
     85.00
      5.63
    106.31
     45.00
     17.63
      3.19
      4.00
      6.00
     65.67
     23.00
     16.00
      1.00
     48.00
     12.60
     87.34
    113.00
     10.56
     38.46
     50.00
      3.75
      6.17
      4.00
    231.80
      6.25
     19.67
      5.00
   1556.57
    249.42
      3.00
     17.17
      1.00
     15.00
      2.67
     10.00
      2.80
      6.00
      4.96
     29.17
      6.60
      4.00
    167.23
     11.60
     10.00
    113.27
      6.67
    126.98
      7.50
      4.00
   1934.00
    924.63
    105.83
     33.56
     87.88
      6.00
      1.00
      9.67
     90.11
      5.00
     24.33
     36.00
      8.00
      3.00
      6.00
     62.26
    222.18
    869.61
     52.70
      7.00
      5.77
      4.00
      9.44
     10.00
      3.45
      2.00
     23.00
     18.50
     35.00
     70.60
    160.00
    150.82
     37.00
     28.67
      2.00
     26.00
     81.00
    250.15
      4.00
     14.83
     97.00
      3.00
     26.00
     58.00
    284.29
    214.00
     21.36
     16.00
      6.00
     50.11
    191.44
    264.21
     37.50
     15.82
     63.33
    501.30
      9.00
      7.33
     26.33
     26.62
     17.44
     50.75
     30.35
     19.07
    168.22
     40.80
      3.00
      6.50
      8.25
     33.73
     13.00
      2.00
     13.25
      3.00
    130.11
     11.83
     13.48
     29.14
     10.67
    341.75
    120.00
     10.50
     12.50
     10.00
      6.68
      1.00
     37.40
     27.00
    235.00
      7.89
     17.77
     34.50
      5.00
      9.62
     76.47
     74.20
      3.00
      5.19
     15.00
     23.46
     16.80
     35.00
      2.00
     46.00
      1.00
    147.21
      5.00
     20.96
      3.00
      2.00
     31.63
      1.00
     29.00
     70.00
    113.67
     44.86
     10.00
      8.00
     20.00
      4.00
     41.31
    158.54
      7.00
      2.00
      3.00
     41.00
    146.72
    198.50
     29.44
    190.18
    404.00
     15.00
     41.08
     98.57
    163.18
     60.36
     11.00
     29.40
     23.13
     13.24
     17.86
     31.00
     17.25
     36.00
    102.69
     10.30
     54.41
     67.73
    820.00
      2.00
     65.85
     64.00
    203.50
    130.29
     38.00
    180.20
      5.33
    145.92
      4.00
     45.59
      1.00
     29.50
      4.00
   1121.50
      6.67
      6.00
      6.38
     47.25
    190.00
     76.00
    113.18
      3.00
    162.48
    187.06
      3.50
      6.50
     58.05
     20.90
      3.45
     30.95
     18.73
     13.00
     23.10
     16.18
     32.71
     95.25
      3.00
      4.00
      5.50
     55.50
     30.07
     39.13
     35.57
     79.88
      3.00
     30.00
     12.00
     21.00
     38.00
     37.50
      8.50
    102.00
      4.33
      8.00
     16.00
    122.50
      1.00
      9.50
      2.00
     28.17
     12.00
     74.00
      2.00
      8.00
    213.10
     64.00
      2.00
    101.00
     59.33
    175.63
     37.00
    525.40
     19.75
     47.29
     66.89
     20.95
      9.33
    146.00
      2.67
      2.00
      3.00
     13.40
    108.88
     18.00
    162.00
     77.00
     16.77
    100.00
      4.75
     41.00
     33.25
     22.00
      4.00
    273.67
     67.00
      5.33
     24.33
     24.68
    110.50
    428.95
     30.87
      7.00
      8.50
      2.00
      4.00
      8.82
     63.96
     58.14
     16.69
     68.08
    341.60
      5.00
     14.80
     52.50
      2.50
     49.67
      2.00
     64.44
     77.64
    169.50
     77.70
    515.00
     25.00
      2.00
    112.67
    123.96
     23.00
    120.20
    197.10
      7.00
     12.00
      2.00
      7.50
     19.45
     14.00
      4.00
    857.00
     69.04
     11.38
     15.00
      4.00
    103.42
     64.38
    199.45
      3.65
     42.71
    142.43
      3.36
    145.65
    264.51
      4.00
      6.50
    507.87
    174.00
     15.00
    121.53
     10.31
     23.33
    529.22
      4.00
     82.00
     13.33
     56.91
     16.00
     13.00
    117.19
     40.40
     55.09
     19.38
     22.10
    420.83
     30.90
      2.64
     91.50
    240.67
     11.67
    100.45
      3.00
      7.33
     19.20
    365.39
     50.00
     26.18
     84.66
     36.68
     61.00
      9.00
     52.21
     51.69
      3.67
     16.36
     76.95
     55.20
     44.54
     21.00
      2.00
    102.47
    432.33
     39.00
     42.00
     40.00
     29.00
      2.00
     36.35
    530.56
      9.20
    663.00
      4.00
      2.00
     49.33
     78.84
    120.32
      9.44
    283.06
      4.89
     12.00
      2.00
      1.00
      2.00
     28.07
     91.42
    410.53
    467.08
      1.00
      8.50
      6.03
    217.50
     56.25
     80.80
     15.00
    201.06
     21.84
     47.00
    151.76
    147.00
      8.25
      1.00
     51.00
    278.50
    106.67
    109.21
      6.75
     87.67
    133.50
     43.03
    121.23
    107.67
    569.67
     15.63
     89.96
     34.90
    164.15
     10.33
      6.83
    140.55
     11.80
     78.67
     24.10
      2.00
     55.36
     19.61
    125.61
     12.17
    245.03
      9.00
      4.50
      5.00
     10.00
     30.78
    144.53
     38.00
     15.00
    202.33
     18.00
     33.29
     17.00
     70.00
     23.00
     88.00
     17.80
      4.00
    104.21
    174.44
     32.33
      2.50
     68.28
     31.75
      8.85
      4.00
      3.00
      2.00
      8.38
      7.04
      3.50
     54.41
      1.00
      5.90
      4.70
      3.25
     38.31
    114.43
     11.13
     85.62
    100.60
    121.95
      2.00
      8.17
      3.75
     79.14
     53.80
     17.14
     89.00
     38.94
     52.41
     28.00
      4.00
      2.00
    158.76
     38.51
     21.36
    388.59
     23.41
     53.82
     38.00
    144.70
    120.85
    144.34
      3.00
    134.60
      2.00
      1.33
   1320.56
      5.33
     28.11
     20.14
     21.03
     42.00
     51.97
      7.88
     61.65
     43.06
      2.00
      9.00
      4.00
    750.50
    108.50
     29.25
    150.89
    185.50
     35.00
     10.00
      8.14
     25.25
     52.30
      3.50
      5.69
      3.00
      5.50
    306.53
    272.86
     70.25
     86.22
     54.51
     12.00
     21.91
     77.00
     13.00
    172.00
    106.56
      9.40
     86.94
      5.00
      4.00
      4.33
      2.00
      4.00
     25.77
    510.00
      2.75
     58.88
     32.80
      3.00
     48.36
      6.00
     13.00
      1.00
     51.60
     52.14
      1.00
     55.00
     12.50
    730.78
    257.21
     35.26
      6.90
      3.63
     46.62
     22.30
      1.17
     65.17
     15.08
     81.03
    251.67
    122.00
     10.54
    331.33
      2.00
    247.33
     69.44
     10.00
     96.59
     34.00
      2.00
      4.00
      9.50
     24.71
      1.00
     14.00
    579.89
     74.33
      6.00
     42.94
    583.20
      2.50
     13.22
     13.08
      2.00
     78.18
     19.71
      4.00
     39.80
    143.17
     12.00
      4.00
     50.33
     20.00
     46.00
     14.57
    158.00
     61.50
    257.25
     45.82
     35.00
     47.78
   5335.00
     13.00
     14.00
     55.29
     32.84
     22.07
     13.00
     79.43
     23.00
      7.84
      2.00
     18.25
      3.55
      9.00
      4.00
     64.29
    134.95
      2.00
     27.00
     84.54
     37.57
     98.75
      1.00
     48.64
     82.73
    138.50
      1.00
    221.60
     18.50
    114.53
    123.46
     68.37
     20.29
      1.00
     30.07
      4.50
     23.00
     26.31
    149.85
      5.89
      3.00
     11.78
     23.11
    345.00
      3.50
    208.00
     10.17
     87.10
    378.15
    218.83
     13.50
      1.00
     16.00
      4.00
     25.20
     64.25
    265.25
     37.00
      8.00
     61.00
     50.40
     73.14
     23.33
     86.55
      1.00
    113.07
     14.74
    282.77
     11.00
     21.25
    334.38
     42.71
    292.39
      2.00
      7.67
    101.44
     24.00
      6.00
    318.20
    186.75
     85.06
     16.17
    160.25
   1488.50
     79.17
    109.96
    165.97
     22.60
     15.75
      1.00
      2.00
      6.00
     19.80
     21.20
    147.89
      7.63
     37.86
    198.09
      5.00
      5.68
     19.38
    376.20
     48.40
     92.84
    325.33
     44.54
     27.67
    102.25
      6.00
      2.57
     56.67
      7.00
     22.88
    385.74
     15.00
    473.36
     69.50
     13.67
     48.20
     40.64
     43.14
      2.33
     39.01
     30.20
     45.67
   1280.00
      3.50
     89.44
     46.04
      3.50
     10.20
     22.31
     14.39
      2.00
     14.14
     33.44
     28.67
     96.35
      5.00
    168.55
    127.00
      3.57
      3.75
     70.50
     41.15
     50.01
     28.41
    127.20
    343.62
    183.37
    206.47
      6.00
     62.28
     13.00
     65.03
     88.00
     98.00
     68.73
    154.38
     70.63
      7.33
    240.69
      2.00
     52.00
    125.50
     46.00
    135.00
      2.00
     48.50
     83.00
      3.67
     16.73
     41.83
      3.50
     80.00
    166.81
    124.74
      7.00
   1052.13
     10.00
      2.00
     31.27
     34.25
     31.86
    384.16
     16.15
    127.50
     11.00
    476.17
     43.00
    430.93
    133.26
    121.21
     33.69
    157.00
     62.00
    106.17
     18.00
     26.00
     51.56
     84.69
    347.38
     41.40
     10.00
     11.00
      5.00
      5.00
     73.30
      2.00
     51.62
     39.29
    355.73
     33.76
     35.93
     35.43
    117.00
     32.78
     39.05
     29.29
     39.00
    242.70
      4.00
     33.08
     34.57
      5.73
    109.60
     18.00
     82.86
     17.74
     56.68
    218.00
     58.15
     40.57
     12.33
     45.95
      4.00
     51.60
    466.25
      3.33
      3.89
     79.80
     40.80
    433.21
     19.67
     14.06
    610.00
    391.81
    194.83
     39.19
      2.00
     13.89
      6.00
     81.53
      5.24
    853.00
      2.00
     12.00
     29.50
    113.80
    115.54
      8.00
      2.00
    151.00
      3.00
    368.00
     12.80
      8.13
     13.40
     28.50
    106.00
     32.00
      5.00
      4.80
     23.00
    207.95
     19.86
      2.00
      3.20
     10.38
    155.83
    159.23
     83.93
     60.14
    385.75
     20.00
    198.13
     32.32
      2.00
      2.40
      2.00
      9.73
     77.28
    186.52
     64.38
     20.25
     81.60
    141.20
      6.00
      4.50
     98.54
      3.67
      2.00
     81.50
      2.00
     18.76
     34.45
    118.00
      8.00
     65.86
     12.04
     37.84
     12.00
      1.00
    119.98
    565.12
     85.00
     51.57
      5.00
    329.00
    138.00
    146.77
    170.43
      3.25
      1.00
      4.00
     24.75
      9.67
     19.04
     50.53
     12.50
     30.50
    449.71
    185.50
      9.08
      8.00
     48.00
      9.25
    333.25
     23.00
     94.50
      4.50
     15.01
     69.55
      5.75
      8.00
      9.67
     33.31
    162.60
     51.07
     11.00
     79.67
     50.21
    388.07
      1.00
     18.50
     11.00
   1007.96
     56.71
     21.50
    145.00
     31.00
      2.33
     39.46
     46.06
     15.40
      2.00
     24.22
     14.00
     10.00
      6.00
    106.96
     16.38
     20.00
     45.75
     69.16
     40.01
      1.00
     17.40
     72.00
     17.41
    245.00
     32.00
     13.00
      2.00
    342.25
    131.19
     26.70
     37.96
   1563.40
     29.31
    266.20
      1.50
     31.00
      3.66
      6.00
      2.00
     13.91
     41.82
     22.14
    224.00
    278.50
     26.38
     90.91
     45.00
     86.17
      7.80
     12.50
     15.29
     27.00
     56.50
      2.00
    213.44
    156.92
    368.05
     68.66
    198.66
    170.91
     14.07
      9.67
      2.78
      5.85
      4.38
     25.85
    228.14
    119.84
    102.00
      9.00
    204.25
    104.41
     56.18
      2.00
      3.00
     13.33
     39.00
     14.37
      5.14
      2.00
      9.14
     31.75
     26.50
      9.00
      7.00
      6.00
    246.75
     95.67
     53.80
    200.23
    166.55
    205.98
     12.72
     43.00
      7.80
     30.39
     62.21
     46.65
      2.33
    141.46
    130.77
      3.00
      1.00
     12.21
     93.00
     14.94
    128.28
    154.36
    114.73
      8.75
    182.31
     40.33
      3.00
      8.80
      8.00
      2.00
      2.00
     32.00
     53.09
      8.40
    247.00
     15.57
      4.00
     67.83
     49.00
    151.33
     16.00
     52.00
     66.33
      8.25
      5.33
      1.00
     98.34
     93.67
     34.50
     85.99
     40.67
     64.21
     62.33
     88.00
     22.26
    288.79
      1.00
      2.00
      3.33
      3.00
    159.21
      1.67
      1.00
      7.00
     30.00
      3.38
     45.00
     36.78
      5.00
     41.50
    108.56
    112.80
    138.00
      6.50
    188.20
      2.00
     20.00
      4.22
    331.28
    256.83
     14.00
   2922.87
     87.08
     64.00
      3.00
     27.00
     62.56
     72.38
     21.00
     15.50
     94.10
     37.70
     33.50
    758.28
      6.00
    145.69
     15.00
      3.00
    194.12
     34.25
    370.00
    113.35
     52.01
     28.33
     31.00
     30.50
     42.00
     21.00
      2.00
     24.71
      5.38
      7.00
    165.50
      4.00
     74.75
    156.44
     77.23
    116.00
     64.82
     17.53
     20.00
     43.00
     45.26
     23.50
      4.33
      2.00
      3.00
     19.80
     55.27
     14.00
     16.00
      2.67
      7.00
     14.21
      3.25
      6.69
      2.00
      7.43
    145.88
     25.20
      5.00
     11.33
      4.00
     11.00
      3.48
     12.14
      4.00
    200.13
     20.67
      5.00
     74.00
    198.79
      2.00
      3.50
     26.15
     60.02
     51.94
      5.82
      4.00
     12.00
      6.00
     42.57
     12.20
      8.00
     31.00
     70.00
     46.12
     63.64
    251.37
      3.00
   1246.00
     45.00
    122.29
     10.33
     53.75
     13.17
     96.67
     40.77
     66.00
     60.86
    403.83
     88.00
      5.00
     18.68
     26.80
      6.90
     33.76
    152.76
      2.25
      2.00
      4.50
     35.00
      3.00
     12.00
     29.67
     36.63
     19.43
     41.88
     32.50
      1.00
      5.00
     21.00
    357.00
     77.45
      7.00
    112.08
     11.13
    358.63
     81.58
      6.00
      8.20
      2.00
    119.50
    152.50
     50.50
      8.00
     90.88
     33.55
    492.00
      6.50
      3.00
      7.00
      3.33
     23.36
     41.13
     23.00
      4.00
     36.10
      3.00
      3.40
      1.00
    171.83
      6.67
     38.00
     49.44
     84.88
     93.53
     30.52
     24.07
     17.67
     17.00
    276.58
      9.00
     20.17
     14.00
    221.00
     27.36
      3.60
     44.67
     72.48
     98.69
     90.08
      3.00
     98.56
     56.91
     10.80
      7.64
      9.00
      8.44
    254.58
    275.77
     50.50
     23.32
    148.25
     95.97
      1.00
     93.78
     47.39
     30.00
     38.33
    225.57
     79.50
     94.50
    356.09
      2.00
    235.67
     34.00
     50.71
     13.00
    144.73
     18.00
     82.64
      4.00
     32.50
     55.90
    189.52
     97.59
     95.05
     20.33
     10.67
      3.50
      2.00
      2.00
      2.00
     10.00
     13.25
     12.00
      1.50
      5.00
      4.00
     18.00
    138.01
     62.86
     73.00
    131.31
    142.67
     93.00
      4.29
      5.00
      2.00
     35.58
     97.90
      4.11
      4.50
      6.00
     41.73
     12.00
     57.86
     35.08
     78.57
     66.00
     42.15
     36.58
     15.20
     53.00
    125.96
     35.79
     15.13
      3.00
    182.37
     17.44
    280.00
      2.00
      9.33
     16.33
     19.00
     11.75
     17.00
      7.75
     99.86
     92.62
      3.00
      6.50
     20.63
     16.17
      2.00
    124.48
    124.00
     42.09
      1.00
     10.09
      6.00
      8.60
     29.14
    588.34
    264.20
     42.71
      3.00
      1.00
     17.00
      8.44
     66.23
     79.07
    111.00
     26.91
     85.88
     85.36
    138.71
     74.32
     27.83
     22.29
      2.00
     14.17
      3.00
     27.44
     23.38
    115.28
    417.54
      3.00
     71.00
     12.25
     20.50
      7.00
      9.25
    176.09
     45.00
      1.00
     66.62
     82.00
     51.40
    227.60
     21.76
    252.50
     44.20
     23.00
      9.40
      4.00
     29.48
     73.67
    265.04
    120.39
     26.00
    128.90
     44.08
    305.83
      2.00
      2.00
      5.60
      3.00
     14.43
     62.37
     96.46
     17.79
     46.61
     21.20
      8.83
     17.00
     53.69
      4.75
     59.86
     57.67
     32.14
      2.00
    222.78
     56.50
      7.23
     31.20
      1.00
    196.75
      8.00
     20.16
     29.50
      9.00
     86.67
    986.31
      6.00
     74.68
     34.39
    166.00
      4.00
      5.67
     53.00
      2.33
    226.00
     37.71
    164.73
    180.15
     10.50
     81.33
     71.63
     12.50
     13.78
      7.36
    177.33
     19.08
      3.00
      2.00
      3.00
     31.63
     14.00
      4.33
    158.30
     17.35
    193.79
     31.32
     30.85
     34.00
      5.00
      6.17
     12.00
     33.50
     11.20
     80.25
      5.00
     10.50
     35.00
    163.73
     72.37
    542.35
     97.40
     10.83
      4.60
      9.83
    817.63
    168.50
     17.67
    383.00
    704.63
    437.52
      2.44
     87.55
     37.28
     39.93
     54.42
     15.50
     20.50
      5.50
      3.60
      1.00
     14.00
      1.50
     37.50
      5.00
     60.67
    185.22
     36.80
    106.00
     39.33
     75.80
    217.00
     14.00
     18.57
      4.00
      2.00
     19.17
      6.36
     41.85
     18.75
     42.04
     20.80
     15.95
     17.55
      3.80
     49.00
     35.00
     17.00
      6.00
     13.00
     26.43
      6.00
      2.58
      4.67
     12.67
     44.50
     65.50
      5.00
      7.00
      5.36
     20.00
      8.24
      5.00
     60.00
     28.50
      4.29
      5.00
     69.00
      8.00
    233.40
      2.00
    193.24
      3.00
     14.00
     46.92
    110.08
      8.58
     73.64
     57.50
    258.00
      6.00
      8.00
     69.71
     82.75
     32.89
     14.62
     33.07
    153.33
     24.00
    230.00
     89.00
     42.00
    205.06
      2.00
     32.25
      2.00
     28.63
      9.33
      2.00
     37.88
     59.00
     38.69
    161.87
    130.22
    139.09
      4.00
     90.50
     14.00
     46.00
      2.67
     69.00
    107.46
      4.00
     14.00
     32.43
      9.25
    390.00
      4.33
     12.00
     53.00
     17.40
     17.75
     23.33
     32.00
     29.75
     26.00
     84.43
     13.00
     93.57
     15.19
     25.51
      9.50
     43.76
    189.60
    103.15
     53.25
      2.00
     43.75
      2.00
     20.76
     20.00
      9.00
     66.71
     82.70
     22.00
    105.00
     82.00
     41.67
     13.00
     29.88
     48.06
     39.50
    107.43
      7.00
    161.20
    424.11
     30.62
    184.61
     74.25
    602.00
     18.27
     59.78
     43.03
     39.31
     27.22
    246.00
     28.00
      8.00
    200.00
     25.00
     32.00
     55.56
     54.90
    744.00
    307.83
    367.58
    168.77
     59.59
      3.00
     72.61
      6.00
      9.75
      2.00
    295.38
     99.19
     10.00
     34.00
    133.10
      9.00
     34.52
    123.34
      2.00
      8.50
     51.00
     77.62
      4.68
      3.00
      2.00
      4.89
     46.00
      5.00
      8.00
    354.00
      2.83
      5.00
      2.00
      8.00
    226.00
     36.56
     83.68
     21.00
    293.82
     29.50
     20.00
     10.00
      6.00
    461.95
    242.63
    179.71
     29.61
      8.00
      4.00
      4.80
      3.25
     31.73
    173.41
     29.10
     60.43
     54.44
      2.34
   1317.00
      2.00
      1.87
      8.29
     12.00
    405.32
      9.00
      3.50
      3.50
      7.45
     15.00
      7.14
    183.67
     79.20
    121.40
      4.00
    120.00
      6.67
    117.00
     10.00
    140.46
    368.57
    194.81
      7.00
     32.20
    273.59
    314.82
      8.00
    103.25
     11.00
     15.00
      1.00
    100.01
     53.08
     82.50
     21.25
     35.60
      2.00
      6.00
      6.50
    199.85
      1.38
     15.40
      9.81
    434.71
     20.67
     49.88
      9.50
      2.00
     36.25
      1.00
     17.25
      1.00
     23.67
      6.00
    250.36
    201.93
     61.34
     17.67
     24.92
    233.07
      1.83
     31.21
    105.00
     47.92
      2.40
     57.47
     30.00
     28.13
    243.75
    265.54
      4.36
    252.33
     28.40
    118.96
      7.00
      7.00
     27.52
    332.00
     43.03
      8.00
    109.00
     39.00
     22.50
     20.38
      2.00
     87.67
    210.00
      6.00
      4.20
      2.00
    153.13
    302.02
     40.47
    265.65
     13.35
     17.48
     40.50
     34.48
     47.33
      8.33
    111.31
    167.27
      2.00
     93.83
     52.88
      1.50
     17.00
     28.77
      7.00
    110.46
     93.31
    213.72
    130.09
    269.14
      8.33
     38.00
      4.00
      2.75
      2.00
      1.00
      3.25
      6.00
     95.37
     13.57
     29.38
     27.38
    166.38
     22.00
      2.00
      4.00
      6.00
      6.00
     46.67
      4.00
     47.50
     14.20
     78.01
     40.07
     16.07
     25.17
    151.41
     15.33
    337.50
      1.00
     52.72
     11.00
    111.33
      5.00
    101.75
      2.00
     78.75
     77.19
     64.88
     51.00
     68.14
    400.86
   1081.00
    165.00
    224.77
      4.50
    118.94
    131.89
      7.00
     10.67
     24.12
     18.95
      6.00
    267.00
      6.71
     23.00
      8.00
     84.50
    380.67
    126.00
     19.14
      4.00
     47.71
      9.89
     22.23
     11.00
     27.98
      7.12
    173.40
    225.46
      2.00
      2.00
     66.00
     19.25
     48.31
     37.44
      1.00
     27.33
      7.00
      9.50
     14.00
      9.50
      2.00
    120.94
     14.75
     28.13
     34.74
     38.00
     30.13
     21.00
     10.78
     72.21
    124.14
     23.17
     19.93
     16.00
     10.53
      7.00
    135.44
     16.50
     15.00
      1.50
      7.50
      4.82
     44.00
     22.50
     24.48
    178.00
     16.00
     16.13
    123.79
     61.36
    245.68
     93.98
     60.43
      4.33
    141.00
    204.20
     89.81
     35.73
      2.00
     14.60
     89.13
    100.86
      9.63
     13.50
     45.00
     28.11
      2.00
     10.00
      5.00
     26.00
      3.33
      6.00
     44.73
      5.60
     57.03
      3.00
     17.33
     14.25
     11.25
      9.31
     48.30
      5.00
    189.86
     30.71
    101.00
      5.00
      4.60
     31.50
     25.71
     93.17
    100.46
     28.88
     21.00
      4.00
     41.00
     96.33
     18.46
     68.00
     23.38
     15.86
     67.91
      8.00
      5.00
      3.00
      2.00
     16.00
    632.03
      8.33
     20.50
     95.80
      3.67
     84.91
     49.19
      3.00
    169.08
      2.00
     12.23
     20.00
     11.29
      8.35
     74.06
     43.83
      1.00
     10.00
     12.00
    117.00
     16.00
     46.06
    204.19
     43.81
     11.08
    152.85
      7.25
     12.29
     14.40
     16.67
     10.00
     29.60
    235.50
     25.00
      8.00
     15.90
      2.00
    421.17
    378.67
     26.67
     45.00
      7.07
      2.00
      3.00
    146.57
    264.61
     22.00
     11.25
    181.59
      4.33
      7.00
     79.00
     10.75
    140.03
      7.00
     11.32
    155.41
     11.83
      7.00
      3.00
     63.50
     20.50
     25.40
     16.67
     10.25
     36.27
    146.27
     13.50
     19.00
      6.00
    114.38
     20.40
     52.50
     96.67
    151.43
     35.20
      6.00
    106.62
     15.64
      2.05
     41.69
      4.33
    396.00
     10.00
      4.00
     60.31
     31.00
     23.29
     17.50
     21.71
    139.56
      5.00
    220.67
    202.13
    298.40
     63.43
    331.28
     52.75
      8.00
     49.92
     93.39
     92.19
     51.00
     62.00
      2.00
      1.00
    145.78
     46.83
    162.20
      4.00
      2.33
     52.00
     20.63
      4.00
     43.25
      8.82
     56.79
      1.00
     68.00
     36.67
     24.00
      1.00
     49.00
     66.50
     99.53
     76.13
     30.33
     19.80
    103.46
    212.02
    198.67
    475.60
     73.33
     67.57
     35.33
     47.46
     91.23
     16.00
     53.00
    261.75
      6.42
     14.89
     83.08
     90.50
     22.00
      5.00
    655.49
     11.61
   2119.14
    276.67
      1.50
     56.64
     16.67
    157.50
     19.07
      3.00
      8.00
      6.00
      6.25
     37.50
    226.46
      4.00
      9.64
      8.00
   1322.11
     11.88
     12.82
    139.35
     70.71
    138.25
     53.50
     15.64
      2.00
      5.80
      8.67
     12.38
      2.79
      4.00
     57.00
    224.67
     81.40
     15.00
     81.00
     89.00
     82.00
    136.00
      6.00
      3.00
    865.32
      6.00
     32.00
     35.67
     69.00
     10.00
      6.00
     25.44
      4.00
     15.76
      5.00
      8.25
    119.33
    199.00
      3.67
      1.00
      5.50
     12.00
      3.00
     53.68
    137.50
     53.00
     30.40
     36.00
     52.33
     11.00
     70.94
     22.82
      6.50
      3.00
    296.56
    500.00
    839.00
    169.38
     83.67
    112.00
      2.00
      2.00
      3.86
     56.35
     16.93
      4.50
     29.00
    287.00
     32.00
      3.00
      1.00
     19.00
      1.00
     68.00
    116.38
      5.33
    196.79
     22.00
     44.50
     61.29
     17.00
     42.25
     88.62
      2.00
      5.00
    458.33
    484.00
     63.15
      4.00
    133.00
    163.00
     43.55
      1.00
     32.75
     13.33
     40.73
     21.00
     64.00
      2.00
      4.00
     16.35
     30.82
    106.67
      4.50
     12.00
     23.00
     40.38
     20.86
     58.71
    115.34
      8.50
     66.95
     84.90
    175.30
      4.00
      4.00
     11.00
     34.17
     43.44
      2.00
      2.50
     35.58
     44.67
     62.33
     21.56
     33.45
     27.09
      4.50
      3.50
    305.63
     17.88
     21.00
      9.80
      2.00
    242.10
     83.65
     68.00
     46.69
      4.83
     86.80
     12.50
    108.22
      5.00
      2.00
    114.49
    927.00
      7.00
    159.89
    101.09
     62.14
     48.00
      4.00
     16.33
    134.00
    198.46
     23.33
     21.50
    212.71
    111.52
     34.00
     63.21
     22.57
     35.92
    208.55
     75.25
    500.04
     10.00
     58.67
     10.00
     13.50
     59.00
    176.88
     17.60
     18.00
    457.67
    284.09
     72.25
     19.00
     61.65
     62.50
      8.64
     19.50
     28.68
     80.72
      6.83
      4.29
     18.00
     32.50
    142.68
      5.25
      2.50
      2.00
     35.67
     21.07
     50.25
     22.37
     10.50
      7.00
     10.00
     10.67
     32.25
     39.18
     50.88
      7.50
      1.00
     27.52
      6.00
     18.00
     31.77
     85.09
    157.12
      7.00
     68.00
     71.50
    122.46
     49.40
      4.79
      4.00
      5.83
      2.50
      5.34
     20.11
      5.75
      4.50
     38.00
    346.50
    163.33
    145.83
     36.33
     59.34
     77.05
     47.00
     16.50
      7.00
      5.00
      6.00
     18.18
     47.33
     31.00
     22.60
     11.36
    135.78
     10.32
     37.09
     31.43
     86.32
      5.00
     54.50
     18.00
     70.26
     12.00
      5.00
     28.50
    126.40
     12.25
      9.33
     24.00
      4.86
      1.00
     13.00
     62.00
      4.00
      3.50
     14.91
     31.42
     16.00
      7.00
     11.00
     64.76
      2.00
    109.39
     32.50
     18.00
     12.67
     41.26
    198.90
      9.93
      6.00
      8.57
   1325.25
      5.00
    158.66
     37.07
     69.38
     16.00
     15.00
      8.00
      3.00
      2.00
      2.00
     13.00
     13.00
    155.28
     64.62
     43.88
     24.76
    141.13
     80.12
      9.17
     18.00
     12.00
     41.00
      6.00
      6.50
    178.50
    143.88
      2.00
     28.69
     82.24
     33.71
     38.31
     73.00
     17.00
     29.33
     13.47
     46.00
     37.69
     23.46
     57.60
     43.48
     12.58
     10.25
     80.15
     51.58
     40.11
      3.67
     31.33
      4.00
     12.00
     15.50
    106.18
     34.00
     15.00
     22.29
      2.50
     11.00
      6.75
      5.78
      2.00
    517.11
      3.43
     67.42
      2.20
     46.50
     11.42
    103.50
      4.27
      2.00
      7.00
    105.57
     67.00
     74.09
    267.00
     17.67
     62.18
      8.00
     55.58
      3.00
      3.00
    125.63
     66.38
    503.20
    731.10
     25.67
     16.33
     39.00
     76.78
    150.73
     65.00
    675.17
      3.18
     13.00
      6.00
     43.25
      9.00
     10.00
     30.00
      8.00
      4.67
     60.50
      6.29
    145.96
     31.64
      9.89
    134.63
      6.57
      9.25
     68.00
     34.00
    126.00
     16.20
     72.58
    118.80
     46.00
    183.00
     60.40
      9.33
      2.00
     10.34
      1.00
     33.66
    227.03
     65.00
      5.00
     47.00
     80.00
    161.15
    120.56
      4.00
      2.50
     91.31
      1.50
    190.87
     26.56
      2.00
     11.00
    209.75
    102.59
     92.67
    235.00
     14.04
     53.57
    132.12
    306.11
     10.60
    215.00
     39.00
     38.80
     13.89
    191.58
     57.93
     10.57
    144.17
     97.92
    123.29
     36.80
     24.50
     75.00
     61.00
      2.00
     42.32
     24.62
     11.18
      8.00
      2.00
    510.71
    161.94
     17.00
     11.57
     26.93
     37.95
      3.67
      5.59
     15.25
    177.00
    329.74
      3.00
     10.00
      9.00
     21.77
    158.60
     36.71
     21.75
    181.35
     19.50
    224.83
     72.00
      2.80
     13.67
     56.00
     19.00
     94.77
      6.75
     15.25
      6.33
      7.50
    206.33
    293.71
     49.33
      1.00
      6.00
      2.00
    115.52
     26.00
     73.75
    185.19
    157.48
    164.31
    106.39
     66.40
     33.16
      4.33
      5.97
    374.44
     93.42
     36.50
    127.50
      8.25
     17.25
     81.01
     16.50
     11.00
      4.00
     94.80
     19.57
      8.00
     25.80
      4.00
      1.00
    346.33
     96.75
     24.44
      9.00
      3.86
      3.00
     45.94
     31.24
     64.86
      2.67
     48.00
      8.29
     49.00
    246.29
     79.94
    165.27
     33.75
     11.74
     21.45
     16.82
      1.00
     23.67
     45.00
      3.00
     25.06
     57.25
     17.00
     68.91
      5.62
      2.00
     38.00
      2.00
      2.00
     25.71
      4.00
    142.49
     96.50
      7.00
     33.60
     10.75
      5.41
      3.00
      7.81
     12.00
     53.09
     93.67
     32.50
    115.00
     16.00
     93.00
    118.76
      6.00
     47.07
    137.42
     18.33
      2.00
     31.36
    105.20
     93.00
     79.30
      1.00
      2.00
      2.00
    107.25
     11.80
     24.60
      6.00
     39.48
      2.00
     22.43
    110.00
      7.00
     72.71
     34.50
      4.80
     30.04
      3.33
      7.00
      6.00
     77.73
      9.43
      5.79
     55.33
     13.17
     43.82
     47.75
     13.00
     43.00
     75.57
    118.29
      2.00
      7.00
     51.91
     24.00
      4.33
     16.67
     36.43
    103.50
      6.67
    116.90
     83.02
      4.50
     21.86
     43.00
     13.00
     58.70
     60.63
     75.79
      2.00
     60.68
      8.00
     51.71
      2.00
      2.00
      5.00
    136.38
     83.71
     69.18
      5.00
     30.12
    121.83
     52.27
    125.45
      9.71
     67.07
      9.00
     59.84
     14.00
     15.57
    280.88
     32.40
    122.38
    735.44
      6.75
     74.29
     15.33
     27.46
     12.33
     27.50
     44.20
    664.00
     22.07
     18.00
      1.50
     21.50
     34.36
     42.22
     25.67
      8.88
      8.00
      2.00
    146.00
      6.80
      7.00
     31.00
     11.94
      3.27
     19.88
    166.00
      3.00
     74.50
     38.55
    101.27
      3.00
    157.67
     13.25
     51.25
     34.76
     90.89
     27.11
      7.00
     17.36
     13.33
      2.00
     54.60
     74.31
     78.78
     64.94
      3.00
      3.50
    341.33
    274.83
      2.00
    257.00
    100.03
     81.02
      2.00
      8.00
      9.00
     15.78
      8.33
     19.22
      7.00
    508.58
    114.67
    157.89
    167.80
    219.00
    157.44
      5.14
     49.33
     50.14
     20.86
    647.97
      1.00
      3.00
     54.56
      2.00
    191.18
    755.90
     68.20
    193.85
      4.50
    209.57
    493.47
      6.00
     33.51
      5.00
    143.50
    162.86
     54.43
     10.50
     13.76
     21.88
      3.00
     38.69
      4.00
     39.17
    102.09
     81.60
     53.40
     80.83
      9.90
     49.23
     68.88
     33.79
     47.43
    106.91
      2.00
     28.00
     26.50
     21.75
     80.22
     44.00
    359.01
    126.33
    384.00
     13.00
      9.18
     46.32
      4.00
      3.00
      9.00
     15.50
     33.84
    274.37
      6.67
    122.38
      6.79
     38.00
    319.58
      9.00
     71.78
      4.00
    204.44
    136.81
     18.78
     13.44
    134.94
     21.00
      5.64
     29.20
      1.00
     13.54
     81.42
     64.63
    230.00
     40.75
     10.50
      6.00
     28.55
    453.09
     20.44
    260.12
     85.73
     91.64
     41.00
     52.67
     53.70
     24.71
    217.30
     12.00
     24.60
      2.00
      2.69
    446.11
    104.50
     91.29
     18.61
     39.08
      2.00
     41.64
     56.45
    374.00
    313.48
      4.00
      4.75
      2.00
     10.00
      4.00
     93.60
    101.59
      4.00
     21.22
      1.00
     72.33
      6.75
      7.00
     14.00
      1.50
      3.57
     33.30
      1.00
      1.00
      7.00
     13.00
    125.65
    170.06
     38.93
     23.73
    459.28
     21.25
    174.50
   1029.29
     13.00
      2.00
    121.82
     47.86
     67.36
    441.17
    114.63
     53.34
     29.92
     11.00
     41.15
     90.33
     79.00
     10.57
      8.50
      5.00
    531.62
     55.41
      2.00
     13.38
    218.15
    112.50
     49.25
      9.00
     86.00
    180.00
      5.63
     15.00
     31.27
    115.50
     70.00
     71.00
     67.21
     14.00
      3.05
      9.00
    153.17
     12.33
     76.74
     48.67
     40.23
     51.65
     72.07
     26.62
     97.61
     32.00
      9.79
      7.00
      2.00
    117.52
     76.86
    288.58
    394.20
    402.57
    169.89
      7.00
     43.20
     54.29
    263.50
     59.67
    267.83
      2.00
    221.50
     12.00
    265.95
     97.67
    236.70
    158.00
     17.00
      2.28
      9.20
      1.00
     14.67
      4.00
     52.00
      9.00
     61.00
     52.00
     19.00
     42.80
     44.33
     10.67
      3.33
      4.00
     54.34
      6.33
     45.00
      7.45
     19.32
      9.00
      2.00
    315.00
     46.17
     30.70
    115.16
     48.75
    160.06
     10.25
      5.00
    224.96
     87.91
    523.31
     88.44
      7.00
     41.43
     20.54
      4.00
     42.37
     33.00
     11.40
    212.83
     32.00
    352.00
     66.00
     64.70
    108.47
     31.40
    145.33
    464.71
      4.00
      2.00
    175.07
     24.58
     56.78
     25.83
      8.00
     13.50
     46.50
     52.00
     74.33
     58.10
     85.00
      6.00
      3.00
     14.80
      4.00
     10.20
     42.29
     24.33
     24.50
    214.00
     36.50
    116.90
    321.93
      6.00
     26.88
     11.83
     35.20
     37.60
     40.70
      2.33
     40.70
     22.00
     31.00
     22.00
    722.28
      5.73
    163.00
     95.00
     54.11
     12.00
    102.50
     67.46
     15.67
      2.00
    141.85
      3.52
    194.61
     30.38
     81.37
      8.00
    202.00
     52.88
     11.00
   1163.50
     10.00
    220.00
      6.33
     12.50
    498.80
     18.20
    264.00
      2.00
     17.80
     11.00
      1.50
    328.39
      5.00
      2.50
      5.00
     18.67
    205.71
     14.33
    417.63
    113.18
     14.00
      2.00
     43.50
     95.13
    123.76
    158.13
     21.00
     78.33
      1.00
     31.76
     11.00
     87.70
     11.00
     62.07
      1.00
     97.17
     69.00
    295.81
     28.75
     68.96
      9.67
     57.23
    100.07
    127.08
    218.09
     20.37
      2.00
     18.00
      1.50
      8.00
     31.60
      6.33
     11.00
      7.67
     24.00
      6.00
     35.78
    544.05
     27.00
     17.31
     22.32
      1.00
     72.00
    231.31
    223.86
    235.20
    129.07
      5.67
      1.00
      9.00
    107.00
     10.35
    857.00
      2.00
    137.00
    138.00
     12.60
     56.75
    115.00
     34.50
     75.52
    465.58
     61.32
      9.05
      6.00
     12.00
      6.00
      9.86
     62.83
     87.66
     73.64
     11.67
     12.17
     19.00
     85.89
      2.00
     58.82
     10.00
    588.57
     12.00
      1.33
     13.57
    213.96
    124.80
     18.33
     32.34
      3.00
     53.50
     34.50
     12.17
    126.45
      5.00
    305.91
     35.58
     76.46
      2.50
      9.67
    108.25
      5.67
     11.19
     45.57
     12.00
     38.33
      2.00
     17.00
    255.17
    141.50
     11.00
     10.67
     29.19
     11.50
     40.48
     14.57
    101.44
      4.56
    270.50
    111.50
     33.00
     58.92
     62.67
     65.42
     25.00
      8.89
     18.71
     20.50
     41.18
    119.60
      2.00
     67.00
    393.00
     19.00
     31.33
      7.00
     74.00
      7.00
      1.50
     93.71
      1.00
      6.00
      2.00
     92.74
   1135.88
     20.00
     22.00
      4.00
      4.00
      3.50
     25.96
    120.48
      3.60
     74.00
    198.89
     21.40
     73.00
      4.29
     23.16
    180.96
    124.42
     26.67
     72.53
      2.00
     38.78
    743.00
     27.67
     18.00
     37.75
    209.25
     10.00
     12.00
     53.17
      7.00
     47.57
     63.13
     95.70
      8.00
    101.11
      1.00
     19.00
     18.00
      1.25
     63.00
     17.29
     38.02
    119.50
      8.00
      2.50
    131.43
     41.00
     18.00
      5.00
     28.34
     26.00
      1.00
     17.92
     53.50
     12.94
      8.14
      3.00
    353.60
     22.67
     33.00
      2.00
     23.00
    343.44
     99.50
    119.70
      9.00
     22.24
     53.27
      3.67
     76.43
     19.00
     12.00
     21.00
     15.92
      8.14
      4.00
     14.00
      4.50
    114.17
     14.00
    390.19
     72.00
    108.50
     11.00
      1.50
    113.13
      2.71
      6.00
     30.75
     44.01
      4.33
     11.50
    188.40
    337.52
     15.00
    279.80
     26.25
     27.00
      9.00
     23.50
     11.14
     19.83
      5.67
     33.00
      6.75
      7.00
     87.86
      4.20
      8.67
     18.47
    229.76
    129.14
      8.67
      8.57
      5.00
      6.00
    157.00
     47.60
    250.80
      1.00
     19.83
     93.57
      2.00
     19.67
    290.15
     47.70
     20.41
     36.00
     14.67
    355.00
    297.00
      4.33
     31.75
      7.71
      4.00
      2.00
    113.63
     21.00
      2.00
    116.00
     71.13
    634.87
    104.32
     45.89
     94.63
     11.75
      8.86
     14.50
      3.00
     43.13
    102.00
      3.00
      7.75
     46.50
      7.41
     31.00
     35.50
     14.14
      1.00
    226.67
    422.67
     39.59
     28.00
      5.00
     14.33
     30.00
     32.70
      4.67
     33.14
     20.00
     68.20
     13.67
     63.39
     33.03
     54.81
     44.00
      6.67
      4.00
      7.92
     10.00
    126.78
    241.00
    157.00
    148.20
   1233.33
      9.13
    319.04
    398.32
      3.00
     18.50
      6.00
      7.00
    421.33
      2.00
     23.25
     36.19
      4.67
     40.82
     19.20
      2.50
      4.33
     22.00
     52.20
     14.50
      4.33
    110.63
    153.18
      6.25
      9.00
    121.70
     63.00
     87.00
      1.00
     77.97
     36.07
      3.00
      6.33
      2.00
     13.00
     58.00
     18.00
      8.00
     22.89
      2.00
     83.19
      5.27
      7.00
      5.00
    238.67
     15.00
     44.67
    220.33
      3.50
      9.67
     91.75
     34.50
     85.82
      8.00
    127.50
      1.00
      2.00
      3.00
      3.00
     89.00
    165.20
     68.64
      2.00
     32.54
    219.44
     41.65
     57.00
      3.45
      6.95
      2.00
      2.00
      2.00
     31.50
      2.07
      3.58
     70.67
     14.50
     43.07
     49.00
     16.57
    180.93
    181.00
     35.11
     17.44
     12.33
      8.00
      2.67
     79.62
    146.26
     95.67
    551.50
      6.38
      3.00
     10.50
      8.80
      9.50
    101.06
      1.00
    302.75
    316.76
    191.80
     10.25
     96.60
     12.00
     18.95
     10.13
     11.50
     18.31
     63.73
     32.58
    150.14
     97.00
      4.00
     30.83
     77.53
     94.67
     13.90
     26.00
      7.00
     66.78
     52.92
     25.00
     66.06
     20.00
     31.08
      1.50
     44.60
     33.50
     45.78
     24.03
      5.00
     79.26
     70.33
     33.43
     54.00
     14.75
     36.00
      5.09
    137.33
     16.00
      4.00
      3.48
      4.00
     10.00
    108.00
    460.29
     24.33
      8.50
    408.14
     28.40
     35.17
     20.00
     57.43
    160.60
    101.29
      1.00
     97.50
     16.00
     34.08
     19.67
      4.00
     87.69
     81.40
     75.20
     58.45
     52.07
    130.00
    104.60
    113.85
      2.00
    165.78
      8.00
     26.93
      7.25
     11.80
     14.00
      8.18
     10.25
      1.00
    156.54
      3.29
      1.50
      1.00
      9.20
     60.25
     54.30
    146.87
      7.46
    143.94
      8.00
     33.00
    300.97
     35.31
    272.80
    161.18
     80.79
    310.25
     10.00
     11.00
      3.00
     23.00
     41.17
    130.18
    133.17
     61.69
      3.64
      9.45
     10.00
      6.02
     68.58
      2.00
     31.18
     47.00
      4.00
     16.09
      2.35
    286.75
     11.00
    156.30
     83.26
     86.20
      8.86
    114.04
    149.29
     34.00
     46.28
    151.35
     11.00
      3.00
     53.75
     14.50
    136.85
     65.47
      3.00
     54.81
      4.00
     19.50
     11.00
      2.10
    111.36
    140.63
      8.00
     14.00
      7.00
      8.57
      3.75
    188.13
      2.00
    432.20
     11.00
      2.60
    186.38
    431.13
     68.40
     15.44
     16.43
      3.00
     53.60
     63.00
      7.50
     57.14
   3633.39
    198.11
     81.36
    145.33
      3.00
     10.60
     53.00
     39.45
     47.00
      6.00
      5.00
    255.00
      5.00
      9.50
     53.00
     42.17
    167.50
     26.00
      4.00
    124.17
     61.28
     15.33
     20.00
     33.63
     50.29
    401.50
     84.00
      8.33
     13.50
     22.17
     33.23
      7.31
      7.00
     42.29
     64.44
     22.38
      4.67
      4.70
     35.73
      8.50
     13.79
     25.92
      9.83
     19.96
      5.33
     47.00
    107.46
     82.74
    181.50
      4.00
      2.00
   1623.50
     77.55
    177.50
      4.00
    106.40
      2.00
     11.00
    716.33
      2.50
      7.89
     29.37
      5.15
      4.00
      3.67
     35.53
     23.32
     48.25
     32.09
     18.95
     27.00
     11.04
    798.00
     28.36
     10.83
    748.00
    233.00
      2.50
     53.42
    640.79
     81.24
     41.86
     77.50
     10.00
     68.84
     34.50
      5.00
     15.00
    305.45
     15.25
     24.92
     96.48
     65.50
    115.00
     46.83
     18.71
      6.00
    204.36
     43.00
      6.00
     11.00
      9.00
      2.00
     48.47
     11.80
     29.00
     66.75
      2.00
      5.50
     36.00
      8.87
     74.90
    212.49
      3.00
      7.67
    108.43
     10.43
    111.86
     12.64
     43.64
      7.77
     48.00
      3.50
      6.00
     99.00
     11.00
    109.00
     78.67
     19.50
     10.00
    183.10
     16.50
     10.33
     67.02
    130.50
     14.33
     29.00
      1.00
    106.19
     37.03
     20.20
      6.88
      2.67
    165.33
    156.85
     84.17
     11.00
    313.00
    499.50
      8.00
    114.26
    112.40
     38.00
      9.11
      8.00
     10.10
      7.85
      4.00
     29.36
      3.00
     10.67
      3.62
     11.00
     10.79
      1.00
      4.00
     36.83
      2.00
      8.33
     10.00
     14.50
     18.20
     75.81
     38.17
      8.00
     48.50
     37.02
      6.18
     19.90
      3.20
      8.00
      6.00
    529.67
      5.52
      4.17
      5.50
     48.63
      3.67
      9.00
     11.25
      8.75
      2.33
      5.00
     18.58
    976.41
      7.50
     69.00
      4.00
      3.00
      2.44
     15.17
     62.71
      3.00
      6.75
    531.16
    330.21
    153.33
      4.00
     46.16
     30.99
    111.37
     10.00
    212.00
     27.86
     17.31
     47.33
     45.50
    138.00
      8.00
     19.11
    109.00
      4.00
    209.89
     16.31
     43.80
     57.75
    116.92
     72.26
      3.00
     57.53
     31.57
     44.83
     16.67
     27.29
     21.00
     15.54
     10.00
    135.33
     19.21
     92.58
      5.37
      4.33
    162.30
    110.37
     72.57
     10.01
    151.05
     26.75
     64.73
     49.80
      3.79
      7.57
     10.73
    212.45
     29.34
     46.19
     16.67
    205.55
    187.14
     40.08
     38.83
    711.00
      4.50
     59.29
    294.00
     15.75
      2.00
     16.38
     55.15
     33.05
      4.00
      8.25
     22.44
    724.87
    277.67
     24.00
     96.50
     39.83
     16.07
     18.00
     26.56
      3.33
      2.00
      5.00
     56.57
      8.50
      2.00
     31.00
      7.40
    130.50
    107.77
      2.00
    202.38
      1.00
     93.56
    160.67
     28.50
     49.25
    125.36
    177.00
     50.45
      3.00
     59.78
      2.00
    877.60
      2.33
    183.45
      2.00
      5.50
     14.00
     35.14
     12.75
     11.25
     10.80
    141.93
     77.36
      6.00
     81.78
     41.50
     15.29
     94.70
     31.00
      3.00
    139.28
      8.25
     12.35
      6.00
      2.00
     18.92
     85.93
     38.90
      2.00
    174.00
      5.55
     20.55
     36.00
     73.90
     32.10
     73.67
     16.00
      8.25
    148.07
      3.00
     38.90
      9.00
     14.44
     17.00
      2.00
    158.33
     37.13
     13.00
     12.50
     24.75
     20.33
      3.00
      2.38
     11.45
    113.79
      2.00
      6.20
     11.00
    398.76
      1.11
      8.00
     34.00
      4.00
      2.67
     16.00
     22.00
     73.56
      7.00
     64.57
     18.87
      1.00
(8057 rows)

