 chp_gen 
    0.02
    1.65
    4.70
    0.16
    0.10
    0.24
    0.47
    0.31
    0.55
    1.45
    0.01
    0.55
    0.17
    0.10
    1.09
    0.15
    0.05
    2.38
    0.85
    2.21
    2.44
    0.03
    0.44
    0.03
    0.55
    0.10
    0.33
    0.77
    0.88
    0.85
    0.67
    1.02
    0.02
    0.50
    0.32
    0.08
    0.02
    0.02
    0.06
    0.05
    0.10
    0.22
    0.03
    1.15
    0.01
    0.10
    1.31
    0.79
    0.23
    0.58
    0.41
    0.12
    0.40
    5.33
    5.72
    0.13
    0.16
    0.79
    6.40
    0.53
    3.19
    1.14
    0.02
    0.01
    0.34
    1.08
    0.03
    0.02
    0.61
    0.65
    0.66
    0.54
    1.90
    8.62
    1.48
    2.81
    0.66
    1.15
    0.58
    0.07
    0.03
    0.55
    0.40
    0.19
    0.01
    0.38
    0.14
    0.04
    0.16
    0.32
    1.75
    0.42
    0.19
    0.22
    0.95
    1.81
    0.33
    1.35
    0.29
    0.78
    0.21
    1.84
    0.22
    0.10
    0.13
    0.41
    0.19
    2.13
    0.25
    0.72
    0.01
    0.02
    0.26
    0.44
    0.02
    0.78
    2.87
    0.37
    0.84
    0.42
    0.31
    2.19
    0.88
    1.21
    0.03
    0.13
    0.14
    1.33
    0.15
    0.88
    0.05
    1.66
    0.08
    0.80
    1.21
    0.03
    1.04
    0.02
    0.03
    0.08
    0.10
    1.37
    0.01
    1.05
    0.55
    0.12
    0.39
    2.33
    0.21
    1.04
    0.25
    0.04
    0.06
    0.87
    0.26
    1.50
    0.05
    0.02
    0.62
    0.02
    0.20
    0.01
    0.17
    0.05
    0.55
    0.06
    0.07
    0.12
    1.82
    0.06
    0.17
    0.06
    0.84
    0.50
    0.52
    0.40
    1.28
    1.31
    0.11
    0.10
    0.02
    0.09
    0.24
    0.07
    3.62
    0.73
    1.12
    3.11
    0.03
    0.08
    0.01
    0.45
    0.74
    1.71
    0.04
    0.16
    0.14
    0.04
    0.13
    2.67
    0.16
    0.02
    0.06
    0.08
    0.51
    0.49
    1.08
    0.02
    0.05
    0.02
    0.44
    0.44
    0.04
    0.03
    0.05
    0.04
    1.14
    0.10
    0.24
    1.83
    0.49
    0.13
    0.21
    0.11
    0.08
    0.11
    1.08
    0.44
    0.35
    0.58
    1.49
    0.60
    0.16
    0.25
    0.12
    0.66
    0.75
    0.46
    0.30
    0.23
    0.40
    0.15
    0.38
    0.05
    0.13
    0.62
    7.63
    7.60
    3.65
    0.30
    0.06
    1.21
    4.98
    0.79
    0.06
    0.22
    0.02
    0.12
    0.04
    0.30
    0.52
    0.54
    0.23
    0.53
    0.81
    0.03
    0.16
    3.12
    1.18
    0.11
    1.23
    1.14
    0.20
    0.03
    0.20
    0.20
    0.27
    1.20
    0.14
    0.13
    0.97
    0.32
    2.16
    0.16
    0.02
    0.06
    0.32
    0.02
    0.04
    0.25
    0.10
    0.01
    0.74
    0.26
    3.72
    4.52
    2.24
    0.42
    1.38
    0.34
    0.58
    0.72
    0.04
    0.16
    0.03
    0.04
    0.02
    0.25
    0.02
    0.72
    0.12
    0.18
    1.94
    0.82
   29.77
    0.03
    1.35
    0.06
    1.13
    0.07
    0.06
    0.44
    0.01
    0.08
    0.62
    0.14
    0.02
    0.13
    0.12
    0.34
    0.12
    0.04
    0.32
    0.42
    0.12
    1.08
    0.03
    1.20
    0.03
    0.33
    0.96
    0.02
    0.14
    0.51
    0.56
    0.44
    0.08
    0.98
    1.18
    0.06
    0.03
    1.25
    2.25
    2.09
    0.63
    5.78
    0.26
    0.35
    0.04
    1.96
    7.28
    0.09
    0.10
    0.10
    0.02
    0.11
    0.11
    0.28
    0.23
    0.10
    1.34
    0.39
    5.17
    0.69
    4.90
    0.27
    0.07
    1.06
    0.51
    0.13
    1.07
    0.08
    0.11
    4.97
    0.01
    1.84
    0.11
    0.42
    0.16
    0.23
    0.12
    0.12
    0.03
    0.05
    0.18
    0.11
    0.65
    0.27
    1.82
    2.24
    0.05
    0.99
    0.17
    0.77
    0.25
    0.45
    0.13
    1.24
    0.14
    0.21
    0.06
    0.05
    0.27
    0.02
    3.50
    0.30
    0.13
    0.09
    0.18
    0.06
    0.10
    0.45
    0.02
    0.14
    0.21
    0.05
    0.56
    0.14
    0.54
    0.76
    0.11
    0.03
    0.06
    1.63
    0.40
    0.16
    0.26
    0.15
    0.22
    0.71
    0.02
    1.01
    0.01
    1.05
    1.13
    0.06
    0.11
    0.22
    0.03
    0.81
    1.60
    1.42
    0.02
    0.29
    0.32
    0.96
    0.11
    0.76
    0.37
    0.36
    0.14
    0.13
    1.50
    0.28
    1.52
    0.14
    0.47
    0.19
    0.05
    0.02
    0.02
    0.15
    0.95
    1.26
    0.44
    0.27
    0.02
    1.65
    0.54
    0.21
    0.50
    0.82
    0.02
    0.32
    0.37
    0.21
    0.10
    0.10
    1.38
    0.15
    0.21
    0.30
    0.77
    0.07
    1.30
    0.14
    0.32
    0.27
    0.68
    0.12
    0.54
    0.02
    0.34
    0.28
    0.44
    1.08
    0.09
    0.11
    0.33
    0.04
    0.16
    0.14
    0.96
    0.11
    0.12
    0.16
    0.08
    0.05
    0.05
    0.56
    7.58
    0.01
    0.58
    0.06
    0.13
    0.32
    1.06
    0.34
    0.64
    0.48
    0.08
    0.02
    1.31
    0.04
    0.47
    0.30
    0.16
   35.13
    1.16
    1.34
    0.69
    2.05
    0.45
    0.03
    0.28
    0.42
    0.88
    0.04
    0.02
    0.03
    0.39
    0.85
    0.03
    0.26
    0.18
    0.38
    0.06
    0.02
    0.58
    0.02
    0.83
    0.13
    0.19
    0.19
    0.80
    0.30
    0.92
    0.26
    1.91
    0.28
    0.66
    1.03
    2.61
    5.00
    0.67
    2.07
    3.78
    0.78
    0.20
    0.20
    0.24
    0.29
    0.73
    0.24
   25.72
    0.58
    0.02
    0.41
    0.26
    0.19
    0.24
    0.07
    0.68
    1.87
    0.24
    1.30
    0.06
    0.10
    1.08
    0.02
    2.96
    0.06
    1.39
    1.09
    0.02
    0.11
    0.06
    0.02
   16.23
    0.02
    0.58
    0.60
    4.31
    0.06
    1.47
    0.47
    0.33
    0.16
    0.60
    0.34
    0.08
    4.55
    0.93
    0.29
    1.04
    0.99
    0.31
    0.47
    0.01
    1.99
    0.27
    2.15
    0.12
    0.05
    0.32
    0.25
    0.91
    0.06
    0.07
    0.03
    0.04
    0.92
    1.14
    0.82
    0.12
    0.06
    0.53
    0.67
    0.85
    0.62
    1.17
    0.35
    0.34
    1.84
    1.54
    0.02
    0.16
    0.38
    0.08
    0.33
    0.90
    2.02
    0.27
    0.02
    6.70
    0.04
    0.04
    0.80
    0.38
    0.10
    5.22
    0.21
    0.36
    1.24
    1.00
    0.10
    1.07
    0.22
    0.10
    0.10
    0.06
    1.91
    0.13
    0.06
    0.13
    0.03
    0.36
    0.40
    0.05
    0.03
    0.83
    0.80
    0.15
    0.85
    0.95
    0.56
    0.35
    1.28
    0.19
    0.70
    0.44
    0.53
    1.57
    0.50
    0.33
    0.13
    0.33
    0.02
    0.18
    0.02
    0.02
    0.01
    2.51
    0.06
    0.18
    0.04
    0.10
    1.22
    0.07
    0.03
    0.26
    2.70
    4.64
    0.02
    0.07
    0.68
    0.84
    4.47
    0.06
    0.14
    0.04
    0.04
    0.04
    0.33
    1.37
    1.00
    0.24
    0.05
    0.20
    0.20
    0.21
    0.01
    1.11
    0.96
    0.05
    1.54
    0.98
    0.73
    3.98
    0.08
    0.17
    0.20
    0.03
    1.96
   20.41
    0.87
    0.51
    0.18
    0.02
   10.63
    5.07
    2.93
    1.69
    0.94
    0.04
    0.19
    0.16
    0.44
    0.02
    0.32
    2.24
    0.22
    0.29
    1.91
    1.13
    1.21
    0.86
    1.55
    0.10
    0.88
    0.04
    0.02
    0.04
    0.06
    2.79
    0.03
    0.06
    2.82
    0.88
    0.08
    0.02
    0.31
    0.03
    0.46
    0.87
    0.38
    0.07
    2.59
    2.07
    0.04
    1.68
    0.40
    0.02
    0.06
    0.02
    0.04
    0.03
    0.18
    0.22
   32.44
    0.38
    1.33
    0.05
    0.02
    0.04
    0.25
    0.98
    0.02
    0.21
    1.33
    0.58
    0.07
    0.17
    0.53
    0.15
    0.80
    0.24
    1.28
    0.02
    0.15
    1.23
    0.87
    0.04
    0.48
    0.06
    1.46
    0.69
    1.32
    2.33
    0.36
    0.05
    0.18
   10.15
    3.34
    2.12
    0.03
    8.44
    0.33
    0.13
    0.02
    0.17
    0.27
    0.92
    0.44
    0.57
    0.04
    0.07
    0.27
    1.23
    0.49
    0.02
    0.31
    0.04
    0.41
    0.28
    0.92
    0.09
    0.32
    0.36
    0.38
    0.68
    0.76
    0.73
    2.16
    0.16
    0.20
    0.24
    0.10
    0.09
    0.95
    1.13
    0.93
    0.02
    0.90
    0.88
    0.58
    0.12
    0.23
    0.67
    0.41
    3.24
    0.47
    0.99
    0.26
    0.43
    1.52
    1.87
    1.98
    0.50
    0.40
    0.77
    0.18
    2.02
    0.09
    0.66
    0.18
    0.37
    0.07
    0.15
    0.07
    1.22
    0.58
    0.02
    0.46
    0.19
    0.92
    2.31
    0.49
    0.64
    0.23
    0.03
    0.12
    1.08
    0.11
    0.08
    0.04
    0.11
    0.04
    1.48
    0.12
    4.63
    1.46
    2.02
    0.26
    1.91
    0.09
    0.05
    0.04
    0.16
    7.80
    0.57
    0.51
    0.09
    0.15
    0.09
    0.14
    0.92
    0.36
    0.08
    0.02
    0.16
    0.12
    0.18
    1.57
    6.16
    0.05
    0.60
    0.04
    0.20
    1.16
    1.35
    7.42
    1.55
    0.52
    0.19
    0.13
    0.61
    1.76
    1.41
    0.78
    0.22
    1.11
    0.08
    1.10
    0.10
    0.06
    0.19
    0.05
    0.48
    0.04
    0.06
    0.06
    4.02
    0.84
    0.03
    0.27
    0.20
    0.90
    0.42
    0.70
    0.10
    0.02
    0.29
    0.06
    0.02
    0.31
    0.89
    0.52
    0.14
    0.06
    1.52
    1.36
    0.33
    0.08
    1.00
    0.15
    0.02
    0.34
    0.01
    2.28
    0.68
    2.37
    1.16
    0.37
    0.07
    0.38
    0.04
    0.02
    1.51
    0.33
    0.04
    1.17
    1.27
    0.23
    0.21
    0.17
    1.10
    2.56
    0.15
    0.11
    0.09
    0.52
    0.02
    2.91
    0.04
    8.26
    0.51
    0.04
    0.04
    0.15
    0.37
    0.14
    0.66
    0.23
    0.34
    0.16
    0.24
    0.06
   13.64
    0.47
    0.12
    0.14
    2.97
    0.10
    0.26
    0.18
    0.07
    0.38
    0.26
    0.24
    0.64
    0.78
    0.58
    0.14
    0.10
    0.45
    0.02
    3.29
    1.87
    0.75
    0.07
    0.05
    1.11
    2.03
    0.40
    2.38
    0.23
    0.23
    0.32
    0.02
    3.21
    0.04
    0.05
    1.05
    0.05
    0.62
    2.30
    0.03
    0.29
    0.06
    2.69
    0.40
    1.48
    0.10
    6.13
    0.05
    0.21
    0.03
    0.04
    3.55
    0.34
    0.03
    2.12
    0.09
    0.62
    2.46
    0.92
    0.61
    0.20
    0.02
    0.12
    0.12
    0.10
    0.12
    0.03
    0.24
    1.36
    7.56
    0.06
    0.02
    1.41
    0.06
    0.02
    2.70
    0.48
    0.50
    0.83
    0.15
    0.23
    0.01
    0.02
    0.05
    0.59
    0.02
    0.04
    1.43
    0.45
    0.50
    8.03
    0.14
    0.02
    0.03
    0.20
    0.08
    0.19
    0.44
    1.05
    0.31
    0.83
    0.04
    0.10
    3.25
    1.21
    1.34
    0.16
    0.36
    0.01
    0.33
    0.05
    0.12
    0.47
    0.40
    0.12
    1.41
    0.82
    1.19
    0.04
    0.17
    0.02
    0.10
    1.24
    0.23
    0.40
    0.10
    0.91
    0.24
    0.11
    3.61
    7.28
    1.70
    0.64
    0.50
    0.17
    0.16
    0.02
    1.53
    2.07
    0.13
    0.60
    1.25
    0.91
    0.81
    0.80
    1.31
    0.29
    0.77
    1.26
    0.07
    0.73
    0.44
    0.67
    0.27
    1.15
    0.25
    0.30
    2.24
    0.35
    0.04
    0.70
    0.11
    2.61
    2.11
    0.04
    0.02
    3.36
    0.03
    1.38
    0.54
    0.03
    0.08
    2.73
    5.35
    0.57
    0.17
    0.04
    0.11
    0.09
    0.95
    0.29
    0.15
    0.57
    0.04
    0.06
    0.35
    0.77
    0.17
    0.19
    0.08
    0.13
    1.51
    0.36
    0.18
    0.03
    1.56
    0.04
    0.02
    0.72
    0.16
    1.52
    0.08
    0.08
    0.05
    0.15
    0.12
    0.11
    0.31
    0.39
    0.30
    0.08
    0.26
    0.12
    0.09
    0.18
    0.21
    1.18
    0.06
    0.10
    0.53
   10.99
    0.20
    0.28
    0.02
    2.19
    0.03
    1.08
    0.11
    0.14
    0.21
    8.58
    0.09
    0.05
    0.02
    0.52
    1.61
    1.42
    0.02
    0.31
    0.19
    0.58
    0.20
    0.14
    0.23
    0.20
    0.05
    1.86
    0.41
    0.79
    0.01
    1.65
    2.47
    1.19
    0.75
    0.77
    0.02
    0.04
    2.95
    4.09
    0.18
    0.06
    0.28
    1.28
    0.83
    2.30
    0.73
    0.01
    0.02
    0.08
    0.29
    0.19
    1.14
    4.24
    0.02
    0.03
    0.24
    0.11
    0.02
    0.06
    0.06
    0.18
    0.02
    0.09
    0.51
    0.21
    0.50
    0.49
    0.10
    0.19
    0.34
    0.09
    0.05
    0.12
    0.30
    1.71
    0.71
    0.71
    1.45
    2.70
    0.10
    0.04
    0.54
    0.57
    0.55
    0.03
    1.16
    0.40
    1.31
    0.45
    0.70
    0.03
    0.08
    0.03
    1.33
    1.06
    0.09
    5.01
    0.46
    0.15
    0.21
    0.42
    1.09
    2.58
    0.10
    3.37
    1.97
    1.71
    0.16
    0.13
    0.88
    2.12
    0.68
    0.06
    0.02
    0.02
    0.30
    0.39
    0.02
    0.30
    0.16
    0.12
    3.44
    0.61
    0.66
    0.02
    0.47
    0.05
    1.39
    0.08
    0.04
    0.12
    1.26
    0.05
    0.60
    1.42
    0.19
    1.14
    2.20
    0.17
    2.55
    1.70
    0.05
    0.34
    0.37
    0.10
    1.24
    0.03
    0.13
    1.33
    0.20
    0.15
    0.05
    0.06
    0.05
    0.04
    0.25
    0.50
    0.15
    0.11
    0.15
    0.50
    0.72
    0.02
    0.23
    0.02
    0.04
    0.06
    1.15
    3.18
    0.24
    1.75
    1.33
    1.98
    3.07
    0.74
    0.96
    0.27
    0.43
    1.22
    0.35
    0.02
    0.06
    0.63
    0.03
    0.06
    0.04
    4.28
    1.97
    0.74
    0.28
    0.40
    0.08
    0.82
    1.60
    0.14
    0.27
    0.04
    0.04
    0.03
    1.02
    0.05
    0.50
    0.02
    0.96
    0.73
    0.32
    0.15
    0.01
    0.17
    0.29
    0.12
    0.56
    1.05
    0.02
    1.10
    0.02
    0.85
    0.30
    0.51
    0.04
    0.04
    0.62
    0.02
    0.52
    0.13
    0.06
    0.13
    0.09
    0.05
    0.09
    0.02
    0.09
    0.02
    7.81
    0.11
    0.08
    0.01
    0.30
    0.98
    0.29
    0.01
    0.87
    0.04
    0.08
    0.92
    3.66
    1.70
    0.85
    9.68
    0.13
    0.66
    0.03
    0.16
    0.28
    0.61
    0.84
    0.33
    0.74
    0.02
    0.15
    0.86
    0.06
    0.04
    0.29
    0.31
    0.07
    0.16
    0.32
    0.03
    5.05
    0.91
    0.80
    0.26
    0.57
    0.29
    0.65
    1.73
    0.95
    0.04
    0.14
    0.07
    0.01
    0.33
    0.04
    0.81
    0.22
    0.83
    0.62
    0.29
    0.50
    0.02
    0.11
    0.12
    0.31
    0.05
    1.71
    1.44
    0.24
    0.16
    0.52
    0.38
    5.97
    0.11
    0.02
    1.83
    1.36
    0.51
    0.76
    0.08
    0.39
    0.38
    0.10
    0.90
    1.15
    5.30
    0.23
    0.35
    0.53
    0.54
    0.22
    0.05
    0.16
    0.04
    0.01
    0.03
    0.05
    0.09
    0.06
    0.02
    0.06
    0.37
    0.08
    0.28
    4.01
    1.89
    0.44
    1.51
    0.06
    0.42
    0.14
    0.51
    2.27
    0.06
    0.09
    0.11
    1.24
    0.70
    0.02
    1.37
    0.06
    0.74
    0.28
    0.15
    1.08
    5.27
    0.05
    0.03
    0.20
    0.45
    0.66
    3.38
    0.32
    0.20
    0.46
    0.47
    0.47
    0.27
    0.41
    1.92
    1.33
    0.19
    0.34
    0.13
    0.29
    0.07
    3.04
    0.85
    0.15
    0.46
    0.05
    0.74
    0.02
    0.39
    1.28
    1.91
    0.38
    0.10
    0.15
    0.67
    0.34
    0.72
    0.11
    0.28
    0.49
    1.28
    0.47
    0.56
    3.29
    1.92
    0.27
    0.65
    2.47
    0.96
    0.24
    0.14
    0.34
    0.14
    1.04
    1.10
    0.12
    1.00
    0.11
    0.42
    2.22
    0.13
    1.15
    0.74
    3.11
    0.26
    2.58
    0.03
    1.07
    1.52
    2.07
    0.04
    1.25
    0.67
    2.45
    0.45
    0.10
    2.38
    0.14
    2.59
    0.06
    0.55
    0.06
    1.12
    0.99
    0.61
    0.39
    0.62
    0.60
    0.91
    1.31
    0.86
    1.17
    0.99
    1.06
    0.62
    4.10
    0.14
    0.08
    0.16
    0.41
    1.92
    0.45
    0.45
    0.05
    0.03
    0.15
    3.66
    0.07
    3.11
    4.41
    0.03
    1.30
    0.29
    0.11
    0.83
    0.42
    5.09
    0.18
    0.51
    0.30
    1.04
    0.43
    0.24
    0.49
    1.92
    0.48
    0.11
    0.38
    0.11
    0.22
    0.02
    0.17
    0.18
    0.13
    0.02
    0.04
    0.22
    1.82
    0.01
    5.00
    0.22
    0.05
    1.01
    0.13
    1.40
    0.43
    1.63
    0.06
    1.55
    0.24
    4.19
    0.03
    1.21
    2.10
    2.56
    1.96
    0.23
    0.74
    2.25
    0.37
    1.30
    0.14
    0.44
    0.62
    0.02
    0.90
    1.36
    1.19
    0.73
    0.35
    1.16
    0.18
    0.05
    0.10
    0.09
    0.08
   15.19
    4.17
    0.01
    0.32
    0.32
    4.88
    0.10
    0.34
    0.04
    0.27
    0.13
    0.04
    0.16
    0.47
    0.08
    0.49
    1.76
    0.10
    0.05
    0.06
    0.04
    3.94
    0.65
    4.78
    0.25
    0.09
    0.05
    0.75
    0.26
    0.39
    0.24
    0.07
    1.00
    0.02
    0.43
    1.13
    1.25
    0.03
    0.07
    0.81
    0.26
    0.21
    0.04
    0.04
    0.71
    0.03
    1.98
    0.01
    0.20
    0.20
    0.79
    0.67
    1.68
    1.48
    0.39
    0.26
    0.40
   17.04
    0.55
    0.64
    0.04
    0.50
    0.23
    0.09
    0.20
    0.07
    0.03
    0.04
    0.02
    0.08
    0.16
    0.11
    0.60
    7.78
    3.48
    0.54
    0.02
    0.14
    0.45
    0.01
    0.50
    0.76
    0.18
    0.25
    0.98
    0.60
    0.69
    0.25
    0.61
    0.01
    0.19
    0.08
    0.59
    8.37
    0.02
    0.13
    0.02
    0.01
    0.94
    0.12
    0.07
    0.26
    0.04
    0.04
    0.16
    0.09
    0.31
    0.62
    0.14
    1.17
    0.47
    0.49
    0.02
    0.18
    0.40
    0.06
    0.34
    1.34
   26.77
    0.08
    0.01
    0.76
    0.43
    0.18
    0.08
    0.03
    0.94
    1.47
    1.27
    0.04
    0.05
    0.92
    0.02
    1.08
    0.53
    1.15
    0.76
    0.13
    0.43
    1.03
    0.08
    2.62
    0.04
    0.11
    0.10
    0.04
    0.02
    0.31
    0.08
    0.04
    0.14
    0.30
    1.62
    8.81
    1.13
    2.06
    0.66
    1.66
    1.60
    0.25
    0.26
    0.14
    1.55
    1.21
    0.58
    0.56
    1.22
    0.53
    0.36
    0.04
    0.04
    0.55
    0.22
    0.25
    0.86
    0.90
    0.36
    0.29
    0.04
    0.07
    0.35
    0.22
    0.07
    0.06
    0.06
    0.16
    0.04
    0.05
    0.69
    2.69
    0.16
    2.72
    0.09
    0.52
    0.14
    0.58
    3.96
    1.15
    0.41
    0.02
    2.25
    2.63
    0.09
    1.39
    2.21
   26.39
    0.04
    0.11
    3.06
    0.05
    0.13
    0.04
    0.53
    0.47
    0.62
    0.04
    0.15
    0.48
    0.01
    0.17
    0.01
    1.20
    4.67
    0.10
    0.39
    1.38
    0.50
    2.08
    2.48
    1.36
    0.71
    0.06
    0.38
    0.09
    0.03
    0.11
    0.28
    0.14
    0.01
    0.02
    2.58
    1.88
    0.99
    0.26
    0.55
    0.05
    0.07
    0.10
    0.90
    0.04
    0.12
    0.02
    0.17
    2.02
    5.65
    0.01
    0.16
    0.11
    0.28
    0.36
    0.07
    0.26
    0.30
    0.08
    0.12
    1.70
    1.03
    0.04
    0.01
    0.06
    1.46
    0.02
    0.06
    1.12
    0.25
    0.02
    1.45
    1.41
    0.93
    0.18
    0.06
   64.86
    1.77
    0.04
    0.02
    0.29
    2.18
    1.38
    0.53
    0.18
    0.34
    1.00
    3.29
    0.05
    0.24
   24.81
    3.50
    9.93
    0.08
    0.03
    0.10
    0.16
    0.06
    0.79
    0.56
    0.14
    1.26
    0.14
    0.05
    0.01
    2.49
   14.46
    1.87
    2.75
    0.18
    0.37
    0.19
    0.52
    0.02
    1.09
    0.62
    0.20
    1.66
    0.97
    0.16
    0.26
    1.06
    0.61
    0.22
    0.08
    0.27
    0.47
    0.52
    0.22
    0.06
    0.45
    0.35
    0.88
    0.69
    0.56
    0.13
    0.14
    0.01
    0.04
    0.47
    1.24
    0.85
    0.88
    0.62
    1.95
    0.25
    6.19
    0.93
    0.07
    0.07
    0.11
    1.00
    1.25
    0.49
    0.32
    0.13
    2.06
    0.15
    0.05
    0.46
    0.38
    0.15
    0.65
    0.07
    0.25
    0.02
    0.10
    0.01
    1.10
    0.56
    0.27
    2.96
    0.12
    1.90
    0.55
    0.12
    0.22
    0.32
    0.51
   11.82
    0.43
    0.68
    4.95
    0.30
    0.02
    1.50
    2.94
    3.94
    0.61
    0.25
    0.02
    0.09
    1.16
    0.03
    0.62
    0.09
    0.01
    0.02
    0.08
    0.02
    0.04
    0.27
    0.43
    0.10
    0.69
    0.05
    0.14
    0.10
    0.30
    0.03
    0.08
    2.03
    0.20
    1.35
    0.10
    0.03
    0.07
    0.15
    0.92
    0.20
    3.75
    0.03
    4.77
    2.27
    9.75
    0.08
    1.72
    0.21
    1.17
    3.66
    0.03
    0.52
    0.69
    0.20
    0.46
    0.41
    1.39
    0.08
    1.00
    0.26
    0.52
    2.18
    0.30
    0.24
    0.10
    0.04
    0.17
    0.11
    0.03
    0.17
    0.21
    0.01
    0.02
    0.21
    2.51
    2.47
    0.05
    0.13
    0.05
    1.74
    0.75
    0.52
    0.05
    0.02
    0.17
    0.09
    2.25
    0.02
    0.91
    1.83
    1.68
    0.84
    1.97
    0.84
    0.07
    0.63
    0.18
    3.63
    0.19
    0.01
    0.48
    0.16
    0.86
    0.30
    0.62
    0.07
    0.05
    0.52
    0.54
    0.04
    0.76
    0.02
    0.78
    0.04
    0.02
    1.40
    0.02
    0.45
    0.01
    0.05
    0.02
    0.05
    0.23
    0.06
    0.14
    0.12
    2.78
    0.13
    0.04
    0.17
    0.17
    0.33
    0.06
    0.07
    1.13
    0.02
    0.11
    0.02
    0.17
    1.36
    0.03
    1.49
    0.01
    0.47
    0.09
    0.37
    1.39
    0.82
    0.45
    0.44
    0.28
    3.02
    1.20
    2.71
    0.37
    0.36
    0.19
    0.14
    0.11
    0.08
    5.73
    0.28
    0.22
    0.09
    0.30
    1.84
    1.69
    0.10
    0.27
    0.35
    0.02
    0.90
    0.13
    0.38
    0.49
    0.50
    0.02
    0.03
    2.10
    0.02
    0.01
    0.94
    0.57
    2.13
    0.19
    0.98
    0.32
    1.13
    0.13
    0.02
    0.02
    0.02
    0.94
    0.24
    3.56
    0.85
    5.93
    0.02
    0.90
    1.15
    1.33
    0.07
    0.68
    2.36
    0.70
    1.65
    0.11
    3.04
    0.21
    0.07
    0.02
    0.22
    0.15
    0.86
    0.17
    4.23
    0.13
    0.11
    0.06
    0.01
    8.42
    0.02
    4.89
    0.54
    2.84
    0.39
    0.91
    0.19
    0.22
    0.93
    0.84
    0.04
    0.05
    0.22
    0.03
    0.22
    1.27
    1.99
    0.19
    0.10
    0.56
    0.13
    0.28
    0.07
    0.10
    0.12
    1.10
    0.12
    0.09
    0.23
    0.10
    0.52
    0.20
    0.11
    0.11
    1.33
    0.04
    0.04
    0.03
    0.04
    0.37
    0.42
    0.05
    0.24
    0.06
    0.61
    0.09
    0.36
    0.03
    0.69
    0.07
    0.03
    0.31
    0.43
    0.08
    0.65
    0.52
    0.04
    0.05
    1.50
    0.64
    1.06
    0.41
    0.50
    0.36
    0.34
    2.07
    0.83
    5.32
    0.15
    0.41
    1.14
    0.56
    0.11
    0.18
    0.03
    3.14
    0.08
    0.09
    0.23
    0.02
    0.75
    0.51
    0.10
    0.08
    0.06
    0.65
    0.34
    0.09
    0.15
    0.06
    0.02
    1.48
    0.40
    0.06
    0.58
    0.04
    3.94
    1.66
    0.23
    0.03
    0.22
    0.07
   13.52
    1.56
    0.25
    1.84
    0.03
    7.65
    0.02
    0.22
    0.29
    0.56
    2.52
    0.30
    1.47
    1.84
    0.04
    1.56
    0.04
    0.98
    0.18
    0.23
    0.92
    0.29
    0.89
    0.19
    0.02
    1.68
    0.07
    0.18
    9.90
    0.12
    1.08
    0.31
    0.57
    1.80
    0.14
    0.09
    0.66
    0.57
    0.02
    0.15
    0.16
    0.17
    0.06
    0.06
    0.13
    0.27
    1.08
    0.06
    0.04
    0.16
    0.76
    2.54
    0.43
    0.22
    1.71
    0.69
    0.13
    0.71
    0.09
    0.28
    0.66
    0.91
    1.52
    0.24
    0.30
    0.88
    0.53
    0.48
    0.57
    0.70
    0.42
    0.44
    0.21
    0.11
    0.45
    0.47
    0.19
    0.10
    0.12
    0.11
    0.42
    0.18
    1.42
    3.46
    1.18
    0.33
    7.53
    0.05
    1.10
    0.89
    0.11
    0.17
    1.23
    0.15
    0.09
    1.18
    0.19
    5.91
    0.88
    0.95
    0.10
    0.02
    2.15
    0.03
    0.05
    0.19
    1.27
    0.60
    1.72
    1.18
    1.23
    0.39
    0.02
    9.36
    1.82
    1.44
    0.08
    0.13
    0.16
    0.27
    0.12
    0.01
    0.02
    0.08
    0.60
    0.75
    0.07
    0.05
    0.55
    0.06
    0.51
    0.16
    5.76
    4.29
    0.13
    0.04
    0.08
    1.60
    2.48
    0.44
    0.22
    0.92
    0.57
    0.04
    0.15
    0.01
    0.91
    0.31
    0.56
    1.47
    1.02
    0.13
    0.13
    0.05
    0.03
    0.11
    0.02
    0.49
    0.03
    2.05
    1.26
    0.02
    3.14
    0.01
    0.15
    0.02
    0.05
    3.34
    0.05
    0.07
    0.33
    0.17
    0.84
    1.16
    1.83
    0.22
    0.40
    0.31
    2.01
    1.00
    0.69
    2.22
    0.03
    2.64
    0.03
    0.89
    0.03
    2.51
    0.67
    0.81
    0.85
    0.51
    0.30
    5.06
    1.53
    0.04
    0.07
    0.18
    0.55
    1.54
    0.03
    0.02
    1.03
    2.84
    0.10
    0.25
    0.16
    0.04
    0.79
    1.03
    8.19
    0.09
    0.33
    0.13
    4.53
    0.52
    1.54
    1.30
    0.86
    0.12
    0.18
    0.15
    0.61
    0.91
    1.02
    0.20
    1.16
    0.81
    0.81
    0.96
    0.08
    0.10
    0.06
    0.10
    1.05
    0.09
    0.67
    1.41
    1.59
    1.56
    0.19
    0.05
    2.82
    1.03
    0.06
    0.05
    0.13
    6.09
    0.18
    0.13
    0.06
    0.03
    0.72
    0.14
    0.11
    0.26
    0.02
    0.02
    0.62
    3.41
    0.87
    1.40
    1.03
    0.37
    0.24
    0.18
    0.91
    0.14
    1.48
    1.50
    0.38
    0.37
    0.05
    1.06
    0.16
    0.77
    1.77
    0.06
    0.92
    0.09
    0.75
    5.94
    2.49
    0.36
    3.38
    0.09
    0.31
    0.05
    0.02
    0.04
    0.03
    0.08
    0.04
    1.94
    0.40
    0.16
    1.31
    0.29
    0.96
    0.04
    8.50
    0.11
    0.09
    0.03
    0.05
    6.97
    0.02
    0.55
    0.05
    0.16
    0.47
    0.05
    1.18
    0.02
    1.98
    3.12
    0.21
    0.21
    0.63
    0.12
    0.08
    2.03
    0.37
    0.33
    2.50
    1.91
    1.09
    0.18
    0.06
    0.01
    0.26
    0.28
    0.58
    0.87
    0.07
    5.40
    0.10
    0.11
    0.83
    0.05
    0.05
    1.95
    1.35
    1.59
    0.46
    0.51
    0.07
    0.04
    0.22
    0.08
    0.61
    0.04
    0.04
    0.12
    0.59
    1.74
    0.04
    1.43
    0.45
    0.40
    0.24
    0.19
    1.13
    0.08
    0.16
   14.82
    0.04
    1.19
    0.82
    0.08
    0.42
    1.42
    0.05
    0.32
    0.32
    0.12
    0.02
    0.02
    0.08
    0.33
    2.26
    0.33
    0.18
    0.81
    0.04
    1.81
    0.02
    0.81
    1.49
    0.52
    0.38
    0.50
    0.10
    0.06
    0.74
    0.04
    0.33
    0.14
    1.32
    0.04
    0.04
    0.28
    0.08
    0.38
    0.43
    0.01
    0.09
    0.05
    0.82
    0.76
    0.01
    0.01
    4.65
    0.93
    0.66
    0.10
    0.03
    0.03
    0.02
    1.33
    0.12
    0.04
    1.02
    0.99
    0.41
    0.04
    0.20
    1.00
    0.35
    0.04
    0.06
    0.03
    0.09
    1.18
    0.57
    0.27
    0.49
    0.04
    0.85
    1.70
    0.52
    1.50
    0.41
    0.37
    0.04
    0.32
    0.14
    0.09
    0.32
    0.21
    1.46
    0.08
    3.30
    0.79
    0.31
    0.38
    0.32
    0.49
    0.65
    1.50
    0.13
    0.13
    0.09
    0.12
    0.13
    0.11
    0.09
    0.01
    0.29
    0.01
    0.52
    0.05
    0.37
    0.12
    0.05
    1.00
    0.91
    2.50
    5.23
    0.04
    0.14
    0.14
    1.89
    0.01
    0.04
    2.83
    1.34
    0.05
    0.12
    0.16
    0.65
    4.35
    0.30
    0.56
    0.25
    2.19
    0.14
    0.78
    0.74
    0.28
    0.74
    2.54
    0.29
    0.24
    0.05
    2.59
    0.12
    0.19
    0.54
    0.11
    0.10
    0.08
    0.02
    0.61
    1.85
    0.02
    0.19
    0.38
    0.22
    0.05
    0.48
    2.61
    1.54
    3.29
    0.03
    0.08
    1.11
    0.21
    0.99
    0.44
    0.07
    1.10
    0.02
    0.82
    0.02
    1.62
    0.54
    0.02
    0.06
    0.07
    0.06
    0.28
    0.31
    0.14
   18.28
    8.41
    0.57
    0.40
    0.46
    0.46
    4.08
    5.46
    0.44
    1.84
    0.10
    0.91
    0.08
    0.07
    1.20
    0.31
    0.28
    0.03
    1.92
    1.36
    1.48
    0.63
    0.07
    1.39
    0.04
    6.00
    0.70
    1.06
    0.10
    0.60
    0.60
    0.02
    1.10
    0.08
    1.41
    5.53
    0.33
    0.03
    0.02
    3.95
    0.10
    0.50
    4.59
    0.06
    0.55
    1.16
    0.32
    0.07
    0.07
    0.55
    0.18
    0.04
    0.62
    0.70
    1.19
    2.24
    0.27
    0.02
    0.10
    6.76
    0.02
   14.05
    0.34
    0.06
    0.40
    0.02
    0.31
    0.04
    3.64
    0.04
    2.28
    0.18
    1.12
    0.09
   11.65
    0.10
    0.17
    0.01
    0.38
    0.49
    0.01
    0.41
    0.14
    0.03
    1.33
    0.44
    0.95
    0.05
    0.15
    0.02
    0.04
    0.28
    0.19
    0.01
    1.20
   15.21
   15.83
    0.13
    0.05
    0.29
    0.98
    0.32
    1.03
    0.34
    0.07
    0.16
    1.77
    0.21
    0.04
    0.08
    0.51
    0.07
    0.34
    0.08
    0.71
    3.32
    1.19
    0.24
    0.18
    0.26
    0.03
    0.22
    3.07
    0.82
    0.27
    0.13
    0.18
    0.47
    0.04
    0.49
    0.26
    0.10
    0.18
    0.32
    1.12
    1.65
    1.08
    0.38
    0.01
    0.41
    0.56
    1.06
    0.79
    0.89
    1.02
    0.02
    0.11
    0.25
    0.28
    0.10
    1.19
    0.84
    0.02
    3.06
    0.05
    1.52
    0.06
    0.07
    0.99
    0.38
    0.17
    0.05
    0.24
    0.26
    0.04
    0.09
    0.12
    0.32
    0.27
    0.61
    0.06
    1.35
    0.38
    0.92
    0.39
    0.27
    0.34
    0.35
    0.01
    4.29
    0.07
    0.46
    0.29
    0.21
    0.20
    0.09
    0.55
    0.75
    0.19
    1.23
    0.15
    0.19
    0.07
    0.38
   16.91
    0.14
    0.08
    0.11
    2.27
    0.04
    0.61
    0.10
    1.66
    0.61
    0.79
    1.23
    0.05
    0.61
    0.75
    0.40
    0.15
    3.07
    0.12
    0.45
    0.15
    1.53
    3.47
    0.69
    1.85
    0.79
    0.26
    0.25
    1.94
    0.19
    0.09
    0.71
    0.53
    0.05
    0.60
    0.95
    2.20
    0.79
    2.22
    0.73
    3.15
    0.16
    0.86
    5.71
    4.86
    1.45
    1.43
    0.18
    0.31
    2.87
    0.65
    0.21
    1.38
    0.24
    0.26
    1.25
    1.13
    0.13
    0.15
    0.04
    0.25
    0.07
    0.03
    0.09
    0.02
    0.02
    0.99
    0.12
    0.10
    0.66
    0.71
    3.35
    1.42
   11.97
    0.72
    0.02
    0.18
    1.09
    0.15
    0.04
    0.24
    0.58
    0.10
    0.85
    0.04
    0.11
    0.05
    1.04
    0.04
    1.11
    1.07
    0.97
    0.30
    0.22
    1.48
    0.03
    0.02
    0.39
    0.13
    0.83
    0.63
    0.03
    0.30
    0.51
    0.25
    0.24
    0.01
    0.10
    3.04
    0.01
    0.21
    0.25
    0.03
    0.01
    1.95
    0.59
    0.02
    0.35
    1.01
    0.21
    0.91
    0.06
    2.25
    2.92
    0.50
    0.06
    1.34
    0.19
    0.12
    1.63
    0.17
    0.15
    0.65
    0.67
    1.19
    0.15
    0.10
    0.36
    2.49
    3.94
    0.12
    0.04
    0.04
    0.03
    0.72
    5.28
    0.40
    0.07
    0.70
    0.03
    0.12
    0.12
    0.46
    0.17
    7.09
    9.12
    0.15
    0.13
    0.07
    0.44
    0.09
    0.14
    0.07
    0.13
    0.08
    0.19
    0.61
    0.49
    2.74
    0.37
    0.17
    0.01
    2.63
    0.87
    4.53
    0.77
    0.58
    0.48
    0.02
    0.29
    0.53
    0.15
    0.08
    3.65
    1.18
    0.03
    0.04
    0.24
    0.04
    0.09
    0.03
    0.36
    0.34
    0.09
    1.43
    0.32
    0.13
    0.72
    0.08
    3.64
    0.81
    0.04
    3.51
    0.23
    0.02
    7.11
    0.19
    0.15
    0.89
    0.78
    0.06
    0.14
    0.23
    0.09
    0.32
    0.85
    0.80
    0.21
    0.49
    0.07
    0.29
    0.01
    0.12
    0.02
    1.07
    0.88
    1.70
    0.45
    0.08
    0.48
    0.04
    0.15
    2.64
    6.23
    0.40
    0.25
    0.14
    0.03
    0.08
    1.08
    0.06
    0.13
    3.21
    0.33
    0.04
    0.66
    0.02
    1.50
    0.10
    0.18
    0.17
    0.31
    1.41
    0.06
    0.47
    3.13
    0.46
    0.06
    0.83
    0.01
    1.58
    0.50
    0.30
    0.10
    0.58
    1.10
    4.25
    1.97
    0.04
    2.64
    0.36
    0.39
    0.10
    0.01
    0.14
    0.08
    0.06
    0.32
    0.11
    0.03
    0.29
    0.78
    2.90
    0.14
    0.02
    1.37
    0.33
    2.90
    0.04
    0.10
    0.04
    0.01
    0.01
    0.15
    0.13
    0.08
    0.22
    2.69
    0.31
    0.93
    0.21
    0.48
    0.08
    0.05
    0.08
    0.62
    0.95
    0.05
    1.36
    0.05
    0.04
    2.48
    0.14
    0.76
    0.04
    0.15
    2.97
    3.57
    0.03
    0.14
    0.64
    5.48
    3.20
    0.05
    1.36
    0.02
    2.87
    1.71
    0.03
    0.54
    0.06
    4.37
    0.04
    0.08
    0.87
    0.04
    1.51
    0.78
    0.63
    0.48
    0.26
    0.43
    1.21
    0.60
    0.06
    0.16
    0.51
    0.91
    0.10
    2.92
    0.45
    0.03
    0.03
    0.08
    1.48
    0.72
    0.37
    0.27
    1.08
    2.36
    0.03
    0.60
    0.24
    0.01
    0.56
    0.06
    0.52
    0.93
    0.29
    0.18
    0.42
    0.03
    0.49
    0.33
    0.08
    0.13
    0.09
    0.07
    2.48
    1.53
    0.25
    0.53
    0.03
    0.03
    1.01
    0.11
    1.09
    0.02
    0.21
    0.34
    2.97
    0.17
    0.06
    0.47
    0.60
    0.10
    0.30
    1.30
    0.21
    0.29
    0.02
    0.08
    0.73
    0.81
    0.20
    0.13
    1.03
    0.13
    0.09
    0.94
    0.15
    0.76
    1.02
    0.80
    0.49
    0.20
    0.99
    0.38
    0.53
    0.95
    1.55
    0.37
    0.71
    0.31
    0.02
    1.85
    2.79
    1.49
    3.50
    0.62
    0.04
    0.07
    0.48
    0.46
    0.33
    0.06
    0.02
    2.97
    0.50
    0.26
    0.08
    0.10
    0.17
    1.08
    0.40
    0.35
    0.56
    4.89
    0.08
    0.72
    0.49
    0.02
    0.58
    1.07
    0.11
    0.08
    0.09
    1.51
    0.06
    1.72
    0.04
    0.02
    0.08
    1.02
    0.07
    1.07
    1.33
    0.48
    0.13
    0.21
    0.42
    0.34
    0.10
    1.15
    1.17
    0.24
    1.18
    0.02
    0.14
    0.84
    1.19
    0.02
    1.01
    0.12
    0.38
    0.04
    0.18
    0.04
    1.58
    0.15
    0.59
    0.06
    0.02
    2.59
    1.22
    1.48
    0.41
    0.16
    0.04
    0.10
    0.01
    0.03
    0.06
    0.07
    0.07
    1.41
    1.71
    1.87
    4.14
    0.28
    0.03
    0.36
    0.31
    0.10
    0.02
    0.35
    0.18
    0.22
    1.51
    0.10
    1.38
    0.47
    0.07
    0.08
    0.13
    0.09
    0.18
    0.09
    0.20
    0.18
    0.24
    0.22
    0.27
    0.24
    0.02
    0.06
    0.02
    0.90
    0.02
    1.21
    0.27
    6.68
    1.03
    0.46
    0.04
    0.18
    1.64
    3.14
   13.22
    2.01
    0.10
    0.93
   12.47
    0.05
    4.36
    0.12
    0.24
    1.71
    0.08
    0.05
    6.98
    0.64
    0.10
    0.06
    0.09
    1.67
    0.99
    0.02
    0.02
    1.23
    0.06
    0.24
    0.15
    1.07
    0.01
    0.85
    0.06
    1.06
    0.45
    0.18
    0.03
    0.04
    0.06
    0.66
    0.23
    0.16
    0.01
    0.48
    0.13
    0.87
    1.13
    0.11
    0.38
    0.50
    0.04
    0.06
    0.04
    2.32
    0.06
    0.20
    0.05
   15.57
    2.49
    0.03
    0.17
    0.01
    0.15
    0.03
    0.10
    0.03
    0.06
    0.05
    0.29
    0.07
    0.04
    1.67
    0.12
    0.10
    1.13
    0.07
    1.27
    0.08
    0.04
   19.34
    9.25
    1.06
    0.34
    0.88
    0.06
    0.01
    0.10
    0.90
    0.05
    0.24
    0.36
    0.08
    0.03
    0.06
    0.62
    2.22
    8.70
    0.53
    0.07
    0.06
    0.04
    0.09
    0.10
    0.03
    0.02
    0.23
    0.19
    0.35
    0.71
    1.60
    1.51
    0.37
    0.29
    0.02
    0.26
    0.81
    2.50
    0.04
    0.15
    0.97
    0.03
    0.26
    0.58
    2.84
    2.14
    0.21
    0.16
    0.06
    0.50
    1.91
    2.64
    0.38
    0.16
    0.63
    5.01
    0.09
    0.07
    0.26
    0.27
    0.17
    0.51
    0.30
    0.19
    1.68
    0.41
    0.03
    0.07
    0.08
    0.34
    0.13
    0.02
    0.13
    0.03
    1.30
    0.12
    0.13
    0.29
    0.11
    3.42
    1.20
    0.11
    0.13
    0.10
    0.07
    0.01
    0.37
    0.27
    2.35
    0.08
    0.18
    0.35
    0.05
    0.10
    0.76
    0.74
    0.03
    0.05
    0.15
    0.23
    0.17
    0.35
    0.02
    0.46
    0.01
    1.47
    0.05
    0.21
    0.03
    0.02
    0.32
    0.01
    0.29
    0.70
    1.14
    0.45
    0.10
    0.08
    0.20
    0.04
    0.41
    1.59
    0.07
    0.02
    0.03
    0.41
    1.47
    1.99
    0.29
    1.90
    4.04
    0.15
    0.41
    0.99
    1.63
    0.60
    0.11
    0.29
    0.23
    0.13
    0.18
    0.31
    0.17
    0.36
    1.03
    0.10
    0.54
    0.68
    8.20
    0.02
    0.66
    0.64
    2.04
    1.30
    0.38
    1.80
    0.05
    1.46
    0.04
    0.46
    0.01
    0.30
    0.04
   11.22
    0.07
    0.06
    0.06
    0.47
    1.90
    0.76
    1.13
    0.03
    1.62
    1.87
    0.04
    0.07
    0.58
    0.21
    0.03
    0.31
    0.19
    0.13
    0.23
    0.16
    0.33
    0.95
    0.03
    0.04
    0.06
    0.55
    0.30
    0.39
    0.36
    0.80
    0.03
    0.30
    0.12
    0.21
    0.38
    0.38
    0.09
    1.02
    0.04
    0.08
    0.16
    1.23
    0.01
    0.10
    0.02
    0.28
    0.12
    0.74
    0.02
    0.08
    2.13
    0.64
    0.02
    1.01
    0.59
    1.76
    0.37
    5.25
    0.20
    0.47
    0.67
    0.21
    0.09
    1.46
    0.03
    0.02
    0.03
    0.13
    1.09
    0.18
    1.62
    0.77
    0.17
    1.00
    0.05
    0.41
    0.33
    0.22
    0.04
    2.74
    0.67
    0.05
    0.24
    0.25
    1.11
    4.29
    0.31
    0.07
    0.09
    0.02
    0.04
    0.09
    0.64
    0.58
    0.17
    0.68
    3.42
    0.05
    0.15
    0.53
    0.03
    0.50
    0.02
    0.64
    0.78
    1.70
    0.78
    5.15
    0.25
    0.02
    1.13
    1.24
    0.23
    1.20
    1.97
    0.07
    0.12
    0.02
    0.08
    0.19
    0.14
    0.04
    8.57
    0.69
    0.11
    0.15
    0.04
    1.03
    0.64
    1.99
    0.04
    0.43
    1.42
    0.03
    1.46
    2.65
    0.04
    0.07
    5.08
    1.74
    0.15
    1.22
    0.10
    0.23
    5.29
    0.04
    0.82
    0.13
    0.57
    0.16
    0.13
    1.17
    0.40
    0.55
    0.19
    0.22
    4.21
    0.31
    0.03
    0.92
    2.41
    0.12
    1.00
    0.03
    0.07
    0.19
    3.65
    0.50
    0.26
    0.85
    0.37
    0.61
    0.09
    0.52
    0.52
    0.04
    0.16
    0.77
    0.55
    0.45
    0.21
    0.02
    1.02
    4.32
    0.39
    0.42
    0.40
    0.29
    0.02
    0.36
    5.31
    0.09
    6.63
    0.04
    0.02
    0.49
    0.79
    1.20
    0.09
    2.83
    0.05
    0.12
    0.02
    0.01
    0.02
    0.28
    0.91
    4.11
    4.67
    0.01
    0.09
    0.06
    2.18
    0.56
    0.81
    0.15
    2.01
    0.22
    0.47
    1.52
    1.47
    0.08
    0.01
    0.51
    2.79
    1.07
    1.09
    0.07
    0.88
    1.34
    0.43
    1.21
    1.08
    5.70
    0.16
    0.90
    0.35
    1.64
    0.10
    0.07
    1.41
    0.12
    0.79
    0.24
    0.02
    0.55
    0.20
    1.26
    0.12
    2.45
    0.09
    0.05
    0.05
    0.10
    0.31
    1.45
    0.38
    0.15
    2.02
    0.18
    0.33
    0.17
    0.70
    0.23
    0.88
    0.18
    0.04
    1.04
    1.74
    0.32
    0.03
    0.68
    0.32
    0.09
    0.04
    0.03
    0.02
    0.08
    0.07
    0.04
    0.54
    0.01
    0.06
    0.05
    0.03
    0.38
    1.14
    0.11
    0.86
    1.01
    1.22
    0.02
    0.08
    0.04
    0.79
    0.54
    0.17
    0.89
    0.39
    0.52
    0.28
    0.04
    0.02
    1.59
    0.39
    0.21
    3.89
    0.23
    0.54
    0.38
    1.45
    1.21
    1.44
    0.03
    1.35
    0.02
    0.01
   13.21
    0.05
    0.28
    0.20
    0.21
    0.42
    0.52
    0.08
    0.62
    0.43
    0.02
    0.09
    0.04
    7.51
    1.09
    0.29
    1.51
    1.86
    0.35
    0.10
    0.08
    0.25
    0.52
    0.04
    0.06
    0.03
    0.06
    3.07
    2.73
    0.70
    0.86
    0.55
    0.12
    0.22
    0.77
    0.13
    1.72
    1.07
    0.09
    0.87
    0.05
    0.04
    0.04
    0.02
    0.04
    0.26
    5.10
    0.03
    0.59
    0.33
    0.03
    0.48
    0.06
    0.13
    0.01
    0.52
    0.52
    0.01
    0.55
    0.13
    7.31
    2.57
    0.35
    0.07
    0.04
    0.47
    0.22
    0.01
    0.65
    0.15
    0.81
    2.52
    1.22
    0.11
    3.31
    0.02
    2.47
    0.69
    0.10
    0.97
    0.34
    0.02
    0.04
    0.10
    0.25
    0.01
    0.14
    5.80
    0.74
    0.06
    0.43
    5.83
    0.03
    0.13
    0.13
    0.02
    0.78
    0.20
    0.04
    0.40
    1.43
    0.12
    0.04
    0.50
    0.20
    0.46
    0.15
    1.58
    0.62
    2.57
    0.46
    0.35
    0.48
   53.35
    0.13
    0.14
    0.55
    0.33
    0.22
    0.13
    0.79
    0.23
    0.08
    0.02
    0.18
    0.04
    0.09
    0.04
    0.64
    1.35
    0.02
    0.27
    0.85
    0.38
    0.99
    0.01
    0.49
    0.83
    1.39
    0.01
    2.22
    0.19
    1.15
    1.23
    0.68
    0.20
    0.01
    0.30
    0.05
    0.23
    0.26
    1.50
    0.06
    0.03
    0.12
    0.23
    3.45
    0.04
    2.08
    0.10
    0.87
    3.78
    2.19
    0.14
    0.01
    0.16
    0.04
    0.25
    0.64
    2.65
    0.37
    0.08
    0.61
    0.50
    0.73
    0.23
    0.87
    0.01
    1.13
    0.15
    2.83
    0.11
    0.21
    3.34
    0.43
    2.92
    0.02
    0.08
    1.01
    0.24
    0.06
    3.18
    1.87
    0.85
    0.16
    1.60
   14.89
    0.79
    1.10
    1.66
    0.23
    0.16
    0.01
    0.02
    0.06
    0.20
    0.21
    1.48
    0.08
    0.38
    1.98
    0.05
    0.06
    0.19
    3.76
    0.48
    0.93
    3.25
    0.45
    0.28
    1.02
    0.06
    0.03
    0.57
    0.07
    0.23
    3.86
    0.15
    4.73
    0.70
    0.14
    0.48
    0.41
    0.43
    0.02
    0.39
    0.30
    0.46
   12.80
    0.04
    0.89
    0.46
    0.04
    0.10
    0.22
    0.14
    0.02
    0.14
    0.33
    0.29
    0.96
    0.05
    1.69
    1.27
    0.04
    0.04
    0.71
    0.41
    0.50
    0.28
    1.27
    3.44
    1.83
    2.06
    0.06
    0.62
    0.13
    0.65
    0.88
    0.98
    0.69
    1.54
    0.71
    0.07
    2.41
    0.02
    0.52
    1.26
    0.46
    1.35
    0.02
    0.49
    0.83
    0.04
    0.17
    0.42
    0.04
    0.80
    1.67
    1.25
    0.07
   10.52
    0.10
    0.02
    0.31
    0.34
    0.32
    3.84
    0.16
    1.28
    0.11
    4.76
    0.43
    4.31
    1.33
    1.21
    0.34
    1.57
    0.62
    1.06
    0.18
    0.26
    0.52
    0.85
    3.47
    0.41
    0.10
    0.11
    0.05
    0.05
    0.73
    0.02
    0.52
    0.39
    3.56
    0.34
    0.36
    0.35
    1.17
    0.33
    0.39
    0.29
    0.39
    2.43
    0.04
    0.33
    0.35
    0.06
    1.10
    0.18
    0.83
    0.18
    0.57
    2.18
    0.58
    0.41
    0.12
    0.46
    0.04
    0.52
    4.66
    0.03
    0.04
    0.80
    0.41
    4.33
    0.20
    0.14
    6.10
    3.92
    1.95
    0.39
    0.02
    0.14
    0.06
    0.82
    0.05
    8.53
    0.02
    0.12
    0.30
    1.14
    1.16
    0.08
    0.02
    1.51
    0.03
    3.68
    0.13
    0.08
    0.13
    0.29
    1.06
    0.32
    0.05
    0.05
    0.23
    2.08
    0.20
    0.02
    0.03
    0.10
    1.56
    1.59
    0.84
    0.60
    3.86
    0.20
    1.98
    0.32
    0.02
    0.02
    0.02
    0.10
    0.77
    1.87
    0.64
    0.20
    0.82
    1.41
    0.06
    0.05
    0.99
    0.04
    0.02
    0.82
    0.02
    0.19
    0.34
    1.18
    0.08
    0.66
    0.12
    0.38
    0.12
    0.01
    1.20
    5.65
    0.85
    0.52
    0.05
    3.29
    1.38
    1.47
    1.70
    0.03
    0.01
    0.04
    0.25
    0.10
    0.19
    0.51
    0.13
    0.31
    4.50
    1.86
    0.09
    0.08
    0.48
    0.09
    3.33
    0.23
    0.95
    0.05
    0.15
    0.70
    0.06
    0.08
    0.10
    0.33
    1.63
    0.51
    0.11
    0.80
    0.50
    3.88
    0.01
    0.19
    0.11
   10.08
    0.57
    0.22
    1.45
    0.31
    0.02
    0.39
    0.46
    0.15
    0.02
    0.24
    0.14
    0.10
    0.06
    1.07
    0.16
    0.20
    0.46
    0.69
    0.40
    0.01
    0.17
    0.72
    0.17
    2.45
    0.32
    0.13
    0.02
    3.42
    1.31
    0.27
    0.38
   15.63
    0.29
    2.66
    0.02
    0.31
    0.04
    0.06
    0.02
    0.14
    0.42
    0.22
    2.24
    2.79
    0.26
    0.91
    0.45
    0.86
    0.08
    0.13
    0.15
    0.27
    0.57
    0.02
    2.13
    1.57
    3.68
    0.69
    1.99
    1.71
    0.14
    0.10
    0.03
    0.06
    0.04
    0.26
    2.28
    1.20
    1.02
    0.09
    2.04
    1.04
    0.56
    0.02
    0.03
    0.13
    0.39
    0.14
    0.05
    0.02
    0.09
    0.32
    0.27
    0.09
    0.07
    0.06
    2.47
    0.96
    0.54
    2.00
    1.67
    2.06
    0.13
    0.43
    0.08
    0.30
    0.62
    0.47
    0.02
    1.41
    1.31
    0.03
    0.01
    0.12
    0.93
    0.15
    1.28
    1.54
    1.15
    0.09
    1.82
    0.40
    0.03
    0.09
    0.08
    0.02
    0.02
    0.32
    0.53
    0.08
    2.47
    0.16
    0.04
    0.68
    0.49
    1.51
    0.16
    0.52
    0.66
    0.08
    0.05
    0.01
    0.98
    0.94
    0.35
    0.86
    0.41
    0.64
    0.62
    0.88
    0.22
    2.89
    0.01
    0.02
    0.03
    0.03
    1.59
    0.02
    0.01
    0.07
    0.30
    0.03
    0.45
    0.37
    0.05
    0.42
    1.09
    1.13
    1.38
    0.07
    1.88
    0.02
    0.20
    0.04
    3.31
    2.57
    0.14
   29.23
    0.87
    0.64
    0.03
    0.27
    0.63
    0.72
    0.21
    0.16
    0.94
    0.38
    0.34
    7.58
    0.06
    1.46
    0.15
    0.03
    1.94
    0.34
    3.70
    1.13
    0.52
    0.28
    0.31
    0.31
    0.42
    0.21
    0.02
    0.25
    0.05
    0.07
    1.66
    0.04
    0.75
    1.56
    0.77
    1.16
    0.65
    0.18
    0.20
    0.43
    0.45
    0.24
    0.04
    0.02
    0.03
    0.20
    0.55
    0.14
    0.16
    0.03
    0.07
    0.14
    0.03
    0.07
    0.02
    0.07
    1.46
    0.25
    0.05
    0.11
    0.04
    0.11
    0.03
    0.12
    0.04
    2.00
    0.21
    0.05
    0.74
    1.99
    0.02
    0.04
    0.26
    0.60
    0.52
    0.06
    0.04
    0.12
    0.06
    0.43
    0.12
    0.08
    0.31
    0.70
    0.46
    0.64
    2.51
    0.03
   12.46
    0.45
    1.22
    0.10
    0.54
    0.13
    0.97
    0.41
    0.66
    0.61
    4.04
    0.88
    0.05
    0.19
    0.27
    0.07
    0.34
    1.53
    0.02
    0.02
    0.05
    0.35
    0.03
    0.12
    0.30
    0.37
    0.19
    0.42
    0.33
    0.01
    0.05
    0.21
    3.57
    0.77
    0.07
    1.12
    0.11
    3.59
    0.82
    0.06
    0.08
    0.02
    1.20
    1.53
    0.51
    0.08
    0.91
    0.34
    4.92
    0.07
    0.03
    0.07
    0.03
    0.23
    0.41
    0.23
    0.04
    0.36
    0.03
    0.03
    0.01
    1.72
    0.07
    0.38
    0.49
    0.85
    0.94
    0.31
    0.24
    0.18
    0.17
    2.77
    0.09
    0.20
    0.14
    2.21
    0.27
    0.04
    0.45
    0.72
    0.99
    0.90
    0.03
    0.99
    0.57
    0.11
    0.08
    0.09
    0.08
    2.55
    2.76
    0.51
    0.23
    1.48
    0.96
    0.01
    0.94
    0.47
    0.30
    0.38
    2.26
    0.80
    0.95
    3.56
    0.02
    2.36
    0.34
    0.51
    0.13
    1.45
    0.18
    0.83
    0.04
    0.33
    0.56
    1.90
    0.98
    0.95
    0.20
    0.11
    0.04
    0.02
    0.02
    0.02
    0.10
    0.13
    0.12
    0.02
    0.05
    0.04
    0.18
    1.38
    0.63
    0.73
    1.31
    1.43
    0.93
    0.04
    0.05
    0.02
    0.36
    0.98
    0.04
    0.05
    0.06
    0.42
    0.12
    0.58
    0.35
    0.79
    0.66
    0.42
    0.37
    0.15
    0.53
    1.26
    0.36
    0.15
    0.03
    1.82
    0.17
    2.80
    0.02
    0.09
    0.16
    0.19
    0.12
    0.17
    0.08
    1.00
    0.93
    0.03
    0.07
    0.21
    0.16
    0.02
    1.24
    1.24
    0.42
    0.01
    0.10
    0.06
    0.09
    0.29
    5.88
    2.64
    0.43
    0.03
    0.01
    0.17
    0.08
    0.66
    0.79
    1.11
    0.27
    0.86
    0.85
    1.39
    0.74
    0.28
    0.22
    0.02
    0.14
    0.03
    0.27
    0.23
    1.15
    4.18
    0.03
    0.71
    0.12
    0.21
    0.07
    0.09
    1.76
    0.45
    0.01
    0.67
    0.82
    0.51
    2.28
    0.22
    2.53
    0.44
    0.23
    0.09
    0.04
    0.29
    0.74
    2.65
    1.20
    0.26
    1.29
    0.44
    3.06
    0.02
    0.02
    0.06
    0.03
    0.14
    0.62
    0.96
    0.18
    0.47
    0.21
    0.09
    0.17
    0.54
    0.05
    0.60
    0.58
    0.32
    0.02
    2.23
    0.57
    0.07
    0.31
    0.01
    1.97
    0.08
    0.20
    0.30
    0.09
    0.87
    9.86
    0.06
    0.75
    0.34
    1.66
    0.04
    0.06
    0.53
    0.02
    2.26
    0.38
    1.65
    1.80
    0.11
    0.81
    0.72
    0.13
    0.14
    0.07
    1.77
    0.19
    0.03
    0.02
    0.03
    0.32
    0.14
    0.04
    1.58
    0.17
    1.94
    0.31
    0.31
    0.34
    0.05
    0.06
    0.12
    0.34
    0.11
    0.80
    0.05
    0.11
    0.35
    1.64
    0.72
    5.42
    0.97
    0.11
    0.05
    0.10
    8.18
    1.69
    0.18
    3.83
    7.05
    4.38
    0.02
    0.88
    0.37
    0.40
    0.54
    0.16
    0.21
    0.06
    0.04
    0.01
    0.14
    0.02
    0.38
    0.05
    0.61
    1.85
    0.37
    1.06
    0.39
    0.76
    2.17
    0.14
    0.19
    0.04
    0.02
    0.19
    0.06
    0.42
    0.19
    0.42
    0.21
    0.16
    0.18
    0.04
    0.49
    0.35
    0.17
    0.06
    0.13
    0.26
    0.06
    0.03
    0.05
    0.13
    0.45
    0.66
    0.05
    0.07
    0.05
    0.20
    0.08
    0.05
    0.60
    0.29
    0.04
    0.05
    0.69
    0.08
    2.33
    0.02
    1.93
    0.03
    0.14
    0.47
    1.10
    0.09
    0.74
    0.58
    2.58
    0.06
    0.08
    0.70
    0.83
    0.33
    0.15
    0.33
    1.53
    0.24
    2.30
    0.89
    0.42
    2.05
    0.02
    0.32
    0.02
    0.29
    0.09
    0.02
    0.38
    0.59
    0.39
    1.62
    1.30
    1.39
    0.04
    0.91
    0.14
    0.46
    0.03
    0.69
    1.07
    0.04
    0.14
    0.32
    0.09
    3.90
    0.04
    0.12
    0.53
    0.17
    0.18
    0.23
    0.32
    0.30
    0.26
    0.84
    0.13
    0.94
    0.15
    0.26
    0.10
    0.44
    1.90
    1.03
    0.53
    0.02
    0.44
    0.02
    0.21
    0.20
    0.09
    0.67
    0.83
    0.22
    1.05
    0.82
    0.42
    0.13
    0.30
    0.48
    0.40
    1.07
    0.07
    1.61
    4.24
    0.31
    1.85
    0.74
    6.02
    0.18
    0.60
    0.43
    0.39
    0.27
    2.46
    0.28
    0.08
    2.00
    0.25
    0.32
    0.56
    0.55
    7.44
    3.08
    3.68
    1.69
    0.60
    0.03
    0.73
    0.06
    0.10
    0.02
    2.95
    0.99
    0.10
    0.34
    1.33
    0.09
    0.35
    1.23
    0.02
    0.09
    0.51
    0.78
    0.05
    0.03
    0.02
    0.05
    0.46
    0.05
    0.08
    3.54
    0.03
    0.05
    0.02
    0.08
    2.26
    0.37
    0.84
    0.21
    2.94
    0.29
    0.20
    0.10
    0.06
    4.62
    2.43
    1.80
    0.30
    0.08
    0.04
    0.05
    0.03
    0.32
    1.73
    0.29
    0.60
    0.54
    0.02
   13.17
    0.02
    0.02
    0.08
    0.12
    4.05
    0.09
    0.04
    0.04
    0.07
    0.15
    0.07
    1.84
    0.79
    1.21
    0.04
    1.20
    0.07
    1.17
    0.10
    1.40
    3.69
    1.95
    0.07
    0.32
    2.74
    3.15
    0.08
    1.03
    0.11
    0.15
    0.01
    1.00
    0.53
    0.83
    0.21
    0.36
    0.02
    0.06
    0.07
    2.00
    0.01
    0.15
    0.10
    4.35
    0.21
    0.50
    0.10
    0.02
    0.36
    0.01
    0.17
    0.01
    0.24
    0.06
    2.50
    2.02
    0.61
    0.18
    0.25
    2.33
    0.02
    0.31
    1.05
    0.48
    0.02
    0.57
    0.30
    0.28
    2.44
    2.66
    0.04
    2.52
    0.28
    1.19
    0.07
    0.07
    0.28
    3.32
    0.43
    0.08
    1.09
    0.39
    0.23
    0.20
    0.02
    0.88
    2.10
    0.06
    0.04
    0.02
    1.53
    3.02
    0.40
    2.66
    0.13
    0.17
    0.41
    0.34
    0.47
    0.08
    1.11
    1.67
    0.02
    0.94
    0.53
    0.02
    0.17
    0.29
    0.07
    1.10
    0.93
    2.14
    1.30
    2.69
    0.08
    0.38
    0.04
    0.03
    0.02
    0.01
    0.03
    0.06
    0.95
    0.14
    0.29
    0.27
    1.66
    0.22
    0.02
    0.04
    0.06
    0.06
    0.47
    0.04
    0.48
    0.14
    0.78
    0.40
    0.16
    0.25
    1.51
    0.15
    3.38
    0.01
    0.53
    0.11
    1.11
    0.05
    1.02
    0.02
    0.79
    0.77
    0.65
    0.51
    0.68
    4.01
   10.81
    1.65
    2.25
    0.05
    1.19
    1.32
    0.07
    0.11
    0.24
    0.19
    0.06
    2.67
    0.07
    0.23
    0.08
    0.85
    3.81
    1.26
    0.19
    0.04
    0.48
    0.10
    0.22
    0.11
    0.28
    0.07
    1.73
    2.25
    0.02
    0.02
    0.66
    0.19
    0.48
    0.37
    0.01
    0.27
    0.07
    0.10
    0.14
    0.10
    0.02
    1.21
    0.15
    0.28
    0.35
    0.38
    0.30
    0.21
    0.11
    0.72
    1.24
    0.23
    0.20
    0.16
    0.11
    0.07
    1.35
    0.17
    0.15
    0.02
    0.08
    0.05
    0.44
    0.23
    0.24
    1.78
    0.16
    0.16
    1.24
    0.61
    2.46
    0.94
    0.60
    0.04
    1.41
    2.04
    0.90
    0.36
    0.02
    0.15
    0.89
    1.01
    0.10
    0.14
    0.45
    0.28
    0.02
    0.10
    0.05
    0.26
    0.03
    0.06
    0.45
    0.06
    0.57
    0.03
    0.17
    0.14
    0.11
    0.09
    0.48
    0.05
    1.90
    0.31
    1.01
    0.05
    0.05
    0.32
    0.26
    0.93
    1.00
    0.29
    0.21
    0.04
    0.41
    0.96
    0.18
    0.68
    0.23
    0.16
    0.68
    0.08
    0.05
    0.03
    0.02
    0.16
    6.32
    0.08
    0.21
    0.96
    0.04
    0.85
    0.49
    0.03
    1.69
    0.02
    0.12
    0.20
    0.11
    0.08
    0.74
    0.44
    0.01
    0.10
    0.12
    1.17
    0.16
    0.46
    2.04
    0.44
    0.11
    1.53
    0.07
    0.12
    0.14
    0.17
    0.10
    0.30
    2.36
    0.25
    0.08
    0.16
    0.02
    4.21
    3.79
    0.27
    0.45
    0.07
    0.02
    0.03
    1.47
    2.65
    0.22
    0.11
    1.82
    0.04
    0.07
    0.79
    0.11
    1.40
    0.07
    0.11
    1.55
    0.12
    0.07
    0.03
    0.64
    0.21
    0.25
    0.17
    0.10
    0.36
    1.46
    0.14
    0.19
    0.06
    1.14
    0.20
    0.53
    0.97
    1.51
    0.35
    0.06
    1.07
    0.16
    0.02
    0.42
    0.04
    3.96
    0.10
    0.04
    0.60
    0.31
    0.23
    0.18
    0.22
    1.40
    0.05
    2.21
    2.02
    2.98
    0.63
    3.31
    0.53
    0.08
    0.50
    0.93
    0.92
    0.51
    0.62
    0.02
    0.01
    1.46
    0.47
    1.62
    0.04
    0.02
    0.52
    0.21
    0.04
    0.43
    0.09
    0.57
    0.01
    0.68
    0.37
    0.24
    0.01
    0.49
    0.67
    1.00
    0.76
    0.30
    0.20
    1.03
    2.12
    1.99
    4.76
    0.73
    0.68
    0.35
    0.47
    0.91
    0.16
    0.53
    2.62
    0.06
    0.15
    0.83
    0.91
    0.22
    0.05
    6.55
    0.12
   21.19
    2.77
    0.02
    0.57
    0.17
    1.58
    0.19
    0.03
    0.08
    0.06
    0.06
    0.38
    2.26
    0.04
    0.10
    0.08
   13.22
    0.12
    0.13
    1.39
    0.71
    1.38
    0.54
    0.16
    0.02
    0.06
    0.09
    0.12
    0.03
    0.04
    0.57
    2.25
    0.81
    0.15
    0.81
    0.89
    0.82
    1.36
    0.06
    0.03
    8.65
    0.06
    0.32
    0.36
    0.69
    0.10
    0.06
    0.25
    0.04
    0.16
    0.05
    0.08
    1.19
    1.99
    0.04
    0.01
    0.06
    0.12
    0.03
    0.54
    1.38
    0.53
    0.30
    0.36
    0.52
    0.11
    0.71
    0.23
    0.07
    0.03
    2.97
    5.00
    8.39
    1.69
    0.84
    1.12
    0.02
    0.02
    0.04
    0.56
    0.17
    0.05
    0.29
    2.87
    0.32
    0.03
    0.01
    0.19
    0.01
    0.68
    1.16
    0.05
    1.97
    0.22
    0.45
    0.61
    0.17
    0.42
    0.89
    0.02
    0.05
    4.58
    4.84
    0.63
    0.04
    1.33
    1.63
    0.44
    0.01
    0.33
    0.13
    0.41
    0.21
    0.64
    0.02
    0.04
    0.16
    0.31
    1.07
    0.05
    0.12
    0.23
    0.40
    0.21
    0.59
    1.15
    0.09
    0.67
    0.85
    1.75
    0.04
    0.04
    0.11
    0.34
    0.43
    0.02
    0.03
    0.36
    0.45
    0.62
    0.22
    0.33
    0.27
    0.05
    0.04
    3.06
    0.18
    0.21
    0.10
    0.02
    2.42
    0.84
    0.68
    0.47
    0.05
    0.87
    0.13
    1.08
    0.05
    0.02
    1.14
    9.27
    0.07
    1.60
    1.01
    0.62
    0.48
    0.04
    0.16
    1.34
    1.98
    0.23
    0.22
    2.13
    1.12
    0.34
    0.63
    0.23
    0.36
    2.09
    0.75
    5.00
    0.10
    0.59
    0.10
    0.14
    0.59
    1.77
    0.18
    0.18
    4.58
    2.84
    0.72
    0.19
    0.62
    0.63
    0.09
    0.19
    0.29
    0.81
    0.07
    0.04
    0.18
    0.33
    1.43
    0.05
    0.03
    0.02
    0.36
    0.21
    0.50
    0.22
    0.11
    0.07
    0.10
    0.11
    0.32
    0.39
    0.51
    0.08
    0.01
    0.28
    0.06
    0.18
    0.32
    0.85
    1.57
    0.07
    0.68
    0.72
    1.22
    0.49
    0.05
    0.04
    0.06
    0.03
    0.05
    0.20
    0.06
    0.05
    0.38
    3.47
    1.63
    1.46
    0.36
    0.59
    0.77
    0.47
    0.17
    0.07
    0.05
    0.06
    0.18
    0.47
    0.31
    0.23
    0.11
    1.36
    0.10
    0.37
    0.31
    0.86
    0.05
    0.55
    0.18
    0.70
    0.12
    0.05
    0.29
    1.26
    0.12
    0.09
    0.24
    0.05
    0.01
    0.13
    0.62
    0.04
    0.04
    0.15
    0.31
    0.16
    0.07
    0.11
    0.65
    0.02
    1.09
    0.33
    0.18
    0.13
    0.41
    1.99
    0.10
    0.06
    0.09
   13.25
    0.05
    1.59
    0.37
    0.69
    0.16
    0.15
    0.08
    0.03
    0.02
    0.02
    0.13
    0.13
    1.55
    0.65
    0.44
    0.25
    1.41
    0.80
    0.09
    0.18
    0.12
    0.41
    0.06
    0.07
    1.79
    1.44
    0.02
    0.29
    0.82
    0.34
    0.38
    0.73
    0.17
    0.29
    0.13
    0.46
    0.38
    0.23
    0.58
    0.43
    0.13
    0.10
    0.80
    0.52
    0.40
    0.04
    0.31
    0.04
    0.12
    0.16
    1.06
    0.34
    0.15
    0.22
    0.03
    0.11
    0.07
    0.06
    0.02
    5.17
    0.03
    0.67
    0.02
    0.47
    0.11
    1.04
    0.04
    0.02
    0.07
    1.06
    0.67
    0.74
    2.67
    0.18
    0.62
    0.08
    0.56
    0.03
    0.03
    1.26
    0.66
    5.03
    7.31
    0.26
    0.16
    0.39
    0.77
    1.51
    0.65
    6.75
    0.03
    0.13
    0.06
    0.43
    0.09
    0.10
    0.30
    0.08
    0.05
    0.61
    0.06
    1.46
    0.32
    0.10
    1.35
    0.07
    0.09
    0.68
    0.34
    1.26
    0.16
    0.73
    1.19
    0.46
    1.83
    0.60
    0.09
    0.02
    0.10
    0.01
    0.34
    2.27
    0.65
    0.05
    0.47
    0.80
    1.61
    1.21
    0.04
    0.03
    0.91
    0.02
    1.91
    0.27
    0.02
    0.11
    2.10
    1.03
    0.93
    2.35
    0.14
    0.54
    1.32
    3.06
    0.11
    2.15
    0.39
    0.39
    0.14
    1.92
    0.58
    0.11
    1.44
    0.98
    1.23
    0.37
    0.25
    0.75
    0.61
    0.02
    0.42
    0.25
    0.11
    0.08
    0.02
    5.11
    1.62
    0.17
    0.12
    0.27
    0.38
    0.04
    0.06
    0.15
    1.77
    3.30
    0.03
    0.10
    0.09
    0.22
    1.59
    0.37
    0.22
    1.81
    0.20
    2.25
    0.72
    0.03
    0.14
    0.56
    0.19
    0.95
    0.07
    0.15
    0.06
    0.08
    2.06
    2.94
    0.49
    0.01
    0.06
    0.02
    1.16
    0.26
    0.74
    1.85
    1.57
    1.64
    1.06
    0.66
    0.33
    0.04
    0.06
    3.74
    0.93
    0.37
    1.28
    0.08
    0.17
    0.81
    0.17
    0.11
    0.04
    0.95
    0.20
    0.08
    0.26
    0.04
    0.01
    3.46
    0.97
    0.24
    0.09
    0.04
    0.03
    0.46
    0.31
    0.65
    0.03
    0.48
    0.08
    0.49
    2.46
    0.80
    1.65
    0.34
    0.12
    0.21
    0.17
    0.01
    0.24
    0.45
    0.03
    0.25
    0.57
    0.17
    0.69
    0.06
    0.02
    0.38
    0.02
    0.02
    0.26
    0.04
    1.42
    0.97
    0.07
    0.34
    0.11
    0.05
    0.03
    0.08
    0.12
    0.53
    0.94
    0.33
    1.15
    0.16
    0.93
    1.19
    0.06
    0.47
    1.37
    0.18
    0.02
    0.31
    1.05
    0.93
    0.79
    0.01
    0.02
    0.02
    1.07
    0.12
    0.25
    0.06
    0.39
    0.02
    0.22
    1.10
    0.07
    0.73
    0.35
    0.05
    0.30
    0.03
    0.07
    0.06
    0.78
    0.09
    0.06
    0.55
    0.13
    0.44
    0.48
    0.13
    0.43
    0.76
    1.18
    0.02
    0.07
    0.52
    0.24
    0.04
    0.17
    0.36
    1.04
    0.07
    1.17
    0.83
    0.05
    0.22
    0.43
    0.13
    0.59
    0.61
    0.76
    0.02
    0.61
    0.08
    0.52
    0.02
    0.02
    0.05
    1.36
    0.84
    0.69
    0.05
    0.30
    1.22
    0.52
    1.25
    0.10
    0.67
    0.09
    0.60
    0.14
    0.16
    2.81
    0.32
    1.22
    7.35
    0.07
    0.74
    0.15
    0.27
    0.12
    0.28
    0.44
    6.64
    0.22
    0.18
    0.02
    0.22
    0.34
    0.42
    0.26
    0.09
    0.08
    0.02
    1.46
    0.07
    0.07
    0.31
    0.12
    0.03
    0.20
    1.66
    0.03
    0.75
    0.39
    1.01
    0.03
    1.58
    0.13
    0.51
    0.35
    0.91
    0.27
    0.07
    0.17
    0.13
    0.02
    0.55
    0.74
    0.79
    0.65
    0.03
    0.04
    3.41
    2.75
    0.02
    2.57
    1.00
    0.81
    0.02
    0.08
    0.09
    0.16
    0.08
    0.19
    0.07
    5.09
    1.15
    1.58
    1.68
    2.19
    1.57
    0.05
    0.49
    0.50
    0.21
    6.48
    0.01
    0.03
    0.55
    0.02
    1.91
    7.56
    0.68
    1.94
    0.05
    2.10
    4.93
    0.06
    0.34
    0.05
    1.44
    1.63
    0.54
    0.11
    0.14
    0.22
    0.03
    0.39
    0.04
    0.39
    1.02
    0.82
    0.53
    0.81
    0.10
    0.49
    0.69
    0.34
    0.47
    1.07
    0.02
    0.28
    0.27
    0.22
    0.80
    0.44
    3.59
    1.26
    3.84
    0.13
    0.09
    0.46
    0.04
    0.03
    0.09
    0.16
    0.34
    2.74
    0.07
    1.22
    0.07
    0.38
    3.20
    0.09
    0.72
    0.04
    2.04
    1.37
    0.19
    0.13
    1.35
    0.21
    0.06
    0.29
    0.01
    0.14
    0.81
    0.65
    2.30
    0.41
    0.11
    0.06
    0.29
    4.53
    0.20
    2.60
    0.86
    0.92
    0.41
    0.53
    0.54
    0.25
    2.17
    0.12
    0.25
    0.02
    0.03
    4.46
    1.05
    0.91
    0.19
    0.39
    0.02
    0.42
    0.56
    3.74
    3.13
    0.04
    0.05
    0.02
    0.10
    0.04
    0.94
    1.02
    0.04
    0.21
    0.01
    0.72
    0.07
    0.07
    0.14
    0.02
    0.04
    0.33
    0.01
    0.01
    0.07
    0.13
    1.26
    1.70
    0.39
    0.24
    4.59
    0.21
    1.75
   10.29
    0.13
    0.02
    1.22
    0.48
    0.67
    4.41
    1.15
    0.53
    0.30
    0.11
    0.41
    0.90
    0.79
    0.11
    0.09
    0.05
    5.32
    0.55
    0.02
    0.13
    2.18
    1.13
    0.49
    0.09
    0.86
    1.80
    0.06
    0.15
    0.31
    1.16
    0.70
    0.71
    0.67
    0.14
    0.03
    0.09
    1.53
    0.12
    0.77
    0.49
    0.40
    0.52
    0.72
    0.27
    0.98
    0.32
    0.10
    0.07
    0.02
    1.18
    0.77
    2.89
    3.94
    4.03
    1.70
    0.07
    0.43
    0.54
    2.64
    0.60
    2.68
    0.02
    2.22
    0.12
    2.66
    0.98
    2.37
    1.58
    0.17
    0.02
    0.09
    0.01
    0.15
    0.04
    0.52
    0.09
    0.61
    0.52
    0.19
    0.43
    0.44
    0.11
    0.03
    0.04
    0.54
    0.06
    0.45
    0.07
    0.19
    0.09
    0.02
    3.15
    0.46
    0.31
    1.15
    0.49
    1.60
    0.10
    0.05
    2.25
    0.88
    5.23
    0.88
    0.07
    0.41
    0.21
    0.04
    0.42
    0.33
    0.11
    2.13
    0.32
    3.52
    0.66
    0.65
    1.08
    0.31
    1.45
    4.65
    0.04
    0.02
    1.75
    0.25
    0.57
    0.26
    0.08
    0.14
    0.47
    0.52
    0.74
    0.58
    0.85
    0.06
    0.03
    0.15
    0.04
    0.10
    0.42
    0.24
    0.25
    2.14
    0.37
    1.17
    3.22
    0.06
    0.27
    0.12
    0.35
    0.38
    0.41
    0.02
    0.41
    0.22
    0.31
    0.22
    7.22
    0.06
    1.63
    0.95
    0.54
    0.12
    1.03
    0.67
    0.16
    0.02
    1.42
    0.04
    1.95
    0.30
    0.81
    0.08
    2.02
    0.53
    0.11
   11.64
    0.10
    2.20
    0.06
    0.13
    4.99
    0.18
    2.64
    0.02
    0.18
    0.11
    0.02
    3.28
    0.05
    0.03
    0.05
    0.19
    2.06
    0.14
    4.18
    1.13
    0.14
    0.02
    0.44
    0.95
    1.24
    1.58
    0.21
    0.78
    0.01
    0.32
    0.11
    0.88
    0.11
    0.62
    0.01
    0.97
    0.69
    2.96
    0.29
    0.69
    0.10
    0.57
    1.00
    1.27
    2.18
    0.20
    0.02
    0.18
    0.02
    0.08
    0.32
    0.06
    0.11
    0.08
    0.24
    0.06
    0.36
    5.44
    0.27
    0.17
    0.22
    0.01
    0.72
    2.31
    2.24
    2.35
    1.29
    0.06
    0.01
    0.09
    1.07
    0.10
    8.57
    0.02
    1.37
    1.38
    0.13
    0.57
    1.15
    0.35
    0.76
    4.66
    0.61
    0.09
    0.06
    0.12
    0.06
    0.10
    0.63
    0.88
    0.74
    0.12
    0.12
    0.19
    0.86
    0.02
    0.59
    0.10
    5.89
    0.12
    0.01
    0.14
    2.14
    1.25
    0.18
    0.32
    0.03
    0.54
    0.35
    0.12
    1.26
    0.05
    3.06
    0.36
    0.76
    0.03
    0.10
    1.08
    0.06
    0.11
    0.46
    0.12
    0.38
    0.02
    0.17
    2.55
    1.42
    0.11
    0.11
    0.29
    0.12
    0.40
    0.15
    1.01
    0.05
    2.71
    1.12
    0.33
    0.59
    0.63
    0.65
    0.25
    0.09
    0.19
    0.21
    0.41
    1.20
    0.02
    0.67
    3.93
    0.19
    0.31
    0.07
    0.74
    0.07
    0.02
    0.94
    0.01
    0.06
    0.02
    0.93
   11.36
    0.20
    0.22
    0.04
    0.04
    0.04
    0.26
    1.20
    0.04
    0.74
    1.99
    0.21
    0.73
    0.04
    0.23
    1.81
    1.24
    0.27
    0.73
    0.02
    0.39
    7.43
    0.28
    0.18
    0.38
    2.09
    0.10
    0.12
    0.53
    0.07
    0.48
    0.63
    0.96
    0.08
    1.01
    0.01
    0.19
    0.18
    0.01
    0.63
    0.17
    0.38
    1.20
    0.08
    0.03
    1.31
    0.41
    0.18
    0.05
    0.28
    0.26
    0.01
    0.18
    0.54
    0.13
    0.08
    0.03
    3.54
    0.23
    0.33
    0.02
    0.23
    3.43
    1.00
    1.20
    0.09
    0.22
    0.53
    0.04
    0.76
    0.19
    0.12
    0.21
    0.16
    0.08
    0.04
    0.14
    0.05
    1.14
    0.14
    3.90
    0.72
    1.09
    0.11
    0.02
    1.13
    0.03
    0.06
    0.31
    0.44
    0.04
    0.12
    1.88
    3.38
    0.15
    2.80
    0.26
    0.27
    0.09
    0.24
    0.11
    0.20
    0.06
    0.33
    0.07
    0.07
    0.88
    0.04
    0.09
    0.18
    2.30
    1.29
    0.09
    0.09
    0.05
    0.06
    1.57
    0.48
    2.51
    0.01
    0.20
    0.94
    0.02
    0.20
    2.90
    0.48
    0.20
    0.36
    0.15
    3.55
    2.97
    0.04
    0.32
    0.08
    0.04
    0.02
    1.14
    0.21
    0.02
    1.16
    0.71
    6.35
    1.04
    0.46
    0.95
    0.12
    0.09
    0.15
    0.03
    0.43
    1.02
    0.03
    0.08
    0.47
    0.07
    0.31
    0.36
    0.14
    0.01
    2.27
    4.23
    0.40
    0.28
    0.05
    0.14
    0.30
    0.33
    0.05
    0.33
    0.20
    0.68
    0.14
    0.63
    0.33
    0.55
    0.44
    0.07
    0.04
    0.08
    0.10
    1.27
    2.41
    1.57
    1.48
   12.33
    0.09
    3.19
    3.98
    0.03
    0.19
    0.06
    0.07
    4.21
    0.02
    0.23
    0.36
    0.05
    0.41
    0.19
    0.03
    0.04
    0.22
    0.52
    0.15
    0.04
    1.11
    1.53
    0.06
    0.09
    1.22
    0.63
    0.87
    0.01
    0.78
    0.36
    0.03
    0.06
    0.02
    0.13
    0.58
    0.18
    0.08
    0.23
    0.02
    0.83
    0.05
    0.07
    0.05
    2.39
    0.15
    0.45
    2.20
    0.04
    0.10
    0.92
    0.35
    0.86
    0.08
    1.28
    0.01
    0.02
    0.03
    0.03
    0.89
    1.65
    0.69
    0.02
    0.33
    2.19
    0.42
    0.57
    0.03
    0.07
    0.02
    0.02
    0.02
    0.32
    0.02
    0.04
    0.71
    0.15
    0.43
    0.49
    0.17
    1.81
    1.81
    0.35
    0.17
    0.12
    0.08
    0.03
    0.80
    1.46
    0.96
    5.52
    0.06
    0.03
    0.11
    0.09
    0.10
    1.01
    0.01
    3.03
    3.17
    1.92
    0.10
    0.97
    0.12
    0.19
    0.10
    0.12
    0.18
    0.64
    0.33
    1.50
    0.97
    0.04
    0.31
    0.78
    0.95
    0.14
    0.26
    0.07
    0.67
    0.53
    0.25
    0.66
    0.20
    0.31
    0.02
    0.45
    0.34
    0.46
    0.24
    0.05
    0.79
    0.70
    0.33
    0.54
    0.15
    0.36
    0.05
    1.37
    0.16
    0.04
    0.03
    0.04
    0.10
    1.08
    4.60
    0.24
    0.09
    4.08
    0.28
    0.35
    0.20
    0.57
    1.61
    1.01
    0.01
    0.98
    0.16
    0.34
    0.20
    0.04
    0.88
    0.81
    0.75
    0.58
    0.52
    1.30
    1.05
    1.14
    0.02
    1.66
    0.08
    0.27
    0.07
    0.12
    0.14
    0.08
    0.10
    0.01
    1.57
    0.03
    0.02
    0.01
    0.09
    0.60
    0.54
    1.47
    0.07
    1.44
    0.08
    0.33
    3.01
    0.35
    2.73
    1.61
    0.81
    3.10
    0.10
    0.11
    0.03
    0.23
    0.41
    1.30
    1.33
    0.62
    0.04
    0.09
    0.10
    0.06
    0.69
    0.02
    0.31
    0.47
    0.04
    0.16
    0.02
    2.87
    0.11
    1.56
    0.83
    0.86
    0.09
    1.14
    1.49
    0.34
    0.46
    1.51
    0.11
    0.03
    0.54
    0.15
    1.37
    0.65
    0.03
    0.55
    0.04
    0.20
    0.11
    0.02
    1.11
    1.41
    0.08
    0.14
    0.07
    0.09
    0.04
    1.88
    0.02
    4.32
    0.11
    0.03
    1.86
    4.31
    0.68
    0.15
    0.16
    0.03
    0.54
    0.63
    0.08
    0.57
   36.33
    1.98
    0.81
    1.45
    0.03
    0.11
    0.53
    0.39
    0.47
    0.06
    0.05
    2.55
    0.05
    0.10
    0.53
    0.42
    1.68
    0.26
    0.04
    1.24
    0.61
    0.15
    0.20
    0.34
    0.50
    4.02
    0.84
    0.08
    0.13
    0.22
    0.33
    0.07
    0.07
    0.42
    0.64
    0.22
    0.05
    0.05
    0.36
    0.09
    0.14
    0.26
    0.10
    0.20
    0.05
    0.47
    1.07
    0.83
    1.82
    0.04
    0.02
   16.24
    0.78
    1.78
    0.04
    1.06
    0.02
    0.11
    7.16
    0.03
    0.08
    0.29
    0.05
    0.04
    0.04
    0.36
    0.23
    0.48
    0.32
    0.19
    0.27
    0.11
    7.98
    0.28
    0.11
    7.48
    2.33
    0.03
    0.53
    6.41
    0.81
    0.42
    0.78
    0.10
    0.69
    0.35
    0.05
    0.15
    3.05
    0.15
    0.25
    0.96
    0.66
    1.15
    0.47
    0.19
    0.06
    2.04
    0.43
    0.06
    0.11
    0.09
    0.02
    0.48
    0.12
    0.29
    0.67
    0.02
    0.06
    0.36
    0.09
    0.75
    2.12
    0.03
    0.08
    1.08
    0.10
    1.12
    0.13
    0.44
    0.08
    0.48
    0.04
    0.06
    0.99
    0.11
    1.09
    0.79
    0.20
    0.10
    1.83
    0.17
    0.10
    0.67
    1.31
    0.14
    0.29
    0.01
    1.06
    0.37
    0.20
    0.07
    0.03
    1.65
    1.57
    0.84
    0.11
    3.13
    5.00
    0.08
    1.14
    1.12
    0.38
    0.09
    0.08
    0.10
    0.08
    0.04
    0.29
    0.03
    0.11
    0.04
    0.11
    0.11
    0.01
    0.04
    0.37
    0.02
    0.08
    0.10
    0.15
    0.18
    0.76
    0.38
    0.08
    0.49
    0.37
    0.06
    0.20
    0.03
    0.08
    0.06
    5.30
    0.06
    0.04
    0.06
    0.49
    0.04
    0.09
    0.11
    0.09
    0.02
    0.05
    0.19
    9.76
    0.08
    0.69
    0.04
    0.03
    0.02
    0.15
    0.63
    0.03
    0.07
    5.31
    3.30
    1.53
    0.04
    0.46
    0.31
    1.11
    0.10
    2.12
    0.28
    0.17
    0.47
    0.46
    1.38
    0.08
    0.19
    1.09
    0.04
    2.10
    0.16
    0.44
    0.58
    1.17
    0.72
    0.03
    0.58
    0.32
    0.45
    0.17
    0.27
    0.21
    0.16
    0.10
    1.35
    0.19
    0.93
    0.05
    0.04
    1.62
    1.10
    0.73
    0.10
    1.51
    0.27
    0.65
    0.50
    0.04
    0.08
    0.11
    2.12
    0.29
    0.46
    0.17
    2.06
    1.87
    0.40
    0.39
    7.11
    0.05
    0.59
    2.94
    0.16
    0.02
    0.16
    0.55
    0.33
    0.04
    0.08
    0.22
    7.25
    2.78
    0.24
    0.97
    0.40
    0.16
    0.18
    0.27
    0.03
    0.02
    0.05
    0.57
    0.09
    0.02
    0.31
    0.07
    1.31
    1.08
    0.02
    2.02
    0.01
    0.94
    1.61
    0.29
    0.49
    1.25
    1.77
    0.50
    0.03
    0.60
    0.02
    8.78
    0.02
    1.83
    0.02
    0.06
    0.14
    0.35
    0.13
    0.11
    0.11
    1.42
    0.77
    0.06
    0.82
    0.42
    0.15
    0.95
    0.31
    0.03
    1.39
    0.08
    0.12
    0.06
    0.02
    0.19
    0.86
    0.39
    0.02
    1.74
    0.06
    0.21
    0.36
    0.74
    0.32
    0.74
    0.16
    0.08
    1.48
    0.03
    0.39
    0.09
    0.14
    0.17
    0.02
    1.58
    0.37
    0.13
    0.13
    0.25
    0.20
    0.03
    0.02
    0.11
    1.14
    0.02
    0.06
    0.11
    3.99
    0.01
    0.08
    0.34
    0.04
    0.03
    0.16
    0.22
    0.74
    0.07
    0.65
    0.19
    0.01
(8057 rows)

