 chp_mp 
   0.02
   0.71
   0.45
   0.10
   0.02
   0.30
   0.47
   0.31
   0.17
   0.25
   0.01
   0.55
   0.13
   0.02
   0.09
   0.15
   0.05
   1.19
   0.98
   0.08
   0.17
   0.03
   0.23
   0.03
   0.30
   0.02
   0.32
   0.86
   0.87
   0.69
   0.37
   0.51
   0.02
   0.52
   0.43
   0.13
   0.02
   0.02
   0.06
   0.05
   0.10
   0.22
   0.03
   0.54
   0.01
   0.05
   1.29
   0.14
   0.23
   0.49
   0.41
   0.12
   0.10
   0.81
   5.72
   0.13
   0.16
   0.79
   6.40
   0.49
   0.25
   0.39
   0.02
   0.01
   0.42
   0.96
   0.02
   0.02
   0.29
   0.58
   0.42
   0.82
   0.02
   1.00
   1.54
   0.02
   0.88
   1.15
   0.58
   0.07
   0.03
   0.55
   0.40
   0.02
   0.01
   0.12
   0.14
   0.04
   0.16
   0.32
   1.36
   0.42
   0.19
   0.07
   0.38
   0.33
   0.07
   0.37
   0.28
   0.03
   0.04
   1.61
   0.18
   0.10
   0.03
   0.42
   0.61
   1.27
   0.07
   0.71
   0.01
   0.03
   0.35
   0.62
   0.02
   0.78
   2.87
   0.37
   0.87
   0.31
   0.29
   1.14
   0.42
   0.84
   0.05
   0.15
   0.12
   1.49
   0.15
   0.85
   0.06
   0.76
   0.08
   0.49
   0.47
   0.03
   0.33
   0.02
   0.02
   0.08
   0.05
   0.69
   0.01
   1.15
   0.11
   0.04
   0.39
   4.55
   0.21
   0.59
   0.11
   0.02
   0.06
   0.74
   0.50
   1.50
   0.04
   0.02
   0.50
   0.02
   0.20
   0.01
   0.17
   0.05
   0.55
   0.06
   0.07
   0.12
   1.82
   0.07
   0.17
   0.06
   0.15
   0.57
   0.47
   0.47
   1.28
   1.17
   0.16
   0.10
   0.02
   0.05
   0.23
   0.07
   3.05
   0.63
   1.21
   0.61
   0.03
   0.07
   0.01
   0.42
   0.73
   0.64
   0.08
   0.16
   0.14
   0.04
   0.05
   4.36
   0.16
   0.02
   0.11
   0.09
   0.04
   0.12
   0.05
   0.02
   0.05
   0.02
   0.04
   0.64
   0.04
   0.03
   0.05
   0.04
   0.18
   0.10
   0.24
   1.82
   0.34
   0.13
   0.21
   0.11
   0.08
   0.12
   1.08
   0.06
   0.35
   0.03
   0.75
   0.60
   0.52
   0.27
   0.12
   0.66
   0.75
   0.06
   0.02
   0.43
   0.63
   0.15
   0.29
   0.04
   0.13
   0.54
   0.80
   0.84
   1.85
   0.52
   0.02
   1.26
   2.84
   1.01
   0.06
   0.15
   0.02
   0.12
   0.02
   0.34
   0.79
   0.54
   0.23
   0.39
   1.00
   0.03
   0.04
   0.73
   2.28
   0.09
   0.72
   4.18
   0.18
   0.03
   0.05
   0.20
   0.41
   1.20
   0.14
   0.13
   1.48
   0.02
   1.96
   0.12
   0.02
   0.05
   0.32
   0.02
   0.04
   0.19
   0.16
   0.01
   0.74
   0.26
   3.27
   4.52
   2.24
   0.31
   1.36
   0.34
   0.58
   0.72
   0.04
   0.03
   0.03
   0.02
   0.02
   0.05
   0.02
   0.40
   0.12
   0.27
   0.36
   0.82
  29.77
   0.02
   0.93
   0.06
   1.16
   0.12
   0.05
   0.44
   0.01
   0.08
   0.62
   0.13
   0.02
   0.06
   0.02
   0.16
   0.10
   0.04
   0.02
   0.42
   0.12
   1.08
   0.02
   1.90
   0.03
   0.33
   3.04
   0.02
   0.15
   0.80
   0.02
   0.43
   0.17
   0.45
   0.04
   0.06
   0.03
   1.09
   0.12
   0.03
   0.31
   0.16
   0.26
   0.21
   0.04
   0.70
   5.15
   0.09
   0.10
   0.08
   0.02
   0.11
   0.11
   0.28
   0.20
   0.10
   0.94
   0.39
   2.88
   0.06
   4.90
   0.18
   0.06
   1.06
   0.36
   0.21
   1.34
   0.05
   0.05
   5.52
   0.01
   1.84
   0.07
   0.42
   0.21
   0.16
   0.09
   0.10
   0.03
   0.05
   0.15
   0.11
   0.32
   0.21
   1.46
   2.24
   0.05
   0.99
   0.17
   0.48
   0.25
   0.42
   0.16
   0.83
   0.07
   0.09
   0.06
   0.08
   0.27
   0.02
   2.58
   0.07
   0.10
   0.11
   0.18
   0.04
   0.10
   0.41
   0.06
   0.14
   0.07
   0.05
   0.51
   0.16
   0.60
   0.03
   0.18
   0.03
   0.14
   0.49
   0.23
   0.18
   0.26
   0.08
   0.28
   0.10
   0.02
   0.06
   0.01
   0.25
   1.88
   0.06
   0.11
   0.22
   0.03
   0.60
   0.77
   1.13
   0.02
   0.25
   0.82
   1.05
   0.01
   0.76
   0.28
   0.45
   0.14
   0.13
   0.13
   0.03
   1.02
   0.14
   0.53
   0.22
   0.07
   0.02
   0.02
   0.15
   0.36
   1.10
   0.34
   0.15
   0.02
   0.27
   0.66
   0.17
   0.43
   0.82
   0.02
   0.32
   0.11
   0.21
   0.04
   0.10
   2.10
   0.15
   0.40
   0.30
   0.39
   0.07
   1.30
   0.20
   0.32
   0.27
   0.55
   0.12
   0.41
   0.02
   0.14
   0.38
   0.44
   1.08
   0.13
   0.02
   0.33
   0.04
   0.16
   0.14
   1.19
   0.08
   0.12
   0.16
   0.08
   0.05
   0.05
   0.56
   0.32
   0.01
   0.41
   0.06
   0.09
   0.34
   1.06
   0.16
   0.71
   0.21
   0.08
   0.02
   1.36
   0.06
   0.47
   0.30
   0.06
   0.69
   0.24
   0.88
   0.03
   1.69
   0.75
   0.03
   0.09
   0.42
   0.88
   0.04
   0.02
   0.03
   1.44
   0.85
   0.03
   0.35
   0.08
   0.38
   0.03
   0.02
   0.58
   0.02
   0.45
   0.13
   0.10
   0.12
   0.59
   0.33
   0.83
   0.25
   0.63
   0.28
   0.66
   0.57
   2.61
   6.79
   0.99
   2.03
   0.30
   0.78
   0.28
   0.66
   0.24
   0.18
   0.73
   0.24
  21.41
   0.58
   0.02
   0.26
   0.24
   0.19
   0.18
   0.07
   1.22
   0.81
   0.32
   0.58
   0.06
   0.07
   0.63
   0.02
   2.96
   0.06
   1.39
   1.09
   0.02
   0.05
   0.04
   0.02
   7.60
   0.02
   0.40
   0.18
   2.82
   0.06
   1.47
   0.12
   0.94
   0.16
   1.20
   0.34
   0.08
   4.55
   1.11
   0.02
   0.20
   3.28
   0.31
   0.44
   0.01
   1.10
   0.28
   0.58
   0.10
   0.05
   0.16
   0.25
   0.47
   0.02
   0.02
   0.03
   0.04
   0.71
   0.09
   0.82
   0.12
   0.06
   0.33
   0.40
   0.35
   0.43
   1.10
   0.32
   0.34
   1.04
   3.41
   0.02
   0.09
   0.38
   0.08
   0.05
   1.47
   0.49
   0.03
   0.02
   0.05
   0.04
   0.04
   0.19
   0.43
   0.08
   0.72
   0.21
   0.27
   0.39
   1.00
   0.02
   2.19
   0.34
   0.12
   0.02
   0.06
   1.79
   0.11
   0.06
   0.11
   0.03
   0.71
   0.35
   0.05
   0.03
   0.83
   0.76
   0.20
   0.55
   0.29
   0.05
   0.07
   2.55
   0.31
   1.05
   0.72
   1.01
   2.03
   0.50
   0.33
   0.13
   0.17
   0.01
   0.15
   0.02
   0.02
   0.01
   0.27
   0.06
   0.03
   0.04
   0.10
   1.52
   0.07
   0.03
   0.09
   2.70
   4.64
   0.01
   0.03
   0.25
   0.03
   1.74
   0.05
   0.14
   0.04
   0.06
   0.04
   0.33
   2.30
   0.65
   0.26
   0.05
   0.05
   0.20
   0.21
   0.01
   0.37
   0.96
   0.05
   0.72
   1.24
   0.76
   4.94
   0.08
   0.17
   0.20
   0.03
   2.95
   2.15
   0.87
   0.30
   0.18
   0.02
   0.71
   0.22
   2.93
   1.15
   0.18
   0.04
   0.46
   0.16
   0.30
   0.02
   0.27
   1.79
   0.22
   0.53
   1.91
   0.62
   1.21
   0.86
   1.55
   0.08
   0.55
   0.04
   0.02
   0.04
   0.05
   2.78
   0.02
   0.06
   2.48
   0.65
   0.11
   0.02
   0.31
   0.02
   0.19
   0.78
   0.38
   0.07
   1.20
   0.79
   0.04
   0.13
   0.40
   0.02
   0.06
   0.02
   0.04
   0.03
   0.14
   0.07
   4.25
   0.38
   1.33
   0.05
   0.02
   0.03
   0.22
   1.11
   0.02
   0.13
   0.05
   0.42
   0.07
   0.32
   0.57
   0.09
   0.54
   0.05
   2.74
   0.02
   0.02
   1.23
   0.69
   0.04
   0.39
   0.06
   0.84
   0.14
   0.26
   1.99
   0.21
   0.05
   0.25
  10.15
   3.34
   4.75
   0.03
   4.37
   0.25
   0.13
   0.02
   0.17
   0.40
   0.25
   0.61
   0.54
   0.04
   0.08
   0.16
   1.18
   0.02
   0.02
   0.31
   0.06
   0.19
   0.37
   0.51
   0.09
   0.19
   0.42
   0.38
   0.68
   0.63
   0.73
   3.46
   0.16
   0.05
   0.15
   0.05
   0.06
   1.12
   1.13
   0.55
   0.02
   0.65
   1.27
   0.57
   0.12
   0.23
   0.67
   0.50
   1.71
   0.51
   0.99
   0.35
   0.05
   1.09
   0.29
   1.42
   0.50
   0.58
   0.05
   0.47
   1.83
   0.28
   0.70
   0.12
   0.36
   0.07
   0.07
   0.07
   1.89
   0.13
   0.02
   0.13
   0.19
   0.04
   0.95
   0.11
   0.15
   0.23
   0.03
   0.14
   0.49
   0.08
   0.08
   0.04
   0.11
   0.03
   0.29
   0.08
   2.14
   0.95
   0.33
   0.04
   1.91
   0.09
   0.05
   0.04
   0.08
   4.55
   0.55
   0.70
   0.20
   0.03
   0.09
   0.10
   0.92
   0.35
   0.08
   0.02
   0.16
   0.13
   0.14
   1.57
   9.91
   0.14
   0.60
   0.02
   0.20
   1.16
   1.35
   0.34
   0.87
   0.38
   0.16
   0.13
   0.61
   1.76
   0.02
   0.65
   0.32
   0.93
   0.08
   0.78
   0.11
   0.06
   0.23
   0.05
   1.61
   0.04
   0.06
   0.10
   0.07
   0.84
   0.03
   0.35
   0.38
   0.90
   0.42
   0.11
   0.10
   0.02
   0.29
   0.06
   0.02
   0.19
   0.54
   0.52
   0.04
   0.08
   1.52
   0.75
   0.28
   0.09
   0.60
   0.15
   0.02
   0.31
   0.01
   0.34
   0.75
   2.37
   0.16
   0.36
   0.19
   0.53
   0.05
   0.02
   0.02
   0.15
   0.04
   1.34
   0.93
   0.27
   0.18
   0.13
   0.47
   2.06
   0.13
   0.10
   0.07
   0.03
   0.02
   0.10
   0.04
   8.26
   0.51
   0.04
   0.04
   0.15
   0.37
   0.12
   0.66
   0.21
   0.32
   0.01
   0.11
   0.06
  13.64
   0.49
   0.12
   0.14
   1.69
   0.10
   0.26
   0.23
   0.07
   0.38
   0.15
   0.30
   0.33
   0.02
   0.58
   0.07
   0.10
   0.45
   0.02
   1.25
   0.66
   0.57
   0.07
   0.05
   1.11
   0.85
   0.16
   0.39
   0.23
   0.23
   0.32
   0.02
   2.82
   0.08
   0.05
   1.05
   0.05
   1.40
   0.53
   0.03
   0.29
   0.04
   2.69
   0.40
   3.83
   0.10
   0.41
   0.05
   0.21
   0.03
   0.04
   3.55
   0.34
   0.03
   0.08
   0.04
   0.62
   0.64
   0.07
   0.65
   0.12
   0.02
   0.12
   0.12
   0.10
   0.21
   0.03
   0.24
   0.01
   3.16
   0.01
   0.02
   0.45
   0.06
   0.02
   1.72
   0.37
   0.83
   0.83
   0.15
   0.23
   0.01
   0.02
   0.05
   0.57
   0.02
   0.04
   2.32
   0.45
   0.50
   8.03
   0.19
   0.02
   0.03
   0.43
   0.05
   0.19
   0.44
   0.94
   0.31
   0.83
   0.04
   0.10
   3.25
   1.16
   1.08
   0.20
   0.40
   0.01
   0.26
   0.02
   0.11
   0.47
   0.32
   0.12
   1.41
   0.17
   1.78
   0.04
   0.17
   0.02
   0.08
   0.06
   0.10
   0.49
   0.11
   0.76
   0.35
   0.18
   0.13
   2.76
   1.70
   0.35
   0.60
   0.17
   0.10
   0.02
   1.53
   2.07
   0.11
   0.61
   1.25
   0.24
   0.02
   0.01
   1.83
   0.29
   0.13
   0.18
   0.11
   0.29
   0.47
   0.55
   0.12
   1.15
   0.68
   0.30
   1.09
   0.35
   0.04
   0.06
   0.11
   0.41
   0.51
   0.04
   0.02
   1.86
   0.03
   0.59
   0.10
   0.02
   0.08
   3.20
   0.16
   0.02
   0.02
   0.02
   0.11
   0.05
   0.17
   0.28
   0.15
   0.57
   0.04
   0.06
   0.22
   0.66
   0.17
   0.19
   0.11
   0.13
   0.72
   0.09
   0.19
   0.03
   2.04
   0.04
   0.02
   0.56
   0.12
   0.09
   0.08
   0.08
   0.01
   0.15
   0.12
   0.11
   0.25
   0.31
   0.51
   0.08
   0.30
   0.02
   0.03
   0.09
   0.14
   1.11
   0.06
   0.04
   0.13
   0.81
   0.20
   0.24
   0.02
   0.72
   0.03
   0.71
   0.01
   0.23
   0.44
   8.58
   0.09
   0.07
   0.02
   0.26
   0.31
   0.41
   0.02
   0.27
   0.19
   0.55
   0.32
   0.14
   0.22
   0.24
   0.04
   0.05
   0.50
   0.19
   0.01
   0.33
   0.13
   1.00
   0.55
   0.77
   0.02
   0.04
   0.18
   2.37
   0.06
   0.06
   0.28
   0.04
   0.04
   2.30
   1.04
   0.01
   0.02
   0.08
   0.17
   0.07
   0.23
   0.48
   0.02
   0.03
   0.17
   0.11
   0.01
   0.06
   0.06
   0.02
   0.02
   0.14
   0.04
   0.21
   0.50
   0.36
   0.10
   0.19
   0.24
   0.10
   0.05
   0.10
   0.30
   0.59
   0.33
   0.43
   0.04
   0.27
   0.10
   0.04
   0.54
   0.46
   0.31
   0.03
   0.34
   0.25
   1.31
   0.06
   0.70
   0.03
   0.08
   0.03
   1.33
   0.06
   0.07
   0.83
   0.02
   0.14
   0.18
   0.18
   1.09
   1.69
   0.13
   3.37
   2.57
   1.71
   0.12
   0.22
   0.49
   0.50
   1.02
   0.06
   0.02
   0.02
   0.01
   0.11
   0.02
   0.04
   0.16
   0.12
   3.44
   0.46
   0.71
   0.02
   0.12
   0.02
   0.16
   0.25
   0.04
   0.12
   0.64
   0.02
   0.02
   1.42
   0.17
   0.51
   2.20
   0.18
   1.57
   1.23
   0.05
   0.22
   0.13
   0.10
   1.41
   0.02
   0.47
   1.33
   0.21
   0.17
   0.05
   0.05
   0.05
   0.04
   0.13
   0.55
   0.04
   0.02
   0.15
   0.47
   0.72
   0.02
   0.13
   0.02
   0.04
   0.06
   0.68
   2.34
   0.24
   1.75
   1.06
   1.25
   1.23
   0.65
   0.43
   0.27
   0.42
   0.72
   0.35
   0.02
   0.06
   1.59
   0.02
   0.08
   0.05
   0.55
   1.81
   0.77
   0.26
   0.57
   0.08
   0.82
   1.60
   0.14
   0.16
   0.04
   0.04
   0.03
   1.11
   0.05
   0.50
   0.02
   1.68
   0.33
   0.62
   0.30
   0.01
   0.17
   0.29
   0.16
   0.56
   0.36
   0.02
   1.18
   0.02
   0.85
   0.37
   0.34
   0.04
   0.04
   0.35
   0.02
   0.46
   0.13
   0.02
   0.13
   0.09
   0.04
   0.05
   0.02
   0.08
   0.02
   7.81
   0.11
   0.08
   0.01
   0.30
   0.28
   0.29
   0.01
   0.12
   0.04
   0.08
   0.47
   5.49
   1.06
   0.31
   9.68
   0.07
   0.66
   0.01
   0.16
   0.25
   0.74
   0.84
   0.33
   0.04
   0.03
   0.17
   0.30
   0.06
   0.04
   0.57
   0.30
   0.18
   0.04
   0.25
   0.03
   5.05
   0.54
   0.14
   0.21
   0.02
   0.22
   0.66
   1.88
   0.23
   0.04
   0.18
   0.02
   0.01
   0.31
   0.04
   0.81
   0.22
   0.83
   0.82
   0.26
   0.68
   0.02
   0.11
   0.04
   0.27
   0.03
   0.11
   1.99
   0.36
   0.15
   0.05
   0.03
   5.97
   0.11
   0.02
   0.48
   0.39
   1.62
   0.90
   0.04
   0.75
   0.38
   0.19
   0.90
   1.15
   0.41
   0.02
   0.35
   0.53
   0.63
   0.03
   0.04
   0.01
   0.04
   0.01
   0.03
   0.06
   0.09
   0.06
   0.02
   0.06
   0.84
   0.08
   0.33
   0.56
   0.97
   0.44
   1.72
   0.06
   0.16
   0.12
   0.20
   1.55
   0.04
   0.08
   0.08
   0.85
   0.65
   0.02
   0.15
   0.06
   0.36
   0.28
   0.15
   0.29
   1.49
   0.05
   0.02
   0.35
   0.50
   0.34
   0.57
   0.03
   0.20
   0.79
   0.39
   0.81
   0.22
   0.41
   0.27
   1.38
   0.43
   0.39
   0.22
   0.06
   0.05
   0.34
   0.31
   0.19
   0.22
   0.05
   0.74
   0.02
   0.39
   0.65
   1.99
   0.74
   0.03
   0.15
   0.67
   0.34
   0.72
   0.10
   0.30
   0.51
   1.28
   0.06
   0.47
   1.45
   1.50
   0.27
   0.75
   2.47
   0.96
   0.24
   0.10
   0.64
   0.14
   0.59
   0.96
   0.12
   0.44
   0.11
   0.42
   3.92
   0.13
   0.19
   0.74
   1.27
   0.26
   1.62
   0.02
   0.71
   1.79
   1.20
   0.04
   1.25
   0.40
   2.45
   0.45
   0.02
   2.38
   0.30
   2.58
   0.06
   0.61
   0.06
   1.12
   0.56
   0.13
   0.43
   1.22
   0.60
   0.91
   0.96
   1.27
   0.44
   0.33
   0.09
   0.62
   3.41
   0.26
   0.08
   0.16
   0.40
   1.28
   0.18
   0.87
   0.07
   0.03
   0.11
   3.66
   0.01
   3.11
   0.04
   0.04
   1.30
   0.29
   0.13
   0.62
   0.74
   5.09
   0.18
   0.31
   0.30
   0.07
   0.59
   0.33
   0.41
   3.79
   0.10
   0.11
   0.44
   0.06
   0.22
   0.02
   0.17
   0.15
   0.13
   0.02
   0.04
   0.26
   1.40
   0.01
   5.00
   0.22
   0.05
   0.69
   0.13
   1.40
   0.65
   1.18
   0.02
   1.50
   0.35
   4.19
   0.03
   0.78
   2.10
   2.56
   0.52
   0.23
   0.74
   1.73
   0.37
   1.66
   0.14
   0.40
   0.06
   0.02
   1.22
   0.74
   1.74
   0.66
   0.52
   1.16
   0.23
   0.09
   0.10
   0.09
   0.08
   6.50
   4.12
   0.01
   0.32
   0.32
   0.86
   0.11
   0.26
   0.06
   0.52
   0.22
   0.05
   0.13
   0.13
   0.08
   0.67
   1.73
   0.32
   0.05
   0.09
   0.04
   1.21
   1.78
   0.05
   0.20
   0.03
   0.05
   0.70
   0.25
   0.39
   0.19
   0.07
   1.00
   0.02
   0.41
   1.13
   1.45
   0.03
   0.09
   0.65
   0.31
   0.21
   0.04
   0.04
   0.71
   0.03
   1.98
   0.01
   0.05
   0.06
   0.50
   0.67
   1.35
   1.39
   0.39
   0.27
   0.40
   2.37
   0.02
   0.52
   0.04
   0.13
   0.23
   0.13
   0.04
   0.07
   0.02
   0.04
   0.02
   0.08
   0.09
   0.06
   0.74
   0.25
   1.22
   0.63
   0.02
   0.06
   0.13
   0.01
   0.45
   0.76
   0.49
   0.37
   1.89
   0.69
   0.74
   0.25
   0.61
   0.01
   0.36
   0.08
   0.54
   2.46
   0.03
   0.10
   0.02
   0.01
   0.44
   0.12
   0.08
   0.21
   0.04
   0.07
   0.16
   0.10
   0.31
   0.34
   0.14
   1.65
   0.33
   0.37
   0.02
   0.18
   0.63
   0.06
   0.34
   0.05
   0.18
   0.08
   0.01
   0.64
   0.20
   0.18
   0.08
   0.03
   0.89
   1.45
   1.32
   0.02
   0.05
   0.49
   0.02
   0.66
   0.30
   0.48
   0.17
   0.13
   0.29
   0.34
   0.06
   1.02
   0.04
   0.07
   0.10
   0.02
   0.02
   0.31
   0.08
   0.04
   0.14
   0.08
   1.62
   2.82
   0.03
   1.27
   1.41
   0.15
   1.60
   0.29
   0.17
   0.14
   1.29
   1.84
   0.04
   0.56
   1.22
   0.53
   0.30
   0.04
   0.04
   0.55
   0.22
   0.25
   0.20
   0.48
   0.04
   0.16
   0.04
   0.05
   0.31
   0.05
   0.02
   0.06
   0.06
   0.22
   0.02
   0.05
   1.24
   2.46
   0.16
   2.72
   0.09
   0.47
   0.15
   0.29
   3.96
   1.86
   0.41
   0.02
   1.99
   1.99
   0.09
   1.36
   2.21
  26.39
   0.04
   0.12
   3.06
   0.05
   0.13
   0.04
   0.52
   0.50
   0.62
   0.07
   0.15
   1.33
   0.01
   0.23
   0.01
   0.04
   4.57
   0.10
   0.39
   1.84
   0.50
   3.99
   5.97
   1.36
   0.71
   0.06
   0.10
   0.09
   0.02
   0.11
   0.28
   0.14
   0.01
   0.02
   1.28
   1.33
   0.15
   0.14
   0.27
   0.07
   0.07
   0.10
   1.18
   0.04
   0.12
   0.02
   0.09
   0.74
   2.21
   0.01
   0.08
   0.07
   0.29
   0.31
   0.07
   0.26
   0.21
   0.08
   0.12
   2.75
   0.57
   0.04
   0.01
   0.02
   0.96
   0.02
   0.07
   1.00
   0.07
   0.02
   1.45
   1.32
   1.03
   0.18
   0.09
   0.06
   0.43
   0.04
   0.02
   0.13
   0.69
   0.10
   0.41
   0.18
   0.20
   0.34
   3.51
   0.05
   0.10
  23.85
   2.05
   0.38
   0.08
   0.03
   0.10
   0.44
   0.06
   0.04
   0.01
   0.09
   0.07
   0.10
   0.05
   0.01
   0.13
  14.46
   0.57
   0.31
   0.07
   0.19
   0.05
   0.48
   0.02
   1.09
   0.25
   0.20
   0.84
   0.13
   0.16
   0.26
   0.07
   0.32
   0.22
   0.30
   0.27
   1.16
   0.52
   0.12
   0.06
   0.13
   0.13
   0.66
   0.57
   0.83
   0.21
   0.06
   0.01
   0.04
   0.04
   1.12
   1.37
   0.85
   0.39
   1.95
   0.33
   1.57
   1.12
   0.07
   0.12
   0.11
   0.55
   0.74
   0.49
   0.32
   0.13
   0.92
   0.15
   0.05
   0.21
   0.19
   0.17
   0.65
   0.07
   0.05
   0.02
   0.10
   0.01
   1.15
   0.19
   0.27
   1.81
   0.07
   1.90
   0.55
   0.12
   0.22
   0.35
   0.30
  11.82
   0.33
   0.68
   4.95
   1.30
   0.02
   0.88
   2.25
   2.12
   0.61
   0.25
   0.02
   0.20
   1.19
   0.03
   0.01
   0.09
   0.01
   0.02
   0.12
   0.02
   0.04
   0.27
   0.43
   0.10
   0.99
   0.05
   0.14
   0.04
   0.10
   0.04
   0.08
   0.77
   0.20
   1.46
   0.14
   0.03
   0.10
   0.15
   0.09
   0.16
   0.04
   0.03
   4.73
   2.27
   9.75
   0.12
   1.43
   0.21
   0.59
   3.20
   0.02
   0.08
   0.08
   0.06
   0.13
   1.04
   1.39
   0.08
   1.00
   0.39
   0.14
   2.18
   0.09
   0.02
   0.06
   0.07
   0.17
   0.11
   0.03
   0.11
   0.01
   0.01
   0.02
   0.85
   0.36
   1.97
   0.02
   0.13
   0.01
   0.93
   0.75
   0.52
   0.04
   0.02
   0.17
   0.09
   1.18
   0.02
   0.39
   0.45
   1.68
   0.84
   1.76
   0.38
   0.08
   0.31
   0.04
   0.18
   0.19
   0.01
   0.38
   0.18
   0.86
   0.30
   0.62
   0.07
   0.04
   0.38
   0.32
   0.04
   0.99
   0.02
   0.78
   0.08
   0.02
   0.18
   0.02
   0.45
   0.01
   0.01
   0.01
   0.06
   0.23
   0.06
   0.09
   0.12
   2.76
   0.07
   0.04
   0.02
   0.17
   0.33
   0.06
   0.07
   0.74
   0.02
   0.08
   0.02
   0.02
   1.36
   0.03
   1.49
   0.01
   0.32
   0.12
   0.49
   1.79
   0.64
   0.45
   0.56
   0.09
   4.97
   1.20
   0.80
   0.26
   0.22
   0.11
   0.10
   0.07
   0.13
   5.66
   0.28
   0.22
   0.09
   0.30
   0.20
   1.69
   0.07
   0.61
   0.24
   0.02
   0.42
   0.13
   0.38
   0.69
   0.49
   0.02
   0.03
   1.47
   0.02
   0.01
   0.94
   0.10
   0.78
   0.19
   0.98
   0.34
   1.13
   0.02
   0.02
   0.02
   0.02
   0.17
   0.20
   2.63
   0.48
   6.66
   0.02
   0.67
   0.43
   1.05
   0.13
   0.68
   0.04
   0.70
   0.04
   0.16
   4.52
   0.21
   0.07
   0.02
   0.22
   0.15
   0.86
   0.17
   0.02
   0.11
   0.13
   0.06
   0.01
   8.40
   0.02
   4.89
   0.04
   2.84
   0.04
   0.54
   0.19
   0.27
   0.93
   0.45
   0.04
   0.05
   0.29
   0.03
   0.22
   1.58
   0.51
   0.19
   0.10
   0.56
   0.13
   0.28
   0.07
   0.10
   0.12
   1.10
   0.12
   0.09
   0.17
   0.10
   0.26
   0.16
   0.11
   0.11
   0.56
   0.03
   0.03
   0.03
   0.02
   0.22
   0.47
   0.05
   0.24
   0.06
   0.44
   0.10
   0.12
   0.03
   0.69
   0.07
   0.03
   0.20
   0.65
   0.08
   0.45
   0.63
   0.04
   0.05
   0.27
   0.26
   0.74
   0.51
   0.50
   0.21
   0.05
   1.22
   0.83
   4.98
   0.14
   0.74
   1.14
   0.56
   0.04
   0.19
   0.03
   3.14
   0.08
   0.09
   1.06
   0.02
   0.50
   0.34
   0.10
   0.02
   0.03
   0.70
   0.33
   0.05
   0.13
   0.06
   0.02
   0.03
   0.44
   0.06
   0.53
   0.04
   0.67
   0.05
   0.17
   0.01
   0.16
   0.07
  13.52
   1.17
   0.31
   0.19
   0.02
   0.21
   0.02
   0.22
   0.20
   0.56
   1.93
   0.30
   0.78
   0.14
   0.04
   1.56
   0.04
   1.09
   0.18
   0.23
   0.75
   0.19
   0.83
   0.12
   0.02
   0.62
   0.07
   0.39
   7.62
   0.12
   1.08
   0.31
   0.58
   0.04
   0.10
   0.05
   0.66
   0.49
   0.02
   0.15
   0.17
   0.17
   0.06
   0.09
   0.15
   0.06
   0.02
   0.06
   0.04
   0.16
   0.73
   1.72
   0.43
   0.31
   2.54
   0.44
   0.13
   0.71
   0.09
   0.34
   0.93
   1.10
   3.27
   0.30
   0.50
   0.88
   0.21
   0.41
   0.25
   0.22
   0.42
   0.38
   0.06
   0.10
   0.51
   0.40
   0.19
   0.10
   0.12
   0.14
   0.06
   0.19
   0.47
   2.55
   1.18
   0.33
   7.53
   0.06
   1.47
   0.35
   0.11
   0.03
   0.89
   0.04
   0.09
   0.16
   0.19
   5.91
   0.53
   0.52
   0.10
   0.02
   1.43
   0.03
   0.05
   0.18
   1.27
   0.90
   0.93
   1.15
   0.66
   0.29
   0.02
   9.36
   1.35
   0.87
   0.08
   0.12
   0.16
   0.27
   0.18
   0.01
   0.02
   0.14
   0.10
   0.75
   0.01
   0.05
   0.40
   0.06
   0.51
   0.38
   0.31
   4.29
   0.13
   0.04
   0.12
   0.29
   0.07
   0.02
   0.22
   0.07
   1.32
   0.04
   0.08
   0.01
   0.87
   0.38
   0.97
   0.97
   0.28
   0.04
   0.13
   0.05
   0.03
   0.08
   0.02
   0.49
   0.05
   0.61
   1.36
   0.02
   0.25
   0.01
   0.04
   0.02
   0.05
   3.45
   0.02
   0.07
   0.02
   0.36
   0.40
   1.80
   1.05
   0.22
   0.50
   0.35
   1.87
   0.81
   0.69
   1.35
   0.03
   2.31
   0.03
   0.28
   0.01
   3.26
   0.95
   0.76
   0.85
   0.51
   0.32
   4.25
   1.53
   0.04
   0.08
   0.22
   0.06
   1.63
   0.03
   0.02
   0.88
   0.96
   0.16
   0.10
   0.16
   0.02
   0.55
   1.55
   5.40
   0.09
   0.28
   0.13
   1.30
   0.52
   1.20
   0.62
   0.64
   0.12
   0.27
   0.15
   0.20
   0.02
   0.99
   0.20
   1.28
   0.02
   0.05
   0.69
   0.13
   0.08
   0.06
   0.15
   0.93
   0.09
   0.53
   0.66
   1.59
   1.56
   0.19
   0.06
   2.82
   0.36
   0.06
   0.04
   0.02
   2.24
   0.23
   0.06
   0.08
   0.04
   0.67
   0.06
   0.02
   0.26
   0.02
   0.02
   0.29
   3.41
   0.87
   1.64
   0.37
   0.05
   0.37
   0.18
   1.08
   0.31
   1.08
   1.12
   0.25
   0.26
   0.06
   0.06
   0.09
   0.08
   1.15
   0.02
   0.80
   0.09
   0.71
   5.93
   1.70
   0.36
   3.38
   0.08
   0.41
   0.05
   0.02
   0.04
   0.04
   0.10
   0.04
   1.18
   0.17
   0.31
   1.69
   0.29
   0.96
   0.04
   3.22
   0.02
   0.06
   0.03
   0.02
   0.26
   0.02
   0.48
   0.05
   0.15
   0.38
   0.05
   0.42
   0.02
   1.98
   2.19
   0.27
   0.12
   0.11
   0.12
   0.05
   1.34
   0.27
   0.33
   2.24
   0.12
   0.10
   0.17
   0.06
   0.01
   0.26
   0.28
   0.35
   0.87
   0.07
   0.80
   0.10
   0.10
   0.83
   0.05
   0.05
   0.37
   0.01
   1.25
   0.41
   0.51
   0.08
   0.03
   0.10
   0.08
   0.57
   0.04
   0.04
   0.06
   0.09
   1.10
   0.04
   1.66
   0.30
   0.40
   0.26
   0.10
   0.15
   0.09
   0.06
  14.82
   0.04
   0.69
   0.49
   0.08
   0.45
   0.17
   0.08
   0.17
   0.03
   0.12
   0.02
   0.02
   0.08
   0.33
   1.52
   0.33
   0.18
   0.81
   0.04
   1.15
   0.02
   0.96
   1.19
   0.55
   0.18
   0.06
   0.08
   0.06
   0.74
   0.04
   0.23
   0.14
   0.39
   0.12
   0.04
   0.28
   0.08
   0.15
   0.34
   0.01
   0.05
   0.02
   0.09
   1.61
   0.01
   0.01
   0.02
   0.60
   0.59
   0.10
   0.04
   0.04
   0.02
   0.08
   0.25
   0.03
   0.62
   0.79
   0.39
   0.04
   0.04
   1.00
   0.45
   0.02
   0.02
   0.03
   0.09
   1.18
   0.52
   0.25
   0.49
   0.04
   0.85
   1.38
   0.52
   0.49
   0.43
   1.49
   0.04
   0.32
   0.14
   0.05
   0.40
   0.21
   1.44
   0.08
   0.84
   1.60
   0.31
   0.19
   0.46
   0.31
   0.03
   1.95
   0.08
   0.06
   0.02
   0.18
   0.13
   0.11
   0.19
   0.01
   0.29
   0.01
   0.18
   0.05
   0.18
   0.12
   0.05
   0.57
   0.91
   1.68
   5.09
   0.05
   0.56
   0.14
   1.56
   0.01
   0.03
   2.63
   0.69
   0.05
   0.20
   0.16
   0.08
   4.35
   0.66
   0.36
   0.26
   1.12
   0.14
   0.78
   0.29
   0.22
   0.90
   3.17
   0.29
   0.26
   0.05
   1.63
   0.16
   0.05
   0.03
   0.11
   0.16
   0.09
   0.02
   0.43
   2.36
   0.02
   0.20
   0.38
   0.17
   0.07
   0.31
   0.46
   1.54
   2.33
   0.03
   0.11
   1.06
   0.36
   0.71
   0.16
   0.07
   0.77
   0.02
   0.82
   0.02
   1.62
   0.47
   0.02
   0.06
   0.07
   0.06
   0.28
   0.44
   0.21
  18.28
   8.41
   0.57
   0.22
   0.04
   0.20
   0.65
   3.58
   0.44
   1.57
   0.10
   0.72
   0.08
   0.09
   2.97
   0.31
   0.28
   0.03
   1.42
   1.36
   0.70
   0.36
   0.02
   0.58
   0.02
   6.43
   0.83
   0.52
   0.10
   0.93
   0.24
   0.02
   1.10
   0.08
   0.95
   2.95
   0.21
   0.03
   0.02
   3.20
   0.05
   0.50
   3.42
   0.06
   0.53
   1.16
   0.32
   0.08
   0.04
   0.42
   0.33
   0.04
   0.62
   0.90
   0.41
   0.16
   0.13
   0.02
   0.10
   0.02
   0.05
  15.18
   0.25
   0.06
   0.11
   0.02
   0.31
   0.03
   1.36
   0.04
   0.75
   0.25
   1.24
   0.09
  14.60
   0.10
   0.13
   0.01
   0.39
   0.49
   0.01
   0.31
   0.05
   0.03
   1.33
   0.44
   0.95
   0.05
   0.09
   0.02
   0.04
   0.28
   0.19
   0.01
   0.79
   1.17
   1.69
   0.13
   0.05
   0.43
   0.09
   0.23
   1.10
   0.13
   0.11
   0.16
   0.10
   0.77
   0.05
   0.08
   0.47
   0.07
   0.34
   0.08
   1.01
   0.82
   1.12
   0.19
   0.15
   0.15
   0.03
   0.28
   0.02
   0.64
   0.26
   0.12
   0.20
   0.07
   0.04
   0.24
   0.26
   0.10
   0.18
   0.32
   0.78
   0.98
   1.08
   0.38
   0.01
   0.41
   0.11
   0.39
   0.31
   0.22
   1.02
   0.02
   0.06
   0.97
   0.07
   0.10
   0.95
   0.85
   0.02
   0.84
   0.10
   1.52
   0.06
   0.08
   1.81
   0.38
   0.30
   0.05
   0.22
   0.26
   0.04
   0.09
   0.13
   0.12
   0.24
   0.01
   0.02
   0.59
   0.42
   0.92
   0.40
   0.15
   0.30
   0.12
   0.01
   3.58
   0.07
   0.17
   0.29
   0.09
   0.16
   0.09
   0.38
   0.28
   0.08
   0.88
   0.04
   0.19
   0.07
   0.02
  16.91
   0.01
   0.02
   0.25
   2.27
   0.04
   0.61
   0.10
   1.11
   0.18
   0.28
   1.04
   0.05
   0.29
   0.91
   0.95
   0.15
   3.50
   0.14
   0.71
   0.15
   4.69
   3.47
   0.04
   0.56
   0.03
   0.25
   0.14
   1.79
   0.03
   0.03
   0.87
   0.24
   0.03
   0.60
   0.69
   2.40
   0.79
   1.26
   1.20
   3.15
   0.16
   0.86
   0.96
   4.95
   1.02
   1.43
   0.18
   0.48
   0.55
   0.28
   0.15
   0.99
   0.24
   0.26
   0.25
   1.13
   0.13
   0.12
   0.04
   0.25
   0.07
   0.03
   0.14
   0.01
   0.02
   0.45
   0.11
   0.10
   0.35
   0.95
   1.32
   0.30
   3.61
   1.22
   0.02
   0.18
   1.37
   0.15
   0.04
   0.16
   0.50
   0.07
   0.75
   0.04
   0.11
   0.07
   0.42
   0.04
   0.97
   0.45
   0.97
   0.36
   0.95
   0.32
   0.03
   0.02
   0.05
   0.21
   1.06
   0.37
   0.03
   0.26
   0.48
   0.35
   0.24
   0.01
   0.33
   0.70
   0.01
   0.10
   0.21
   0.03
   0.01
   1.37
   0.59
   0.02
   0.42
   0.65
   0.11
   0.90
   0.06
   2.25
   2.87
   0.50
   0.03
   1.12
   0.21
   0.12
   1.72
   0.17
   0.06
   0.60
   0.47
   1.13
   0.08
   0.19
   0.60
   2.81
   3.94
   0.12
   0.04
   0.06
   0.03
   0.81
   2.31
   0.19
   0.07
   0.68
   0.03
   0.12
   0.01
   0.42
   0.21
   7.09
   9.12
   0.09
   0.21
   0.07
   0.07
   0.04
   0.14
   0.07
   0.06
   0.12
   0.01
   0.37
   0.80
   2.74
   0.37
   0.19
   0.01
   1.08
   0.87
   6.10
   0.16
   0.58
   0.15
   0.02
   0.25
   0.53
   0.19
   0.08
   0.59
   0.81
   0.02
   0.04
   0.24
   0.04
   0.06
   0.03
   0.21
   0.23
   0.10
   0.65
   0.32
   0.03
   0.97
   0.08
   3.64
   0.72
   0.04
   3.51
   0.11
   0.02
   4.14
   0.17
   0.17
   0.33
   0.97
   0.06
   0.14
   0.25
   0.09
   0.10
   0.03
   0.57
   0.21
   0.49
   0.04
   0.41
   0.01
   0.01
   0.02
   1.34
   0.16
   1.70
   0.50
   0.08
   0.10
   0.04
   0.04
   0.53
   6.23
   0.31
   0.18
   0.18
   0.03
   0.08
   1.11
   0.04
   0.08
   3.92
   0.16
   0.02
   0.45
   0.02
   0.67
   0.11
   0.33
   0.04
   0.15
   1.34
   0.06
   0.34
   3.11
   0.21
   0.06
   0.09
   0.01
   0.21
   0.50
   0.07
   0.05
   0.21
   0.51
   3.54
   2.15
   0.04
   2.64
   0.40
   0.24
   0.10
   0.01
   0.15
   0.08
   0.06
   0.31
   0.11
   0.03
   0.29
   0.54
   2.90
   0.19
   0.02
   0.34
   0.04
   1.48
   0.02
   0.11
   0.04
   0.01
   0.01
   0.23
   0.13
   0.08
   0.05
   1.36
   0.22
   0.46
   0.23
   0.48
   0.08
   0.02
   0.08
   0.24
   0.74
   0.06
   0.43
   0.05
   0.04
   0.14
   0.67
   0.24
   0.02
   0.01
   1.74
   3.57
   0.03
   0.14
   1.75
   0.22
   0.02
   0.05
   1.30
   0.02
   0.28
   0.80
   0.03
   0.40
   0.06
   3.05
   0.04
   0.08
   0.87
   0.04
   1.33
   0.02
   0.63
   0.34
   0.50
   0.41
   0.89
   0.62
   0.03
   0.16
   0.61
   1.12
   0.09
   1.46
   0.40
   0.03
   0.03
   0.04
   0.17
   0.76
   0.37
   0.16
   0.70
   0.26
   0.03
   0.59
   0.26
   0.01
   0.56
   0.03
   0.10
   0.15
   0.13
   0.18
   0.30
   0.03
   0.99
   0.26
   0.14
   0.04
   0.09
   0.07
   1.76
   1.40
   0.14
   0.55
   0.03
   0.03
   1.01
   0.11
   0.28
   0.02
   0.09
   0.46
   0.05
   0.17
   0.06
   0.19
   0.51
   0.10
   0.30
   0.68
   0.23
   0.29
   0.02
   0.05
   0.56
   0.67
   0.18
   0.13
   1.03
   0.02
   0.09
   1.74
   0.71
   0.76
   0.88
   0.60
   0.73
   0.57
   1.00
   0.24
   0.45
   0.79
   1.84
   0.37
   0.15
   0.01
   0.02
   0.66
   1.51
   1.98
   3.49
   0.34
   0.01
   0.08
   0.52
   2.67
   0.39
   0.06
   0.02
   2.07
   0.50
   0.26
   0.08
   0.10
   0.17
   3.04
   0.01
   0.03
   0.48
   4.89
   0.02
   0.72
   0.21
   0.02
   0.39
   0.83
   0.17
   0.06
   0.83
   1.82
   0.01
   0.60
   0.04
   0.02
   0.02
   1.02
   0.08
   0.08
   1.46
   0.40
   0.11
   0.21
   0.32
   0.27
   0.07
   0.98
   0.46
   0.02
   0.22
   0.02
   0.14
   0.84
   0.13
   0.02
   0.51
   0.12
   0.54
   0.04
   0.18
   0.04
   1.58
   0.15
   0.53
   0.06
   0.02
   0.77
   0.44
   0.72
   0.81
   0.16
   0.04
   0.10
   0.01
   0.03
   0.06
   0.04
   0.07
   1.87
   6.75
   3.51
   4.14
   0.15
   0.03
   0.38
   0.18
   0.12
   0.02
   0.14
   0.09
   0.02
   0.71
   0.07
   0.37
   0.33
   0.07
   0.08
   0.04
   0.04
   0.11
   0.23
   0.39
   0.23
   0.24
   0.01
   0.27
   0.64
   0.02
   0.06
   0.02
   2.02
   0.02
   1.21
   0.32
   0.07
   0.53
   0.04
   0.10
   0.18
   0.43
   1.29
  13.22
   1.46
   0.10
   0.93
  12.47
   0.05
   4.36
   0.12
   0.35
   0.71
   0.08
   0.01
   2.67
   0.64
   0.10
   0.02
   0.09
   1.67
   0.99
   0.02
   0.02
   1.23
   0.07
   0.02
   0.19
   0.46
   0.01
   0.85
   0.06
   1.79
   0.37
   0.11
   0.04
   0.04
   0.06
   0.51
   0.23
   0.16
   0.01
   0.48
   0.09
   0.04
   1.13
   0.03
   0.31
   0.48
   0.04
   0.07
   0.04
   2.32
   0.05
   0.36
   0.05
  15.57
   0.44
   0.03
   0.17
   0.01
   0.15
   0.02
   0.10
   0.03
   0.06
   0.05
   0.76
   0.07
   0.04
   0.06
   0.13
   0.10
   1.13
   0.07
   0.61
   0.07
   0.04
   0.50
   3.60
   0.76
   0.37
   0.59
   0.06
   0.01
   0.10
   0.81
   0.05
   0.24
   0.11
   0.08
   0.03
   0.05
   0.38
   1.77
   1.21
   0.53
   0.09
   0.06
   0.04
   0.11
   0.10
   0.03
   0.02
   0.23
   0.19
   0.35
   0.44
   1.60
   2.54
   0.37
   0.20
   0.02
   0.26
   0.42
   2.19
   0.04
   0.02
   0.97
   0.05
   0.26
   0.29
   1.63
   1.97
   0.38
   0.16
   0.06
   0.06
   0.12
   4.23
   0.38
   0.14
   0.11
   0.20
   0.09
   0.07
   0.19
   0.27
   0.19
   0.51
   0.25
   0.15
   0.04
   0.03
   0.03
   0.07
   0.02
   0.34
   0.13
   0.02
   0.10
   0.03
   1.30
   0.05
   0.12
   0.14
   0.18
   3.42
   1.20
   0.11
   0.13
   0.10
   0.05
   0.01
   0.37
   0.27
   1.14
   0.08
   0.17
   0.35
   0.05
   0.13
   1.16
   0.70
   0.03
   0.05
   0.15
   0.19
   0.13
   0.40
   0.02
   0.27
   0.01
   0.76
   0.03
   0.08
   0.03
   0.02
   0.06
   0.01
   0.75
   0.41
   1.14
   0.45
   0.10
   0.04
   0.20
   0.04
   0.45
   0.31
   0.07
   0.02
   0.03
   0.41
   0.03
   0.81
   0.21
   1.90
   4.04
   0.04
   0.19
   0.53
   0.47
   0.38
   0.11
   0.25
   0.06
   0.04
   0.19
   0.31
   0.04
   0.36
   0.12
   0.05
   0.50
   0.21
   8.20
   0.02
   0.51
   0.44
   0.98
   2.22
   0.38
   1.40
   0.03
   1.07
   0.04
   0.26
   0.01
   0.30
   0.02
   0.77
   0.07
   0.14
   0.05
   0.61
   1.58
   1.21
   0.58
   0.03
   1.27
   0.32
   0.04
   0.07
   0.11
   0.16
   0.04
   0.41
   0.20
   0.04
   0.16
   0.10
   0.38
   0.95
   0.03
   0.04
   0.06
   0.02
   0.26
   0.15
   0.36
   0.59
   0.04
   0.30
   0.12
   0.21
   0.11
   0.74
   0.05
   0.50
   0.04
   0.08
   0.16
   1.23
   0.01
   0.03
   0.02
   0.16
   0.12
   0.74
   0.02
   0.08
   1.57
   0.60
   0.02
   1.01
   0.59
   1.39
   0.37
   5.25
   0.24
   0.01
   0.73
   0.10
   0.07
   1.46
   0.03
   0.02
   0.03
   0.06
   0.14
   0.18
   1.62
   0.65
   0.15
   0.29
   0.03
   0.41
   0.23
   0.22
   0.04
   2.74
   0.35
   0.05
   0.07
   0.04
   0.75
   0.93
   0.21
   0.07
   0.15
   0.02
   0.04
   0.08
   0.60
   0.51
   0.20
   0.34
   0.85
   0.05
   0.15
   0.53
   0.03
   0.50
   0.02
   0.61
   0.57
   0.34
   0.72
   5.15
   0.25
   0.02
   0.62
   0.77
   0.23
   4.55
   1.60
   0.07
   0.19
   0.02
   0.10
   0.20
   0.14
   0.03
   8.51
   0.21
   0.08
   0.26
   0.04
   1.13
   0.98
   0.99
   0.04
   0.06
   0.18
   0.03
   0.70
   1.32
   0.04
   0.05
   2.64
   1.74
   0.15
   0.03
   0.10
   0.03
   0.14
   0.04
   0.82
   0.12
   1.23
   0.16
   0.24
   0.20
   0.40
   0.35
   0.33
   0.30
   0.13
   0.02
   0.02
   1.08
   0.92
   0.12
   0.91
   0.03
   0.07
   0.20
   0.49
   0.50
   0.12
   0.57
   0.36
   0.61
   0.09
   0.68
   0.27
   0.04
   0.16
   1.08
   0.59
   0.20
   0.21
   0.02
   0.47
   6.48
   0.39
   0.42
   0.40
   0.16
   0.02
   0.04
   1.39
   0.12
   0.44
   0.04
   0.02
   0.49
   0.80
   1.16
   0.07
   1.35
   0.25
   0.22
   0.02
   0.01
   0.02
   0.21
   0.82
   0.09
   0.99
   0.01
   0.09
   0.06
   2.18
   0.56
   0.75
   0.15
   3.45
   0.21
   0.47
   0.58
   1.47
   0.04
   0.01
   0.51
   2.70
   1.07
   0.62
   0.07
   0.88
   0.38
   1.33
   1.05
   0.20
   3.23
   0.05
   0.69
   0.21
   1.02
   0.02
   0.07
   0.22
   0.12
   0.35
   0.23
   0.02
   2.51
   0.14
   0.84
   0.12
   0.35
   0.09
   0.01
   0.03
   0.14
   0.18
   1.63
   0.06
   0.15
   2.02
   0.18
   0.33
   0.17
   0.13
   0.22
   0.17
   0.18
   0.04
   1.62
   1.70
   0.27
   0.02
   0.61
   0.06
   0.02
   0.04
   0.03
   0.02
   0.12
   0.11
   0.05
   0.51
   0.01
   0.03
   0.04
   0.02
   0.06
   0.80
   0.13
   0.57
   1.01
   0.99
   0.02
   0.09
   0.04
   0.53
   0.39
   0.27
   0.89
   0.30
   0.10
   0.26
   0.04
   0.02
   0.16
   0.30
   0.24
   0.25
   0.11
   0.09
   0.38
   1.45
   0.50
   0.59
   0.03
   0.04
   0.02
   0.01
  10.44
   0.05
   0.21
   0.20
   0.21
   0.42
   0.27
   0.11
   0.44
   0.27
   0.02
   0.07
   0.04
   0.01
   1.09
   0.51
   1.67
   1.86
   0.34
   0.04
   0.08
   0.17
   0.13
   0.02
   0.08
   0.05
   0.06
   3.07
   2.01
   0.70
   0.43
   0.26
   0.07
   0.17
   1.39
   0.13
   1.09
   0.70
   0.34
   0.20
   0.05
   0.04
   0.04
   0.02
   0.04
   0.21
   6.74
   0.03
   0.06
   0.41
   0.03
   0.56
   0.06
   0.13
   0.01
   0.55
   0.93
   0.01
   0.55
   0.13
   6.54
   1.06
   0.02
   0.03
   0.10
   0.07
   0.05
   0.01
   0.52
   0.04
   0.14
   0.02
   1.22
   0.10
   2.58
   0.02
   2.47
   1.30
   0.18
   0.24
   0.34
   0.02
   0.04
   0.08
   0.25
   0.01
   0.14
   7.06
   0.79
   0.08
   0.40
   9.69
   0.03
   0.12
   0.13
   0.02
   0.72
   0.17
   0.04
   0.40
   0.77
   0.12
   0.04
   0.48
   0.20
   0.46
   0.73
   1.58
   0.13
   0.03
   0.63
   0.35
   0.04
  13.52
   0.13
   0.14
   0.48
   0.09
   0.10
   0.16
   0.79
   0.10
   0.01
   0.02
   0.05
   0.04
   0.09
   0.04
   0.58
   0.05
   0.02
   0.21
   0.73
   0.38
   0.29
   0.01
   0.30
   0.84
   0.11
   0.01
   2.22
   0.19
   0.95
   0.71
   0.72
   0.25
   0.01
   0.55
   0.05
   0.23
   0.21
   0.74
   0.07
   0.03
   0.07
   0.06
   0.63
   0.04
   1.08
   0.10
   1.19
   0.49
   0.23
   0.14
   0.01
   0.01
   0.04
   0.17
   0.05
   0.62
   0.36
   0.08
   0.61
   0.13
   0.71
   0.02
   0.25
   0.01
   0.11
   0.03
   0.14
   0.11
   0.15
   3.33
   0.41
   3.22
   0.02
   0.05
   0.55
   0.38
   0.06
   3.69
   0.28
   0.85
   0.16
   1.60
  14.89
   0.89
   1.25
   1.06
   0.50
   0.24
   0.01
   0.02
   0.03
   0.20
   0.10
   1.29
   0.01
   0.16
   0.66
   0.05
   0.06
   0.04
   4.01
   0.63
   0.39
   1.17
   0.40
   0.31
   1.24
   0.06
   0.03
   0.57
   0.04
   0.16
   2.57
   0.15
   4.73
   0.69
   0.11
   0.48
   0.52
   0.40
   0.05
   0.16
   0.30
   0.49
  12.24
   0.04
   0.81
   0.03
   0.05
   0.06
   0.05
   0.04
   0.02
   0.13
   0.19
   0.29
   0.96
   0.05
   1.77
   1.27
   0.05
   0.06
   0.94
   0.19
   0.49
   0.26
   1.33
   0.07
   0.62
   0.32
   0.06
   0.51
   0.13
   0.63
   0.08
   0.78
   0.57
   1.54
   0.44
   0.12
   1.20
   0.02
   0.52
   1.26
   0.46
   0.81
   0.02
   0.49
   0.83
   0.04
   0.20
   0.42
   0.04
   0.53
   0.28
   1.19
   0.07
   3.32
   0.10
   0.02
   0.44
   0.34
   0.08
   1.47
   0.20
   0.68
   0.07
   0.12
   0.43
   1.73
   0.76
   1.22
   0.53
   1.57
   0.62
   0.03
   0.18
   0.26
   0.40
   1.05
   0.49
   0.24
   0.19
   0.11
   0.02
   0.05
   0.59
   0.02
   0.38
   1.81
   2.50
   0.58
   0.46
   0.40
   0.42
   0.37
   0.38
   0.19
   0.12
   1.98
   0.04
   0.33
   1.17
   0.06
   1.10
   0.18
   0.15
   0.11
   0.05
   2.18
   0.39
   0.44
   0.02
   0.07
   0.04
   0.60
   3.48
   0.03
   0.04
   0.98
   0.41
   2.40
   0.36
   0.03
   6.10
   2.23
   1.10
   0.63
   0.02
   0.15
   0.06
   0.82
   0.07
   8.53
   0.02
   0.12
   0.27
   1.13
   1.16
   0.08
   0.02
   1.51
   0.03
   1.20
   0.12
   0.07
   0.02
   0.29
   1.06
   0.12
   0.05
   0.03
   0.23
   2.44
   0.43
   0.02
   0.04
   0.11
   2.28
   1.71
   0.84
   0.20
   3.86
   0.20
   2.24
   0.05
   0.02
   0.02
   0.02
   0.10
   0.56
   0.37
   0.08
   0.33
   0.45
   1.40
   0.06
   0.05
   0.54
   0.05
   0.02
   1.08
   0.02
   0.03
   0.01
   1.18
   0.02
   0.58
   0.13
   0.35
   0.12
   0.01
   2.20
   3.53
   0.85
   0.31
   0.05
   2.22
   0.88
   0.70
   0.87
   0.03
   0.01
   0.04
   0.18
   0.09
   0.05
   0.51
   0.13
   0.31
   4.91
   1.86
   0.10
   0.08
   0.48
   0.09
   3.33
   0.23
   0.80
   0.05
   0.05
   0.05
   0.14
   0.08
   0.12
   0.31
   0.21
   0.36
   0.08
   0.80
   0.36
   0.48
   0.01
   0.15
   0.02
   1.43
   0.67
   0.22
   1.92
   0.17
   0.02
   0.09
   0.19
   0.18
   0.02
   0.22
   0.14
   0.10
   0.02
   0.66
   0.14
   0.20
   0.09
   0.60
   0.30
   0.01
   0.18
   0.72
   0.18
   1.52
   0.32
   0.13
   0.02
   2.50
   0.88
   0.10
   0.06
  15.63
   0.25
   3.80
   0.02
   0.31
   0.04
   0.06
   0.02
   0.13
   0.06
   1.15
   2.24
   2.79
   0.41
   0.47
   0.45
   1.18
   0.03
   0.05
   0.09
   0.27
   0.24
   0.02
   0.48
   1.03
   2.74
   0.66
   2.00
   1.13
   0.22
   0.10
   0.03
   0.04
   0.04
   0.29
   1.84
   0.11
   1.02
   0.18
   1.24
   0.95
   0.16
   0.01
   0.02
   0.12
   0.39
   0.14
   0.05
   0.02
   0.52
   0.14
   0.19
   0.09
   0.05
   0.06
   0.25
   0.96
   0.54
   1.00
   0.89
   1.78
   0.23
   0.43
   0.08
   0.38
   0.66
   0.35
   0.02
   1.59
   0.59
   0.03
   0.01
   0.14
   0.82
   0.15
   1.22
   1.33
   0.72
   0.06
   0.67
   1.12
   0.03
   0.09
   0.08
   0.02
   0.02
   0.32
   0.52
   0.11
   2.47
   0.08
   0.04
   0.73
   0.49
   4.20
   0.16
   0.52
   0.66
   0.08
   0.03
   0.01
   0.20
   1.05
   0.15
   0.53
   0.32
   0.39
   0.49
   0.33
   0.15
   1.58
   0.01
   0.02
   0.04
   0.03
   0.63
   0.02
   0.01
   0.07
   0.28
   0.03
   0.45
   0.79
   0.07
   0.79
   0.89
   1.13
   1.49
   0.10
   0.29
   0.02
   0.20
   0.02
   2.02
   2.66
   0.20
   7.61
   0.90
   0.32
   0.03
   0.27
   0.46
   0.39
   0.21
   0.03
   0.94
   0.38
   0.34
   2.52
   0.06
   1.37
   0.15
   0.03
   0.99
   0.04
   3.70
   0.74
   0.33
   0.28
   0.23
   0.06
   0.42
   0.01
   0.02
   0.90
   0.04
   0.07
   1.66
   0.04
   0.25
   0.81
   0.42
   1.16
   0.65
   0.18
   0.20
   0.43
   0.37
   0.24
   0.04
   0.02
   0.03
   0.20
   0.13
   0.14
   0.16
   0.03
   0.02
   0.14
   0.03
   0.05
   0.02
   0.13
   0.95
   0.25
   0.04
   0.02
   0.04
   0.11
   0.12
   0.13
   0.04
   0.10
   0.21
   0.04
   0.92
   2.18
   0.02
   0.05
   0.07
   0.34
   0.34
   0.06
   0.02
   0.12
   0.06
   0.43
   0.01
   0.08
   0.05
   0.19
   0.14
   0.20
   2.01
   0.02
  12.46
   0.47
   1.32
   0.07
   0.53
   0.13
   0.62
   0.47
   0.58
   0.53
   2.12
   0.44
   0.08
   0.21
   0.39
   0.08
   0.19
   0.60
   0.02
   0.02
   0.03
   0.35
   0.03
   0.12
   0.30
   0.23
   0.13
   0.55
   0.16
   0.01
   0.05
   0.21
   3.57
   0.72
   0.07
   1.12
   0.03
   5.67
   0.06
   0.06
   0.08
   0.02
   1.20
   4.05
   0.51
   0.09
   0.91
   0.04
   4.92
   0.07
   0.02
   0.07
   0.03
   0.21
   0.12
   0.23
   0.04
   0.58
   0.03
   0.03
   0.01
   1.53
   0.07
   0.38
   0.27
   0.63
   1.09
   0.40
   0.13
   0.25
   0.17
   0.60
   0.09
   0.03
   0.14
   2.21
   0.27
   0.05
   0.13
   0.72
   0.29
   0.48
   0.03
   0.62
   0.12
   0.14
   0.04
   0.09
   0.21
   2.64
   0.70
   0.51
   0.17
   1.48
   0.63
   0.01
   0.07
   0.45
   0.30
   0.26
   0.04
   0.64
   0.85
   0.63
   0.02
   1.31
   0.02
   0.66
   0.04
   0.79
   0.09
   0.48
   0.04
   0.33
   0.19
   0.07
   0.24
   0.57
   0.20
   0.11
   0.02
   0.02
   0.02
   0.02
   0.10
   0.13
   0.12
   0.02
   0.05
   0.04
   0.18
   0.85
   0.34
   0.24
   0.51
   0.59
   0.93
   0.02
   0.05
   0.02
   0.23
   0.49
   0.04
   0.05
   0.06
   0.31
   0.06
   0.56
   0.31
   0.06
   0.62
   0.19
   0.13
   0.22
   0.11
   0.07
   0.17
   0.12
   0.03
   0.49
   0.17
   2.80
   0.02
   0.02
   0.16
   0.19
   0.12
   0.17
   0.05
   1.15
   2.22
   0.03
   0.10
   0.21
   0.16
   0.02
   0.04
   0.80
   0.29
   0.01
   0.05
   0.06
   0.10
   0.12
   5.54
   2.49
   0.16
   0.03
   0.01
   0.33
   0.09
   0.45
   0.79
   0.42
   0.06
   0.38
   0.50
   0.87
   0.01
   0.05
   0.20
   0.02
   0.14
   0.04
   0.22
   0.25
   0.44
   3.22
   0.03
   0.71
   0.03
   0.21
   0.07
   0.03
   2.04
   0.21
   0.01
   0.59
   0.82
   0.53
   2.08
   0.10
   2.30
   0.83
   0.23
   0.06
   0.04
   0.11
   1.41
   1.19
   1.22
   0.12
   0.86
   0.13
   1.61
   0.02
   0.02
   0.06
   0.03
   0.15
   0.15
   0.29
   0.15
   0.18
   0.21
   0.10
   0.01
   0.31
   0.05
   0.63
   0.20
   0.04
   0.02
   1.23
   0.57
   0.07
   0.13
   0.01
   2.27
   0.08
   0.21
   0.30
   0.09
   0.87
   9.86
   0.06
   0.52
   0.07
   1.66
   0.04
   0.06
   0.97
   0.02
   2.26
   0.51
   1.53
   0.57
   0.11
   0.78
   0.37
   0.13
   0.11
   0.07
   0.22
   0.16
   0.03
   0.02
   0.03
   0.21
   0.14
   0.01
   1.14
   0.13
   0.79
   0.43
   0.18
   0.34
   0.05
   0.03
   0.12
   0.43
   0.25
   0.51
   0.05
   0.06
   0.35
   1.64
   0.72
   2.54
   0.97
   0.10
   0.05
   0.09
   2.84
   1.69
   0.18
   0.04
   0.14
   2.18
   0.01
   0.94
   0.35
   0.37
   0.34
   0.29
   0.11
   0.07
   0.03
   0.01
   0.14
   0.02
   0.38
   0.05
   0.61
   2.01
   0.02
   0.43
   0.09
   0.26
   1.81
   0.12
   0.20
   0.04
   0.02
   0.19
   0.04
   0.25
   0.12
   0.26
   0.14
   0.07
   0.22
   0.03
   0.49
   0.31
   0.17
   0.06
   0.13
   0.03
   0.06
   0.03
   0.05
   0.14
   0.66
   0.44
   0.05
   0.07
   0.06
   0.20
   0.09
   0.07
   0.39
   0.22
   0.02
   0.05
   0.67
   0.08
   2.33
   0.02
   0.28
   0.04
   0.35
   0.46
   0.42
   0.09
   0.21
   0.81
   2.58
   0.06
   0.08
   1.58
   0.83
   0.11
   0.11
   0.06
   1.96
   0.24
   0.14
   0.53
   0.42
   1.14
   0.02
   0.02
   0.02
   0.45
   0.06
   0.02
   0.43
   0.59
   0.49
   1.13
   0.06
   1.39
   0.04
   0.91
   0.14
   0.46
   0.03
   0.69
   1.14
   0.01
   0.14
   0.31
   0.09
   3.90
   0.04
   0.12
   0.53
   0.27
   1.53
   0.23
   0.32
   0.19
   0.46
   0.81
   0.13
   0.16
   0.09
   0.18
   0.10
   0.49
   0.31
   2.67
   0.47
   0.02
   0.44
   0.02
   0.09
   0.20
   0.11
   0.27
   0.41
   0.22
   1.05
   0.82
   0.36
   0.02
   0.30
   0.20
   0.53
   1.04
   0.07
   0.65
   2.31
   0.17
   1.83
   0.12
   6.02
   0.13
   0.14
   0.25
   0.35
   0.31
   2.46
   0.28
   0.08
   1.00
   0.25
   0.32
   0.51
   0.55
   3.15
   3.08
   2.10
   0.10
   0.63
   0.03
   0.68
   0.06
   0.09
   0.02
   1.86
   0.55
   0.10
   0.34
   2.59
   0.09
   0.13
   0.86
   0.02
   0.07
   0.43
   1.15
   0.12
   0.03
   0.02
   0.02
   0.46
   0.05
   0.04
   3.54
   0.02
   0.05
   0.02
   0.08
   2.26
   0.37
   0.36
   0.21
   0.21
   0.36
   0.20
   0.10
   0.06
   4.62
   2.43
   0.09
   0.06
   0.08
   0.04
   0.04
   0.01
   0.32
   1.87
   0.25
   0.20
   0.46
   0.02
   1.27
   0.02
   0.02
   0.10
   0.12
   0.05
   0.09
   0.02
   0.04
   0.04
   0.15
   0.09
   1.56
   0.79
   1.98
   0.04
   1.20
   0.01
   1.06
   0.10
   0.72
   2.28
   0.95
   0.07
   0.22
   1.82
   3.41
   0.08
   1.03
   0.11
   0.07
   0.01
   0.48
   0.57
   0.83
   0.21
   0.30
   0.02
   0.06
   0.07
   0.10
   0.01
   0.20
   0.09
   4.35
   0.21
   0.64
   0.10
   0.02
   0.16
   0.01
   0.18
   0.01
   0.24
   0.06
   0.07
   0.52
   0.58
   0.10
   0.37
   1.24
   0.01
   0.06
   0.04
   0.51
   0.02
   0.41
   0.06
   0.28
   0.73
   1.54
   0.04
   1.08
   0.29
   0.50
   0.07
   0.07
   0.27
   0.57
   0.27
   0.02
   1.09
   0.39
   0.26
   0.01
   0.02
   0.88
   0.32
   0.06
   0.02
   0.02
   0.06
   1.19
   0.11
   0.10
   0.14
   0.18
   0.32
   0.26
   0.47
   0.10
   0.61
   1.55
   0.02
   1.07
   0.72
   0.02
   0.17
   0.27
   0.03
   1.13
   2.24
   1.15
   1.06
   0.77
   0.08
   0.38
   0.04
   0.03
   0.02
   0.01
   0.03
   0.06
   0.42
   0.02
   0.08
   0.28
   1.48
   0.22
   0.02
   0.04
   0.06
   0.06
   0.47
   0.04
   0.48
   0.06
   0.56
   0.24
   0.08
   0.24
   0.60
   0.15
   3.38
   0.01
   0.49
   0.11
   1.06
   0.05
   0.97
   0.02
   0.79
   0.20
   0.69
   0.45
   0.08
   4.00
  10.81
   1.65
   1.03
   0.05
   1.19
   0.61
   0.01
   0.07
   0.02
   0.23
   0.06
   1.32
   0.06
   0.23
   0.08
   1.11
   4.51
   1.26
   0.21
   0.04
   0.07
   0.11
   0.22
   0.02
   0.06
   0.08
   0.21
   1.04
   0.02
   0.02
   0.91
   0.19
   0.61
   0.46
   0.01
   0.27
   0.07
   0.10
   0.14
   0.10
   0.02
   0.08
   0.15
   0.45
   0.20
   0.23
   0.51
   0.21
   0.13
   0.65
   0.72
   0.30
   0.16
   0.16
   0.18
   0.07
   0.25
   0.17
   0.12
   0.02
   0.08
   0.05
   0.44
   0.23
   0.19
   0.89
   0.16
   0.18
   1.21
   0.23
   0.67
   0.21
   0.02
   0.04
   0.56
   0.29
   0.42
   0.19
   0.02
   0.07
   0.44
   0.75
   0.03
   0.08
   0.45
   0.30
   0.02
   0.10
   0.05
   0.26
   0.04
   0.06
   0.33
   0.06
   0.48
   0.03
   0.19
   0.14
   0.57
   0.23
   0.09
   0.05
   0.29
   0.26
   1.01
   0.05
   0.05
   0.60
   0.35
   0.12
   1.66
   0.45
   0.21
   0.04
   0.42
   0.17
   0.19
   0.34
   0.20
   0.15
   0.47
   0.08
   0.05
   0.03
   0.02
   0.16
   0.42
   0.08
   0.21
   0.83
   0.04
   0.34
   0.28
   0.04
   0.59
   0.02
   0.11
   0.20
   0.10
   0.08
   0.54
   0.11
   0.01
   0.10
   0.12
   1.17
   0.16
   0.32
   0.88
   0.59
   0.11
   1.05
   0.07
   0.12
   0.06
   0.29
   0.10
   0.36
   2.51
   0.25
   0.08
   0.14
   0.02
   1.82
   0.81
   0.08
   0.45
   0.11
   0.02
   0.03
   1.70
   0.07
   0.22
   0.10
   2.13
   0.04
   0.07
   0.77
   0.11
   0.43
   0.07
   0.12
   1.09
   0.05
   0.07
   0.03
   1.07
   0.13
   0.20
   0.17
   0.06
   0.57
   2.16
   0.02
   0.17
   0.06
   0.13
   0.20
   0.53
   0.97
   0.29
   0.04
   0.06
   0.46
   0.14
   0.02
   0.13
   0.05
   3.96
   0.15
   0.04
   0.60
   0.31
   0.11
   0.18
   0.29
   0.99
   0.05
   2.21
   2.02
   1.11
   0.36
   0.14
   0.55
   0.08
   0.11
   0.27
   0.45
   0.51
   0.02
   0.02
   0.01
   3.51
   0.07
   0.14
   0.04
   0.03
   0.76
   0.21
   0.04
   0.38
   0.06
   0.42
   0.01
   0.68
   0.37
   0.24
   0.01
   0.49
   0.02
   0.34
   0.06
   0.30
   0.21
   1.81
   2.31
   0.07
   4.95
   0.70
   0.25
   0.14
   0.06
   0.08
   0.16
   0.53
   0.07
   0.08
   0.25
   0.39
   1.15
   0.22
   0.05
   3.79
   0.06
  22.24
   2.77
   0.02
   0.37
   0.17
   2.57
   0.04
   0.03
   0.08
   0.06
   0.04
   0.12
   0.13
   0.04
   0.03
   0.08
  12.51
   0.03
   0.06
   1.27
   0.90
   1.35
   0.54
   0.10
   0.02
   0.09
   0.11
   0.12
   0.02
   0.04
   0.58
   2.25
   0.25
   0.20
   0.81
   0.78
   1.00
   1.36
   0.04
   0.03
   1.18
   0.08
   0.15
   0.25
   0.69
   0.10
   0.06
   0.12
   0.04
   0.11
   0.05
   0.11
   0.39
   1.99
   0.04
   0.01
   0.03
   0.12
   0.03
   0.44
   1.38
   0.53
   0.30
   0.36
   0.52
   0.11
   0.31
   0.40
   0.07
   0.03
   0.27
   5.00
   2.39
   1.69
   0.84
   1.12
   0.02
   0.02
   0.04
   0.44
   0.19
   0.03
   0.29
   2.87
   0.19
   0.03
   0.01
   0.19
   0.01
   0.68
   0.68
   0.05
   0.80
   0.22
   0.45
   0.54
   0.17
   0.83
   0.72
   0.02
   0.05
   4.58
   4.84
   1.01
   0.04
   1.33
   1.63
   1.35
   0.01
   0.07
   0.13
   0.11
   0.21
   0.64
   0.02
   0.04
   0.10
   0.32
   0.93
   0.04
   0.09
   0.23
   0.31
   0.21
   0.59
   0.80
   0.09
   0.67
   0.89
   1.42
   0.04
   0.04
   0.11
   0.34
   0.39
   0.02
   0.03
   0.19
   0.08
   0.01
   0.19
   0.19
   0.44
   0.05
   0.04
   3.06
   0.18
   0.21
   0.08
   0.02
   1.42
   0.88
   0.84
   0.29
   0.05
   0.87
   0.13
   1.58
   0.05
   0.02
   1.19
   9.27
   0.07
   1.44
   0.20
   0.62
   0.48
   0.04
   0.03
   0.34
   1.63
   0.05
   0.22
   3.75
   0.97
   0.34
   0.90
   0.14
   0.39
   1.73
   1.11
   2.10
   0.10
   0.04
   0.10
   0.22
   0.59
   0.73
   0.07
   0.18
   6.82
   2.71
   0.34
   0.19
   0.32
   0.53
   0.08
   0.14
   0.37
   0.40
   0.07
   0.04
   0.18
   0.16
   1.60
   0.02
   0.03
   0.02
   0.41
   0.23
   0.50
   0.22
   0.19
   0.07
   0.10
   0.02
   0.27
   0.26
   0.57
   0.06
   0.01
   0.12
   0.06
   0.15
   0.25
   0.94
   1.93
   0.07
   0.35
   0.72
   0.94
   0.41
   0.05
   0.04
   0.09
   0.02
   0.06
   0.27
   0.06
   0.05
   0.38
   1.98
   0.12
   0.14
   0.56
   0.04
   0.76
   0.05
   0.15
   0.07
   0.03
   0.06
   0.18
   0.16
   0.20
   0.02
   0.09
   0.49
   0.13
   0.52
   0.18
   1.15
   0.05
   0.04
   0.18
   0.66
   0.12
   0.05
   0.33
   0.23
   0.14
   0.08
   0.24
   0.06
   0.01
   0.13
   0.62
   0.04
   0.04
   0.14
   0.31
   0.16
   0.07
   0.11
   0.58
   0.02
   0.97
   0.61
   0.04
   0.15
   1.12
   0.17
   0.01
   0.03
   0.09
   0.86
   0.05
   1.05
   0.17
   0.21
   0.16
   0.15
   0.08
   0.03
   0.02
   0.02
   0.13
   0.13
   1.32
   0.90
   0.46
   0.04
   1.07
   0.68
   0.02
   0.18
   0.08
   0.35
   0.06
   0.08
   1.79
   1.79
   0.02
   0.29
   0.40
   0.18
   0.26
   0.82
   0.28
   0.31
   0.01
   0.40
   0.46
   0.14
   0.25
   0.20
   0.12
   0.10
   0.79
   0.30
   0.50
   0.04
   0.02
   0.04
   0.12
   0.13
   0.86
   0.34
   0.15
   0.22
   0.03
   0.11
   0.03
   0.08
   0.02
   1.44
   0.05
   0.67
   0.02
   0.48
   0.08
   4.52
   0.04
   0.02
   0.03
   0.83
   0.67
   0.34
   0.27
   0.37
   0.21
   0.04
   0.13
   0.03
   0.03
   0.89
   0.54
   2.80
   6.65
   0.69
   0.06
   0.39
   0.16
   0.55
   0.65
   6.74
   0.03
   0.11
   0.06
   0.43
   0.09
   0.10
   0.30
   0.08
   0.05
   0.61
   0.04
   0.52
   0.32
   0.08
   1.60
   0.07
   0.09
   0.68
   0.34
   1.26
   0.22
   0.07
   1.71
   0.46
   1.83
   0.45
   0.09
   0.02
   0.10
   0.01
   0.26
   1.55
   0.65
   0.05
   0.47
   0.80
   0.36
   1.54
   0.04
   0.03
   0.03
   0.02
   1.95
   0.08
   0.02
   0.02
   2.39
   1.03
   0.81
   2.35
   0.08
   0.16
   0.29
   3.05
   0.11
   2.15
   0.55
   0.39
   0.13
   1.33
   0.04
   0.03
   0.11
   0.92
   0.78
   0.17
   0.86
   0.46
   0.61
   0.02
   0.33
   0.09
   0.12
   0.08
   0.02
   1.09
   0.34
   0.05
   0.02
   0.34
   0.53
   0.05
   0.05
   0.10
   0.10
   1.17
   0.03
   0.10
   0.09
   0.34
   0.10
   0.37
   0.04
   1.81
   0.19
   0.71
   0.72
   0.04
   0.13
   0.47
   0.19
   0.81
   0.03
   0.15
   0.06
   0.10
   0.36
   2.94
   0.14
   0.01
   0.06
   0.02
   0.58
   0.26
   0.74
   0.89
   1.21
   3.68
   1.61
   0.27
   0.17
   0.04
   0.06
   2.65
   0.25
   0.51
   1.28
   0.08
   0.17
   0.30
   0.06
   0.11
   0.04
   1.31
   0.22
   0.08
   0.32
   0.04
   0.01
   4.64
   0.97
   0.12
   0.09
   0.04
   0.04
   0.72
   0.09
   0.07
   0.03
   0.47
   0.08
   0.25
   0.08
   0.07
   0.54
   0.44
   0.12
   0.18
   0.27
   0.01
   0.24
   0.19
   0.03
   0.22
   0.07
   0.07
   0.45
   0.10
   0.02
   0.28
   0.02
   0.02
   0.26
   0.04
   0.06
   1.38
   0.07
   0.05
   0.01
   0.03
   0.04
   0.04
   0.12
   0.95
   0.94
   0.26
   0.02
   0.16
   0.93
   0.58
   0.05
   0.04
   1.60
   0.28
   0.02
   0.22
   0.56
   0.38
   0.79
   0.01
   0.02
   0.02
   0.25
   0.02
   0.11
   0.04
   0.29
   0.02
   0.24
   1.10
   0.07
   0.09
   0.35
   0.12
   0.30
   0.03
   0.07
   0.06
   0.99
   0.01
   0.03
   0.32
   0.19
   0.29
   0.25
   0.04
   0.67
   0.59
   2.80
   0.02
   0.07
   0.38
   0.04
   0.05
   0.29
   0.44
   1.04
   0.07
   0.50
   0.50
   0.04
   0.17
   0.43
   0.13
   0.78
   0.42
   0.43
   0.02
   0.88
   0.08
   0.31
   0.02
   0.02
   0.07
   1.36
   5.74
   0.44
   0.05
   0.07
   1.22
   1.16
   0.53
   0.10
   0.31
   0.09
   0.99
   0.21
   0.02
   0.09
   0.29
   0.92
   0.95
   0.12
   0.23
   0.05
   0.24
   0.16
   0.11
   0.21
   6.64
   0.10
   0.18
   0.01
   0.21
   0.24
   0.47
   0.26
   0.23
   0.04
   0.02
   1.46
   0.06
   0.07
   0.31
   0.11
   0.03
   0.14
   1.98
   0.03
   0.61
   0.48
   0.01
   0.03
   0.73
   0.04
   0.03
   0.24
   1.72
   0.30
   0.07
   0.40
   0.04
   0.02
   0.54
   0.32
   0.17
   0.66
   0.03
   0.02
   3.41
   1.49
   0.02
   0.26
   1.12
   0.96
   0.02
   0.08
   0.09
   0.20
   0.08
   0.28
   0.07
   5.00
   0.69
   1.57
   2.07
   2.91
   0.66
   0.06
   0.25
   0.68
   0.03
   0.19
   0.01
   0.03
   0.58
   0.02
   1.21
   0.09
   0.75
   2.40
   0.05
   2.10
   4.93
   0.06
   0.25
   0.05
   0.41
   2.42
   0.75
   0.10
   0.30
   0.22
   0.03
   0.30
   0.04
   0.17
   0.09
   0.08
   0.01
   0.42
   0.13
   0.30
   0.22
   0.21
   0.75
   1.10
   0.02
   0.41
   0.06
   0.02
   0.29
   0.08
   0.18
   4.69
   3.84
   0.13
   0.10
   0.29
   0.04
   0.03
   0.06
   0.16
   0.49
   1.02
   0.04
   1.33
   0.05
   0.63
   1.31
   0.09
   0.18
   0.04
   0.42
   0.04
   0.04
   0.14
   1.88
   0.01
   0.08
   0.29
   0.01
   0.09
   1.88
   0.62
   2.30
   0.16
   0.02
   0.06
   0.12
   0.77
   0.17
   1.28
   1.03
   0.99
   0.28
   0.27
   0.54
   0.24
   3.48
   0.15
   0.04
   0.02
   0.02
   1.12
   0.89
   0.19
   0.04
   0.03
   0.02
   0.04
   0.82
   3.74
   0.20
   0.04
   0.05
   0.02
   0.10
   0.04
   0.94
   0.20
   0.01
   0.23
   0.01
   0.02
   0.09
   0.07
   0.14
   0.02
   0.03
   0.16
   0.01
   0.01
   0.07
   0.13
   0.39
   0.93
   0.24
   0.21
   0.67
   0.18
   0.16
   3.21
   0.13
   0.02
   1.46
   0.32
   0.38
   2.51
   1.31
   0.85
   0.09
   0.11
   0.39
   2.66
   0.79
   0.03
   0.09
   0.05
   0.50
   0.25
   0.02
   0.13
   0.60
   1.13
   0.13
   0.09
   0.86
   0.10
   0.01
   0.15
   0.28
   1.14
   0.70
   0.93
   0.83
   0.14
   0.03
   0.09
   1.53
   0.03
   0.77
   0.73
   0.39
   0.47
   0.65
   0.28
   0.70
   0.32
   0.12
   0.04
   0.02
   0.46
   0.77
   0.38
   1.44
   2.64
   1.53
   0.07
   0.05
   0.47
   0.47
   0.84
   3.82
   0.02
   2.22
   0.12
   0.94
   2.43
   1.46
   1.58
   0.17
   0.02
   0.10
   0.01
   0.15
   0.04
   0.52
   0.05
   0.38
   0.08
   0.19
   0.43
   1.22
   0.07
   0.03
   0.04
   0.58
   0.02
   0.45
   0.09
   0.34
   0.06
   0.02
   3.15
   0.20
   0.02
   0.16
   1.46
   1.19
   0.11
   0.05
   0.26
   0.04
   0.12
   0.19
   0.07
   0.43
   0.15
   0.04
   0.54
   0.33
   0.08
   0.71
   0.32
   1.38
   0.66
   0.88
   0.46
   0.18
   1.45
   0.53
   0.04
   0.02
   0.60
   0.21
   0.04
   0.15
   0.08
   0.14
   0.43
   0.38
   0.74
   0.32
   0.85
   0.06
   0.03
   0.15
   0.04
   0.10
   0.07
   0.24
   0.25
   2.24
   0.35
   0.08
   0.07
   0.06
   0.27
   0.05
   0.42
   0.83
   0.40
   0.02
   0.45
   0.29
   0.31
   0.22
   0.72
   0.04
   3.15
   0.95
   0.15
   0.12
   0.78
   0.66
   0.16
   0.02
   0.61
   0.02
   1.16
   0.31
   0.15
   0.04
   0.04
   0.04
   0.05
   0.10
   0.10
   1.47
   0.04
   0.21
   3.12
   0.24
   1.33
   0.02
   0.08
   0.11
   0.02
   0.63
   0.05
   0.04
   0.05
   0.19
   2.35
   0.21
   0.02
   1.19
   0.13
   0.02
   0.44
   0.93
   0.33
   1.58
   0.21
   0.61
   0.01
   0.30
   0.17
   0.04
   0.11
   0.04
   0.01
   0.12
   0.69
   1.74
   0.04
   0.06
   0.16
   0.58
   0.20
   1.48
   0.86
   0.25
   0.02
   0.18
   0.01
   0.08
   0.08
   0.01
   0.11
   0.20
   0.24
   0.06
   0.06
   3.08
   0.27
   0.13
   0.10
   0.01
   0.72
   0.29
   1.21
   1.57
   0.35
   0.02
   0.01
   0.09
   1.07
   0.10
   8.57
   0.02
   1.37
   1.38
   0.18
   0.60
   0.14
   0.31
   0.89
   3.11
   0.89
   0.02
   0.06
   0.12
   0.08
   0.10
   0.63
   0.51
   1.55
   0.10
   0.13
   0.19
   0.71
   0.02
   0.34
   0.10
   5.89
   0.12
   0.01
   0.14
   0.97
   1.25
   0.18
   0.22
   0.03
   0.75
   0.33
   0.36
   0.83
   0.05
   1.41
   0.23
   1.14
   0.03
   0.10
   1.44
   0.06
   0.07
   0.02
   0.12
   0.38
   0.02
   0.14
   2.55
   0.76
   0.11
   0.11
   0.39
   0.12
   0.03
   0.32
   0.74
   0.04
   0.72
   0.60
   0.33
   0.05
   0.63
   0.15
   0.25
   0.09
   0.19
   0.32
   0.33
   1.20
   0.02
   0.67
   3.93
   0.19
   0.47
   0.07
   0.74
   0.15
   0.02
   1.79
   0.01
   0.06
   0.02
   0.46
  11.71
   0.04
   0.22
   0.04
   0.04
   0.05
   0.08
   0.69
   0.04
   0.74
   0.36
   0.19
   0.73
   0.16
   0.15
   0.17
   0.13
   0.07
   0.70
   0.02
   0.36
   7.43
   0.28
   0.03
   0.38
   0.54
   0.25
   0.12
   0.64
   0.07
   0.22
   0.21
   0.92
   0.08
   1.01
   0.01
   0.07
   0.32
   0.01
   0.63
   0.02
   0.28
   1.15
   0.08
   0.03
   0.69
   0.21
   0.18
   0.05
   0.09
   0.50
   0.01
   0.26
   0.35
   0.16
   0.08
   0.03
   2.21
   0.30
   0.17
   0.02
   0.23
   1.17
   1.00
   1.20
   0.09
   0.27
   0.23
   0.04
   0.36
   0.19
   0.12
   0.21
   0.04
   0.08
   0.04
   0.14
   0.05
   1.14
   0.14
   0.87
   0.72
   0.98
   0.11
   0.01
   1.87
   0.01
   0.06
   0.25
   0.15
   0.08
   0.12
   1.88
   2.66
   0.15
   0.60
   0.10
   0.51
   0.09
   0.16
   0.04
   0.04
   0.05
   0.33
   0.01
   0.06
   1.19
   0.03
   0.09
   0.30
   0.78
   0.20
   0.09
   0.14
   0.02
   0.06
   1.57
   0.10
   2.30
   0.01
   0.24
   0.61
   0.02
   0.19
   1.57
   0.13
   0.12
   0.36
   0.02
   3.18
   1.74
   0.04
   0.32
   0.08
   0.04
   0.02
   0.73
   0.02
   0.02
   1.16
   0.21
   5.89
   0.06
   0.10
   1.31
   0.12
   0.07
   0.04
   0.04
   1.08
   1.02
   0.03
   0.03
   0.20
   0.07
   0.31
   0.36
   0.01
   0.01
   2.27
   0.02
   0.44
   0.28
   0.01
   0.14
   0.30
   0.05
   0.01
   0.33
   0.20
   0.68
   0.10
   0.63
   0.31
   0.48
   0.44
   0.07
   0.04
   0.08
   0.05
   1.42
   2.41
   1.57
   1.50
   0.04
   0.15
   0.49
   0.33
   0.04
   0.18
   0.06
   0.07
   2.04
   0.02
   0.30
   0.09
   0.02
   0.05
   0.13
   0.03
   0.06
   0.22
   0.05
   0.27
   0.04
   0.31
   0.47
   0.06
   0.09
   1.30
   0.63
   0.87
   0.01
   0.18
   0.13
   0.02
   0.02
   0.02
   0.13
   1.14
   0.18
   0.08
   0.15
   0.02
   0.36
   0.04
   0.07
   0.05
   1.74
   0.02
   0.45
   1.47
   0.04
   0.05
   0.92
   0.35
   0.35
   0.08
   0.33
   0.01
   0.02
   0.03
   0.03
   1.05
   1.65
   0.65
   0.02
   0.29
   0.30
   0.18
   0.57
   0.03
   0.09
   0.02
   0.02
   0.02
   0.48
   0.02
   0.03
   0.27
   0.15
   0.37
   0.49
   0.02
   1.43
   0.04
   0.31
   0.02
   0.08
   0.08
   0.03
   0.25
   0.45
   1.10
   4.41
   0.06
   0.04
   0.05
   0.04
   0.10
   0.03
   0.01
   3.03
   0.16
   0.20
   0.14
   0.75
   0.12
   0.17
   0.13
   0.12
   0.23
   0.42
   0.51
   0.78
   1.92
   0.04
   0.31
   0.09
   1.73
   0.13
   0.26
   0.07
   0.62
   0.26
   0.14
   0.47
   0.20
   0.04
   0.02
   0.02
   0.41
   0.45
   0.20
   0.05
   1.04
   0.67
   0.22
   0.54
   0.27
   0.36
   0.03
   1.37
   0.16
   0.04
   0.04
   0.04
   0.10
   1.08
   1.60
   0.24
   0.06
   0.12
   0.14
   0.05
   0.20
   0.04
   0.23
   0.07
   0.01
   0.98
   0.06
   0.65
   0.08
   0.04
   0.71
   0.81
   0.47
   0.53
   0.13
   0.02
   1.08
   0.02
   0.02
   1.35
   0.08
   0.12
   0.07
   0.16
   0.11
   0.09
   0.29
   0.01
   1.69
   0.07
   0.02
   0.01
   0.09
   0.60
   0.38
   0.35
   0.05
   0.03
   0.08
   0.33
   0.88
   0.09
   2.69
   3.84
   0.02
   1.26
   0.14
   0.11
   0.02
   0.23
   0.46
   0.10
   0.36
   0.94
   0.13
   0.09
   0.10
   0.05
   0.86
   0.02
   0.36
   0.45
   0.02
   0.11
   0.04
   0.91
   0.10
   1.24
   0.76
   0.75
   0.08
   1.14
   1.52
   0.08
   0.38
   0.80
   0.11
   0.03
   0.94
   0.15
   0.04
   0.22
   0.03
   0.75
   0.04
   0.23
   0.11
   0.02
   1.16
   3.06
   0.08
   0.14
   0.07
   0.09
   0.04
   0.10
   0.02
   0.12
   0.11
   0.02
   2.92
   4.61
   0.57
   0.18
   0.18
   0.03
   0.16
   0.63
   0.03
   0.29
  16.37
   0.47
   0.04
   1.45
   0.03
   0.11
   0.53
   0.15
   0.18
   0.06
   0.05
   2.55
   0.05
   0.10
   0.53
   0.60
   1.68
   0.26
   0.04
   1.47
   0.46
   0.15
   0.01
   0.15
   0.62
   0.51
   0.84
   0.11
   0.17
   0.15
   0.42
   0.07
   0.07
   0.42
   0.64
   0.02
   0.05
   0.05
   0.58
   0.02
   0.02
   0.27
   0.06
   0.17
   0.07
   0.45
   0.64
   0.84
   1.82
   0.04
   0.02
   2.41
   0.71
   0.21
   0.04
   1.12
   0.02
   0.13
   7.16
   0.03
   0.04
   0.17
   0.04
   0.04
   0.04
   0.29
   0.20
   0.02
   0.36
   0.19
   0.27
   0.23
   0.09
   0.81
   0.05
   3.74
   2.33
   0.03
   0.38
   0.09
   0.32
   0.24
   0.78
   0.10
   0.68
   0.08
   0.05
   0.15
   0.21
   0.26
   0.13
   1.68
   0.66
   1.15
   0.27
   0.04
   0.06
   3.48
   0.43
   0.06
   0.11
   0.09
   0.02
   0.17
   0.04
   0.29
   0.46
   0.02
   0.02
   0.36
   0.09
   0.90
   1.56
   0.03
   0.09
   0.68
   0.02
   0.04
   0.13
   0.35
   0.07
   0.24
   0.04
   0.06
   0.88
   0.11
   0.70
   0.79
   0.20
   0.10
   2.03
   0.17
   0.10
   0.49
   0.10
   0.14
   0.02
   0.01
   0.60
   0.36
   0.03
   0.02
   0.02
   0.21
   1.25
   0.83
   0.10
   2.12
   5.00
   0.13
   0.62
   0.57
   0.38
   0.05
   0.08
   0.13
   0.07
   0.05
   0.51
   0.04
   0.13
   0.01
   0.11
   0.05
   0.01
   0.04
   0.26
   0.02
   0.06
   0.18
   0.15
   0.34
   0.04
   0.02
   0.08
   0.35
   0.28
   0.06
   0.16
   0.03
   0.08
   0.06
   0.60
   0.05
   0.25
   0.07
   0.49
   0.02
   0.09
   0.07
   0.09
   0.02
   0.06
   0.19
   0.58
   0.08
   0.69
   0.04
   0.03
   0.02
   0.08
   0.85
   0.03
   0.10
   2.97
   1.75
   0.78
   0.04
   0.68
   0.26
   0.86
   0.10
   1.01
   0.13
   0.19
   0.17
   0.31
   0.07
   0.02
   0.02
   0.65
   0.04
   1.09
   0.06
   0.34
   0.17
   0.91
   0.21
   0.03
   0.20
   0.35
   0.11
   0.14
   0.25
   0.19
   0.08
   0.10
   1.35
   0.21
   0.19
   0.06
   0.04
   0.04
   0.64
   0.64
   0.12
   0.48
   0.27
   0.84
   1.30
   0.04
   0.12
   0.10
   2.50
   0.09
   0.31
   0.17
   1.28
   0.12
   0.40
   0.07
   7.11
   0.04
   0.54
   2.94
   0.21
   0.02
   0.16
   0.11
   0.37
   0.04
   0.05
   0.19
   0.39
   2.08
   0.16
   0.13
   0.31
   0.16
   0.18
   0.05
   0.02
   0.02
   0.02
   0.01
   0.09
   0.02
   0.31
   0.20
   1.19
   1.18
   0.02
   0.44
   0.01
   0.28
   2.18
   0.29
   0.34
   1.04
   1.77
   0.47
   0.03
   0.76
   0.02
   8.78
   0.02
   2.13
   0.02
   0.06
   0.05
   0.35
   0.02
   0.10
   0.09
   0.52
   3.51
   0.04
   0.52
   0.10
   0.09
   0.58
   0.31
   0.03
   1.49
   0.08
   0.16
   0.06
   0.02
   0.20
   1.37
   0.31
   0.02
   1.74
   0.05
   0.17
   0.36
   0.36
   0.28
   0.74
   0.16
   0.04
   0.18
   0.03
   0.02
   0.05
   0.21
   0.17
   0.02
   0.24
   0.40
   0.13
   0.02
   0.29
   0.05
   0.03
   0.04
   0.05
   1.08
   0.02
   0.07
   0.11
   5.21
   0.01
   0.08
   0.15
   0.04
   0.02
   0.16
   0.36
   0.70
   0.05
   0.03
   0.19
   0.01
(8057 rows)

