   release    |   total_churns_in_MP   
 linuxv2.6.13 |  240216
 linuxv2.6.14 |  295569
 linuxv2.6.15 |  458962
 linuxv2.6.16 |  446548
 linuxv2.6.17 |  374252
 linuxv2.6.18 |  412629
 linuxv2.6.19 |  517116
 linuxv2.6.20 |  350467
 linuxv2.6.21 |  380368
 linuxv2.6.22 |  598402
 linuxv2.6.23 |  542318
 linuxv2.6.24 |  772626
 linuxv2.6.25 |  950915
 linuxv2.6.26 |  508302
 linuxv2.6.27 |  551287
 linuxv2.6.28 |  545395
 linuxv2.6.29 |  957767
 linuxv2.6.30 | 1008958
 linuxv2.6.31 |  820700
 linuxv2.6.32 | 1036813
 linuxv2.6.33 |  893138
 linuxv2.6.34 |  350557
 linuxv2.6.35 |  387278
 linuxv2.6.36 |  738973
 linuxv2.6.37 |  322923
 linuxv2.6.38 |  199959
 linuxv2.6.39 |  281709
 linuxv3.0    |  283744
 linuxv3.1    |  307995
 linuxv3.2    |  160174
 linuxv3.3    |  134877
 linuxv3.4    |  194036
 linuxv3.5    |  130296
 linuxv3.6    |  112209
 linuxv3.7    |  288667
 linuxv3.8    |  117614
 linuxv3.9    |  125409
 linuxv3.10   |  119919
 linuxv3.11   |  135342
