   release    |   jd_merge_dev    
 linuxv2.6.13 | 0.802485659655832
 linuxv2.6.14 | 0.824548604778406
 linuxv2.6.15 | 0.830127104087942
 linuxv2.6.16 | 0.768145454545455
 linuxv2.6.17 | 0.780747039174005
 linuxv2.6.18 |  0.77565603055316
 linuxv2.6.19 | 0.774667689161554
 linuxv2.6.20 | 0.857824252430747
 linuxv2.6.21 | 0.792211652794293
 linuxv2.6.22 | 0.801378031005698
 linuxv2.6.23 |  0.79571466595688
 linuxv2.6.24 | 0.789139045236606
 linuxv2.6.25 | 0.791947701566878
 linuxv2.6.26 | 0.759625178244042
 linuxv2.6.27 |  0.84996282527881
 linuxv2.6.28 | 0.856144151240646
 linuxv2.6.29 | 0.843475687937666
 linuxv2.6.30 |  0.82973369679178
 linuxv2.6.31 | 0.808181432810513
 linuxv2.6.32 | 0.842206672751242
 linuxv2.6.33 | 0.825713997376123
 linuxv2.6.34 | 0.835683297180043
 linuxv2.6.35 | 0.833779536724479
 linuxv2.6.36 | 0.847908745247148
 linuxv2.6.37 | 0.833807128799475
 linuxv2.6.38 | 0.872121079184032
 linuxv2.6.39 |   0.8816459564066
 linuxv3.0    | 0.862490193880982
 linuxv3.1    | 0.893928507275013
 linuxv3.2    |  0.84540797658251
 linuxv3.3    |  0.85609243697479
 linuxv3.4    | 0.876999101527403
 linuxv3.5    | 0.909700658303316
 linuxv3.6    | 0.902839584657766
 linuxv3.7    |  0.87875712389726
 linuxv3.8    |  0.91874119304838
 linuxv3.9    | 0.891745308601801
 linuxv3.10   | 0.897539522168073
 linuxv3.11   | 0.916277518345564
