   release    | devs_mp | devs_rp 
 linuxv2.6.13 |    4211 |    3728
 linuxv2.6.14 |    6069 |    2067
 linuxv2.6.15 |    8568 |    2017
 linuxv2.6.16 |    8084 |    3401
 linuxv2.6.17 |    7935 |    2619
 linuxv2.6.18 |   12993 |    2963
 linuxv2.6.19 |    9482 |    4411
 linuxv2.6.20 |    7486 |    1707
 linuxv2.6.21 |    7829 |    2647
 linuxv2.6.22 |   10419 |    2668
 linuxv2.6.23 |    8592 |    3652
 linuxv2.6.24 |   14415 |    3713
 linuxv2.6.25 |   14605 |    3815
 linuxv2.6.26 |   10659 |    3729
 linuxv2.6.27 |   13228 |    8135
 linuxv2.6.28 |   13099 |    2879
 linuxv2.6.29 |   13143 |    4547
 linuxv2.6.30 |   13210 |    3512
 linuxv2.6.31 |   11670 |    3514
 linuxv2.6.32 |   13650 |    3460
 linuxv2.6.33 |   12333 |    3076
 linuxv2.6.34 |    9449 |    8669
 linuxv2.6.35 |   12189 |    2435
 linuxv2.6.36 |   12352 |    2090
 linuxv2.6.37 |   15506 |    2585
 linuxv2.6.38 |   11123 |    2899
 linuxv2.6.39 |   12419 |    4452
 linuxv3.0    |   10702 |    2244
 linuxv3.1    |   11573 |    1691
 linuxv3.2    |   16961 |    1951
 linuxv3.3    |   14113 |    2190
 linuxv3.4    |   14281 |    1980
 linuxv3.5    |   12940 |    1737
 linuxv3.6    |   10263 |    1946
 linuxv3.7    |   16087 |    2079
 linuxv3.8    |   14397 |    2844
 linuxv3.9    |   14051 |    1895
 linuxv3.10   |   12458 |    1986
 linuxv3.11   |   10771 |    2065

